2024-09-09 10:42:36 - Creation of SecureRandom instance for session ID generation using [SHA1PRNG] took [108] milliseconds.
2024-09-09 10:44:26 - HV000001: Hibernate Validator 8.0.1.Final
2024-09-09 10:44:26 - Starting SpringThymeleafApplication using Java 21.0.4 with PID 19976 (C:\Users\fernando.correa\Documents\GitHub\workspace2023\ceasadev_2024\target\classes started by fernando.correa in C:\Users\fernando.correa\Documents\GitHub\workspace2023\ceasadev_2024)
2024-09-09 10:44:26 - No active profile set, falling back to 1 default profile: "default"
2024-09-09 10:44:26 - Devtools property defaults active! Set 'spring.devtools.add-properties' to 'false' to disable
2024-09-09 10:44:26 - For additional web related logging consider setting the 'logging.level.web' property to 'DEBUG'
2024-09-09 10:44:27 - Bootstrapping Spring Data JPA repositories in DEFAULT mode.
2024-09-09 10:44:27 - Finished Spring Data repository scanning in 98 ms. Found 15 JPA repository interfaces.
2024-09-09 10:44:28 - Tomcat initialized with port 5001 (http)
2024-09-09 10:44:28 - Initializing ProtocolHandler ["http-nio-5001"]
2024-09-09 10:44:28 - Starting service [Tomcat]
2024-09-09 10:44:28 - Starting Servlet engine: [Apache Tomcat/10.1.26]
2024-09-09 10:44:28 - Initializing Spring embedded WebApplicationContext
2024-09-09 10:44:28 - Root WebApplicationContext: initialization completed in 1944 ms
2024-09-09 10:44:28 - HHH000204: Processing PersistenceUnitInfo [name: default]
2024-09-09 10:44:28 - HHH000412: Hibernate ORM core version 6.5.2.Final
2024-09-09 10:44:28 - HHH000026: Second-level cache disabled
2024-09-09 10:44:29 - No LoadTimeWeaver setup: ignoring JPA class transformer
2024-09-09 10:44:29 - HHH90000021: Encountered deprecated setting [hibernate.temp.use_jdbc_metadata_defaults], use [hibernate.boot.allow_jdbc_metadata_access] instead
2024-09-09 10:44:29 - HHH90000025: PostgreSQLDialect does not need to be specified explicitly using 'hibernate.dialect' (remove the property setting and it will be selected by default)
2024-09-09 10:44:30 - HHH000489: No JTA platform available (set 'hibernate.transaction.jta.platform' to enable JTA platform integration)
2024-09-09 10:44:30 - HikariPool-1 - Starting...
2024-09-09 10:44:30 - HikariPool-1 - Added connection org.postgresql.jdbc.PgConnection@67cda34
2024-09-09 10:44:30 - HikariPool-1 - Start completed.
2024-09-09 10:44:30 - Initialized JPA EntityManagerFactory for persistence unit 'default'
2024-09-09 10:44:31 - Hibernate is in classpath; If applicable, HQL parser will be used.
2024-09-09 10:44:32 - No authentication manager set. Reauthentication of users when changing passwords will not be performed.
2024-09-09 10:44:32 - Global AuthenticationManager configured with UserDetailsService bean with name userDetaisManager
2024-09-09 10:44:32 - LiveReload server is running on port 35729
2024-09-09 10:44:32 - Starting ProtocolHandler ["http-nio-5001"]
2024-09-09 10:44:32 - Tomcat started on port 5001 (http) with context path '/'
2024-09-09 10:44:32 - Started SpringThymeleafApplication in 7.277 seconds (process running for 7.936)
2024-09-09 10:44:38 - Initializing Spring DispatcherServlet 'dispatcherServlet'
2024-09-09 10:44:38 - Initializing Servlet 'dispatcherServlet'
2024-09-09 10:44:38 - Completed initialization in 1 ms
2024-09-09 11:41:49 - HV000001: Hibernate Validator 8.0.1.Final
2024-09-09 11:41:49 - Starting SpringThymeleafApplication using Java 21.0.4 with PID 2544 (C:\Users\fernando.correa\Documents\GitHub\workspace2023\ceasadev_2024\target\classes started by fernando.correa in C:\Users\fernando.correa\Documents\GitHub\workspace2023\ceasadev_2024)
2024-09-09 11:41:49 - No active profile set, falling back to 1 default profile: "default"
2024-09-09 11:41:49 - Devtools property defaults active! Set 'spring.devtools.add-properties' to 'false' to disable
2024-09-09 11:41:49 - For additional web related logging consider setting the 'logging.level.web' property to 'DEBUG'
2024-09-09 11:41:50 - Bootstrapping Spring Data JPA repositories in DEFAULT mode.
2024-09-09 11:41:50 - Finished Spring Data repository scanning in 97 ms. Found 15 JPA repository interfaces.
2024-09-09 11:41:51 - Tomcat initialized with port 5001 (http)
2024-09-09 11:41:51 - Initializing ProtocolHandler ["http-nio-5001"]
2024-09-09 11:41:51 - Starting service [Tomcat]
2024-09-09 11:41:51 - Starting Servlet engine: [Apache Tomcat/10.1.26]
2024-09-09 11:41:51 - Initializing Spring embedded WebApplicationContext
2024-09-09 11:41:51 - Root WebApplicationContext: initialization completed in 2029 ms
2024-09-09 11:41:51 - HHH000204: Processing PersistenceUnitInfo [name: default]
2024-09-09 11:41:51 - HHH000412: Hibernate ORM core version 6.5.2.Final
2024-09-09 11:41:51 - HHH000026: Second-level cache disabled
2024-09-09 11:41:52 - No LoadTimeWeaver setup: ignoring JPA class transformer
2024-09-09 11:41:52 - HHH90000021: Encountered deprecated setting [hibernate.temp.use_jdbc_metadata_defaults], use [hibernate.boot.allow_jdbc_metadata_access] instead
2024-09-09 11:41:52 - HHH90000025: PostgreSQLDialect does not need to be specified explicitly using 'hibernate.dialect' (remove the property setting and it will be selected by default)
2024-09-09 11:41:53 - HHH000489: No JTA platform available (set 'hibernate.transaction.jta.platform' to enable JTA platform integration)
2024-09-09 11:41:53 - HikariPool-1 - Starting...
2024-09-09 11:41:53 - HikariPool-1 - Added connection org.postgresql.jdbc.PgConnection@20c5ca50
2024-09-09 11:41:53 - HikariPool-1 - Start completed.
2024-09-09 11:41:53 - Initialized JPA EntityManagerFactory for persistence unit 'default'
2024-09-09 11:41:54 - Hibernate is in classpath; If applicable, HQL parser will be used.
2024-09-09 11:41:55 - No authentication manager set. Reauthentication of users when changing passwords will not be performed.
2024-09-09 11:41:55 - Global AuthenticationManager configured with UserDetailsService bean with name userDetaisManager
2024-09-09 11:41:55 - LiveReload server is running on port 35729
2024-09-09 11:41:55 - Starting ProtocolHandler ["http-nio-5001"]
2024-09-09 11:41:55 - Tomcat started on port 5001 (http) with context path '/'
2024-09-09 11:41:55 - Started SpringThymeleafApplication in 7.397 seconds (process running for 8.082)
2024-09-09 11:42:02 - Initializing Spring DispatcherServlet 'dispatcherServlet'
2024-09-09 11:42:02 - Initializing Servlet 'dispatcherServlet'
2024-09-09 11:42:02 - Completed initialization in 1 ms
2024-09-09 12:33:24 - Restarting due to 1 class path change (0 additions, 0 deletions, 1 modification)
2024-09-09 12:33:24 - Stopping ProtocolHandler ["http-nio-5001"]
2024-09-09 12:33:24 - Closing JPA EntityManagerFactory for persistence unit 'default'
2024-09-09 12:33:24 - HikariPool-1 - Shutdown initiated...
2024-09-09 12:33:24 - HikariPool-1 - Shutdown completed.
