2024-10-16 10:36:36 - HV000001: Hibernate Validator 8.0.1.Final
2024-10-16 10:36:36 - Starting SpringThymeleafApplication using Java 21.0.4 with PID 7764 (C:\Users\fernando.correa\Documents\GitHub\workspace2023\ceasadev_2024\target\classes started by fernando.correa in C:\Users\fernando.correa\Documents\GitHub\workspace2023\ceasadev_2024)
2024-10-16 10:36:36 - No active profile set, falling back to 1 default profile: "default"
2024-10-16 10:36:36 - Devtools property defaults active! Set 'spring.devtools.add-properties' to 'false' to disable
2024-10-16 10:36:36 - For additional web related logging consider setting the 'logging.level.web' property to 'DEBUG'
2024-10-16 10:36:37 - Bootstrapping Spring Data JPA repositories in DEFAULT mode.
2024-10-16 10:36:37 - Finished Spring Data repository scanning in 97 ms. Found 15 JPA repository interfaces.
2024-10-16 10:36:38 - Tomcat initialized with port 5001 (http)
2024-10-16 10:36:38 - Initializing ProtocolHandler ["http-nio-5001"]
2024-10-16 10:36:38 - Starting service [Tomcat]
2024-10-16 10:36:38 - Starting Servlet engine: [Apache Tomcat/10.1.26]
2024-10-16 10:36:38 - Initializing Spring embedded WebApplicationContext
2024-10-16 10:36:38 - Root WebApplicationContext: initialization completed in 1981 ms
2024-10-16 10:36:39 - HHH000204: Processing PersistenceUnitInfo [name: default]
2024-10-16 10:36:39 - HHH000412: Hibernate ORM core version 6.5.2.Final
2024-10-16 10:36:39 - HHH000026: Second-level cache disabled
2024-10-16 10:36:39 - No LoadTimeWeaver setup: ignoring JPA class transformer
2024-10-16 10:36:39 - HHH90000021: Encountered deprecated setting [hibernate.temp.use_jdbc_metadata_defaults], use [hibernate.boot.allow_jdbc_metadata_access] instead
2024-10-16 10:36:39 - HHH90000025: PostgreSQLDialect does not need to be specified explicitly using 'hibernate.dialect' (remove the property setting and it will be selected by default)
2024-10-16 10:36:40 - HHH000489: No JTA platform available (set 'hibernate.transaction.jta.platform' to enable JTA platform integration)
2024-10-16 10:36:41 - HikariPool-1 - Starting...
2024-10-16 10:36:41 - HikariPool-1 - Added connection org.postgresql.jdbc.PgConnection@3e821566
2024-10-16 10:36:41 - HikariPool-1 - Start completed.
2024-10-16 10:36:41 - Initialized JPA EntityManagerFactory for persistence unit 'default'
2024-10-16 10:36:41 - Hibernate is in classpath; If applicable, HQL parser will be used.
2024-10-16 10:36:42 - No authentication manager set. Reauthentication of users when changing passwords will not be performed.
2024-10-16 10:36:42 - Global AuthenticationManager configured with UserDetailsService bean with name userDetaisManager
2024-10-16 10:36:43 - LiveReload server is running on port 35729
2024-10-16 10:36:43 - Starting ProtocolHandler ["http-nio-5001"]
2024-10-16 10:36:43 - Tomcat started on port 5001 (http) with context path '/'
2024-10-16 10:36:43 - Started SpringThymeleafApplication in 7.374 seconds (process running for 8.06)
2024-10-16 14:13:01 - HV000001: Hibernate Validator 8.0.1.Final
2024-10-16 14:13:01 - Starting SpringThymeleafApplication using Java 21.0.4 with PID 20976 (C:\Users\fernando.correa\Documents\GitHub\workspace2023\ceasadev_2024\target\classes started by fernando.correa in C:\Users\fernando.correa\Documents\GitHub\workspace2023\ceasadev_2024)
2024-10-16 14:13:01 - No active profile set, falling back to 1 default profile: "default"
2024-10-16 14:13:01 - Devtools property defaults active! Set 'spring.devtools.add-properties' to 'false' to disable
2024-10-16 14:13:01 - For additional web related logging consider setting the 'logging.level.web' property to 'DEBUG'
2024-10-16 14:13:02 - Bootstrapping Spring Data JPA repositories in DEFAULT mode.
2024-10-16 14:13:02 - Finished Spring Data repository scanning in 103 ms. Found 15 JPA repository interfaces.
2024-10-16 14:13:03 - Tomcat initialized with port 5001 (http)
2024-10-16 14:13:03 - Initializing ProtocolHandler ["http-nio-5001"]
2024-10-16 14:13:03 - Starting service [Tomcat]
2024-10-16 14:13:03 - Starting Servlet engine: [Apache Tomcat/10.1.26]
2024-10-16 14:13:03 - Initializing Spring embedded WebApplicationContext
2024-10-16 14:13:03 - Root WebApplicationContext: initialization completed in 2136 ms
2024-10-16 14:13:03 - HHH000204: Processing PersistenceUnitInfo [name: default]
2024-10-16 14:13:03 - HHH000412: Hibernate ORM core version 6.5.2.Final
2024-10-16 14:13:04 - HHH000026: Second-level cache disabled
2024-10-16 14:13:04 - No LoadTimeWeaver setup: ignoring JPA class transformer
2024-10-16 14:13:04 - HHH90000021: Encountered deprecated setting [hibernate.temp.use_jdbc_metadata_defaults], use [hibernate.boot.allow_jdbc_metadata_access] instead
2024-10-16 14:13:04 - HHH90000025: PostgreSQLDialect does not need to be specified explicitly using 'hibernate.dialect' (remove the property setting and it will be selected by default)
2024-10-16 14:13:05 - HHH000489: No JTA platform available (set 'hibernate.transaction.jta.platform' to enable JTA platform integration)
2024-10-16 14:13:05 - HikariPool-1 - Starting...
2024-10-16 14:13:06 - HikariPool-1 - Added connection org.postgresql.jdbc.PgConnection@f09c81
2024-10-16 14:13:06 - HikariPool-1 - Start completed.
2024-10-16 14:13:06 - Initialized JPA EntityManagerFactory for persistence unit 'default'
2024-10-16 14:13:06 - Hibernate is in classpath; If applicable, HQL parser will be used.
2024-10-16 14:13:07 - No authentication manager set. Reauthentication of users when changing passwords will not be performed.
2024-10-16 14:13:07 - Global AuthenticationManager configured with UserDetailsService bean with name userDetaisManager
2024-10-16 14:13:08 - LiveReload server is running on port 35729
2024-10-16 14:13:08 - Starting ProtocolHandler ["http-nio-5001"]
2024-10-16 14:13:08 - Tomcat started on port 5001 (http) with context path '/'
2024-10-16 14:13:08 - Started SpringThymeleafApplication in 7.763 seconds (process running for 8.402)
2024-10-16 14:13:11 - Initializing Spring DispatcherServlet 'dispatcherServlet'
2024-10-16 14:13:11 - Initializing Servlet 'dispatcherServlet'
2024-10-16 14:13:11 - Completed initialization in 1 ms
2024-10-16 14:15:35 - Servlet.service() for servlet [dispatcherServlet] in context with path [] threw exception [Request processing failed: org.springframework.dao.InvalidDataAccessApiUsageException: The given id must not be null] with root cause
java.lang.IllegalArgumentException: The given id must not be null
	at org.springframework.util.Assert.notNull(Assert.java:172)
	at org.springframework.data.jpa.repository.support.SimpleJpaRepository.findById(SimpleJpaRepository.java:310)
	at java.base/jdk.internal.reflect.DirectMethodHandleAccessor.invoke(DirectMethodHandleAccessor.java:103)
	at java.base/java.lang.reflect.Method.invoke(Method.java:580)
	at org.springframework.aop.support.AopUtils.invokeJoinpointUsingReflection(AopUtils.java:354)
	at org.springframework.data.repository.core.support.RepositoryMethodInvoker$RepositoryFragmentMethodInvoker.lambda$new$0(RepositoryMethodInvoker.java:277)
	at org.springframework.data.repository.core.support.RepositoryMethodInvoker.doInvoke(RepositoryMethodInvoker.java:170)
	at org.springframework.data.repository.core.support.RepositoryMethodInvoker.invoke(RepositoryMethodInvoker.java:158)
	at org.springframework.data.repository.core.support.RepositoryComposition$RepositoryFragments.invoke(RepositoryComposition.java:516)
	at org.springframework.data.repository.core.support.RepositoryComposition.invoke(RepositoryComposition.java:285)
	at org.springframework.data.repository.core.support.RepositoryFactorySupport$ImplementationMethodExecutionInterceptor.invoke(RepositoryFactorySupport.java:628)
	at org.springframework.aop.framework.ReflectiveMethodInvocation.proceed(ReflectiveMethodInvocation.java:184)
	at org.springframework.data.repository.core.support.QueryExecutorMethodInterceptor.doInvoke(QueryExecutorMethodInterceptor.java:168)
	at org.springframework.data.repository.core.support.QueryExecutorMethodInterceptor.invoke(QueryExecutorMethodInterceptor.java:143)
	at org.springframework.aop.framework.ReflectiveMethodInvocation.proceed(ReflectiveMethodInvocation.java:184)
	at org.springframework.data.projection.DefaultMethodInvokingMethodInterceptor.invoke(DefaultMethodInvokingMethodInterceptor.java:70)
	at org.springframework.aop.framework.ReflectiveMethodInvocation.proceed(ReflectiveMethodInvocation.java:184)
	at org.springframework.transaction.interceptor.TransactionAspectSupport.invokeWithinTransaction(TransactionAspectSupport.java:379)
	at org.springframework.transaction.interceptor.TransactionInterceptor.invoke(TransactionInterceptor.java:119)
	at org.springframework.aop.framework.ReflectiveMethodInvocation.proceed(ReflectiveMethodInvocation.java:184)
	at org.springframework.dao.support.PersistenceExceptionTranslationInterceptor.invoke(PersistenceExceptionTranslationInterceptor.java:138)
	at org.springframework.aop.framework.ReflectiveMethodInvocation.proceed(ReflectiveMethodInvocation.java:184)
	at org.springframework.data.jpa.repository.support.CrudMethodMetadataPostProcessor$CrudMethodMetadataPopulatingMethodInterceptor.invoke(CrudMethodMetadataPostProcessor.java:165)
	at org.springframework.aop.framework.ReflectiveMethodInvocation.proceed(ReflectiveMethodInvocation.java:184)
	at org.springframework.aop.interceptor.ExposeInvocationInterceptor.invoke(ExposeInvocationInterceptor.java:97)
	at org.springframework.aop.framework.ReflectiveMethodInvocation.proceed(ReflectiveMethodInvocation.java:184)
	at org.springframework.aop.framework.JdkDynamicAopProxy.invoke(JdkDynamicAopProxy.java:223)
	at jdk.proxy4/jdk.proxy4.$Proxy164.findById(Unknown Source)
	at com.flc.springthymeleaf.service.PropriedadeService.findById(PropriedadeService.java:30)
	at java.base/jdk.internal.reflect.DirectMethodHandleAccessor.invoke(DirectMethodHandleAccessor.java:103)
	at java.base/java.lang.reflect.Method.invoke(Method.java:580)
	at org.springframework.aop.support.AopUtils.invokeJoinpointUsingReflection(AopUtils.java:354)
	at org.springframework.aop.framework.ReflectiveMethodInvocation.invokeJoinpoint(ReflectiveMethodInvocation.java:196)
	at org.springframework.aop.framework.ReflectiveMethodInvocation.proceed(ReflectiveMethodInvocation.java:163)
	at org.springframework.aop.framework.CglibAopProxy$CglibMethodInvocation.proceed(CglibAopProxy.java:768)
	at org.springframework.transaction.interceptor.TransactionAspectSupport.invokeWithinTransaction(TransactionAspectSupport.java:379)
	at org.springframework.transaction.interceptor.TransactionInterceptor.invoke(TransactionInterceptor.java:119)
	at org.springframework.aop.framework.ReflectiveMethodInvocation.proceed(ReflectiveMethodInvocation.java:184)
	at org.springframework.aop.framework.CglibAopProxy$CglibMethodInvocation.proceed(CglibAopProxy.java:768)
	at org.springframework.aop.framework.CglibAopProxy$DynamicAdvisedInterceptor.intercept(CglibAopProxy.java:720)
	at com.flc.springthymeleaf.service.PropriedadeService$$SpringCGLIB$$0.findById(<generated>)
	at com.flc.springthymeleaf.web.NotaController.salvarNota(NotaController.java:139)
	at java.base/jdk.internal.reflect.DirectMethodHandleAccessor.invoke(DirectMethodHandleAccessor.java:103)
	at java.base/java.lang.reflect.Method.invoke(Method.java:580)
	at org.springframework.web.method.support.InvocableHandlerMethod.doInvoke(InvocableHandlerMethod.java:255)
	at org.springframework.web.method.support.InvocableHandlerMethod.invokeForRequest(InvocableHandlerMethod.java:188)
	at org.springframework.web.servlet.mvc.method.annotation.ServletInvocableHandlerMethod.invokeAndHandle(ServletInvocableHandlerMethod.java:118)
	at org.springframework.web.servlet.mvc.method.annotation.RequestMappingHandlerAdapter.invokeHandlerMethod(RequestMappingHandlerAdapter.java:926)
	at org.springframework.web.servlet.mvc.method.annotation.RequestMappingHandlerAdapter.handleInternal(RequestMappingHandlerAdapter.java:831)
	at org.springframework.web.servlet.mvc.method.AbstractHandlerMethodAdapter.handle(AbstractHandlerMethodAdapter.java:87)
	at org.springframework.web.servlet.DispatcherServlet.doDispatch(DispatcherServlet.java:1089)
	at org.springframework.web.servlet.DispatcherServlet.doService(DispatcherServlet.java:979)
	at org.springframework.web.servlet.FrameworkServlet.processRequest(FrameworkServlet.java:1014)
	at org.springframework.web.servlet.FrameworkServlet.doPost(FrameworkServlet.java:914)
	at jakarta.servlet.http.HttpServlet.service(HttpServlet.java:590)
	at org.springframework.web.servlet.FrameworkServlet.service(FrameworkServlet.java:885)
	at jakarta.servlet.http.HttpServlet.service(HttpServlet.java:658)
	at org.apache.catalina.core.ApplicationFilterChain.internalDoFilter(ApplicationFilterChain.java:195)
	at org.apache.catalina.core.ApplicationFilterChain.doFilter(ApplicationFilterChain.java:140)
	at org.apache.tomcat.websocket.server.WsFilter.doFilter(WsFilter.java:51)
	at org.apache.catalina.core.ApplicationFilterChain.internalDoFilter(ApplicationFilterChain.java:164)
	at org.apache.catalina.core.ApplicationFilterChain.doFilter(ApplicationFilterChain.java:140)
	at org.springframework.web.filter.CompositeFilter$VirtualFilterChain.doFilter(CompositeFilter.java:108)
	at org.springframework.security.web.FilterChainProxy.lambda$doFilterInternal$3(FilterChainProxy.java:231)
	at org.springframework.security.web.FilterChainProxy$VirtualFilterChain.doFilter(FilterChainProxy.java:365)
	at org.springframework.security.web.access.intercept.AuthorizationFilter.doFilter(AuthorizationFilter.java:100)
	at org.springframework.security.web.FilterChainProxy$VirtualFilterChain.doFilter(FilterChainProxy.java:374)
	at org.springframework.security.web.access.ExceptionTranslationFilter.doFilter(ExceptionTranslationFilter.java:126)
	at org.springframework.security.web.access.ExceptionTranslationFilter.doFilter(ExceptionTranslationFilter.java:120)
	at org.springframework.security.web.FilterChainProxy$VirtualFilterChain.doFilter(FilterChainProxy.java:374)
	at org.springframework.security.web.authentication.AnonymousAuthenticationFilter.doFilter(AnonymousAuthenticationFilter.java:100)
	at org.springframework.security.web.FilterChainProxy$VirtualFilterChain.doFilter(FilterChainProxy.java:374)
	at org.springframework.security.web.servletapi.SecurityContextHolderAwareRequestFilter.doFilter(SecurityContextHolderAwareRequestFilter.java:179)
	at org.springframework.security.web.FilterChainProxy$VirtualFilterChain.doFilter(FilterChainProxy.java:374)
	at org.springframework.security.web.savedrequest.RequestCacheAwareFilter.doFilter(RequestCacheAwareFilter.java:63)
	at org.springframework.security.web.FilterChainProxy$VirtualFilterChain.doFilter(FilterChainProxy.java:374)
	at org.springframework.security.web.authentication.www.BasicAuthenticationFilter.doFilterInternal(BasicAuthenticationFilter.java:181)
	at org.springframework.web.filter.OncePerRequestFilter.doFilter(OncePerRequestFilter.java:116)
	at org.springframework.security.web.FilterChainProxy$VirtualFilterChain.doFilter(FilterChainProxy.java:374)
	at org.springframework.security.web.authentication.AbstractAuthenticationProcessingFilter.doFilter(AbstractAuthenticationProcessingFilter.java:227)
	at org.springframework.security.web.authentication.AbstractAuthenticationProcessingFilter.doFilter(AbstractAuthenticationProcessingFilter.java:221)
	at org.springframework.security.web.FilterChainProxy$VirtualFilterChain.doFilter(FilterChainProxy.java:374)
	at org.springframework.security.web.authentication.logout.LogoutFilter.doFilter(LogoutFilter.java:107)
	at org.springframework.security.web.authentication.logout.LogoutFilter.doFilter(LogoutFilter.java:93)
	at org.springframework.security.web.FilterChainProxy$VirtualFilterChain.doFilter(FilterChainProxy.java:374)
	at org.springframework.web.filter.CorsFilter.doFilterInternal(CorsFilter.java:91)
	at org.springframework.web.filter.OncePerRequestFilter.doFilter(OncePerRequestFilter.java:116)
	at org.springframework.security.web.FilterChainProxy$VirtualFilterChain.doFilter(FilterChainProxy.java:374)
	at org.springframework.security.web.header.HeaderWriterFilter.doHeadersAfter(HeaderWriterFilter.java:90)
	at org.springframework.security.web.header.HeaderWriterFilter.doFilterInternal(HeaderWriterFilter.java:75)
	at org.springframework.web.filter.OncePerRequestFilter.doFilter(OncePerRequestFilter.java:116)
	at org.springframework.security.web.FilterChainProxy$VirtualFilterChain.doFilter(FilterChainProxy.java:374)
	at org.springframework.security.web.context.SecurityContextHolderFilter.doFilter(SecurityContextHolderFilter.java:82)
	at org.springframework.security.web.context.SecurityContextHolderFilter.doFilter(SecurityContextHolderFilter.java:69)
	at org.springframework.security.web.FilterChainProxy$VirtualFilterChain.doFilter(FilterChainProxy.java:374)
	at org.springframework.security.web.context.request.async.WebAsyncManagerIntegrationFilter.doFilterInternal(WebAsyncManagerIntegrationFilter.java:62)
	at org.springframework.web.filter.OncePerRequestFilter.doFilter(OncePerRequestFilter.java:116)
	at org.springframework.security.web.FilterChainProxy$VirtualFilterChain.doFilter(FilterChainProxy.java:374)
	at org.springframework.security.web.session.DisableEncodeUrlFilter.doFilterInternal(DisableEncodeUrlFilter.java:42)
	at org.springframework.web.filter.OncePerRequestFilter.doFilter(OncePerRequestFilter.java:116)
	at org.springframework.security.web.FilterChainProxy$VirtualFilterChain.doFilter(FilterChainProxy.java:374)
	at org.springframework.security.web.FilterChainProxy.doFilterInternal(FilterChainProxy.java:233)
	at org.springframework.security.web.FilterChainProxy.doFilter(FilterChainProxy.java:191)
	at org.springframework.web.filter.CompositeFilter$VirtualFilterChain.doFilter(CompositeFilter.java:113)
	at org.springframework.web.servlet.handler.HandlerMappingIntrospector.lambda$createCacheFilter$3(HandlerMappingIntrospector.java:195)
	at org.springframework.web.filter.CompositeFilter$VirtualFilterChain.doFilter(CompositeFilter.java:113)
	at org.springframework.web.filter.CompositeFilter.doFilter(CompositeFilter.java:74)
	at org.springframework.security.config.annotation.web.configuration.WebMvcSecurityConfiguration$CompositeFilterChainProxy.doFilter(WebMvcSecurityConfiguration.java:230)
	at org.springframework.web.filter.DelegatingFilterProxy.invokeDelegate(DelegatingFilterProxy.java:352)
	at org.springframework.web.filter.DelegatingFilterProxy.doFilter(DelegatingFilterProxy.java:268)
	at org.apache.catalina.core.ApplicationFilterChain.internalDoFilter(ApplicationFilterChain.java:164)
	at org.apache.catalina.core.ApplicationFilterChain.doFilter(ApplicationFilterChain.java:140)
	at org.springframework.web.filter.RequestContextFilter.doFilterInternal(RequestContextFilter.java:100)
	at org.springframework.web.filter.OncePerRequestFilter.doFilter(OncePerRequestFilter.java:116)
	at org.apache.catalina.core.ApplicationFilterChain.internalDoFilter(ApplicationFilterChain.java:164)
	at org.apache.catalina.core.ApplicationFilterChain.doFilter(ApplicationFilterChain.java:140)
	at org.springframework.web.filter.FormContentFilter.doFilterInternal(FormContentFilter.java:93)
	at org.springframework.web.filter.OncePerRequestFilter.doFilter(OncePerRequestFilter.java:116)
	at org.apache.catalina.core.ApplicationFilterChain.internalDoFilter(ApplicationFilterChain.java:164)
	at org.apache.catalina.core.ApplicationFilterChain.doFilter(ApplicationFilterChain.java:140)
	at org.springframework.web.filter.CharacterEncodingFilter.doFilterInternal(CharacterEncodingFilter.java:201)
	at org.springframework.web.filter.OncePerRequestFilter.doFilter(OncePerRequestFilter.java:116)
	at org.apache.catalina.core.ApplicationFilterChain.internalDoFilter(ApplicationFilterChain.java:164)
	at org.apache.catalina.core.ApplicationFilterChain.doFilter(ApplicationFilterChain.java:140)
	at org.apache.catalina.core.StandardWrapperValve.invoke(StandardWrapperValve.java:167)
	at org.apache.catalina.core.StandardContextValve.invoke(StandardContextValve.java:90)
	at org.apache.catalina.authenticator.AuthenticatorBase.invoke(AuthenticatorBase.java:483)
	at org.apache.catalina.core.StandardHostValve.invoke(StandardHostValve.java:115)
	at org.apache.catalina.valves.ErrorReportValve.invoke(ErrorReportValve.java:93)
	at org.apache.catalina.core.StandardEngineValve.invoke(StandardEngineValve.java:74)
	at org.apache.catalina.connector.CoyoteAdapter.service(CoyoteAdapter.java:344)
	at org.apache.coyote.http11.Http11Processor.service(Http11Processor.java:389)
	at org.apache.coyote.AbstractProcessorLight.process(AbstractProcessorLight.java:63)
	at org.apache.coyote.AbstractProtocol$ConnectionHandler.process(AbstractProtocol.java:904)
	at org.apache.tomcat.util.net.NioEndpoint$SocketProcessor.doRun(NioEndpoint.java:1741)
	at org.apache.tomcat.util.net.SocketProcessorBase.run(SocketProcessorBase.java:52)
	at org.apache.tomcat.util.threads.ThreadPoolExecutor.runWorker(ThreadPoolExecutor.java:1190)
	at org.apache.tomcat.util.threads.ThreadPoolExecutor$Worker.run(ThreadPoolExecutor.java:659)
	at org.apache.tomcat.util.threads.TaskThread$WrappingRunnable.run(TaskThread.java:63)
	at java.base/java.lang.Thread.run(Thread.java:1583)
2024-10-16 15:35:00 - HV000001: Hibernate Validator 8.0.1.Final
2024-10-16 15:35:00 - Starting SpringThymeleafApplication using Java 21.0.4 with PID 19552 (C:\Users\fernando.correa\Documents\GitHub\workspace2023\ceasadev_2024\target\classes started by fernando.correa in C:\Users\fernando.correa\Documents\GitHub\workspace2023\ceasadev_2024)
2024-10-16 15:35:00 - No active profile set, falling back to 1 default profile: "default"
2024-10-16 15:35:01 - Devtools property defaults active! Set 'spring.devtools.add-properties' to 'false' to disable
2024-10-16 15:35:01 - For additional web related logging consider setting the 'logging.level.web' property to 'DEBUG'
2024-10-16 15:35:01 - Bootstrapping Spring Data JPA repositories in DEFAULT mode.
2024-10-16 15:35:02 - Finished Spring Data repository scanning in 108 ms. Found 15 JPA repository interfaces.
2024-10-16 15:35:02 - Tomcat initialized with port 5001 (http)
2024-10-16 15:35:02 - Initializing ProtocolHandler ["http-nio-5001"]
2024-10-16 15:35:02 - Starting service [Tomcat]
2024-10-16 15:35:02 - Starting Servlet engine: [Apache Tomcat/10.1.26]
2024-10-16 15:35:03 - Initializing Spring embedded WebApplicationContext
2024-10-16 15:35:03 - Root WebApplicationContext: initialization completed in 1973 ms
2024-10-16 15:35:03 - HHH000204: Processing PersistenceUnitInfo [name: default]
2024-10-16 15:35:03 - HHH000412: Hibernate ORM core version 6.5.2.Final
2024-10-16 15:35:03 - HHH000026: Second-level cache disabled
2024-10-16 15:35:03 - No LoadTimeWeaver setup: ignoring JPA class transformer
2024-10-16 15:35:03 - HHH90000021: Encountered deprecated setting [hibernate.temp.use_jdbc_metadata_defaults], use [hibernate.boot.allow_jdbc_metadata_access] instead
2024-10-16 15:35:03 - HHH90000025: PostgreSQLDialect does not need to be specified explicitly using 'hibernate.dialect' (remove the property setting and it will be selected by default)
2024-10-16 15:35:05 - HHH000489: No JTA platform available (set 'hibernate.transaction.jta.platform' to enable JTA platform integration)
2024-10-16 15:35:05 - HikariPool-1 - Starting...
2024-10-16 15:35:05 - HikariPool-1 - Added connection org.postgresql.jdbc.PgConnection@f09c81
2024-10-16 15:35:05 - HikariPool-1 - Start completed.
2024-10-16 15:35:05 - Initialized JPA EntityManagerFactory for persistence unit 'default'
2024-10-16 15:35:05 - Hibernate is in classpath; If applicable, HQL parser will be used.
2024-10-16 15:35:06 - No authentication manager set. Reauthentication of users when changing passwords will not be performed.
2024-10-16 15:35:06 - Global AuthenticationManager configured with UserDetailsService bean with name userDetaisManager
2024-10-16 15:35:07 - LiveReload server is running on port 35729
2024-10-16 15:35:07 - Starting ProtocolHandler ["http-nio-5001"]
2024-10-16 15:35:07 - Tomcat started on port 5001 (http) with context path '/'
2024-10-16 15:35:07 - Started SpringThymeleafApplication in 7.251 seconds (process running for 7.904)
2024-10-16 15:35:25 - Initializing Spring DispatcherServlet 'dispatcherServlet'
2024-10-16 15:35:25 - Initializing Servlet 'dispatcherServlet'
2024-10-16 15:35:25 - Completed initialization in 1 ms
2024-10-16 15:37:34 - HV000001: Hibernate Validator 8.0.1.Final
2024-10-16 15:37:34 - Starting SpringThymeleafApplication using Java 21.0.4 with PID 23960 (C:\Users\fernando.correa\Documents\GitHub\workspace2023\ceasadev_2024\target\classes started by fernando.correa in C:\Users\fernando.correa\Documents\GitHub\workspace2023\ceasadev_2024)
2024-10-16 15:37:34 - No active profile set, falling back to 1 default profile: "default"
2024-10-16 15:37:34 - Devtools property defaults active! Set 'spring.devtools.add-properties' to 'false' to disable
2024-10-16 15:37:34 - For additional web related logging consider setting the 'logging.level.web' property to 'DEBUG'
2024-10-16 15:37:35 - HV000001: Hibernate Validator 8.0.1.Final
2024-10-16 15:37:35 - Starting SpringThymeleafApplication using Java 21.0.4 with PID 17160 (C:\Users\fernando.correa\Documents\GitHub\workspace2023\ceasadev_2024\target\classes started by fernando.correa in C:\Users\fernando.correa\Documents\GitHub\workspace2023\ceasadev_2024)
2024-10-16 15:37:35 - No active profile set, falling back to 1 default profile: "default"
2024-10-16 15:37:35 - Devtools property defaults active! Set 'spring.devtools.add-properties' to 'false' to disable
2024-10-16 15:37:35 - For additional web related logging consider setting the 'logging.level.web' property to 'DEBUG'
2024-10-16 15:37:36 - Bootstrapping Spring Data JPA repositories in DEFAULT mode.
2024-10-16 15:37:36 - Finished Spring Data repository scanning in 138 ms. Found 15 JPA repository interfaces.
2024-10-16 15:37:36 - Bootstrapping Spring Data JPA repositories in DEFAULT mode.
2024-10-16 15:37:36 - Finished Spring Data repository scanning in 132 ms. Found 15 JPA repository interfaces.
2024-10-16 15:37:37 - Tomcat initialized with port 5001 (http)
2024-10-16 15:37:37 - Initializing ProtocolHandler ["http-nio-5001"]
2024-10-16 15:37:37 - Starting service [Tomcat]
2024-10-16 15:37:37 - Starting Servlet engine: [Apache Tomcat/10.1.26]
2024-10-16 15:37:37 - Initializing Spring embedded WebApplicationContext
2024-10-16 15:37:37 - Root WebApplicationContext: initialization completed in 3046 ms
2024-10-16 15:37:38 - HHH000204: Processing PersistenceUnitInfo [name: default]
2024-10-16 15:37:38 - HHH000412: Hibernate ORM core version 6.5.2.Final
2024-10-16 15:37:38 - Tomcat initialized with port 5001 (http)
2024-10-16 15:37:38 - Initializing ProtocolHandler ["http-nio-5001"]
2024-10-16 15:37:38 - HHH000026: Second-level cache disabled
2024-10-16 15:37:38 - Starting service [Tomcat]
2024-10-16 15:37:38 - Starting Servlet engine: [Apache Tomcat/10.1.26]
2024-10-16 15:37:38 - Initializing Spring embedded WebApplicationContext
2024-10-16 15:37:38 - Root WebApplicationContext: initialization completed in 2969 ms
2024-10-16 15:37:38 - HHH000204: Processing PersistenceUnitInfo [name: default]
2024-10-16 15:37:38 - No LoadTimeWeaver setup: ignoring JPA class transformer
2024-10-16 15:37:38 - HHH90000021: Encountered deprecated setting [hibernate.temp.use_jdbc_metadata_defaults], use [hibernate.boot.allow_jdbc_metadata_access] instead
2024-10-16 15:37:38 - HHH000412: Hibernate ORM core version 6.5.2.Final
2024-10-16 15:37:38 - HHH90000025: PostgreSQLDialect does not need to be specified explicitly using 'hibernate.dialect' (remove the property setting and it will be selected by default)
2024-10-16 15:37:38 - HHH000026: Second-level cache disabled
2024-10-16 15:37:39 - No LoadTimeWeaver setup: ignoring JPA class transformer
2024-10-16 15:37:39 - HHH90000021: Encountered deprecated setting [hibernate.temp.use_jdbc_metadata_defaults], use [hibernate.boot.allow_jdbc_metadata_access] instead
2024-10-16 15:37:39 - HHH90000025: PostgreSQLDialect does not need to be specified explicitly using 'hibernate.dialect' (remove the property setting and it will be selected by default)
2024-10-16 15:37:40 - HHH000489: No JTA platform available (set 'hibernate.transaction.jta.platform' to enable JTA platform integration)
2024-10-16 15:37:40 - HikariPool-1 - Starting...
2024-10-16 15:37:40 - HikariPool-1 - Added connection org.postgresql.jdbc.PgConnection@64f6f1bc
2024-10-16 15:37:40 - HikariPool-1 - Start completed.
2024-10-16 15:37:40 - HHH000489: No JTA platform available (set 'hibernate.transaction.jta.platform' to enable JTA platform integration)
2024-10-16 15:37:40 - HikariPool-1 - Starting...
2024-10-16 15:37:41 - Initialized JPA EntityManagerFactory for persistence unit 'default'
2024-10-16 15:37:41 - HikariPool-1 - Added connection org.postgresql.jdbc.PgConnection@64f6f1bc
2024-10-16 15:37:41 - HikariPool-1 - Start completed.
2024-10-16 15:37:41 - Initialized JPA EntityManagerFactory for persistence unit 'default'
2024-10-16 15:37:41 - Hibernate is in classpath; If applicable, HQL parser will be used.
2024-10-16 15:37:42 - Hibernate is in classpath; If applicable, HQL parser will be used.
2024-10-16 15:37:42 - No authentication manager set. Reauthentication of users when changing passwords will not be performed.
2024-10-16 15:37:42 - Global AuthenticationManager configured with UserDetailsService bean with name userDetaisManager
2024-10-16 15:37:43 - No authentication manager set. Reauthentication of users when changing passwords will not be performed.
2024-10-16 15:37:43 - Global AuthenticationManager configured with UserDetailsService bean with name userDetaisManager
2024-10-16 15:37:44 - LiveReload server is running on port 35729
2024-10-16 15:37:44 - Starting ProtocolHandler ["http-nio-5001"]
2024-10-16 15:37:44 - Tomcat started on port 5001 (http) with context path '/'
2024-10-16 15:37:44 - Started SpringThymeleafApplication in 10.519 seconds (process running for 11.294)
2024-10-16 15:37:44 - Initializing Spring DispatcherServlet 'dispatcherServlet'
2024-10-16 15:37:44 - Initializing Servlet 'dispatcherServlet'
2024-10-16 15:37:44 - Completed initialization in 1 ms
2024-10-16 15:37:44 - Unable to start LiveReload server
2024-10-16 15:37:44 - Starting ProtocolHandler ["http-nio-5001"]
2024-10-16 15:37:44 - Exception encountered during context initialization - cancelling refresh attempt: org.springframework.context.ApplicationContextException: Failed to start bean 'webServerStartStop'
2024-10-16 15:37:44 - Closing JPA EntityManagerFactory for persistence unit 'default'
2024-10-16 15:37:44 - HikariPool-1 - Shutdown initiated...
2024-10-16 15:37:44 - HikariPool-1 - Shutdown completed.
2024-10-16 15:37:44 - 

Error starting ApplicationContext. To display the condition evaluation report re-run your application with 'debug' enabled.
2024-10-16 15:37:44 - 

***************************
APPLICATION FAILED TO START
***************************

Description:

Web server failed to start. Port 5001 was already in use.

Action:

Identify and stop the process that's listening on port 5001 or configure this application to listen on another port.

2024-10-16 15:40:00 - Restarting due to 1 class path change (0 additions, 0 deletions, 1 modification)
2024-10-16 15:40:00 - Stopping ProtocolHandler ["http-nio-5001"]
2024-10-16 15:40:00 - Closing JPA EntityManagerFactory for persistence unit 'default'
2024-10-16 15:40:00 - HikariPool-1 - Shutdown initiated...
2024-10-16 15:40:00 - HikariPool-1 - Shutdown completed.
2024-10-16 15:40:00 - Starting SpringThymeleafApplication using Java 21.0.4 with PID 23960 (C:\Users\fernando.correa\Documents\GitHub\workspace2023\ceasadev_2024\target\classes started by fernando.correa in C:\Users\fernando.correa\Documents\GitHub\workspace2023\ceasadev_2024)
2024-10-16 15:40:00 - No active profile set, falling back to 1 default profile: "default"
2024-10-16 15:40:00 - Bootstrapping Spring Data JPA repositories in DEFAULT mode.
2024-10-16 15:40:00 - Finished Spring Data repository scanning in 45 ms. Found 15 JPA repository interfaces.
2024-10-16 15:40:01 - Tomcat initialized with port 5001 (http)
2024-10-16 15:40:01 - Initializing ProtocolHandler ["http-nio-5001"]
2024-10-16 15:40:01 - Starting service [Tomcat]
2024-10-16 15:40:01 - Starting Servlet engine: [Apache Tomcat/10.1.26]
2024-10-16 15:40:01 - Initializing Spring embedded WebApplicationContext
2024-10-16 15:40:01 - Root WebApplicationContext: initialization completed in 466 ms
2024-10-16 15:40:01 - HHH000204: Processing PersistenceUnitInfo [name: default]
2024-10-16 15:40:01 - HHH000026: Second-level cache disabled
2024-10-16 15:40:01 - No LoadTimeWeaver setup: ignoring JPA class transformer
2024-10-16 15:40:01 - HHH90000021: Encountered deprecated setting [hibernate.temp.use_jdbc_metadata_defaults], use [hibernate.boot.allow_jdbc_metadata_access] instead
2024-10-16 15:40:01 - HHH90000025: PostgreSQLDialect does not need to be specified explicitly using 'hibernate.dialect' (remove the property setting and it will be selected by default)
2024-10-16 15:40:01 - HHH000489: No JTA platform available (set 'hibernate.transaction.jta.platform' to enable JTA platform integration)
2024-10-16 15:40:01 - HikariPool-2 - Starting...
2024-10-16 15:40:01 - HikariPool-2 - Added connection org.postgresql.jdbc.PgConnection@4bafaf03
2024-10-16 15:40:01 - HikariPool-2 - Start completed.
2024-10-16 15:40:01 - Initialized JPA EntityManagerFactory for persistence unit 'default'
2024-10-16 15:40:02 - No authentication manager set. Reauthentication of users when changing passwords will not be performed.
2024-10-16 15:40:02 - Global AuthenticationManager configured with UserDetailsService bean with name userDetaisManager
2024-10-16 15:40:02 - LiveReload server is running on port 35729
2024-10-16 15:40:02 - Starting ProtocolHandler ["http-nio-5001"]
2024-10-16 15:40:02 - Tomcat started on port 5001 (http) with context path '/'
2024-10-16 15:40:02 - Started SpringThymeleafApplication in 1.632 seconds (process running for 149.256)
2024-10-16 15:40:02 - Condition evaluation unchanged
2024-10-16 15:40:07 - Initializing Spring DispatcherServlet 'dispatcherServlet'
2024-10-16 15:40:07 - Initializing Servlet 'dispatcherServlet'
2024-10-16 15:40:07 - Completed initialization in 1 ms
2024-10-16 15:43:03 - HV000001: Hibernate Validator 8.0.1.Final
2024-10-16 15:43:03 - Starting SpringThymeleafApplication using Java 21.0.4 with PID 15340 (C:\Users\fernando.correa\Documents\GitHub\workspace2023\ceasadev_2024\target\classes started by fernando.correa in C:\Users\fernando.correa\Documents\GitHub\workspace2023\ceasadev_2024)
2024-10-16 15:43:03 - No active profile set, falling back to 1 default profile: "default"
2024-10-16 15:43:03 - Devtools property defaults active! Set 'spring.devtools.add-properties' to 'false' to disable
2024-10-16 15:43:03 - For additional web related logging consider setting the 'logging.level.web' property to 'DEBUG'
2024-10-16 15:43:04 - Bootstrapping Spring Data JPA repositories in DEFAULT mode.
2024-10-16 15:43:04 - Finished Spring Data repository scanning in 98 ms. Found 15 JPA repository interfaces.
2024-10-16 15:43:05 - Tomcat initialized with port 5001 (http)
2024-10-16 15:43:05 - Initializing ProtocolHandler ["http-nio-5001"]
2024-10-16 15:43:05 - Starting service [Tomcat]
2024-10-16 15:43:05 - Starting Servlet engine: [Apache Tomcat/10.1.26]
2024-10-16 15:43:05 - Initializing Spring embedded WebApplicationContext
2024-10-16 15:43:05 - Root WebApplicationContext: initialization completed in 1951 ms
2024-10-16 15:43:06 - HHH000204: Processing PersistenceUnitInfo [name: default]
2024-10-16 15:43:06 - HHH000412: Hibernate ORM core version 6.5.2.Final
2024-10-16 15:43:06 - HHH000026: Second-level cache disabled
2024-10-16 15:43:06 - No LoadTimeWeaver setup: ignoring JPA class transformer
2024-10-16 15:43:06 - HHH90000021: Encountered deprecated setting [hibernate.temp.use_jdbc_metadata_defaults], use [hibernate.boot.allow_jdbc_metadata_access] instead
2024-10-16 15:43:06 - HHH90000025: PostgreSQLDialect does not need to be specified explicitly using 'hibernate.dialect' (remove the property setting and it will be selected by default)
2024-10-16 15:43:07 - HHH000489: No JTA platform available (set 'hibernate.transaction.jta.platform' to enable JTA platform integration)
2024-10-16 15:43:07 - HikariPool-1 - Starting...
2024-10-16 15:43:08 - HikariPool-1 - Added connection org.postgresql.jdbc.PgConnection@4c538760
2024-10-16 15:43:08 - HikariPool-1 - Start completed.
2024-10-16 15:43:08 - Initialized JPA EntityManagerFactory for persistence unit 'default'
2024-10-16 15:43:08 - Hibernate is in classpath; If applicable, HQL parser will be used.
2024-10-16 15:43:09 - No authentication manager set. Reauthentication of users when changing passwords will not be performed.
2024-10-16 15:43:09 - Global AuthenticationManager configured with UserDetailsService bean with name userDetaisManager
2024-10-16 15:43:10 - LiveReload server is running on port 35729
2024-10-16 15:43:10 - Starting ProtocolHandler ["http-nio-5001"]
2024-10-16 15:43:10 - Tomcat started on port 5001 (http) with context path '/'
2024-10-16 15:43:10 - Started SpringThymeleafApplication in 7.22 seconds (process running for 7.889)
2024-10-16 15:43:21 - Initializing Spring DispatcherServlet 'dispatcherServlet'
2024-10-16 15:43:21 - Initializing Servlet 'dispatcherServlet'
2024-10-16 15:43:21 - Completed initialization in 2 ms
2024-10-16 15:59:36 - HV000001: Hibernate Validator 8.0.1.Final
2024-10-16 15:59:36 - Starting SpringThymeleafApplicationTests using Java 21.0.4 with PID 18324 (started by fernando.correa in C:\Users\fernando.correa\Documents\GitHub\workspace2023\ceasadev_2024)
2024-10-16 15:59:36 - No active profile set, falling back to 1 default profile: "default"
2024-10-16 15:59:37 - Bootstrapping Spring Data JPA repositories in DEFAULT mode.
2024-10-16 15:59:37 - Finished Spring Data repository scanning in 96 ms. Found 15 JPA repository interfaces.
2024-10-16 15:59:37 - HHH000204: Processing PersistenceUnitInfo [name: default]
2024-10-16 15:59:37 - HHH000412: Hibernate ORM core version 6.5.2.Final
2024-10-16 15:59:37 - HHH000026: Second-level cache disabled
2024-10-16 15:59:38 - No LoadTimeWeaver setup: ignoring JPA class transformer
2024-10-16 15:59:38 - HHH90000021: Encountered deprecated setting [hibernate.temp.use_jdbc_metadata_defaults], use [hibernate.boot.allow_jdbc_metadata_access] instead
2024-10-16 15:59:38 - HHH90000025: PostgreSQLDialect does not need to be specified explicitly using 'hibernate.dialect' (remove the property setting and it will be selected by default)
2024-10-16 15:59:39 - HHH000489: No JTA platform available (set 'hibernate.transaction.jta.platform' to enable JTA platform integration)
2024-10-16 15:59:39 - HikariPool-1 - Starting...
2024-10-16 15:59:39 - HikariPool-1 - Added connection org.postgresql.jdbc.PgConnection@4df8443f
2024-10-16 15:59:39 - HikariPool-1 - Start completed.
2024-10-16 15:59:40 - Initialized JPA EntityManagerFactory for persistence unit 'default'
2024-10-16 15:59:40 - Hibernate is in classpath; If applicable, HQL parser will be used.
2024-10-16 15:59:41 - No authentication manager set. Reauthentication of users when changing passwords will not be performed.
2024-10-16 15:59:41 - Global AuthenticationManager configured with UserDetailsService bean with name userDetaisManager
2024-10-16 15:59:42 - Started SpringThymeleafApplicationTests in 6.567 seconds (process running for 7.63)
2024-10-16 15:59:42 - Closing JPA EntityManagerFactory for persistence unit 'default'
2024-10-16 15:59:42 - HikariPool-1 - Shutdown initiated...
2024-10-16 15:59:42 - HikariPool-1 - Shutdown completed.
2024-10-16 16:11:06 - HV000001: Hibernate Validator 8.0.1.Final
2024-10-16 16:11:06 - Starting SpringThymeleafApplication using Java 21.0.4 with PID 3452 (C:\Users\fernando.correa\Documents\GitHub\workspace2023\ceasadev_2024\target\classes started by fernando.correa in C:\Users\fernando.correa\Documents\GitHub\workspace2023\ceasadev_2024)
2024-10-16 16:11:06 - No active profile set, falling back to 1 default profile: "default"
2024-10-16 16:11:06 - Devtools property defaults active! Set 'spring.devtools.add-properties' to 'false' to disable
2024-10-16 16:11:06 - For additional web related logging consider setting the 'logging.level.web' property to 'DEBUG'
2024-10-16 16:11:07 - Bootstrapping Spring Data JPA repositories in DEFAULT mode.
2024-10-16 16:11:07 - Finished Spring Data repository scanning in 95 ms. Found 15 JPA repository interfaces.
2024-10-16 16:11:08 - Tomcat initialized with port 5001 (http)
2024-10-16 16:11:08 - Initializing ProtocolHandler ["http-nio-5001"]
2024-10-16 16:11:08 - Starting service [Tomcat]
2024-10-16 16:11:08 - Starting Servlet engine: [Apache Tomcat/10.1.26]
2024-10-16 16:11:08 - Initializing Spring embedded WebApplicationContext
2024-10-16 16:11:08 - Root WebApplicationContext: initialization completed in 1844 ms
2024-10-16 16:11:08 - HHH000204: Processing PersistenceUnitInfo [name: default]
2024-10-16 16:11:08 - HHH000412: Hibernate ORM core version 6.5.2.Final
2024-10-16 16:11:08 - HHH000026: Second-level cache disabled
2024-10-16 16:11:09 - No LoadTimeWeaver setup: ignoring JPA class transformer
2024-10-16 16:11:09 - HHH90000021: Encountered deprecated setting [hibernate.temp.use_jdbc_metadata_defaults], use [hibernate.boot.allow_jdbc_metadata_access] instead
2024-10-16 16:11:09 - HHH90000025: PostgreSQLDialect does not need to be specified explicitly using 'hibernate.dialect' (remove the property setting and it will be selected by default)
2024-10-16 16:11:10 - HHH000489: No JTA platform available (set 'hibernate.transaction.jta.platform' to enable JTA platform integration)
2024-10-16 16:11:10 - HikariPool-1 - Starting...
2024-10-16 16:11:10 - HikariPool-1 - Added connection org.postgresql.jdbc.PgConnection@f09c81
2024-10-16 16:11:10 - HikariPool-1 - Start completed.
2024-10-16 16:11:10 - Initialized JPA EntityManagerFactory for persistence unit 'default'
2024-10-16 16:11:11 - Hibernate is in classpath; If applicable, HQL parser will be used.
2024-10-16 16:11:12 - No authentication manager set. Reauthentication of users when changing passwords will not be performed.
2024-10-16 16:11:12 - Global AuthenticationManager configured with UserDetailsService bean with name userDetaisManager
2024-10-16 16:11:12 - LiveReload server is running on port 35729
2024-10-16 16:11:12 - Starting ProtocolHandler ["http-nio-5001"]
2024-10-16 16:11:12 - Tomcat started on port 5001 (http) with context path '/'
2024-10-16 16:11:12 - Started SpringThymeleafApplication in 6.96 seconds (process running for 7.585)
2024-10-16 16:11:22 - Initializing Spring DispatcherServlet 'dispatcherServlet'
2024-10-16 16:11:22 - Initializing Servlet 'dispatcherServlet'
2024-10-16 16:11:22 - Completed initialization in 1 ms
2024-10-16 16:12:39 - HV000001: Hibernate Validator 8.0.1.Final
2024-10-16 16:12:39 - Starting SpringThymeleafApplication using Java 21.0.4 with PID 6608 (C:\Users\fernando.correa\Documents\GitHub\workspace2023\ceasadev_2024\target\classes started by fernando.correa in C:\Users\fernando.correa\Documents\GitHub\workspace2023\ceasadev_2024)
2024-10-16 16:12:39 - No active profile set, falling back to 1 default profile: "default"
2024-10-16 16:12:40 - Devtools property defaults active! Set 'spring.devtools.add-properties' to 'false' to disable
2024-10-16 16:12:40 - For additional web related logging consider setting the 'logging.level.web' property to 'DEBUG'
2024-10-16 16:12:40 - Bootstrapping Spring Data JPA repositories in DEFAULT mode.
2024-10-16 16:12:40 - Finished Spring Data repository scanning in 127 ms. Found 15 JPA repository interfaces.
2024-10-16 16:12:41 - Tomcat initialized with port 5001 (http)
2024-10-16 16:12:41 - Initializing ProtocolHandler ["http-nio-5001"]
2024-10-16 16:12:41 - Starting service [Tomcat]
2024-10-16 16:12:41 - Starting Servlet engine: [Apache Tomcat/10.1.26]
2024-10-16 16:12:41 - Initializing Spring embedded WebApplicationContext
2024-10-16 16:12:41 - Root WebApplicationContext: initialization completed in 1936 ms
2024-10-16 16:12:42 - HHH000204: Processing PersistenceUnitInfo [name: default]
2024-10-16 16:12:42 - HHH000412: Hibernate ORM core version 6.5.2.Final
2024-10-16 16:12:42 - HHH000026: Second-level cache disabled
2024-10-16 16:12:42 - No LoadTimeWeaver setup: ignoring JPA class transformer
2024-10-16 16:12:42 - HHH90000021: Encountered deprecated setting [hibernate.temp.use_jdbc_metadata_defaults], use [hibernate.boot.allow_jdbc_metadata_access] instead
2024-10-16 16:12:42 - HHH90000025: PostgreSQLDialect does not need to be specified explicitly using 'hibernate.dialect' (remove the property setting and it will be selected by default)
2024-10-16 16:12:43 - HHH000489: No JTA platform available (set 'hibernate.transaction.jta.platform' to enable JTA platform integration)
2024-10-16 16:12:43 - HikariPool-1 - Starting...
2024-10-16 16:12:44 - HikariPool-1 - Added connection org.postgresql.jdbc.PgConnection@7271527d
2024-10-16 16:12:44 - HikariPool-1 - Start completed.
2024-10-16 16:12:44 - Initialized JPA EntityManagerFactory for persistence unit 'default'
2024-10-16 16:12:44 - Hibernate is in classpath; If applicable, HQL parser will be used.
2024-10-16 16:12:46 - No authentication manager set. Reauthentication of users when changing passwords will not be performed.
2024-10-16 16:12:46 - Global AuthenticationManager configured with UserDetailsService bean with name userDetaisManager
2024-10-16 16:12:47 - LiveReload server is running on port 35729
2024-10-16 16:12:47 - Starting ProtocolHandler ["http-nio-5001"]
2024-10-16 16:12:47 - Tomcat started on port 5001 (http) with context path '/'
2024-10-16 16:12:47 - Started SpringThymeleafApplication in 8.304 seconds (process running for 8.941)
2024-10-16 16:12:49 - Initializing Spring DispatcherServlet 'dispatcherServlet'
2024-10-16 16:12:49 - Initializing Servlet 'dispatcherServlet'
2024-10-16 16:12:49 - Completed initialization in 1 ms
2024-10-16 16:23:14 - Restarting due to 1 class path change (0 additions, 0 deletions, 1 modification)
2024-10-16 16:23:14 - Stopping ProtocolHandler ["http-nio-5001"]
2024-10-16 16:23:14 - Closing JPA EntityManagerFactory for persistence unit 'default'
2024-10-16 16:23:14 - HikariPool-1 - Shutdown initiated...
2024-10-16 16:23:14 - HikariPool-1 - Shutdown completed.
2024-10-16 16:23:14 - Starting SpringThymeleafApplication using Java 21.0.4 with PID 6608 (C:\Users\fernando.correa\Documents\GitHub\workspace2023\ceasadev_2024\target\classes started by fernando.correa in C:\Users\fernando.correa\Documents\GitHub\workspace2023\ceasadev_2024)
2024-10-16 16:23:14 - No active profile set, falling back to 1 default profile: "default"
2024-10-16 16:23:14 - Bootstrapping Spring Data JPA repositories in DEFAULT mode.
2024-10-16 16:23:14 - Finished Spring Data repository scanning in 50 ms. Found 15 JPA repository interfaces.
2024-10-16 16:23:14 - Tomcat initialized with port 5001 (http)
2024-10-16 16:23:14 - Initializing ProtocolHandler ["http-nio-5001"]
2024-10-16 16:23:14 - Starting service [Tomcat]
2024-10-16 16:23:14 - Starting Servlet engine: [Apache Tomcat/10.1.26]
2024-10-16 16:23:15 - Initializing Spring embedded WebApplicationContext
2024-10-16 16:23:15 - Root WebApplicationContext: initialization completed in 561 ms
2024-10-16 16:23:15 - HHH000204: Processing PersistenceUnitInfo [name: default]
2024-10-16 16:23:15 - HHH000026: Second-level cache disabled
2024-10-16 16:23:15 - No LoadTimeWeaver setup: ignoring JPA class transformer
2024-10-16 16:23:15 - HHH90000021: Encountered deprecated setting [hibernate.temp.use_jdbc_metadata_defaults], use [hibernate.boot.allow_jdbc_metadata_access] instead
2024-10-16 16:23:15 - HHH90000025: PostgreSQLDialect does not need to be specified explicitly using 'hibernate.dialect' (remove the property setting and it will be selected by default)
2024-10-16 16:23:15 - HHH000489: No JTA platform available (set 'hibernate.transaction.jta.platform' to enable JTA platform integration)
2024-10-16 16:23:15 - HikariPool-2 - Starting...
2024-10-16 16:23:15 - HikariPool-2 - Added connection org.postgresql.jdbc.PgConnection@5dcc1694
2024-10-16 16:23:15 - HikariPool-2 - Start completed.
2024-10-16 16:23:15 - Initialized JPA EntityManagerFactory for persistence unit 'default'
2024-10-16 16:23:16 - No authentication manager set. Reauthentication of users when changing passwords will not be performed.
2024-10-16 16:23:16 - Global AuthenticationManager configured with UserDetailsService bean with name userDetaisManager
2024-10-16 16:23:16 - LiveReload server is running on port 35729
2024-10-16 16:23:16 - Starting ProtocolHandler ["http-nio-5001"]
2024-10-16 16:23:16 - Tomcat started on port 5001 (http) with context path '/'
2024-10-16 16:23:16 - Started SpringThymeleafApplication in 1.774 seconds (process running for 637.709)
2024-10-16 16:23:16 - Condition evaluation unchanged
2024-10-16 16:23:22 - HV000001: Hibernate Validator 8.0.1.Final
2024-10-16 16:23:22 - Starting SpringThymeleafApplication using Java 21.0.4 with PID 14864 (C:\Users\fernando.correa\Documents\GitHub\workspace2023\ceasadev_2024\target\classes started by fernando.correa in C:\Users\fernando.correa\Documents\GitHub\workspace2023\ceasadev_2024)
2024-10-16 16:23:22 - No active profile set, falling back to 1 default profile: "default"
2024-10-16 16:23:22 - Devtools property defaults active! Set 'spring.devtools.add-properties' to 'false' to disable
2024-10-16 16:23:22 - For additional web related logging consider setting the 'logging.level.web' property to 'DEBUG'
2024-10-16 16:23:23 - Bootstrapping Spring Data JPA repositories in DEFAULT mode.
2024-10-16 16:23:23 - Finished Spring Data repository scanning in 95 ms. Found 15 JPA repository interfaces.
2024-10-16 16:23:24 - Tomcat initialized with port 5001 (http)
2024-10-16 16:23:24 - Initializing ProtocolHandler ["http-nio-5001"]
2024-10-16 16:23:24 - Starting service [Tomcat]
2024-10-16 16:23:24 - Starting Servlet engine: [Apache Tomcat/10.1.26]
2024-10-16 16:23:24 - Initializing Spring embedded WebApplicationContext
2024-10-16 16:23:24 - Root WebApplicationContext: initialization completed in 1928 ms
2024-10-16 16:23:25 - HHH000204: Processing PersistenceUnitInfo [name: default]
2024-10-16 16:23:25 - HHH000412: Hibernate ORM core version 6.5.2.Final
2024-10-16 16:23:25 - HHH000026: Second-level cache disabled
2024-10-16 16:23:25 - No LoadTimeWeaver setup: ignoring JPA class transformer
2024-10-16 16:23:25 - HHH90000021: Encountered deprecated setting [hibernate.temp.use_jdbc_metadata_defaults], use [hibernate.boot.allow_jdbc_metadata_access] instead
2024-10-16 16:23:25 - HHH90000025: PostgreSQLDialect does not need to be specified explicitly using 'hibernate.dialect' (remove the property setting and it will be selected by default)
2024-10-16 16:23:26 - HHH000489: No JTA platform available (set 'hibernate.transaction.jta.platform' to enable JTA platform integration)
2024-10-16 16:23:26 - HikariPool-1 - Starting...
2024-10-16 16:23:27 - HikariPool-1 - Added connection org.postgresql.jdbc.PgConnection@84f9eb1
2024-10-16 16:23:27 - HikariPool-1 - Start completed.
2024-10-16 16:23:27 - Initialized JPA EntityManagerFactory for persistence unit 'default'
2024-10-16 16:23:27 - Hibernate is in classpath; If applicable, HQL parser will be used.
2024-10-16 16:23:28 - No authentication manager set. Reauthentication of users when changing passwords will not be performed.
2024-10-16 16:23:28 - Global AuthenticationManager configured with UserDetailsService bean with name userDetaisManager
2024-10-16 16:23:29 - LiveReload server is running on port 35729
2024-10-16 16:23:29 - Starting ProtocolHandler ["http-nio-5001"]
2024-10-16 16:23:29 - Tomcat started on port 5001 (http) with context path '/'
2024-10-16 16:23:29 - Started SpringThymeleafApplication in 7.219 seconds (process running for 7.857)
2024-10-16 16:23:40 - Initializing Spring DispatcherServlet 'dispatcherServlet'
2024-10-16 16:23:40 - Initializing Servlet 'dispatcherServlet'
2024-10-16 16:23:40 - Completed initialization in 1 ms
2024-10-16 16:29:21 - Restarting due to 201 class path changes (0 additions, 201 deletions, 0 modifications)
2024-10-16 16:29:21 - Stopping ProtocolHandler ["http-nio-5001"]
2024-10-16 16:29:21 - Closing JPA EntityManagerFactory for persistence unit 'default'
2024-10-16 16:29:21 - HikariPool-1 - Shutdown initiated...
2024-10-16 16:29:21 - HikariPool-1 - Shutdown completed.
2024-10-16 16:29:23 - Starting SpringThymeleafApplication using Java 21.0.4 with PID 14864 (C:\Users\fernando.correa\Documents\GitHub\workspace2023\ceasadev_2024\target\classes started by fernando.correa in C:\Users\fernando.correa\Documents\GitHub\workspace2023\ceasadev_2024)
2024-10-16 16:29:23 - No active profile set, falling back to 1 default profile: "default"
2024-10-16 16:29:23 - Bootstrapping Spring Data JPA repositories in DEFAULT mode.
2024-10-16 16:29:23 - Finished Spring Data repository scanning in 42 ms. Found 15 JPA repository interfaces.
2024-10-16 16:29:24 - Tomcat initialized with port 5001 (http)
2024-10-16 16:29:24 - Starting service [Tomcat]
2024-10-16 16:29:24 - Starting Servlet engine: [Apache Tomcat/10.1.26]
2024-10-16 16:29:24 - Initializing Spring embedded WebApplicationContext
2024-10-16 16:29:24 - Root WebApplicationContext: initialization completed in 402 ms
2024-10-16 16:29:24 - HHH000204: Processing PersistenceUnitInfo [name: default]
2024-10-16 16:29:24 - HHH000026: Second-level cache disabled
2024-10-16 16:29:24 - No LoadTimeWeaver setup: ignoring JPA class transformer
2024-10-16 16:29:24 - HHH90000021: Encountered deprecated setting [hibernate.temp.use_jdbc_metadata_defaults], use [hibernate.boot.allow_jdbc_metadata_access] instead
2024-10-16 16:29:24 - HHH90000025: PostgreSQLDialect does not need to be specified explicitly using 'hibernate.dialect' (remove the property setting and it will be selected by default)
2024-10-16 16:29:24 - HHH000489: No JTA platform available (set 'hibernate.transaction.jta.platform' to enable JTA platform integration)
2024-10-16 16:29:24 - HikariPool-2 - Starting...
2024-10-16 16:29:24 - HikariPool-2 - Added connection org.postgresql.jdbc.PgConnection@432ab852
2024-10-16 16:29:24 - HikariPool-2 - Start completed.
2024-10-16 16:29:24 - Initialized JPA EntityManagerFactory for persistence unit 'default'
2024-10-16 16:29:24 - No authentication manager set. Reauthentication of users when changing passwords will not be performed.
2024-10-16 16:29:24 - Global AuthenticationManager configured with UserDetailsService bean with name userDetaisManager
2024-10-16 16:29:25 - LiveReload server is running on port 35729
2024-10-16 16:29:25 - Tomcat started on port 5001 (http) with context path '/'
2024-10-16 16:29:25 - Started SpringThymeleafApplication in 1.536 seconds (process running for 363.74)
2024-10-16 16:29:25 - Condition evaluation unchanged
2024-10-16 16:30:48 - HV000001: Hibernate Validator 8.0.1.Final
2024-10-16 16:30:48 - Starting SpringThymeleafApplicationTests using Java 21.0.4 with PID 12712 (started by fernando.correa in C:\Users\fernando.correa\Documents\GitHub\workspace2023\ceasadev_2024)
2024-10-16 16:30:48 - No active profile set, falling back to 1 default profile: "default"
2024-10-16 16:30:49 - Bootstrapping Spring Data JPA repositories in DEFAULT mode.
2024-10-16 16:30:49 - Finished Spring Data repository scanning in 93 ms. Found 15 JPA repository interfaces.
2024-10-16 16:30:49 - HHH000204: Processing PersistenceUnitInfo [name: default]
2024-10-16 16:30:49 - HHH000412: Hibernate ORM core version 6.5.2.Final
2024-10-16 16:30:49 - HHH000026: Second-level cache disabled
2024-10-16 16:30:50 - No LoadTimeWeaver setup: ignoring JPA class transformer
2024-10-16 16:30:50 - HHH90000021: Encountered deprecated setting [hibernate.temp.use_jdbc_metadata_defaults], use [hibernate.boot.allow_jdbc_metadata_access] instead
2024-10-16 16:30:50 - HHH90000025: PostgreSQLDialect does not need to be specified explicitly using 'hibernate.dialect' (remove the property setting and it will be selected by default)
2024-10-16 16:30:51 - HHH000489: No JTA platform available (set 'hibernate.transaction.jta.platform' to enable JTA platform integration)
2024-10-16 16:30:51 - HikariPool-1 - Starting...
2024-10-16 16:30:51 - HikariPool-1 - Added connection org.postgresql.jdbc.PgConnection@4df8443f
2024-10-16 16:30:51 - HikariPool-1 - Start completed.
2024-10-16 16:30:52 - Initialized JPA EntityManagerFactory for persistence unit 'default'
2024-10-16 16:30:52 - Hibernate is in classpath; If applicable, HQL parser will be used.
2024-10-16 16:30:53 - No authentication manager set. Reauthentication of users when changing passwords will not be performed.
2024-10-16 16:30:53 - Global AuthenticationManager configured with UserDetailsService bean with name userDetaisManager
2024-10-16 16:30:54 - Started SpringThymeleafApplicationTests in 6.208 seconds (process running for 7.248)
2024-10-16 16:30:54 - Closing JPA EntityManagerFactory for persistence unit 'default'
2024-10-16 16:30:54 - HikariPool-1 - Shutdown initiated...
2024-10-16 16:30:54 - HikariPool-1 - Shutdown completed.
