2024-09-18 14:16:48 - HV000001: Hibernate Validator 8.0.1.Final
2024-09-18 14:16:48 - Starting SpringThymeleafApplication using Java 21.0.4 with PID 26620 (C:\Users\fernando.correa\Documents\GitHub\workspace2023\ceasadev_2024\target\classes started by fernando.correa in C:\Users\fernando.correa\Documents\GitHub\workspace2023\ceasadev_2024)
2024-09-18 14:16:48 - No active profile set, falling back to 1 default profile: "default"
2024-09-18 14:16:48 - Devtools property defaults active! Set 'spring.devtools.add-properties' to 'false' to disable
2024-09-18 14:16:48 - For additional web related logging consider setting the 'logging.level.web' property to 'DEBUG'
2024-09-18 14:16:49 - Bootstrapping Spring Data JPA repositories in DEFAULT mode.
2024-09-18 14:16:49 - Finished Spring Data repository scanning in 95 ms. Found 15 JPA repository interfaces.
2024-09-18 14:16:50 - Tomcat initialized with port 5001 (http)
2024-09-18 14:16:50 - Initializing ProtocolHandler ["http-nio-5001"]
2024-09-18 14:16:50 - Starting service [Tomcat]
2024-09-18 14:16:50 - Starting Servlet engine: [Apache Tomcat/10.1.26]
2024-09-18 14:16:50 - Initializing Spring embedded WebApplicationContext
2024-09-18 14:16:50 - Root WebApplicationContext: initialization completed in 2036 ms
2024-09-18 14:16:51 - HHH000204: Processing PersistenceUnitInfo [name: default]
2024-09-18 14:16:51 - HHH000412: Hibernate ORM core version 6.5.2.Final
2024-09-18 14:16:51 - HHH000026: Second-level cache disabled
2024-09-18 14:16:51 - No LoadTimeWeaver setup: ignoring JPA class transformer
2024-09-18 14:16:51 - HHH90000021: Encountered deprecated setting [hibernate.temp.use_jdbc_metadata_defaults], use [hibernate.boot.allow_jdbc_metadata_access] instead
2024-09-18 14:16:51 - HHH90000025: PostgreSQLDialect does not need to be specified explicitly using 'hibernate.dialect' (remove the property setting and it will be selected by default)
2024-09-18 14:16:52 - HHH000489: No JTA platform available (set 'hibernate.transaction.jta.platform' to enable JTA platform integration)
2024-09-18 14:16:52 - HikariPool-1 - Starting...
2024-09-18 14:16:53 - HikariPool-1 - Added connection org.postgresql.jdbc.PgConnection@1ad0deed
2024-09-18 14:16:53 - HikariPool-1 - Start completed.
2024-09-18 14:16:53 - Initialized JPA EntityManagerFactory for persistence unit 'default'
2024-09-18 14:16:53 - Hibernate is in classpath; If applicable, HQL parser will be used.
2024-09-18 14:16:54 - No authentication manager set. Reauthentication of users when changing passwords will not be performed.
2024-09-18 14:16:54 - Global AuthenticationManager configured with UserDetailsService bean with name userDetaisManager
2024-09-18 14:16:55 - LiveReload server is running on port 35729
2024-09-18 14:16:55 - Starting ProtocolHandler ["http-nio-5001"]
2024-09-18 14:16:55 - Tomcat started on port 5001 (http) with context path '/'
2024-09-18 14:16:55 - Started SpringThymeleafApplication in 7.648 seconds (process running for 8.339)
2024-09-18 14:17:11 - Initializing Spring DispatcherServlet 'dispatcherServlet'
2024-09-18 14:17:11 - Initializing Servlet 'dispatcherServlet'
2024-09-18 14:17:11 - Completed initialization in 1 ms
2024-09-18 14:26:35 - Restarting due to 1 class path change (0 additions, 0 deletions, 1 modification)
2024-09-18 14:26:35 - Stopping ProtocolHandler ["http-nio-5001"]
2024-09-18 14:26:35 - Closing JPA EntityManagerFactory for persistence unit 'default'
2024-09-18 14:26:35 - HikariPool-1 - Shutdown initiated...
2024-09-18 14:26:35 - HikariPool-1 - Shutdown completed.
2024-09-18 14:26:36 - Starting SpringThymeleafApplication using Java 21.0.4 with PID 26620 (C:\Users\fernando.correa\Documents\GitHub\workspace2023\ceasadev_2024\target\classes started by fernando.correa in C:\Users\fernando.correa\Documents\GitHub\workspace2023\ceasadev_2024)
2024-09-18 14:26:36 - No active profile set, falling back to 1 default profile: "default"
2024-09-18 14:26:36 - Bootstrapping Spring Data JPA repositories in DEFAULT mode.
2024-09-18 14:26:36 - Finished Spring Data repository scanning in 45 ms. Found 15 JPA repository interfaces.
2024-09-18 14:26:36 - Tomcat initialized with port 5001 (http)
2024-09-18 14:26:36 - Initializing ProtocolHandler ["http-nio-5001"]
2024-09-18 14:26:36 - Starting service [Tomcat]
2024-09-18 14:26:36 - Starting Servlet engine: [Apache Tomcat/10.1.26]
2024-09-18 14:26:36 - Initializing Spring embedded WebApplicationContext
2024-09-18 14:26:36 - Root WebApplicationContext: initialization completed in 487 ms
2024-09-18 14:26:36 - HHH000204: Processing PersistenceUnitInfo [name: default]
2024-09-18 14:26:36 - HHH000026: Second-level cache disabled
2024-09-18 14:26:36 - No LoadTimeWeaver setup: ignoring JPA class transformer
2024-09-18 14:26:36 - HHH90000021: Encountered deprecated setting [hibernate.temp.use_jdbc_metadata_defaults], use [hibernate.boot.allow_jdbc_metadata_access] instead
2024-09-18 14:26:36 - HHH90000025: PostgreSQLDialect does not need to be specified explicitly using 'hibernate.dialect' (remove the property setting and it will be selected by default)
2024-09-18 14:26:36 - HHH000489: No JTA platform available (set 'hibernate.transaction.jta.platform' to enable JTA platform integration)
2024-09-18 14:26:36 - HikariPool-2 - Starting...
2024-09-18 14:26:37 - HikariPool-2 - Added connection org.postgresql.jdbc.PgConnection@1ac47705
2024-09-18 14:26:37 - HikariPool-2 - Start completed.
2024-09-18 14:26:37 - Initialized JPA EntityManagerFactory for persistence unit 'default'
2024-09-18 14:26:37 - No authentication manager set. Reauthentication of users when changing passwords will not be performed.
2024-09-18 14:26:37 - Global AuthenticationManager configured with UserDetailsService bean with name userDetaisManager
2024-09-18 14:26:37 - LiveReload server is running on port 35729
2024-09-18 14:26:37 - Starting ProtocolHandler ["http-nio-5001"]
2024-09-18 14:26:37 - Tomcat started on port 5001 (http) with context path '/'
2024-09-18 14:26:37 - Started SpringThymeleafApplication in 1.76 seconds (process running for 590.536)
2024-09-18 14:26:37 - Condition evaluation unchanged
2024-09-18 14:26:44 - Initializing Spring DispatcherServlet 'dispatcherServlet'
2024-09-18 14:26:44 - Initializing Servlet 'dispatcherServlet'
2024-09-18 14:26:44 - Completed initialization in 2 ms
2024-09-18 14:28:07 - Restarting due to 1 class path change (0 additions, 0 deletions, 1 modification)
2024-09-18 14:28:07 - Stopping ProtocolHandler ["http-nio-5001"]
2024-09-18 14:28:07 - Closing JPA EntityManagerFactory for persistence unit 'default'
2024-09-18 14:28:07 - HikariPool-2 - Shutdown initiated...
2024-09-18 14:28:07 - HikariPool-2 - Shutdown completed.
2024-09-18 14:28:07 - Starting SpringThymeleafApplication using Java 21.0.4 with PID 26620 (C:\Users\fernando.correa\Documents\GitHub\workspace2023\ceasadev_2024\target\classes started by fernando.correa in C:\Users\fernando.correa\Documents\GitHub\workspace2023\ceasadev_2024)
2024-09-18 14:28:07 - No active profile set, falling back to 1 default profile: "default"
2024-09-18 14:28:07 - Bootstrapping Spring Data JPA repositories in DEFAULT mode.
2024-09-18 14:28:07 - Finished Spring Data repository scanning in 44 ms. Found 15 JPA repository interfaces.
2024-09-18 14:28:07 - Tomcat initialized with port 5001 (http)
2024-09-18 14:28:07 - Initializing ProtocolHandler ["http-nio-5001"]
2024-09-18 14:28:07 - Starting service [Tomcat]
2024-09-18 14:28:07 - Starting Servlet engine: [Apache Tomcat/10.1.26]
2024-09-18 14:28:07 - Initializing Spring embedded WebApplicationContext
2024-09-18 14:28:07 - Root WebApplicationContext: initialization completed in 608 ms
2024-09-18 14:28:07 - HHH000204: Processing PersistenceUnitInfo [name: default]
2024-09-18 14:28:07 - HHH000026: Second-level cache disabled
2024-09-18 14:28:07 - No LoadTimeWeaver setup: ignoring JPA class transformer
2024-09-18 14:28:07 - HHH90000021: Encountered deprecated setting [hibernate.temp.use_jdbc_metadata_defaults], use [hibernate.boot.allow_jdbc_metadata_access] instead
2024-09-18 14:28:07 - HHH90000025: PostgreSQLDialect does not need to be specified explicitly using 'hibernate.dialect' (remove the property setting and it will be selected by default)
2024-09-18 14:28:08 - HHH000489: No JTA platform available (set 'hibernate.transaction.jta.platform' to enable JTA platform integration)
2024-09-18 14:28:08 - HikariPool-3 - Starting...
2024-09-18 14:28:08 - HikariPool-3 - Added connection org.postgresql.jdbc.PgConnection@1ffb7a1a
2024-09-18 14:28:08 - HikariPool-3 - Start completed.
2024-09-18 14:28:08 - Initialized JPA EntityManagerFactory for persistence unit 'default'
2024-09-18 14:28:08 - No authentication manager set. Reauthentication of users when changing passwords will not be performed.
2024-09-18 14:28:08 - Global AuthenticationManager configured with UserDetailsService bean with name userDetaisManager
2024-09-18 14:28:08 - LiveReload server is running on port 35729
2024-09-18 14:28:08 - Starting ProtocolHandler ["http-nio-5001"]
2024-09-18 14:28:08 - Tomcat started on port 5001 (http) with context path '/'
2024-09-18 14:28:08 - Started SpringThymeleafApplication in 1.507 seconds (process running for 681.608)
2024-09-18 14:28:08 - Condition evaluation unchanged
2024-09-18 14:28:10 - Initializing Spring DispatcherServlet 'dispatcherServlet'
2024-09-18 14:28:10 - Initializing Servlet 'dispatcherServlet'
2024-09-18 14:28:10 - Completed initialization in 1 ms
2024-09-18 14:29:51 - Restarting due to 1 class path change (0 additions, 0 deletions, 1 modification)
2024-09-18 14:29:51 - Stopping ProtocolHandler ["http-nio-5001"]
2024-09-18 14:29:51 - Closing JPA EntityManagerFactory for persistence unit 'default'
2024-09-18 14:29:51 - HikariPool-3 - Shutdown initiated...
2024-09-18 14:29:51 - HikariPool-3 - Shutdown completed.
2024-09-18 14:29:51 - Starting SpringThymeleafApplication using Java 21.0.4 with PID 26620 (C:\Users\fernando.correa\Documents\GitHub\workspace2023\ceasadev_2024\target\classes started by fernando.correa in C:\Users\fernando.correa\Documents\GitHub\workspace2023\ceasadev_2024)
2024-09-18 14:29:51 - No active profile set, falling back to 1 default profile: "default"
2024-09-18 14:29:51 - Bootstrapping Spring Data JPA repositories in DEFAULT mode.
2024-09-18 14:29:51 - Finished Spring Data repository scanning in 39 ms. Found 15 JPA repository interfaces.
2024-09-18 14:29:51 - Tomcat initialized with port 5001 (http)
2024-09-18 14:29:51 - Initializing ProtocolHandler ["http-nio-5001"]
2024-09-18 14:29:51 - Starting service [Tomcat]
2024-09-18 14:29:51 - Starting Servlet engine: [Apache Tomcat/10.1.26]
2024-09-18 14:29:52 - Initializing Spring embedded WebApplicationContext
2024-09-18 14:29:52 - Root WebApplicationContext: initialization completed in 419 ms
2024-09-18 14:29:52 - HHH000204: Processing PersistenceUnitInfo [name: default]
2024-09-18 14:29:52 - HHH000026: Second-level cache disabled
2024-09-18 14:29:52 - No LoadTimeWeaver setup: ignoring JPA class transformer
2024-09-18 14:29:52 - HHH90000021: Encountered deprecated setting [hibernate.temp.use_jdbc_metadata_defaults], use [hibernate.boot.allow_jdbc_metadata_access] instead
2024-09-18 14:29:52 - HHH90000025: PostgreSQLDialect does not need to be specified explicitly using 'hibernate.dialect' (remove the property setting and it will be selected by default)
2024-09-18 14:29:52 - HHH000489: No JTA platform available (set 'hibernate.transaction.jta.platform' to enable JTA platform integration)
2024-09-18 14:29:52 - HikariPool-4 - Starting...
2024-09-18 14:29:52 - HikariPool-4 - Added connection org.postgresql.jdbc.PgConnection@6035a00b
2024-09-18 14:29:52 - HikariPool-4 - Start completed.
2024-09-18 14:29:52 - Initialized JPA EntityManagerFactory for persistence unit 'default'
2024-09-18 14:29:52 - No authentication manager set. Reauthentication of users when changing passwords will not be performed.
2024-09-18 14:29:52 - Global AuthenticationManager configured with UserDetailsService bean with name userDetaisManager
2024-09-18 14:29:52 - LiveReload server is running on port 35729
2024-09-18 14:29:52 - Starting ProtocolHandler ["http-nio-5001"]
2024-09-18 14:29:52 - Tomcat started on port 5001 (http) with context path '/'
2024-09-18 14:29:52 - Started SpringThymeleafApplication in 1.29 seconds (process running for 785.682)
2024-09-18 14:29:52 - Condition evaluation unchanged
2024-09-18 14:29:58 - Initializing Spring DispatcherServlet 'dispatcherServlet'
2024-09-18 14:29:58 - Initializing Servlet 'dispatcherServlet'
2024-09-18 14:29:58 - Completed initialization in 1 ms
2024-09-18 14:30:41 - Restarting due to 1 class path change (0 additions, 0 deletions, 1 modification)
2024-09-18 14:30:41 - Stopping ProtocolHandler ["http-nio-5001"]
2024-09-18 14:30:41 - Closing JPA EntityManagerFactory for persistence unit 'default'
2024-09-18 14:30:41 - HikariPool-4 - Shutdown initiated...
2024-09-18 14:30:41 - HikariPool-4 - Shutdown completed.
2024-09-18 14:30:41 - Starting SpringThymeleafApplication using Java 21.0.4 with PID 26620 (C:\Users\fernando.correa\Documents\GitHub\workspace2023\ceasadev_2024\target\classes started by fernando.correa in C:\Users\fernando.correa\Documents\GitHub\workspace2023\ceasadev_2024)
2024-09-18 14:30:41 - No active profile set, falling back to 1 default profile: "default"
2024-09-18 14:30:41 - Bootstrapping Spring Data JPA repositories in DEFAULT mode.
2024-09-18 14:30:41 - Finished Spring Data repository scanning in 38 ms. Found 15 JPA repository interfaces.
2024-09-18 14:30:41 - Tomcat initialized with port 5001 (http)
2024-09-18 14:30:41 - Initializing ProtocolHandler ["http-nio-5001"]
2024-09-18 14:30:41 - Starting service [Tomcat]
2024-09-18 14:30:41 - Starting Servlet engine: [Apache Tomcat/10.1.26]
2024-09-18 14:30:41 - Initializing Spring embedded WebApplicationContext
2024-09-18 14:30:41 - Root WebApplicationContext: initialization completed in 403 ms
2024-09-18 14:30:41 - HHH000204: Processing PersistenceUnitInfo [name: default]
2024-09-18 14:30:41 - HHH000026: Second-level cache disabled
2024-09-18 14:30:41 - No LoadTimeWeaver setup: ignoring JPA class transformer
2024-09-18 14:30:41 - HHH90000021: Encountered deprecated setting [hibernate.temp.use_jdbc_metadata_defaults], use [hibernate.boot.allow_jdbc_metadata_access] instead
2024-09-18 14:30:41 - HHH90000025: PostgreSQLDialect does not need to be specified explicitly using 'hibernate.dialect' (remove the property setting and it will be selected by default)
2024-09-18 14:30:41 - HHH000489: No JTA platform available (set 'hibernate.transaction.jta.platform' to enable JTA platform integration)
2024-09-18 14:30:41 - HikariPool-5 - Starting...
2024-09-18 14:30:41 - HikariPool-5 - Added connection org.postgresql.jdbc.PgConnection@4dd0d114
2024-09-18 14:30:41 - HikariPool-5 - Start completed.
2024-09-18 14:30:42 - Initialized JPA EntityManagerFactory for persistence unit 'default'
2024-09-18 14:30:42 - No authentication manager set. Reauthentication of users when changing passwords will not be performed.
2024-09-18 14:30:42 - Global AuthenticationManager configured with UserDetailsService bean with name userDetaisManager
2024-09-18 14:30:42 - LiveReload server is running on port 35729
2024-09-18 14:30:42 - Starting ProtocolHandler ["http-nio-5001"]
2024-09-18 14:30:42 - Tomcat started on port 5001 (http) with context path '/'
2024-09-18 14:30:42 - Started SpringThymeleafApplication in 1.274 seconds (process running for 835.192)
2024-09-18 14:30:42 - Condition evaluation unchanged
2024-09-18 14:30:48 - Initializing Spring DispatcherServlet 'dispatcherServlet'
2024-09-18 14:30:48 - Initializing Servlet 'dispatcherServlet'
2024-09-18 14:30:48 - Completed initialization in 1 ms
2024-09-18 15:06:02 - Servlet.service() for servlet [dispatcherServlet] in context with path [] threw exception [Request processing failed: java.lang.NumberFormatException: For input string: ""] with root cause
java.lang.NumberFormatException: For input string: ""
	at java.base/java.lang.NumberFormatException.forInputString(NumberFormatException.java:67)
	at java.base/java.lang.Integer.parseInt(Integer.java:672)
	at java.base/java.lang.Integer.parseInt(Integer.java:778)
	at com.flc.springthymeleaf.web.RelatorioMensalController.lerIdsDoCsv(RelatorioMensalController.java:84)
	at com.flc.springthymeleaf.web.RelatorioMensalController.gerarRelatorio(RelatorioMensalController.java:64)
	at java.base/jdk.internal.reflect.DirectMethodHandleAccessor.invoke(DirectMethodHandleAccessor.java:103)
	at java.base/java.lang.reflect.Method.invoke(Method.java:580)
	at org.springframework.web.method.support.InvocableHandlerMethod.doInvoke(InvocableHandlerMethod.java:255)
	at org.springframework.web.method.support.InvocableHandlerMethod.invokeForRequest(InvocableHandlerMethod.java:188)
	at org.springframework.web.servlet.mvc.method.annotation.ServletInvocableHandlerMethod.invokeAndHandle(ServletInvocableHandlerMethod.java:118)
	at org.springframework.web.servlet.mvc.method.annotation.RequestMappingHandlerAdapter.invokeHandlerMethod(RequestMappingHandlerAdapter.java:926)
	at org.springframework.web.servlet.mvc.method.annotation.RequestMappingHandlerAdapter.handleInternal(RequestMappingHandlerAdapter.java:831)
	at org.springframework.web.servlet.mvc.method.AbstractHandlerMethodAdapter.handle(AbstractHandlerMethodAdapter.java:87)
	at org.springframework.web.servlet.DispatcherServlet.doDispatch(DispatcherServlet.java:1089)
	at org.springframework.web.servlet.DispatcherServlet.doService(DispatcherServlet.java:979)
	at org.springframework.web.servlet.FrameworkServlet.processRequest(FrameworkServlet.java:1014)
	at org.springframework.web.servlet.FrameworkServlet.doPost(FrameworkServlet.java:914)
	at jakarta.servlet.http.HttpServlet.service(HttpServlet.java:590)
	at org.springframework.web.servlet.FrameworkServlet.service(FrameworkServlet.java:885)
	at jakarta.servlet.http.HttpServlet.service(HttpServlet.java:658)
	at org.apache.catalina.core.ApplicationFilterChain.internalDoFilter(ApplicationFilterChain.java:195)
	at org.apache.catalina.core.ApplicationFilterChain.doFilter(ApplicationFilterChain.java:140)
	at org.apache.tomcat.websocket.server.WsFilter.doFilter(WsFilter.java:51)
	at org.apache.catalina.core.ApplicationFilterChain.internalDoFilter(ApplicationFilterChain.java:164)
	at org.apache.catalina.core.ApplicationFilterChain.doFilter(ApplicationFilterChain.java:140)
	at org.springframework.web.filter.CompositeFilter$VirtualFilterChain.doFilter(CompositeFilter.java:108)
	at org.springframework.security.web.FilterChainProxy.lambda$doFilterInternal$3(FilterChainProxy.java:231)
	at org.springframework.security.web.FilterChainProxy$VirtualFilterChain.doFilter(FilterChainProxy.java:365)
	at org.springframework.security.web.access.intercept.AuthorizationFilter.doFilter(AuthorizationFilter.java:100)
	at org.springframework.security.web.FilterChainProxy$VirtualFilterChain.doFilter(FilterChainProxy.java:374)
	at org.springframework.security.web.access.ExceptionTranslationFilter.doFilter(ExceptionTranslationFilter.java:126)
	at org.springframework.security.web.access.ExceptionTranslationFilter.doFilter(ExceptionTranslationFilter.java:120)
	at org.springframework.security.web.FilterChainProxy$VirtualFilterChain.doFilter(FilterChainProxy.java:374)
	at org.springframework.security.web.authentication.AnonymousAuthenticationFilter.doFilter(AnonymousAuthenticationFilter.java:100)
	at org.springframework.security.web.FilterChainProxy$VirtualFilterChain.doFilter(FilterChainProxy.java:374)
	at org.springframework.security.web.servletapi.SecurityContextHolderAwareRequestFilter.doFilter(SecurityContextHolderAwareRequestFilter.java:179)
	at org.springframework.security.web.FilterChainProxy$VirtualFilterChain.doFilter(FilterChainProxy.java:374)
	at org.springframework.security.web.savedrequest.RequestCacheAwareFilter.doFilter(RequestCacheAwareFilter.java:63)
	at org.springframework.security.web.FilterChainProxy$VirtualFilterChain.doFilter(FilterChainProxy.java:374)
	at org.springframework.security.web.authentication.www.BasicAuthenticationFilter.doFilterInternal(BasicAuthenticationFilter.java:181)
	at org.springframework.web.filter.OncePerRequestFilter.doFilter(OncePerRequestFilter.java:116)
	at org.springframework.security.web.FilterChainProxy$VirtualFilterChain.doFilter(FilterChainProxy.java:374)
	at org.springframework.security.web.authentication.AbstractAuthenticationProcessingFilter.doFilter(AbstractAuthenticationProcessingFilter.java:227)
	at org.springframework.security.web.authentication.AbstractAuthenticationProcessingFilter.doFilter(AbstractAuthenticationProcessingFilter.java:221)
	at org.springframework.security.web.FilterChainProxy$VirtualFilterChain.doFilter(FilterChainProxy.java:374)
	at org.springframework.security.web.authentication.logout.LogoutFilter.doFilter(LogoutFilter.java:107)
	at org.springframework.security.web.authentication.logout.LogoutFilter.doFilter(LogoutFilter.java:93)
	at org.springframework.security.web.FilterChainProxy$VirtualFilterChain.doFilter(FilterChainProxy.java:374)
	at org.springframework.web.filter.CorsFilter.doFilterInternal(CorsFilter.java:91)
	at org.springframework.web.filter.OncePerRequestFilter.doFilter(OncePerRequestFilter.java:116)
	at org.springframework.security.web.FilterChainProxy$VirtualFilterChain.doFilter(FilterChainProxy.java:374)
	at org.springframework.security.web.header.HeaderWriterFilter.doHeadersAfter(HeaderWriterFilter.java:90)
	at org.springframework.security.web.header.HeaderWriterFilter.doFilterInternal(HeaderWriterFilter.java:75)
	at org.springframework.web.filter.OncePerRequestFilter.doFilter(OncePerRequestFilter.java:116)
	at org.springframework.security.web.FilterChainProxy$VirtualFilterChain.doFilter(FilterChainProxy.java:374)
	at org.springframework.security.web.context.SecurityContextHolderFilter.doFilter(SecurityContextHolderFilter.java:82)
	at org.springframework.security.web.context.SecurityContextHolderFilter.doFilter(SecurityContextHolderFilter.java:69)
	at org.springframework.security.web.FilterChainProxy$VirtualFilterChain.doFilter(FilterChainProxy.java:374)
	at org.springframework.security.web.context.request.async.WebAsyncManagerIntegrationFilter.doFilterInternal(WebAsyncManagerIntegrationFilter.java:62)
	at org.springframework.web.filter.OncePerRequestFilter.doFilter(OncePerRequestFilter.java:116)
	at org.springframework.security.web.FilterChainProxy$VirtualFilterChain.doFilter(FilterChainProxy.java:374)
	at org.springframework.security.web.session.DisableEncodeUrlFilter.doFilterInternal(DisableEncodeUrlFilter.java:42)
	at org.springframework.web.filter.OncePerRequestFilter.doFilter(OncePerRequestFilter.java:116)
	at org.springframework.security.web.FilterChainProxy$VirtualFilterChain.doFilter(FilterChainProxy.java:374)
	at org.springframework.security.web.FilterChainProxy.doFilterInternal(FilterChainProxy.java:233)
	at org.springframework.security.web.FilterChainProxy.doFilter(FilterChainProxy.java:191)
	at org.springframework.web.filter.CompositeFilter$VirtualFilterChain.doFilter(CompositeFilter.java:113)
	at org.springframework.web.servlet.handler.HandlerMappingIntrospector.lambda$createCacheFilter$3(HandlerMappingIntrospector.java:195)
	at org.springframework.web.filter.CompositeFilter$VirtualFilterChain.doFilter(CompositeFilter.java:113)
	at org.springframework.web.filter.CompositeFilter.doFilter(CompositeFilter.java:74)
	at org.springframework.security.config.annotation.web.configuration.WebMvcSecurityConfiguration$CompositeFilterChainProxy.doFilter(WebMvcSecurityConfiguration.java:230)
	at org.springframework.web.filter.DelegatingFilterProxy.invokeDelegate(DelegatingFilterProxy.java:352)
	at org.springframework.web.filter.DelegatingFilterProxy.doFilter(DelegatingFilterProxy.java:268)
	at org.apache.catalina.core.ApplicationFilterChain.internalDoFilter(ApplicationFilterChain.java:164)
	at org.apache.catalina.core.ApplicationFilterChain.doFilter(ApplicationFilterChain.java:140)
	at org.springframework.web.filter.RequestContextFilter.doFilterInternal(RequestContextFilter.java:100)
	at org.springframework.web.filter.OncePerRequestFilter.doFilter(OncePerRequestFilter.java:116)
	at org.apache.catalina.core.ApplicationFilterChain.internalDoFilter(ApplicationFilterChain.java:164)
	at org.apache.catalina.core.ApplicationFilterChain.doFilter(ApplicationFilterChain.java:140)
	at org.springframework.web.filter.FormContentFilter.doFilterInternal(FormContentFilter.java:93)
	at org.springframework.web.filter.OncePerRequestFilter.doFilter(OncePerRequestFilter.java:116)
	at org.apache.catalina.core.ApplicationFilterChain.internalDoFilter(ApplicationFilterChain.java:164)
	at org.apache.catalina.core.ApplicationFilterChain.doFilter(ApplicationFilterChain.java:140)
	at org.springframework.web.filter.CharacterEncodingFilter.doFilterInternal(CharacterEncodingFilter.java:201)
	at org.springframework.web.filter.OncePerRequestFilter.doFilter(OncePerRequestFilter.java:116)
	at org.apache.catalina.core.ApplicationFilterChain.internalDoFilter(ApplicationFilterChain.java:164)
	at org.apache.catalina.core.ApplicationFilterChain.doFilter(ApplicationFilterChain.java:140)
	at org.apache.catalina.core.StandardWrapperValve.invoke(StandardWrapperValve.java:167)
	at org.apache.catalina.core.StandardContextValve.invoke(StandardContextValve.java:90)
	at org.apache.catalina.authenticator.AuthenticatorBase.invoke(AuthenticatorBase.java:483)
	at org.apache.catalina.core.StandardHostValve.invoke(StandardHostValve.java:115)
	at org.apache.catalina.valves.ErrorReportValve.invoke(ErrorReportValve.java:93)
	at org.apache.catalina.core.StandardEngineValve.invoke(StandardEngineValve.java:74)
	at org.apache.catalina.connector.CoyoteAdapter.service(CoyoteAdapter.java:344)
	at org.apache.coyote.http11.Http11Processor.service(Http11Processor.java:389)
	at org.apache.coyote.AbstractProcessorLight.process(AbstractProcessorLight.java:63)
	at org.apache.coyote.AbstractProtocol$ConnectionHandler.process(AbstractProtocol.java:904)
	at org.apache.tomcat.util.net.NioEndpoint$SocketProcessor.doRun(NioEndpoint.java:1741)
	at org.apache.tomcat.util.net.SocketProcessorBase.run(SocketProcessorBase.java:52)
	at org.apache.tomcat.util.threads.ThreadPoolExecutor.runWorker(ThreadPoolExecutor.java:1190)
	at org.apache.tomcat.util.threads.ThreadPoolExecutor$Worker.run(ThreadPoolExecutor.java:659)
	at org.apache.tomcat.util.threads.TaskThread$WrappingRunnable.run(TaskThread.java:63)
	at java.base/java.lang.Thread.run(Thread.java:1583)
2024-09-18 15:06:14 - Servlet.service() for servlet [dispatcherServlet] in context with path [] threw exception [Request processing failed: java.lang.NumberFormatException: For input string: ""] with root cause
java.lang.NumberFormatException: For input string: ""
	at java.base/java.lang.NumberFormatException.forInputString(NumberFormatException.java:67)
	at java.base/java.lang.Integer.parseInt(Integer.java:672)
	at java.base/java.lang.Integer.parseInt(Integer.java:778)
	at com.flc.springthymeleaf.web.RelatorioMensalController.lerIdsDoCsv(RelatorioMensalController.java:84)
	at com.flc.springthymeleaf.web.RelatorioMensalController.gerarRelatorio(RelatorioMensalController.java:64)
	at java.base/jdk.internal.reflect.DirectMethodHandleAccessor.invoke(DirectMethodHandleAccessor.java:103)
	at java.base/java.lang.reflect.Method.invoke(Method.java:580)
	at org.springframework.web.method.support.InvocableHandlerMethod.doInvoke(InvocableHandlerMethod.java:255)
	at org.springframework.web.method.support.InvocableHandlerMethod.invokeForRequest(InvocableHandlerMethod.java:188)
	at org.springframework.web.servlet.mvc.method.annotation.ServletInvocableHandlerMethod.invokeAndHandle(ServletInvocableHandlerMethod.java:118)
	at org.springframework.web.servlet.mvc.method.annotation.RequestMappingHandlerAdapter.invokeHandlerMethod(RequestMappingHandlerAdapter.java:926)
	at org.springframework.web.servlet.mvc.method.annotation.RequestMappingHandlerAdapter.handleInternal(RequestMappingHandlerAdapter.java:831)
	at org.springframework.web.servlet.mvc.method.AbstractHandlerMethodAdapter.handle(AbstractHandlerMethodAdapter.java:87)
	at org.springframework.web.servlet.DispatcherServlet.doDispatch(DispatcherServlet.java:1089)
	at org.springframework.web.servlet.DispatcherServlet.doService(DispatcherServlet.java:979)
	at org.springframework.web.servlet.FrameworkServlet.processRequest(FrameworkServlet.java:1014)
	at org.springframework.web.servlet.FrameworkServlet.doPost(FrameworkServlet.java:914)
	at jakarta.servlet.http.HttpServlet.service(HttpServlet.java:590)
	at org.springframework.web.servlet.FrameworkServlet.service(FrameworkServlet.java:885)
	at jakarta.servlet.http.HttpServlet.service(HttpServlet.java:658)
	at org.apache.catalina.core.ApplicationFilterChain.internalDoFilter(ApplicationFilterChain.java:195)
	at org.apache.catalina.core.ApplicationFilterChain.doFilter(ApplicationFilterChain.java:140)
	at org.apache.tomcat.websocket.server.WsFilter.doFilter(WsFilter.java:51)
	at org.apache.catalina.core.ApplicationFilterChain.internalDoFilter(ApplicationFilterChain.java:164)
	at org.apache.catalina.core.ApplicationFilterChain.doFilter(ApplicationFilterChain.java:140)
	at org.springframework.web.filter.CompositeFilter$VirtualFilterChain.doFilter(CompositeFilter.java:108)
	at org.springframework.security.web.FilterChainProxy.lambda$doFilterInternal$3(FilterChainProxy.java:231)
	at org.springframework.security.web.FilterChainProxy$VirtualFilterChain.doFilter(FilterChainProxy.java:365)
	at org.springframework.security.web.access.intercept.AuthorizationFilter.doFilter(AuthorizationFilter.java:100)
	at org.springframework.security.web.FilterChainProxy$VirtualFilterChain.doFilter(FilterChainProxy.java:374)
	at org.springframework.security.web.access.ExceptionTranslationFilter.doFilter(ExceptionTranslationFilter.java:126)
	at org.springframework.security.web.access.ExceptionTranslationFilter.doFilter(ExceptionTranslationFilter.java:120)
	at org.springframework.security.web.FilterChainProxy$VirtualFilterChain.doFilter(FilterChainProxy.java:374)
	at org.springframework.security.web.authentication.AnonymousAuthenticationFilter.doFilter(AnonymousAuthenticationFilter.java:100)
	at org.springframework.security.web.FilterChainProxy$VirtualFilterChain.doFilter(FilterChainProxy.java:374)
	at org.springframework.security.web.servletapi.SecurityContextHolderAwareRequestFilter.doFilter(SecurityContextHolderAwareRequestFilter.java:179)
	at org.springframework.security.web.FilterChainProxy$VirtualFilterChain.doFilter(FilterChainProxy.java:374)
	at org.springframework.security.web.savedrequest.RequestCacheAwareFilter.doFilter(RequestCacheAwareFilter.java:63)
	at org.springframework.security.web.FilterChainProxy$VirtualFilterChain.doFilter(FilterChainProxy.java:374)
	at org.springframework.security.web.authentication.www.BasicAuthenticationFilter.doFilterInternal(BasicAuthenticationFilter.java:181)
	at org.springframework.web.filter.OncePerRequestFilter.doFilter(OncePerRequestFilter.java:116)
	at org.springframework.security.web.FilterChainProxy$VirtualFilterChain.doFilter(FilterChainProxy.java:374)
	at org.springframework.security.web.authentication.AbstractAuthenticationProcessingFilter.doFilter(AbstractAuthenticationProcessingFilter.java:227)
	at org.springframework.security.web.authentication.AbstractAuthenticationProcessingFilter.doFilter(AbstractAuthenticationProcessingFilter.java:221)
	at org.springframework.security.web.FilterChainProxy$VirtualFilterChain.doFilter(FilterChainProxy.java:374)
	at org.springframework.security.web.authentication.logout.LogoutFilter.doFilter(LogoutFilter.java:107)
	at org.springframework.security.web.authentication.logout.LogoutFilter.doFilter(LogoutFilter.java:93)
	at org.springframework.security.web.FilterChainProxy$VirtualFilterChain.doFilter(FilterChainProxy.java:374)
	at org.springframework.web.filter.CorsFilter.doFilterInternal(CorsFilter.java:91)
	at org.springframework.web.filter.OncePerRequestFilter.doFilter(OncePerRequestFilter.java:116)
	at org.springframework.security.web.FilterChainProxy$VirtualFilterChain.doFilter(FilterChainProxy.java:374)
	at org.springframework.security.web.header.HeaderWriterFilter.doHeadersAfter(HeaderWriterFilter.java:90)
	at org.springframework.security.web.header.HeaderWriterFilter.doFilterInternal(HeaderWriterFilter.java:75)
	at org.springframework.web.filter.OncePerRequestFilter.doFilter(OncePerRequestFilter.java:116)
	at org.springframework.security.web.FilterChainProxy$VirtualFilterChain.doFilter(FilterChainProxy.java:374)
	at org.springframework.security.web.context.SecurityContextHolderFilter.doFilter(SecurityContextHolderFilter.java:82)
	at org.springframework.security.web.context.SecurityContextHolderFilter.doFilter(SecurityContextHolderFilter.java:69)
	at org.springframework.security.web.FilterChainProxy$VirtualFilterChain.doFilter(FilterChainProxy.java:374)
	at org.springframework.security.web.context.request.async.WebAsyncManagerIntegrationFilter.doFilterInternal(WebAsyncManagerIntegrationFilter.java:62)
	at org.springframework.web.filter.OncePerRequestFilter.doFilter(OncePerRequestFilter.java:116)
	at org.springframework.security.web.FilterChainProxy$VirtualFilterChain.doFilter(FilterChainProxy.java:374)
	at org.springframework.security.web.session.DisableEncodeUrlFilter.doFilterInternal(DisableEncodeUrlFilter.java:42)
	at org.springframework.web.filter.OncePerRequestFilter.doFilter(OncePerRequestFilter.java:116)
	at org.springframework.security.web.FilterChainProxy$VirtualFilterChain.doFilter(FilterChainProxy.java:374)
	at org.springframework.security.web.FilterChainProxy.doFilterInternal(FilterChainProxy.java:233)
	at org.springframework.security.web.FilterChainProxy.doFilter(FilterChainProxy.java:191)
	at org.springframework.web.filter.CompositeFilter$VirtualFilterChain.doFilter(CompositeFilter.java:113)
	at org.springframework.web.servlet.handler.HandlerMappingIntrospector.lambda$createCacheFilter$3(HandlerMappingIntrospector.java:195)
	at org.springframework.web.filter.CompositeFilter$VirtualFilterChain.doFilter(CompositeFilter.java:113)
	at org.springframework.web.filter.CompositeFilter.doFilter(CompositeFilter.java:74)
	at org.springframework.security.config.annotation.web.configuration.WebMvcSecurityConfiguration$CompositeFilterChainProxy.doFilter(WebMvcSecurityConfiguration.java:230)
	at org.springframework.web.filter.DelegatingFilterProxy.invokeDelegate(DelegatingFilterProxy.java:352)
	at org.springframework.web.filter.DelegatingFilterProxy.doFilter(DelegatingFilterProxy.java:268)
	at org.apache.catalina.core.ApplicationFilterChain.internalDoFilter(ApplicationFilterChain.java:164)
	at org.apache.catalina.core.ApplicationFilterChain.doFilter(ApplicationFilterChain.java:140)
	at org.springframework.web.filter.RequestContextFilter.doFilterInternal(RequestContextFilter.java:100)
	at org.springframework.web.filter.OncePerRequestFilter.doFilter(OncePerRequestFilter.java:116)
	at org.apache.catalina.core.ApplicationFilterChain.internalDoFilter(ApplicationFilterChain.java:164)
	at org.apache.catalina.core.ApplicationFilterChain.doFilter(ApplicationFilterChain.java:140)
	at org.springframework.web.filter.FormContentFilter.doFilterInternal(FormContentFilter.java:93)
	at org.springframework.web.filter.OncePerRequestFilter.doFilter(OncePerRequestFilter.java:116)
	at org.apache.catalina.core.ApplicationFilterChain.internalDoFilter(ApplicationFilterChain.java:164)
	at org.apache.catalina.core.ApplicationFilterChain.doFilter(ApplicationFilterChain.java:140)
	at org.springframework.web.filter.CharacterEncodingFilter.doFilterInternal(CharacterEncodingFilter.java:201)
	at org.springframework.web.filter.OncePerRequestFilter.doFilter(OncePerRequestFilter.java:116)
	at org.apache.catalina.core.ApplicationFilterChain.internalDoFilter(ApplicationFilterChain.java:164)
	at org.apache.catalina.core.ApplicationFilterChain.doFilter(ApplicationFilterChain.java:140)
	at org.apache.catalina.core.StandardWrapperValve.invoke(StandardWrapperValve.java:167)
	at org.apache.catalina.core.StandardContextValve.invoke(StandardContextValve.java:90)
	at org.apache.catalina.authenticator.AuthenticatorBase.invoke(AuthenticatorBase.java:483)
	at org.apache.catalina.core.StandardHostValve.invoke(StandardHostValve.java:115)
	at org.apache.catalina.valves.ErrorReportValve.invoke(ErrorReportValve.java:93)
	at org.apache.catalina.core.StandardEngineValve.invoke(StandardEngineValve.java:74)
	at org.apache.catalina.connector.CoyoteAdapter.service(CoyoteAdapter.java:344)
	at org.apache.coyote.http11.Http11Processor.service(Http11Processor.java:389)
	at org.apache.coyote.AbstractProcessorLight.process(AbstractProcessorLight.java:63)
	at org.apache.coyote.AbstractProtocol$ConnectionHandler.process(AbstractProtocol.java:904)
	at org.apache.tomcat.util.net.NioEndpoint$SocketProcessor.doRun(NioEndpoint.java:1741)
	at org.apache.tomcat.util.net.SocketProcessorBase.run(SocketProcessorBase.java:52)
	at org.apache.tomcat.util.threads.ThreadPoolExecutor.runWorker(ThreadPoolExecutor.java:1190)
	at org.apache.tomcat.util.threads.ThreadPoolExecutor$Worker.run(ThreadPoolExecutor.java:659)
	at org.apache.tomcat.util.threads.TaskThread$WrappingRunnable.run(TaskThread.java:63)
	at java.base/java.lang.Thread.run(Thread.java:1583)
2024-09-18 15:06:27 - Servlet.service() for servlet [dispatcherServlet] in context with path [] threw exception [Request processing failed: java.lang.NumberFormatException: For input string: ""] with root cause
java.lang.NumberFormatException: For input string: ""
	at java.base/java.lang.NumberFormatException.forInputString(NumberFormatException.java:67)
	at java.base/java.lang.Integer.parseInt(Integer.java:672)
	at java.base/java.lang.Integer.parseInt(Integer.java:778)
	at com.flc.springthymeleaf.web.RelatorioMensalController.lerIdsDoCsv(RelatorioMensalController.java:84)
	at com.flc.springthymeleaf.web.RelatorioMensalController.gerarRelatorio(RelatorioMensalController.java:64)
	at java.base/jdk.internal.reflect.DirectMethodHandleAccessor.invoke(DirectMethodHandleAccessor.java:103)
	at java.base/java.lang.reflect.Method.invoke(Method.java:580)
	at org.springframework.web.method.support.InvocableHandlerMethod.doInvoke(InvocableHandlerMethod.java:255)
	at org.springframework.web.method.support.InvocableHandlerMethod.invokeForRequest(InvocableHandlerMethod.java:188)
	at org.springframework.web.servlet.mvc.method.annotation.ServletInvocableHandlerMethod.invokeAndHandle(ServletInvocableHandlerMethod.java:118)
	at org.springframework.web.servlet.mvc.method.annotation.RequestMappingHandlerAdapter.invokeHandlerMethod(RequestMappingHandlerAdapter.java:926)
	at org.springframework.web.servlet.mvc.method.annotation.RequestMappingHandlerAdapter.handleInternal(RequestMappingHandlerAdapter.java:831)
	at org.springframework.web.servlet.mvc.method.AbstractHandlerMethodAdapter.handle(AbstractHandlerMethodAdapter.java:87)
	at org.springframework.web.servlet.DispatcherServlet.doDispatch(DispatcherServlet.java:1089)
	at org.springframework.web.servlet.DispatcherServlet.doService(DispatcherServlet.java:979)
	at org.springframework.web.servlet.FrameworkServlet.processRequest(FrameworkServlet.java:1014)
	at org.springframework.web.servlet.FrameworkServlet.doPost(FrameworkServlet.java:914)
	at jakarta.servlet.http.HttpServlet.service(HttpServlet.java:590)
	at org.springframework.web.servlet.FrameworkServlet.service(FrameworkServlet.java:885)
	at jakarta.servlet.http.HttpServlet.service(HttpServlet.java:658)
	at org.apache.catalina.core.ApplicationFilterChain.internalDoFilter(ApplicationFilterChain.java:195)
	at org.apache.catalina.core.ApplicationFilterChain.doFilter(ApplicationFilterChain.java:140)
	at org.apache.tomcat.websocket.server.WsFilter.doFilter(WsFilter.java:51)
	at org.apache.catalina.core.ApplicationFilterChain.internalDoFilter(ApplicationFilterChain.java:164)
	at org.apache.catalina.core.ApplicationFilterChain.doFilter(ApplicationFilterChain.java:140)
	at org.springframework.web.filter.CompositeFilter$VirtualFilterChain.doFilter(CompositeFilter.java:108)
	at org.springframework.security.web.FilterChainProxy.lambda$doFilterInternal$3(FilterChainProxy.java:231)
	at org.springframework.security.web.FilterChainProxy$VirtualFilterChain.doFilter(FilterChainProxy.java:365)
	at org.springframework.security.web.access.intercept.AuthorizationFilter.doFilter(AuthorizationFilter.java:100)
	at org.springframework.security.web.FilterChainProxy$VirtualFilterChain.doFilter(FilterChainProxy.java:374)
	at org.springframework.security.web.access.ExceptionTranslationFilter.doFilter(ExceptionTranslationFilter.java:126)
	at org.springframework.security.web.access.ExceptionTranslationFilter.doFilter(ExceptionTranslationFilter.java:120)
	at org.springframework.security.web.FilterChainProxy$VirtualFilterChain.doFilter(FilterChainProxy.java:374)
	at org.springframework.security.web.authentication.AnonymousAuthenticationFilter.doFilter(AnonymousAuthenticationFilter.java:100)
	at org.springframework.security.web.FilterChainProxy$VirtualFilterChain.doFilter(FilterChainProxy.java:374)
	at org.springframework.security.web.servletapi.SecurityContextHolderAwareRequestFilter.doFilter(SecurityContextHolderAwareRequestFilter.java:179)
	at org.springframework.security.web.FilterChainProxy$VirtualFilterChain.doFilter(FilterChainProxy.java:374)
	at org.springframework.security.web.savedrequest.RequestCacheAwareFilter.doFilter(RequestCacheAwareFilter.java:63)
	at org.springframework.security.web.FilterChainProxy$VirtualFilterChain.doFilter(FilterChainProxy.java:374)
	at org.springframework.security.web.authentication.www.BasicAuthenticationFilter.doFilterInternal(BasicAuthenticationFilter.java:181)
	at org.springframework.web.filter.OncePerRequestFilter.doFilter(OncePerRequestFilter.java:116)
	at org.springframework.security.web.FilterChainProxy$VirtualFilterChain.doFilter(FilterChainProxy.java:374)
	at org.springframework.security.web.authentication.AbstractAuthenticationProcessingFilter.doFilter(AbstractAuthenticationProcessingFilter.java:227)
	at org.springframework.security.web.authentication.AbstractAuthenticationProcessingFilter.doFilter(AbstractAuthenticationProcessingFilter.java:221)
	at org.springframework.security.web.FilterChainProxy$VirtualFilterChain.doFilter(FilterChainProxy.java:374)
	at org.springframework.security.web.authentication.logout.LogoutFilter.doFilter(LogoutFilter.java:107)
	at org.springframework.security.web.authentication.logout.LogoutFilter.doFilter(LogoutFilter.java:93)
	at org.springframework.security.web.FilterChainProxy$VirtualFilterChain.doFilter(FilterChainProxy.java:374)
	at org.springframework.web.filter.CorsFilter.doFilterInternal(CorsFilter.java:91)
	at org.springframework.web.filter.OncePerRequestFilter.doFilter(OncePerRequestFilter.java:116)
	at org.springframework.security.web.FilterChainProxy$VirtualFilterChain.doFilter(FilterChainProxy.java:374)
	at org.springframework.security.web.header.HeaderWriterFilter.doHeadersAfter(HeaderWriterFilter.java:90)
	at org.springframework.security.web.header.HeaderWriterFilter.doFilterInternal(HeaderWriterFilter.java:75)
	at org.springframework.web.filter.OncePerRequestFilter.doFilter(OncePerRequestFilter.java:116)
	at org.springframework.security.web.FilterChainProxy$VirtualFilterChain.doFilter(FilterChainProxy.java:374)
	at org.springframework.security.web.context.SecurityContextHolderFilter.doFilter(SecurityContextHolderFilter.java:82)
	at org.springframework.security.web.context.SecurityContextHolderFilter.doFilter(SecurityContextHolderFilter.java:69)
	at org.springframework.security.web.FilterChainProxy$VirtualFilterChain.doFilter(FilterChainProxy.java:374)
	at org.springframework.security.web.context.request.async.WebAsyncManagerIntegrationFilter.doFilterInternal(WebAsyncManagerIntegrationFilter.java:62)
	at org.springframework.web.filter.OncePerRequestFilter.doFilter(OncePerRequestFilter.java:116)
	at org.springframework.security.web.FilterChainProxy$VirtualFilterChain.doFilter(FilterChainProxy.java:374)
	at org.springframework.security.web.session.DisableEncodeUrlFilter.doFilterInternal(DisableEncodeUrlFilter.java:42)
	at org.springframework.web.filter.OncePerRequestFilter.doFilter(OncePerRequestFilter.java:116)
	at org.springframework.security.web.FilterChainProxy$VirtualFilterChain.doFilter(FilterChainProxy.java:374)
	at org.springframework.security.web.FilterChainProxy.doFilterInternal(FilterChainProxy.java:233)
	at org.springframework.security.web.FilterChainProxy.doFilter(FilterChainProxy.java:191)
	at org.springframework.web.filter.CompositeFilter$VirtualFilterChain.doFilter(CompositeFilter.java:113)
	at org.springframework.web.servlet.handler.HandlerMappingIntrospector.lambda$createCacheFilter$3(HandlerMappingIntrospector.java:195)
	at org.springframework.web.filter.CompositeFilter$VirtualFilterChain.doFilter(CompositeFilter.java:113)
	at org.springframework.web.filter.CompositeFilter.doFilter(CompositeFilter.java:74)
	at org.springframework.security.config.annotation.web.configuration.WebMvcSecurityConfiguration$CompositeFilterChainProxy.doFilter(WebMvcSecurityConfiguration.java:230)
	at org.springframework.web.filter.DelegatingFilterProxy.invokeDelegate(DelegatingFilterProxy.java:352)
	at org.springframework.web.filter.DelegatingFilterProxy.doFilter(DelegatingFilterProxy.java:268)
	at org.apache.catalina.core.ApplicationFilterChain.internalDoFilter(ApplicationFilterChain.java:164)
	at org.apache.catalina.core.ApplicationFilterChain.doFilter(ApplicationFilterChain.java:140)
	at org.springframework.web.filter.RequestContextFilter.doFilterInternal(RequestContextFilter.java:100)
	at org.springframework.web.filter.OncePerRequestFilter.doFilter(OncePerRequestFilter.java:116)
	at org.apache.catalina.core.ApplicationFilterChain.internalDoFilter(ApplicationFilterChain.java:164)
	at org.apache.catalina.core.ApplicationFilterChain.doFilter(ApplicationFilterChain.java:140)
	at org.springframework.web.filter.FormContentFilter.doFilterInternal(FormContentFilter.java:93)
	at org.springframework.web.filter.OncePerRequestFilter.doFilter(OncePerRequestFilter.java:116)
	at org.apache.catalina.core.ApplicationFilterChain.internalDoFilter(ApplicationFilterChain.java:164)
	at org.apache.catalina.core.ApplicationFilterChain.doFilter(ApplicationFilterChain.java:140)
	at org.springframework.web.filter.CharacterEncodingFilter.doFilterInternal(CharacterEncodingFilter.java:201)
	at org.springframework.web.filter.OncePerRequestFilter.doFilter(OncePerRequestFilter.java:116)
	at org.apache.catalina.core.ApplicationFilterChain.internalDoFilter(ApplicationFilterChain.java:164)
	at org.apache.catalina.core.ApplicationFilterChain.doFilter(ApplicationFilterChain.java:140)
	at org.apache.catalina.core.StandardWrapperValve.invoke(StandardWrapperValve.java:167)
	at org.apache.catalina.core.StandardContextValve.invoke(StandardContextValve.java:90)
	at org.apache.catalina.authenticator.AuthenticatorBase.invoke(AuthenticatorBase.java:483)
	at org.apache.catalina.core.StandardHostValve.invoke(StandardHostValve.java:115)
	at org.apache.catalina.valves.ErrorReportValve.invoke(ErrorReportValve.java:93)
	at org.apache.catalina.core.StandardEngineValve.invoke(StandardEngineValve.java:74)
	at org.apache.catalina.connector.CoyoteAdapter.service(CoyoteAdapter.java:344)
	at org.apache.coyote.http11.Http11Processor.service(Http11Processor.java:389)
	at org.apache.coyote.AbstractProcessorLight.process(AbstractProcessorLight.java:63)
	at org.apache.coyote.AbstractProtocol$ConnectionHandler.process(AbstractProtocol.java:904)
	at org.apache.tomcat.util.net.NioEndpoint$SocketProcessor.doRun(NioEndpoint.java:1741)
	at org.apache.tomcat.util.net.SocketProcessorBase.run(SocketProcessorBase.java:52)
	at org.apache.tomcat.util.threads.ThreadPoolExecutor.runWorker(ThreadPoolExecutor.java:1190)
	at org.apache.tomcat.util.threads.ThreadPoolExecutor$Worker.run(ThreadPoolExecutor.java:659)
	at org.apache.tomcat.util.threads.TaskThread$WrappingRunnable.run(TaskThread.java:63)
	at java.base/java.lang.Thread.run(Thread.java:1583)
2024-09-18 15:21:06 - Restarting due to 1 class path change (0 additions, 0 deletions, 1 modification)
2024-09-18 15:21:06 - Stopping ProtocolHandler ["http-nio-5001"]
2024-09-18 15:21:06 - Closing JPA EntityManagerFactory for persistence unit 'default'
2024-09-18 15:21:06 - HikariPool-5 - Shutdown initiated...
2024-09-18 15:21:06 - HikariPool-5 - Shutdown completed.
2024-09-18 15:21:06 - Starting SpringThymeleafApplication using Java 21.0.4 with PID 26620 (C:\Users\fernando.correa\Documents\GitHub\workspace2023\ceasadev_2024\target\classes started by fernando.correa in C:\Users\fernando.correa\Documents\GitHub\workspace2023\ceasadev_2024)
2024-09-18 15:21:06 - No active profile set, falling back to 1 default profile: "default"
2024-09-18 15:21:07 - Bootstrapping Spring Data JPA repositories in DEFAULT mode.
2024-09-18 15:21:07 - Finished Spring Data repository scanning in 45 ms. Found 15 JPA repository interfaces.
2024-09-18 15:21:07 - Tomcat initialized with port 5001 (http)
2024-09-18 15:21:07 - Initializing ProtocolHandler ["http-nio-5001"]
2024-09-18 15:21:07 - Starting service [Tomcat]
2024-09-18 15:21:07 - Starting Servlet engine: [Apache Tomcat/10.1.26]
2024-09-18 15:21:07 - Initializing Spring embedded WebApplicationContext
2024-09-18 15:21:07 - Root WebApplicationContext: initialization completed in 560 ms
2024-09-18 15:21:07 - HHH000204: Processing PersistenceUnitInfo [name: default]
2024-09-18 15:21:07 - HHH000026: Second-level cache disabled
2024-09-18 15:21:07 - No LoadTimeWeaver setup: ignoring JPA class transformer
2024-09-18 15:21:07 - HHH90000021: Encountered deprecated setting [hibernate.temp.use_jdbc_metadata_defaults], use [hibernate.boot.allow_jdbc_metadata_access] instead
2024-09-18 15:21:07 - HHH90000025: PostgreSQLDialect does not need to be specified explicitly using 'hibernate.dialect' (remove the property setting and it will be selected by default)
2024-09-18 15:21:07 - HHH000489: No JTA platform available (set 'hibernate.transaction.jta.platform' to enable JTA platform integration)
2024-09-18 15:21:07 - HikariPool-6 - Starting...
2024-09-18 15:21:07 - HikariPool-6 - Added connection org.postgresql.jdbc.PgConnection@3244d735
2024-09-18 15:21:07 - HikariPool-6 - Start completed.
2024-09-18 15:21:08 - Initialized JPA EntityManagerFactory for persistence unit 'default'
2024-09-18 15:21:08 - No authentication manager set. Reauthentication of users when changing passwords will not be performed.
2024-09-18 15:21:08 - Global AuthenticationManager configured with UserDetailsService bean with name userDetaisManager
2024-09-18 15:21:08 - LiveReload server is running on port 35729
2024-09-18 15:21:08 - Starting ProtocolHandler ["http-nio-5001"]
2024-09-18 15:21:08 - Tomcat started on port 5001 (http) with context path '/'
2024-09-18 15:21:08 - Started SpringThymeleafApplication in 1.777 seconds (process running for 3861.275)
2024-09-18 15:21:08 - Condition evaluation unchanged
2024-09-18 15:21:19 - Initializing Spring DispatcherServlet 'dispatcherServlet'
2024-09-18 15:21:19 - Initializing Servlet 'dispatcherServlet'
2024-09-18 15:21:19 - Completed initialization in 1 ms
2024-09-18 15:28:51 - Restarting due to 1 class path change (0 additions, 0 deletions, 1 modification)
2024-09-18 15:28:51 - Stopping ProtocolHandler ["http-nio-5001"]
2024-09-18 15:28:51 - Closing JPA EntityManagerFactory for persistence unit 'default'
2024-09-18 15:28:51 - HikariPool-6 - Shutdown initiated...
2024-09-18 15:28:51 - HikariPool-6 - Shutdown completed.
2024-09-18 15:28:51 - Starting SpringThymeleafApplication using Java 21.0.4 with PID 26620 (C:\Users\fernando.correa\Documents\GitHub\workspace2023\ceasadev_2024\target\classes started by fernando.correa in C:\Users\fernando.correa\Documents\GitHub\workspace2023\ceasadev_2024)
2024-09-18 15:28:51 - No active profile set, falling back to 1 default profile: "default"
2024-09-18 15:28:51 - Bootstrapping Spring Data JPA repositories in DEFAULT mode.
2024-09-18 15:28:51 - Finished Spring Data repository scanning in 41 ms. Found 15 JPA repository interfaces.
2024-09-18 15:28:51 - Tomcat initialized with port 5001 (http)
2024-09-18 15:28:51 - Initializing ProtocolHandler ["http-nio-5001"]
2024-09-18 15:28:51 - Starting service [Tomcat]
2024-09-18 15:28:51 - Starting Servlet engine: [Apache Tomcat/10.1.26]
2024-09-18 15:28:51 - Initializing Spring embedded WebApplicationContext
2024-09-18 15:28:51 - Root WebApplicationContext: initialization completed in 406 ms
2024-09-18 15:28:51 - HHH000204: Processing PersistenceUnitInfo [name: default]
2024-09-18 15:28:51 - HHH000026: Second-level cache disabled
2024-09-18 15:28:51 - No LoadTimeWeaver setup: ignoring JPA class transformer
2024-09-18 15:28:52 - HHH90000021: Encountered deprecated setting [hibernate.temp.use_jdbc_metadata_defaults], use [hibernate.boot.allow_jdbc_metadata_access] instead
2024-09-18 15:28:52 - HHH90000025: PostgreSQLDialect does not need to be specified explicitly using 'hibernate.dialect' (remove the property setting and it will be selected by default)
2024-09-18 15:28:52 - HHH000489: No JTA platform available (set 'hibernate.transaction.jta.platform' to enable JTA platform integration)
2024-09-18 15:28:52 - HikariPool-7 - Starting...
2024-09-18 15:28:52 - HikariPool-7 - Added connection org.postgresql.jdbc.PgConnection@d82c860
2024-09-18 15:28:52 - HikariPool-7 - Start completed.
2024-09-18 15:28:52 - Initialized JPA EntityManagerFactory for persistence unit 'default'
2024-09-18 15:28:52 - No authentication manager set. Reauthentication of users when changing passwords will not be performed.
2024-09-18 15:28:52 - Global AuthenticationManager configured with UserDetailsService bean with name userDetaisManager
2024-09-18 15:28:52 - LiveReload server is running on port 35729
2024-09-18 15:28:52 - Starting ProtocolHandler ["http-nio-5001"]
2024-09-18 15:28:52 - Tomcat started on port 5001 (http) with context path '/'
2024-09-18 15:28:52 - Started SpringThymeleafApplication in 1.303 seconds (process running for 4325.608)
2024-09-18 15:28:52 - Condition evaluation unchanged
2024-09-18 15:28:53 - Initializing Spring DispatcherServlet 'dispatcherServlet'
2024-09-18 15:28:53 - Initializing Servlet 'dispatcherServlet'
2024-09-18 15:28:53 - Completed initialization in 1 ms
2024-09-18 15:55:13 - Restarting due to 1 class path change (0 additions, 0 deletions, 1 modification)
2024-09-18 15:55:13 - Stopping ProtocolHandler ["http-nio-5001"]
2024-09-18 15:55:13 - Closing JPA EntityManagerFactory for persistence unit 'default'
2024-09-18 15:55:13 - HikariPool-7 - Shutdown initiated...
2024-09-18 15:55:13 - HikariPool-7 - Shutdown completed.
2024-09-18 15:55:13 - Starting SpringThymeleafApplication using Java 21.0.4 with PID 26620 (C:\Users\fernando.correa\Documents\GitHub\workspace2023\ceasadev_2024\target\classes started by fernando.correa in C:\Users\fernando.correa\Documents\GitHub\workspace2023\ceasadev_2024)
2024-09-18 15:55:13 - No active profile set, falling back to 1 default profile: "default"
2024-09-18 15:55:13 - Bootstrapping Spring Data JPA repositories in DEFAULT mode.
2024-09-18 15:55:13 - Finished Spring Data repository scanning in 45 ms. Found 15 JPA repository interfaces.
2024-09-18 15:55:14 - Tomcat initialized with port 5001 (http)
2024-09-18 15:55:14 - Initializing ProtocolHandler ["http-nio-5001"]
2024-09-18 15:55:14 - Starting service [Tomcat]
2024-09-18 15:55:14 - Starting Servlet engine: [Apache Tomcat/10.1.26]
2024-09-18 15:55:14 - Initializing Spring embedded WebApplicationContext
2024-09-18 15:55:14 - Root WebApplicationContext: initialization completed in 523 ms
2024-09-18 15:55:14 - HHH000204: Processing PersistenceUnitInfo [name: default]
2024-09-18 15:55:14 - HHH000026: Second-level cache disabled
2024-09-18 15:55:14 - No LoadTimeWeaver setup: ignoring JPA class transformer
2024-09-18 15:55:14 - HHH90000021: Encountered deprecated setting [hibernate.temp.use_jdbc_metadata_defaults], use [hibernate.boot.allow_jdbc_metadata_access] instead
2024-09-18 15:55:14 - HHH90000025: PostgreSQLDialect does not need to be specified explicitly using 'hibernate.dialect' (remove the property setting and it will be selected by default)
2024-09-18 15:55:14 - HHH000489: No JTA platform available (set 'hibernate.transaction.jta.platform' to enable JTA platform integration)
2024-09-18 15:55:14 - HikariPool-8 - Starting...
2024-09-18 15:55:14 - HikariPool-8 - Added connection org.postgresql.jdbc.PgConnection@34cb53f0
2024-09-18 15:55:14 - HikariPool-8 - Start completed.
2024-09-18 15:55:14 - Initialized JPA EntityManagerFactory for persistence unit 'default'
2024-09-18 15:55:15 - No authentication manager set. Reauthentication of users when changing passwords will not be performed.
2024-09-18 15:55:15 - Global AuthenticationManager configured with UserDetailsService bean with name userDetaisManager
2024-09-18 15:55:15 - LiveReload server is running on port 35729
2024-09-18 15:55:15 - Starting ProtocolHandler ["http-nio-5001"]
2024-09-18 15:55:15 - Tomcat started on port 5001 (http) with context path '/'
2024-09-18 15:55:15 - Started SpringThymeleafApplication in 1.636 seconds (process running for 5907.963)
2024-09-18 15:55:15 - Condition evaluation unchanged
2024-09-18 15:56:36 - Restarting due to 1 class path change (0 additions, 0 deletions, 1 modification)
2024-09-18 15:56:36 - Stopping ProtocolHandler ["http-nio-5001"]
2024-09-18 15:56:36 - Closing JPA EntityManagerFactory for persistence unit 'default'
2024-09-18 15:56:36 - HikariPool-8 - Shutdown initiated...
2024-09-18 15:56:36 - HikariPool-8 - Shutdown completed.
2024-09-18 15:56:36 - Starting SpringThymeleafApplication using Java 21.0.4 with PID 26620 (C:\Users\fernando.correa\Documents\GitHub\workspace2023\ceasadev_2024\target\classes started by fernando.correa in C:\Users\fernando.correa\Documents\GitHub\workspace2023\ceasadev_2024)
2024-09-18 15:56:36 - No active profile set, falling back to 1 default profile: "default"
2024-09-18 15:56:37 - Bootstrapping Spring Data JPA repositories in DEFAULT mode.
2024-09-18 15:56:37 - Finished Spring Data repository scanning in 42 ms. Found 15 JPA repository interfaces.
2024-09-18 15:56:37 - Tomcat initialized with port 5001 (http)
2024-09-18 15:56:37 - Initializing ProtocolHandler ["http-nio-5001"]
2024-09-18 15:56:37 - Starting service [Tomcat]
2024-09-18 15:56:37 - Starting Servlet engine: [Apache Tomcat/10.1.26]
2024-09-18 15:56:37 - Initializing Spring embedded WebApplicationContext
2024-09-18 15:56:37 - Root WebApplicationContext: initialization completed in 433 ms
2024-09-18 15:56:37 - HHH000204: Processing PersistenceUnitInfo [name: default]
2024-09-18 15:56:37 - HHH000026: Second-level cache disabled
2024-09-18 15:56:37 - No LoadTimeWeaver setup: ignoring JPA class transformer
2024-09-18 15:56:37 - HHH90000021: Encountered deprecated setting [hibernate.temp.use_jdbc_metadata_defaults], use [hibernate.boot.allow_jdbc_metadata_access] instead
2024-09-18 15:56:37 - HHH90000025: PostgreSQLDialect does not need to be specified explicitly using 'hibernate.dialect' (remove the property setting and it will be selected by default)
2024-09-18 15:56:37 - HHH000489: No JTA platform available (set 'hibernate.transaction.jta.platform' to enable JTA platform integration)
2024-09-18 15:56:37 - HikariPool-9 - Starting...
2024-09-18 15:56:37 - HikariPool-9 - Added connection org.postgresql.jdbc.PgConnection@4dd2604
2024-09-18 15:56:37 - HikariPool-9 - Start completed.
2024-09-18 15:56:37 - Initialized JPA EntityManagerFactory for persistence unit 'default'
2024-09-18 15:56:38 - No authentication manager set. Reauthentication of users when changing passwords will not be performed.
2024-09-18 15:56:38 - Global AuthenticationManager configured with UserDetailsService bean with name userDetaisManager
2024-09-18 15:56:38 - LiveReload server is running on port 35729
2024-09-18 15:56:38 - Starting ProtocolHandler ["http-nio-5001"]
2024-09-18 15:56:38 - Tomcat started on port 5001 (http) with context path '/'
2024-09-18 15:56:38 - Started SpringThymeleafApplication in 1.373 seconds (process running for 5991.092)
2024-09-18 15:56:38 - Condition evaluation unchanged
2024-09-18 15:56:39 - Initializing Spring DispatcherServlet 'dispatcherServlet'
2024-09-18 15:56:39 - Initializing Servlet 'dispatcherServlet'
2024-09-18 15:56:39 - Completed initialization in 2 ms
