2024-08-07 07:56:33 - HV000001: Hibernate Validator 8.0.1.Final
2024-08-07 07:56:33 - Starting SpringThymeleafApplication using Java 17.0.7 with PID 18168 (C:\Users\fernando.correa\Documents\GitHub\workspace2023\ceasadev_2024\target\classes started by fernando.correa in C:\Users\fernando.correa\Documents\GitHub\workspace2023\ceasadev_2024)
2024-08-07 07:56:33 - No active profile set, falling back to 1 default profile: "default"
2024-08-07 07:56:34 - Devtools property defaults active! Set 'spring.devtools.add-properties' to 'false' to disable
2024-08-07 07:56:34 - For additional web related logging consider setting the 'logging.level.web' property to 'DEBUG'
2024-08-07 07:56:34 - Bootstrapping Spring Data JPA repositories in DEFAULT mode.
2024-08-07 07:56:34 - Finished Spring Data repository scanning in 125 ms. Found 16 JPA repository interfaces.
2024-08-07 07:56:35 - Tomcat initialized with port(s): 5001 (http)
2024-08-07 07:56:35 - Initializing ProtocolHandler ["http-nio-5001"]
2024-08-07 07:56:35 - Starting service [Tomcat]
2024-08-07 07:56:35 - Starting Servlet engine: [Apache Tomcat/10.1.15]
2024-08-07 07:56:35 - Initializing Spring embedded WebApplicationContext
2024-08-07 07:56:35 - Root WebApplicationContext: initialization completed in 1989 ms
2024-08-07 07:56:36 - HHH000204: Processing PersistenceUnitInfo [name: default]
2024-08-07 07:56:36 - HHH000412: Hibernate ORM core version 6.2.13.Final
2024-08-07 07:56:36 - HHH000406: Using bytecode reflection optimizer
2024-08-07 07:56:36 - HHH90000025: PostgreSQLDialect does not need to be specified explicitly using 'hibernate.dialect' (remove the property setting and it will be selected by default)
2024-08-07 07:56:36 - No LoadTimeWeaver setup: ignoring JPA class transformer
2024-08-07 07:56:37 - HHH000489: No JTA platform available (set 'hibernate.transaction.jta.platform' to enable JTA platform integration)
2024-08-07 07:56:37 - HikariPool-1 - Starting...
2024-08-07 07:56:37 - HikariPool-1 - Added connection org.postgresql.jdbc.PgConnection@3ee679a4
2024-08-07 07:56:37 - HikariPool-1 - Start completed.
2024-08-07 07:56:38 - Initialized JPA EntityManagerFactory for persistence unit 'default'
2024-08-07 07:56:38 - Hibernate is in classpath; If applicable, HQL parser will be used.
2024-08-07 07:56:39 - No authentication manager set. Reauthentication of users when changing passwords will not be performed.
2024-08-07 07:56:39 - Will secure any request with [org.springframework.security.web.session.DisableEncodeUrlFilter@6f238d05, org.springframework.security.web.context.request.async.WebAsyncManagerIntegrationFilter@2699dfc1, org.springframework.security.web.context.SecurityContextHolderFilter@134c3f59, org.springframework.security.web.header.HeaderWriterFilter@9c6cf6a, org.springframework.security.web.authentication.logout.LogoutFilter@86f2541, org.springframework.security.web.authentication.UsernamePasswordAuthenticationFilter@60858cfa, org.springframework.security.web.authentication.www.BasicAuthenticationFilter@6e544e73, org.springframework.security.web.savedrequest.RequestCacheAwareFilter@3046e1ba, org.springframework.security.web.servletapi.SecurityContextHolderAwareRequestFilter@452facc8, org.springframework.security.web.authentication.AnonymousAuthenticationFilter@6af22ab7, org.springframework.security.web.access.ExceptionTranslationFilter@698873e6, org.springframework.security.web.access.intercept.AuthorizationFilter@53deaca5]
2024-08-07 07:56:40 - LiveReload server is running on port 35729
2024-08-07 07:56:40 - Starting ProtocolHandler ["http-nio-5001"]
2024-08-07 07:56:40 - Tomcat started on port(s): 5001 (http) with context path ''
2024-08-07 07:56:40 - Started SpringThymeleafApplication in 6.892 seconds (process running for 7.441)
2024-08-07 07:57:17 - Initializing Spring DispatcherServlet 'dispatcherServlet'
2024-08-07 07:57:17 - Initializing Servlet 'dispatcherServlet'
2024-08-07 07:57:17 - Completed initialization in 1 ms
2024-08-07 07:58:04 - Valor Comum Anterior - em cotacao Editar: 9.50
2024-08-07 07:58:04 - Valor Comum Atual - em cotacao Editar: 10.00
2024-08-07 07:59:27 - Recebido propriedadeId em cotacoes/cadastrar: 503
2024-08-07 07:59:27 - Último Valor Comum: 5.87
2024-08-07 07:59:27 - Última cotação: com.flc.springthymeleaf.domain.Cotacao@5df78901
2024-08-07 07:59:27 - Última cotação - PrecoMinimo: 5.22
2024-08-07 07:59:27 - Última cotação - PrecoMedio: 5.87
2024-08-07 07:59:27 - Última cotação - PrecoMaximo: 6.52
2024-08-07 07:59:27 - Última cotação - ValorComum: 5.87
2024-08-07 07:59:27 - Última cotação - Valor1: 120.000
2024-08-07 07:59:27 - Última cotação - Valor2: 135.00
2024-08-07 07:59:27 - Última cotação - Valor3: 150.00
2024-08-07 07:59:27 - Última cotação - Valor4: 135.00
2024-08-07 07:59:27 - Última cotação - Valor5: null
2024-08-07 07:59:27 - Última cotação - Valor6: null
2024-08-07 07:59:27 - Última cotação - Valor7: null
2024-08-07 07:59:27 - Última cotação - Valor8: null
2024-08-07 07:59:27 - Última cotação - Valor9: null
2024-08-07 07:59:27 - Última cotação - Valor10: null
2024-08-07 07:59:27 - Propriedade selecionada: com.flc.springthymeleaf.domain.Propriedade@467455aa
2024-08-07 07:59:27 - Cotação atual - PrecoMinimo: 5.22
2024-08-07 07:59:27 - Cotação atual - PrecoMedio: 5.87
2024-08-07 07:59:27 - Cotação atual - PrecoMaximo: 6.52
2024-08-07 07:59:27 - Cotação atual - ValorComum: 5.87
2024-08-07 07:59:27 - Cotação atual - Valor1: 120.000
2024-08-07 07:59:27 - Cotação atual - Valor2: 135.00
2024-08-07 07:59:27 - Cotação atual - Valor3: 150.00
2024-08-07 07:59:27 - Cotação atual - Valor4: 135.00
2024-08-07 07:59:27 - Cotação atual - Valor5: null
2024-08-07 07:59:27 - Cotação atual - Valor6: null
2024-08-07 07:59:27 - Cotação atual - Valor7: null
2024-08-07 07:59:27 - Cotação atual - Valor8: null
2024-08-07 07:59:27 - Cotação atual - Valor9: null
2024-08-07 07:59:27 - Cotação atual - Valor10: null
2024-08-07 07:59:42 - Salvando cotação: com.flc.springthymeleaf.domain.Cotacao@7e164771
2024-08-07 07:59:42 - Propriedade: com.flc.springthymeleaf.domain.Propriedade@65a1a366
2024-08-07 07:59:42 - Valor Comum anterior: 5.87
2024-08-07 07:59:42 - Valor Comum atual: 5.87
2024-08-07 08:00:29 - Recebido propriedadeId em cotacoes/cadastrar: 503
2024-08-07 08:00:29 - Último Valor Comum: 5.87
2024-08-07 08:00:29 - Última cotação: com.flc.springthymeleaf.domain.Cotacao@18e4d442
2024-08-07 08:00:29 - Última cotação - PrecoMinimo: 5.22
2024-08-07 08:00:29 - Última cotação - PrecoMedio: 5.87
2024-08-07 08:00:29 - Última cotação - PrecoMaximo: 6.52
2024-08-07 08:00:29 - Última cotação - ValorComum: 5.87
2024-08-07 08:00:29 - Última cotação - Valor1: 120.000
2024-08-07 08:00:29 - Última cotação - Valor2: 135.00
2024-08-07 08:00:29 - Última cotação - Valor3: 150.00
2024-08-07 08:00:29 - Última cotação - Valor4: 135.00
2024-08-07 08:00:29 - Última cotação - Valor5: null
2024-08-07 08:00:29 - Última cotação - Valor6: null
2024-08-07 08:00:29 - Última cotação - Valor7: null
2024-08-07 08:00:29 - Última cotação - Valor8: null
2024-08-07 08:00:29 - Última cotação - Valor9: null
2024-08-07 08:00:29 - Última cotação - Valor10: null
2024-08-07 08:00:29 - Propriedade selecionada: com.flc.springthymeleaf.domain.Propriedade@78e34b73
2024-08-07 08:00:29 - Cotação atual - PrecoMinimo: 5.22
2024-08-07 08:00:29 - Cotação atual - PrecoMedio: 5.87
2024-08-07 08:00:29 - Cotação atual - PrecoMaximo: 6.52
2024-08-07 08:00:29 - Cotação atual - ValorComum: 5.87
2024-08-07 08:00:29 - Cotação atual - Valor1: 120.000
2024-08-07 08:00:29 - Cotação atual - Valor2: 135.00
2024-08-07 08:00:29 - Cotação atual - Valor3: 150.00
2024-08-07 08:00:29 - Cotação atual - Valor4: 135.00
2024-08-07 08:00:29 - Cotação atual - Valor5: null
2024-08-07 08:00:29 - Cotação atual - Valor6: null
2024-08-07 08:00:29 - Cotação atual - Valor7: null
2024-08-07 08:00:29 - Cotação atual - Valor8: null
2024-08-07 08:00:29 - Cotação atual - Valor9: null
2024-08-07 08:00:29 - Cotação atual - Valor10: null
2024-08-07 08:01:00 - Salvando cotação: com.flc.springthymeleaf.domain.Cotacao@3b06cdab
2024-08-07 08:01:00 - Propriedade: com.flc.springthymeleaf.domain.Propriedade@73a5677d
2024-08-07 08:01:00 - Valor Comum anterior: 5.87
2024-08-07 08:01:00 - Valor Comum atual: 5.87
2024-08-07 08:03:39 - Valor Comum Anterior - em cotacao Editar: 5.87
2024-08-07 08:03:39 - Valor Comum Atual - em cotacao Editar: 5.83
2024-08-07 08:12:12 - Recebido propriedadeId em cotacoes/cadastrar: 583
2024-08-07 08:12:12 - Propriedade selecionada: com.flc.springthymeleaf.domain.Propriedade@4d4880db
2024-08-07 08:12:12 - Cotação atual - PrecoMinimo: null
2024-08-07 08:12:12 - Cotação atual - PrecoMedio: null
2024-08-07 08:12:12 - Cotação atual - PrecoMaximo: null
2024-08-07 08:12:12 - Cotação atual - ValorComum: null
2024-08-07 08:12:12 - Cotação atual - Valor1: null
2024-08-07 08:12:12 - Cotação atual - Valor2: null
2024-08-07 08:12:12 - Cotação atual - Valor3: null
2024-08-07 08:12:12 - Cotação atual - Valor4: null
2024-08-07 08:12:12 - Cotação atual - Valor5: null
2024-08-07 08:12:12 - Cotação atual - Valor6: null
2024-08-07 08:12:12 - Cotação atual - Valor7: null
2024-08-07 08:12:12 - Cotação atual - Valor8: null
2024-08-07 08:12:12 - Cotação atual - Valor9: null
2024-08-07 08:12:12 - Cotação atual - Valor10: null
2024-08-07 08:17:49 - Recebido propriedadeId em cotacoes/cadastrar: 141
2024-08-07 08:17:49 - Último Valor Comum: 12.00
2024-08-07 08:17:49 - Última cotação: com.flc.springthymeleaf.domain.Cotacao@106f5169
2024-08-07 08:17:49 - Última cotação - PrecoMinimo: 9.00
2024-08-07 08:17:49 - Última cotação - PrecoMedio: 11.50
2024-08-07 08:17:49 - Última cotação - PrecoMaximo: 13.00
2024-08-07 08:17:49 - Última cotação - ValorComum: 12.00
2024-08-07 08:17:49 - Última cotação - Valor1: 90.000
2024-08-07 08:17:49 - Última cotação - Valor2: 120.00
2024-08-07 08:17:49 - Última cotação - Valor3: 130.00
2024-08-07 08:17:49 - Última cotação - Valor4: 120.00
2024-08-07 08:17:49 - Última cotação - Valor5: null
2024-08-07 08:17:49 - Última cotação - Valor6: null
2024-08-07 08:17:49 - Última cotação - Valor7: null
2024-08-07 08:17:49 - Última cotação - Valor8: null
2024-08-07 08:17:49 - Última cotação - Valor9: null
2024-08-07 08:17:49 - Última cotação - Valor10: null
2024-08-07 08:17:49 - Propriedade selecionada: com.flc.springthymeleaf.domain.Propriedade@2d465363
2024-08-07 08:17:49 - Cotação atual - PrecoMinimo: 9.00
2024-08-07 08:17:49 - Cotação atual - PrecoMedio: 11.50
2024-08-07 08:17:49 - Cotação atual - PrecoMaximo: 13.00
2024-08-07 08:17:49 - Cotação atual - ValorComum: 12.00
2024-08-07 08:17:49 - Cotação atual - Valor1: 90.000
2024-08-07 08:17:49 - Cotação atual - Valor2: 120.00
2024-08-07 08:17:49 - Cotação atual - Valor3: 130.00
2024-08-07 08:17:49 - Cotação atual - Valor4: 120.00
2024-08-07 08:17:49 - Cotação atual - Valor5: null
2024-08-07 08:17:49 - Cotação atual - Valor6: null
2024-08-07 08:17:49 - Cotação atual - Valor7: null
2024-08-07 08:17:49 - Cotação atual - Valor8: null
2024-08-07 08:17:49 - Cotação atual - Valor9: null
2024-08-07 08:17:49 - Cotação atual - Valor10: null
2024-08-07 08:18:28 - Salvando cotação: com.flc.springthymeleaf.domain.Cotacao@3c226407
2024-08-07 08:18:28 - Propriedade: com.flc.springthymeleaf.domain.Propriedade@141d061f
2024-08-07 08:18:28 - Valor Comum anterior: 12.00
2024-08-07 08:18:28 - Valor Comum atual: 24.00
2024-08-07 08:18:50 - Valor Comum Anterior - em cotacao Editar: 24.00
2024-08-07 08:18:50 - Valor Comum Atual - em cotacao Editar: 12.00
