2024-10-07 15:34:14 - HV000001: Hibernate Validator 8.0.1.Final
2024-10-07 15:34:14 - Starting SpringThymeleafApplication using Java 21.0.4 with PID 11280 (C:\Users\fernando.correa\Documents\GitHub\workspace2023\ceasadev_2024\target\classes started by fernando.correa in C:\Users\fernando.correa\Documents\GitHub\workspace2023\ceasadev_2024)
2024-10-07 15:34:14 - No active profile set, falling back to 1 default profile: "default"
2024-10-07 15:34:15 - Devtools property defaults active! Set 'spring.devtools.add-properties' to 'false' to disable
2024-10-07 15:34:15 - For additional web related logging consider setting the 'logging.level.web' property to 'DEBUG'
2024-10-07 15:34:16 - Bootstrapping Spring Data JPA repositories in DEFAULT mode.
2024-10-07 15:34:16 - Finished Spring Data repository scanning in 99 ms. Found 15 JPA repository interfaces.
2024-10-07 15:34:17 - Tomcat initialized with port 5001 (http)
2024-10-07 15:34:17 - Initializing ProtocolHandler ["http-nio-5001"]
2024-10-07 15:34:17 - Starting service [Tomcat]
2024-10-07 15:34:17 - Starting Servlet engine: [Apache Tomcat/10.1.26]
2024-10-07 15:34:17 - Initializing Spring embedded WebApplicationContext
2024-10-07 15:34:17 - Root WebApplicationContext: initialization completed in 2318 ms
2024-10-07 15:34:17 - HHH000204: Processing PersistenceUnitInfo [name: default]
2024-10-07 15:34:17 - HHH000412: Hibernate ORM core version 6.5.2.Final
2024-10-07 15:34:17 - HHH000026: Second-level cache disabled
2024-10-07 15:34:18 - No LoadTimeWeaver setup: ignoring JPA class transformer
2024-10-07 15:34:18 - HHH90000021: Encountered deprecated setting [hibernate.temp.use_jdbc_metadata_defaults], use [hibernate.boot.allow_jdbc_metadata_access] instead
2024-10-07 15:34:18 - HHH90000025: PostgreSQLDialect does not need to be specified explicitly using 'hibernate.dialect' (remove the property setting and it will be selected by default)
2024-10-07 15:34:19 - HHH000489: No JTA platform available (set 'hibernate.transaction.jta.platform' to enable JTA platform integration)
2024-10-07 15:34:19 - HikariPool-1 - Starting...
2024-10-07 15:34:20 - HikariPool-1 - Added connection org.postgresql.jdbc.PgConnection@29f70272
2024-10-07 15:34:20 - HikariPool-1 - Start completed.
2024-10-07 15:34:20 - Initialized JPA EntityManagerFactory for persistence unit 'default'
2024-10-07 15:34:20 - Hibernate is in classpath; If applicable, HQL parser will be used.
2024-10-07 15:34:21 - No authentication manager set. Reauthentication of users when changing passwords will not be performed.
2024-10-07 15:34:21 - Global AuthenticationManager configured with UserDetailsService bean with name userDetaisManager
2024-10-07 15:34:22 - LiveReload server is running on port 35729
2024-10-07 15:34:22 - Starting ProtocolHandler ["http-nio-5001"]
2024-10-07 15:34:22 - Tomcat started on port 5001 (http) with context path '/'
2024-10-07 15:34:22 - Started SpringThymeleafApplication in 8.434 seconds (process running for 9.335)
2024-10-07 15:34:33 - Initializing Spring DispatcherServlet 'dispatcherServlet'
2024-10-07 15:34:33 - Initializing Servlet 'dispatcherServlet'
2024-10-07 15:34:33 - Completed initialization in 1 ms
