2024-09-05 14:26:25 - HV000001: Hibernate Validator 8.0.1.Final
2024-09-05 14:26:25 - Starting SpringThymeleafApplication using Java 21.0.4 with PID 13696 (C:\Users\fernando.correa\Documents\GitHub\workspace2023\ceasadev_2024\target\classes started by fernando.correa in C:\Users\fernando.correa\Documents\GitHub\workspace2023\ceasadev_2024)
2024-09-05 14:26:25 - No active profile set, falling back to 1 default profile: "default"
2024-09-05 14:26:25 - Devtools property defaults active! Set 'spring.devtools.add-properties' to 'false' to disable
2024-09-05 14:26:25 - For additional web related logging consider setting the 'logging.level.web' property to 'DEBUG'
2024-09-05 14:26:26 - Bootstrapping Spring Data JPA repositories in DEFAULT mode.
2024-09-05 14:26:26 - Finished Spring Data repository scanning in 90 ms. Found 15 JPA repository interfaces.
2024-09-05 14:26:27 - Tomcat initialized with port 5001 (http)
2024-09-05 14:26:27 - Initializing ProtocolHandler ["http-nio-5001"]
2024-09-05 14:26:27 - Starting service [Tomcat]
2024-09-05 14:26:27 - Starting Servlet engine: [Apache Tomcat/10.1.26]
2024-09-05 14:26:27 - Initializing Spring embedded WebApplicationContext
2024-09-05 14:26:27 - Root WebApplicationContext: initialization completed in 2045 ms
2024-09-05 14:26:27 - HHH000204: Processing PersistenceUnitInfo [name: default]
2024-09-05 14:26:27 - HHH000412: Hibernate ORM core version 6.5.2.Final
2024-09-05 14:26:28 - HHH000026: Second-level cache disabled
2024-09-05 14:26:28 - No LoadTimeWeaver setup: ignoring JPA class transformer
2024-09-05 14:26:28 - HHH90000021: Encountered deprecated setting [hibernate.temp.use_jdbc_metadata_defaults], use [hibernate.boot.allow_jdbc_metadata_access] instead
2024-09-05 14:26:28 - HHH90000025: PostgreSQLDialect does not need to be specified explicitly using 'hibernate.dialect' (remove the property setting and it will be selected by default)
2024-09-05 14:26:29 - HHH000489: No JTA platform available (set 'hibernate.transaction.jta.platform' to enable JTA platform integration)
2024-09-05 14:26:29 - HikariPool-1 - Starting...
2024-09-05 14:26:30 - HikariPool-1 - Added connection org.postgresql.jdbc.PgConnection@67cda34
2024-09-05 14:26:30 - HikariPool-1 - Start completed.
2024-09-05 14:26:30 - SQL Warning Code: 0, SQLState: 00000
2024-09-05 14:26:30 - constraint "ukbl4hmu5yeifmle0b5seiw6my5" of relation "embalagem" does not exist, skipping
2024-09-05 14:26:30 - Initialized JPA EntityManagerFactory for persistence unit 'default'
2024-09-05 14:26:30 - Hibernate is in classpath; If applicable, HQL parser will be used.
2024-09-05 14:26:31 - No authentication manager set. Reauthentication of users when changing passwords will not be performed.
2024-09-05 14:26:31 - Global AuthenticationManager configured with UserDetailsService bean with name userDetaisManager
2024-09-05 14:26:32 - LiveReload server is running on port 35729
2024-09-05 14:26:32 - Starting ProtocolHandler ["http-nio-5001"]
2024-09-05 14:26:32 - Tomcat started on port 5001 (http) with context path '/'
2024-09-05 14:26:32 - Started SpringThymeleafApplication in 7.46 seconds (process running for 8.107)
2024-09-05 14:28:56 - Initializing Spring DispatcherServlet 'dispatcherServlet'
2024-09-05 14:28:56 - Initializing Servlet 'dispatcherServlet'
2024-09-05 14:28:56 - Completed initialization in 2 ms
2024-09-05 14:29:29 - Recebido propriedadeId em cotacoes/cadastrar: 29
2024-09-05 14:29:29 - Último Valor Comum: 10.00
2024-09-05 14:29:29 - Última cotação: com.flc.springthymeleaf.domain.Cotacao@1cededff
2024-09-05 14:29:29 - Última cotação - PrecoMinimo: 8.33
2024-09-05 14:29:29 - Última cotação - PrecoMedio: 10.00
2024-09-05 14:29:29 - Última cotação - PrecoMaximo: 11.67
2024-09-05 14:29:29 - Última cotação - ValorComum: 10.00
2024-09-05 14:29:29 - Última cotação - Valor1: 50.00
2024-09-05 14:29:29 - Última cotação - Valor2: 60.00
2024-09-05 14:29:29 - Última cotação - Valor3: 70.00
2024-09-05 14:29:29 - Última cotação - Valor4: 60.00
2024-09-05 14:29:29 - Última cotação - Valor5: null
2024-09-05 14:29:29 - Última cotação - Valor6: null
2024-09-05 14:29:29 - Última cotação - Valor7: null
2024-09-05 14:29:29 - Última cotação - Valor8: null
2024-09-05 14:29:29 - Última cotação - Valor9: null
2024-09-05 14:29:29 - Última cotação - Valor10: null
2024-09-05 14:29:29 - Propriedade selecionada: ABACATE ABAA AVOCADO
2024-09-05 14:29:36 - Valor Comum anterior: 10.00
2024-09-05 14:29:36 - Valor Comum atual: 10.00
2024-09-05 14:31:15 - HV000001: Hibernate Validator 8.0.1.Final
2024-09-05 14:31:15 - Starting SpringThymeleafApplicationTests using Java 21.0.4 with PID 25988 (started by fernando.correa in C:\Users\fernando.correa\Documents\GitHub\workspace2023\ceasadev_2024)
2024-09-05 14:31:15 - No active profile set, falling back to 1 default profile: "default"
2024-09-05 14:31:16 - Bootstrapping Spring Data JPA repositories in DEFAULT mode.
2024-09-05 14:31:16 - Finished Spring Data repository scanning in 95 ms. Found 15 JPA repository interfaces.
2024-09-05 14:31:16 - HHH000204: Processing PersistenceUnitInfo [name: default]
2024-09-05 14:31:16 - HHH000412: Hibernate ORM core version 6.5.2.Final
2024-09-05 14:31:16 - HHH000026: Second-level cache disabled
2024-09-05 14:31:17 - No LoadTimeWeaver setup: ignoring JPA class transformer
2024-09-05 14:31:17 - HHH90000021: Encountered deprecated setting [hibernate.temp.use_jdbc_metadata_defaults], use [hibernate.boot.allow_jdbc_metadata_access] instead
2024-09-05 14:31:17 - HHH90000025: PostgreSQLDialect does not need to be specified explicitly using 'hibernate.dialect' (remove the property setting and it will be selected by default)
2024-09-05 14:31:18 - HHH000489: No JTA platform available (set 'hibernate.transaction.jta.platform' to enable JTA platform integration)
2024-09-05 14:31:18 - HikariPool-1 - Starting...
2024-09-05 14:31:18 - HikariPool-1 - Added connection org.postgresql.jdbc.PgConnection@3f31cf8f
2024-09-05 14:31:18 - HikariPool-1 - Start completed.
2024-09-05 14:31:19 - Initialized JPA EntityManagerFactory for persistence unit 'default'
2024-09-05 14:31:19 - Hibernate is in classpath; If applicable, HQL parser will be used.
2024-09-05 14:31:20 - No authentication manager set. Reauthentication of users when changing passwords will not be performed.
2024-09-05 14:31:20 - Global AuthenticationManager configured with UserDetailsService bean with name userDetaisManager
2024-09-05 14:31:21 - Started SpringThymeleafApplicationTests in 6.418 seconds (process running for 7.504)
2024-09-05 14:31:21 - Closing JPA EntityManagerFactory for persistence unit 'default'
2024-09-05 14:31:21 - HikariPool-1 - Shutdown initiated...
2024-09-05 14:31:21 - HikariPool-1 - Shutdown completed.
2024-09-05 14:52:05 - HV000001: Hibernate Validator 8.0.1.Final
2024-09-05 14:52:05 - Starting SpringThymeleafApplication using Java 21.0.4 with PID 25676 (C:\Users\fernando.correa\Documents\GitHub\workspace2023\ceasadev_2024\target\classes started by fernando.correa in C:\Users\fernando.correa\Documents\GitHub\workspace2023\ceasadev_2024)
2024-09-05 14:52:05 - No active profile set, falling back to 1 default profile: "default"
2024-09-05 14:52:05 - Devtools property defaults active! Set 'spring.devtools.add-properties' to 'false' to disable
2024-09-05 14:52:05 - For additional web related logging consider setting the 'logging.level.web' property to 'DEBUG'
2024-09-05 14:52:06 - Bootstrapping Spring Data JPA repositories in DEFAULT mode.
2024-09-05 14:52:06 - Finished Spring Data repository scanning in 89 ms. Found 15 JPA repository interfaces.
2024-09-05 14:52:07 - Tomcat initialized with port 5001 (http)
2024-09-05 14:52:07 - Initializing ProtocolHandler ["http-nio-5001"]
2024-09-05 14:52:07 - Starting service [Tomcat]
2024-09-05 14:52:07 - Starting Servlet engine: [Apache Tomcat/10.1.26]
2024-09-05 14:52:07 - Initializing Spring embedded WebApplicationContext
2024-09-05 14:52:07 - Root WebApplicationContext: initialization completed in 1821 ms
2024-09-05 14:52:07 - HHH000204: Processing PersistenceUnitInfo [name: default]
2024-09-05 14:52:07 - HHH000412: Hibernate ORM core version 6.5.2.Final
2024-09-05 14:52:07 - HHH000026: Second-level cache disabled
2024-09-05 14:52:08 - No LoadTimeWeaver setup: ignoring JPA class transformer
2024-09-05 14:52:08 - HHH90000021: Encountered deprecated setting [hibernate.temp.use_jdbc_metadata_defaults], use [hibernate.boot.allow_jdbc_metadata_access] instead
2024-09-05 14:52:08 - HHH90000025: PostgreSQLDialect does not need to be specified explicitly using 'hibernate.dialect' (remove the property setting and it will be selected by default)
2024-09-05 14:52:09 - HHH000489: No JTA platform available (set 'hibernate.transaction.jta.platform' to enable JTA platform integration)
2024-09-05 14:52:09 - HikariPool-1 - Starting...
2024-09-05 14:52:09 - HikariPool-1 - Added connection org.postgresql.jdbc.PgConnection@7acf03f7
2024-09-05 14:52:09 - HikariPool-1 - Start completed.
2024-09-05 14:52:09 - Initialized JPA EntityManagerFactory for persistence unit 'default'
2024-09-05 14:52:10 - Hibernate is in classpath; If applicable, HQL parser will be used.
2024-09-05 14:52:11 - No authentication manager set. Reauthentication of users when changing passwords will not be performed.
2024-09-05 14:52:11 - Global AuthenticationManager configured with UserDetailsService bean with name userDetaisManager
2024-09-05 14:52:11 - LiveReload server is running on port 35729
2024-09-05 14:52:11 - Starting ProtocolHandler ["http-nio-5001"]
2024-09-05 14:52:11 - Tomcat started on port 5001 (http) with context path '/'
2024-09-05 14:52:11 - Started SpringThymeleafApplication in 6.876 seconds (process running for 7.492)
2024-09-05 14:52:19 - Initializing Spring DispatcherServlet 'dispatcherServlet'
2024-09-05 14:52:19 - Initializing Servlet 'dispatcherServlet'
2024-09-05 14:52:19 - Completed initialization in 1 ms
2024-09-05 14:54:27 - Restarting due to 1 class path change (0 additions, 0 deletions, 1 modification)
2024-09-05 14:54:27 - Stopping ProtocolHandler ["http-nio-5001"]
2024-09-05 14:54:27 - Closing JPA EntityManagerFactory for persistence unit 'default'
2024-09-05 14:54:27 - HikariPool-1 - Shutdown initiated...
2024-09-05 14:54:27 - HikariPool-1 - Shutdown completed.
2024-09-05 14:54:27 - Starting SpringThymeleafApplication using Java 21.0.4 with PID 25676 (C:\Users\fernando.correa\Documents\GitHub\workspace2023\ceasadev_2024\target\classes started by fernando.correa in C:\Users\fernando.correa\Documents\GitHub\workspace2023\ceasadev_2024)
2024-09-05 14:54:27 - No active profile set, falling back to 1 default profile: "default"
2024-09-05 14:54:27 - Bootstrapping Spring Data JPA repositories in DEFAULT mode.
2024-09-05 14:54:27 - Finished Spring Data repository scanning in 46 ms. Found 15 JPA repository interfaces.
2024-09-05 14:54:27 - Tomcat initialized with port 5001 (http)
2024-09-05 14:54:27 - Initializing ProtocolHandler ["http-nio-5001"]
2024-09-05 14:54:27 - Starting service [Tomcat]
2024-09-05 14:54:27 - Starting Servlet engine: [Apache Tomcat/10.1.26]
2024-09-05 14:54:27 - Initializing Spring embedded WebApplicationContext
2024-09-05 14:54:27 - Root WebApplicationContext: initialization completed in 476 ms
2024-09-05 14:54:27 - HHH000204: Processing PersistenceUnitInfo [name: default]
2024-09-05 14:54:28 - HHH000026: Second-level cache disabled
2024-09-05 14:54:28 - No LoadTimeWeaver setup: ignoring JPA class transformer
2024-09-05 14:54:28 - HHH90000021: Encountered deprecated setting [hibernate.temp.use_jdbc_metadata_defaults], use [hibernate.boot.allow_jdbc_metadata_access] instead
2024-09-05 14:54:28 - HHH90000025: PostgreSQLDialect does not need to be specified explicitly using 'hibernate.dialect' (remove the property setting and it will be selected by default)
2024-09-05 14:54:28 - HHH000489: No JTA platform available (set 'hibernate.transaction.jta.platform' to enable JTA platform integration)
2024-09-05 14:54:28 - HikariPool-2 - Starting...
2024-09-05 14:54:28 - HikariPool-2 - Added connection org.postgresql.jdbc.PgConnection@3b390807
2024-09-05 14:54:28 - HikariPool-2 - Start completed.
2024-09-05 14:54:28 - Initialized JPA EntityManagerFactory for persistence unit 'default'
2024-09-05 14:54:28 - No authentication manager set. Reauthentication of users when changing passwords will not be performed.
2024-09-05 14:54:28 - Global AuthenticationManager configured with UserDetailsService bean with name userDetaisManager
2024-09-05 14:54:28 - LiveReload server is running on port 35729
2024-09-05 14:54:28 - Starting ProtocolHandler ["http-nio-5001"]
2024-09-05 14:54:28 - Tomcat started on port 5001 (http) with context path '/'
2024-09-05 14:54:29 - Started SpringThymeleafApplication in 1.561 seconds (process running for 144.607)
2024-09-05 14:54:29 - Condition evaluation unchanged
2024-09-05 14:54:31 - Initializing Spring DispatcherServlet 'dispatcherServlet'
2024-09-05 14:54:31 - Initializing Servlet 'dispatcherServlet'
2024-09-05 14:54:31 - Completed initialization in 1 ms
2024-09-05 14:54:48 - SQL Error: 0, SQLState: 23514
2024-09-05 14:54:48 - ERROR: new row for relation "embalagem" violates check constraint "embalagem_tipo_embalagem_check"
  Detalhe: Failing row contains (2, UN1, 1.0, UNIDADE, KILO).
2024-09-05 14:55:05 - SQL Error: 0, SQLState: 23514
2024-09-05 14:55:05 - ERROR: new row for relation "embalagem" violates check constraint "embalagem_tipo_embalagem_check"
  Detalhe: Failing row contains (3, UN1, 1.0, UNIDADE, KILO).
2024-09-05 14:55:06 - SQL Error: 0, SQLState: 23514
2024-09-05 14:55:06 - ERROR: new row for relation "embalagem" violates check constraint "embalagem_tipo_embalagem_check"
  Detalhe: Failing row contains (4, UN1, 1.0, UNIDADE, KILO).
2024-09-05 14:55:07 - SQL Error: 0, SQLState: 23514
2024-09-05 14:55:07 - ERROR: new row for relation "embalagem" violates check constraint "embalagem_tipo_embalagem_check"
  Detalhe: Failing row contains (5, UN1, 1.0, UNIDADE, KILO).
2024-09-05 14:55:07 - SQL Error: 0, SQLState: 23514
2024-09-05 14:55:07 - ERROR: new row for relation "embalagem" violates check constraint "embalagem_tipo_embalagem_check"
  Detalhe: Failing row contains (6, UN1, 1.0, UNIDADE, KILO).
2024-09-05 14:55:07 - SQL Error: 0, SQLState: 23514
2024-09-05 14:55:07 - ERROR: new row for relation "embalagem" violates check constraint "embalagem_tipo_embalagem_check"
  Detalhe: Failing row contains (7, UN1, 1.0, UNIDADE, KILO).
2024-09-05 14:55:07 - SQL Error: 0, SQLState: 23514
2024-09-05 14:55:07 - ERROR: new row for relation "embalagem" violates check constraint "embalagem_tipo_embalagem_check"
  Detalhe: Failing row contains (8, UN1, 1.0, UNIDADE, KILO).
2024-09-05 14:55:08 - SQL Error: 0, SQLState: 23514
2024-09-05 14:55:08 - ERROR: new row for relation "embalagem" violates check constraint "embalagem_tipo_embalagem_check"
  Detalhe: Failing row contains (9, UN1, 1.0, UNIDADE, KILO).
2024-09-05 14:55:32 - HV000001: Hibernate Validator 8.0.1.Final
2024-09-05 14:55:32 - Starting SpringThymeleafApplication using Java 21.0.4 with PID 6824 (C:\Users\fernando.correa\Documents\GitHub\workspace2023\ceasadev_2024\target\classes started by fernando.correa in C:\Users\fernando.correa\Documents\GitHub\workspace2023\ceasadev_2024)
2024-09-05 14:55:32 - No active profile set, falling back to 1 default profile: "default"
2024-09-05 14:55:32 - Devtools property defaults active! Set 'spring.devtools.add-properties' to 'false' to disable
2024-09-05 14:55:32 - For additional web related logging consider setting the 'logging.level.web' property to 'DEBUG'
2024-09-05 14:55:33 - Bootstrapping Spring Data JPA repositories in DEFAULT mode.
2024-09-05 14:55:33 - Finished Spring Data repository scanning in 96 ms. Found 15 JPA repository interfaces.
2024-09-05 14:55:34 - Tomcat initialized with port 5001 (http)
2024-09-05 14:55:34 - Initializing ProtocolHandler ["http-nio-5001"]
2024-09-05 14:55:34 - Starting service [Tomcat]
2024-09-05 14:55:34 - Starting Servlet engine: [Apache Tomcat/10.1.26]
2024-09-05 14:55:34 - Initializing Spring embedded WebApplicationContext
2024-09-05 14:55:34 - Root WebApplicationContext: initialization completed in 1854 ms
2024-09-05 14:55:35 - HHH000204: Processing PersistenceUnitInfo [name: default]
2024-09-05 14:55:35 - HHH000412: Hibernate ORM core version 6.5.2.Final
2024-09-05 14:55:35 - HHH000026: Second-level cache disabled
2024-09-05 14:55:35 - No LoadTimeWeaver setup: ignoring JPA class transformer
2024-09-05 14:55:35 - HHH90000021: Encountered deprecated setting [hibernate.temp.use_jdbc_metadata_defaults], use [hibernate.boot.allow_jdbc_metadata_access] instead
2024-09-05 14:55:35 - HHH90000025: PostgreSQLDialect does not need to be specified explicitly using 'hibernate.dialect' (remove the property setting and it will be selected by default)
2024-09-05 14:55:36 - HHH000489: No JTA platform available (set 'hibernate.transaction.jta.platform' to enable JTA platform integration)
2024-09-05 14:55:36 - HikariPool-1 - Starting...
2024-09-05 14:55:36 - HikariPool-1 - Added connection org.postgresql.jdbc.PgConnection@7acf03f7
2024-09-05 14:55:36 - HikariPool-1 - Start completed.
2024-09-05 14:55:37 - Initialized JPA EntityManagerFactory for persistence unit 'default'
2024-09-05 14:55:37 - Hibernate is in classpath; If applicable, HQL parser will be used.
2024-09-05 14:55:38 - No authentication manager set. Reauthentication of users when changing passwords will not be performed.
2024-09-05 14:55:38 - Global AuthenticationManager configured with UserDetailsService bean with name userDetaisManager
2024-09-05 14:55:39 - LiveReload server is running on port 35729
2024-09-05 14:55:39 - Starting ProtocolHandler ["http-nio-5001"]
2024-09-05 14:55:39 - Tomcat started on port 5001 (http) with context path '/'
2024-09-05 14:55:39 - Started SpringThymeleafApplication in 6.933 seconds (process running for 7.579)
2024-09-05 14:55:47 - Initializing Spring DispatcherServlet 'dispatcherServlet'
2024-09-05 14:55:47 - Initializing Servlet 'dispatcherServlet'
2024-09-05 14:55:47 - Completed initialization in 1 ms
2024-09-05 14:56:04 - SQL Error: 0, SQLState: 23514
2024-09-05 14:56:04 - ERROR: new row for relation "embalagem" violates check constraint "embalagem_tipo_embalagem_check"
  Detalhe: Failing row contains (10, UN1, 1.0, UNIDADE, KILO).
2024-09-05 15:22:04 - SQL Error: 0, SQLState: 23505
2024-09-05 15:22:04 - ERROR: duplicate key value violates unique constraint "ukbl4hmu5yeifmle0b5seiw6my5"
  Detalhe: Key (codigo)=(C2) already exists.
2024-09-05 15:25:10 - SQL Error: 0, SQLState: 23505
2024-09-05 15:25:10 - ERROR: duplicate key value violates unique constraint "ukbl4hmu5yeifmle0b5seiw6my5"
  Detalhe: Key (codigo)=(S20) already exists.
2024-09-05 15:34:23 - Restarting due to 1 class path change (0 additions, 0 deletions, 1 modification)
2024-09-05 15:34:23 - Stopping ProtocolHandler ["http-nio-5001"]
2024-09-05 15:34:23 - Closing JPA EntityManagerFactory for persistence unit 'default'
2024-09-05 15:34:23 - HikariPool-1 - Shutdown initiated...
2024-09-05 15:34:23 - HikariPool-1 - Shutdown completed.
2024-09-05 15:34:24 - Starting SpringThymeleafApplication using Java 21.0.4 with PID 6824 (C:\Users\fernando.correa\Documents\GitHub\workspace2023\ceasadev_2024\target\classes started by fernando.correa in C:\Users\fernando.correa\Documents\GitHub\workspace2023\ceasadev_2024)
2024-09-05 15:34:24 - No active profile set, falling back to 1 default profile: "default"
2024-09-05 15:34:24 - Bootstrapping Spring Data JPA repositories in DEFAULT mode.
2024-09-05 15:34:24 - Finished Spring Data repository scanning in 55 ms. Found 15 JPA repository interfaces.
2024-09-05 15:34:24 - Tomcat initialized with port 5001 (http)
2024-09-05 15:34:24 - Initializing ProtocolHandler ["http-nio-5001"]
2024-09-05 15:34:24 - Starting service [Tomcat]
2024-09-05 15:34:24 - Starting Servlet engine: [Apache Tomcat/10.1.26]
2024-09-05 15:34:24 - Initializing Spring embedded WebApplicationContext
2024-09-05 15:34:24 - Root WebApplicationContext: initialization completed in 563 ms
2024-09-05 15:34:24 - HHH000204: Processing PersistenceUnitInfo [name: default]
2024-09-05 15:34:24 - HHH000026: Second-level cache disabled
2024-09-05 15:34:24 - No LoadTimeWeaver setup: ignoring JPA class transformer
2024-09-05 15:34:24 - HHH90000021: Encountered deprecated setting [hibernate.temp.use_jdbc_metadata_defaults], use [hibernate.boot.allow_jdbc_metadata_access] instead
2024-09-05 15:34:24 - HHH90000025: PostgreSQLDialect does not need to be specified explicitly using 'hibernate.dialect' (remove the property setting and it will be selected by default)
2024-09-05 15:34:24 - HHH000489: No JTA platform available (set 'hibernate.transaction.jta.platform' to enable JTA platform integration)
2024-09-05 15:34:24 - HikariPool-2 - Starting...
2024-09-05 15:34:25 - HikariPool-2 - Added connection org.postgresql.jdbc.PgConnection@68a351c4
2024-09-05 15:34:25 - HikariPool-2 - Start completed.
2024-09-05 15:34:25 - Initialized JPA EntityManagerFactory for persistence unit 'default'
2024-09-05 15:34:25 - No authentication manager set. Reauthentication of users when changing passwords will not be performed.
2024-09-05 15:34:25 - Global AuthenticationManager configured with UserDetailsService bean with name userDetaisManager
2024-09-05 15:34:25 - LiveReload server is running on port 35729
2024-09-05 15:34:25 - Starting ProtocolHandler ["http-nio-5001"]
2024-09-05 15:34:25 - Tomcat started on port 5001 (http) with context path '/'
2024-09-05 15:34:25 - Started SpringThymeleafApplication in 1.731 seconds (process running for 2334.187)
2024-09-05 15:34:25 - Condition evaluation unchanged
2024-09-05 15:36:46 - Restarting due to 1 class path change (0 additions, 0 deletions, 1 modification)
2024-09-05 15:36:46 - Stopping ProtocolHandler ["http-nio-5001"]
2024-09-05 15:36:46 - Closing JPA EntityManagerFactory for persistence unit 'default'
2024-09-05 15:36:46 - HikariPool-2 - Shutdown initiated...
2024-09-05 15:36:46 - HikariPool-2 - Shutdown completed.
2024-09-05 15:36:46 - Starting SpringThymeleafApplication using Java 21.0.4 with PID 6824 (C:\Users\fernando.correa\Documents\GitHub\workspace2023\ceasadev_2024\target\classes started by fernando.correa in C:\Users\fernando.correa\Documents\GitHub\workspace2023\ceasadev_2024)
2024-09-05 15:36:46 - No active profile set, falling back to 1 default profile: "default"
2024-09-05 15:36:46 - Bootstrapping Spring Data JPA repositories in DEFAULT mode.
2024-09-05 15:36:46 - Finished Spring Data repository scanning in 40 ms. Found 15 JPA repository interfaces.
2024-09-05 15:36:46 - Tomcat initialized with port 5001 (http)
2024-09-05 15:36:46 - Initializing ProtocolHandler ["http-nio-5001"]
2024-09-05 15:36:46 - Starting service [Tomcat]
2024-09-05 15:36:46 - Starting Servlet engine: [Apache Tomcat/10.1.26]
2024-09-05 15:36:47 - Initializing Spring embedded WebApplicationContext
2024-09-05 15:36:47 - Root WebApplicationContext: initialization completed in 436 ms
2024-09-05 15:36:47 - HHH000204: Processing PersistenceUnitInfo [name: default]
2024-09-05 15:36:47 - HHH000026: Second-level cache disabled
2024-09-05 15:36:47 - No LoadTimeWeaver setup: ignoring JPA class transformer
2024-09-05 15:36:47 - HHH90000021: Encountered deprecated setting [hibernate.temp.use_jdbc_metadata_defaults], use [hibernate.boot.allow_jdbc_metadata_access] instead
2024-09-05 15:36:47 - HHH90000025: PostgreSQLDialect does not need to be specified explicitly using 'hibernate.dialect' (remove the property setting and it will be selected by default)
2024-09-05 15:36:47 - HHH000489: No JTA platform available (set 'hibernate.transaction.jta.platform' to enable JTA platform integration)
2024-09-05 15:36:47 - HikariPool-3 - Starting...
2024-09-05 15:36:47 - HikariPool-3 - Added connection org.postgresql.jdbc.PgConnection@7afdb08f
2024-09-05 15:36:47 - HikariPool-3 - Start completed.
2024-09-05 15:36:47 - Initialized JPA EntityManagerFactory for persistence unit 'default'
2024-09-05 15:36:47 - No authentication manager set. Reauthentication of users when changing passwords will not be performed.
2024-09-05 15:36:47 - Global AuthenticationManager configured with UserDetailsService bean with name userDetaisManager
2024-09-05 15:36:47 - LiveReload server is running on port 35729
2024-09-05 15:36:47 - Starting ProtocolHandler ["http-nio-5001"]
2024-09-05 15:36:47 - Tomcat started on port 5001 (http) with context path '/'
2024-09-05 15:36:47 - Started SpringThymeleafApplication in 1.414 seconds (process running for 2476.46)
2024-09-05 15:36:47 - Condition evaluation unchanged
2024-09-05 15:38:17 - Restarting due to 1 class path change (0 additions, 0 deletions, 1 modification)
2024-09-05 15:38:17 - Stopping ProtocolHandler ["http-nio-5001"]
2024-09-05 15:38:17 - Closing JPA EntityManagerFactory for persistence unit 'default'
2024-09-05 15:38:17 - HikariPool-3 - Shutdown initiated...
2024-09-05 15:38:17 - HikariPool-3 - Shutdown completed.
2024-09-05 15:38:17 - Starting SpringThymeleafApplication using Java 21.0.4 with PID 6824 (C:\Users\fernando.correa\Documents\GitHub\workspace2023\ceasadev_2024\target\classes started by fernando.correa in C:\Users\fernando.correa\Documents\GitHub\workspace2023\ceasadev_2024)
2024-09-05 15:38:17 - No active profile set, falling back to 1 default profile: "default"
2024-09-05 15:38:17 - Bootstrapping Spring Data JPA repositories in DEFAULT mode.
2024-09-05 15:38:17 - Finished Spring Data repository scanning in 40 ms. Found 15 JPA repository interfaces.
2024-09-05 15:38:17 - Tomcat initialized with port 5001 (http)
2024-09-05 15:38:17 - Initializing ProtocolHandler ["http-nio-5001"]
2024-09-05 15:38:17 - Starting service [Tomcat]
2024-09-05 15:38:17 - Starting Servlet engine: [Apache Tomcat/10.1.26]
2024-09-05 15:38:17 - Initializing Spring embedded WebApplicationContext
2024-09-05 15:38:17 - Root WebApplicationContext: initialization completed in 387 ms
2024-09-05 15:38:17 - HHH000204: Processing PersistenceUnitInfo [name: default]
2024-09-05 15:38:17 - HHH000026: Second-level cache disabled
2024-09-05 15:38:17 - No LoadTimeWeaver setup: ignoring JPA class transformer
2024-09-05 15:38:17 - HHH90000021: Encountered deprecated setting [hibernate.temp.use_jdbc_metadata_defaults], use [hibernate.boot.allow_jdbc_metadata_access] instead
2024-09-05 15:38:17 - HHH90000025: PostgreSQLDialect does not need to be specified explicitly using 'hibernate.dialect' (remove the property setting and it will be selected by default)
2024-09-05 15:38:17 - HHH000489: No JTA platform available (set 'hibernate.transaction.jta.platform' to enable JTA platform integration)
2024-09-05 15:38:17 - HikariPool-4 - Starting...
2024-09-05 15:38:17 - HikariPool-4 - Added connection org.postgresql.jdbc.PgConnection@28d3870e
2024-09-05 15:38:17 - HikariPool-4 - Start completed.
2024-09-05 15:38:18 - Initialized JPA EntityManagerFactory for persistence unit 'default'
2024-09-05 15:38:18 - No authentication manager set. Reauthentication of users when changing passwords will not be performed.
2024-09-05 15:38:18 - Global AuthenticationManager configured with UserDetailsService bean with name userDetaisManager
2024-09-05 15:38:18 - LiveReload server is running on port 35729
2024-09-05 15:38:18 - Starting ProtocolHandler ["http-nio-5001"]
2024-09-05 15:38:18 - Tomcat started on port 5001 (http) with context path '/'
2024-09-05 15:38:18 - Started SpringThymeleafApplication in 1.328 seconds (process running for 2566.934)
2024-09-05 15:38:18 - Condition evaluation unchanged
2024-09-05 15:39:29 - Restarting due to 1 class path change (0 additions, 0 deletions, 1 modification)
2024-09-05 15:39:29 - Stopping ProtocolHandler ["http-nio-5001"]
2024-09-05 15:39:29 - Closing JPA EntityManagerFactory for persistence unit 'default'
2024-09-05 15:39:29 - HikariPool-4 - Shutdown initiated...
2024-09-05 15:39:29 - HikariPool-4 - Shutdown completed.
2024-09-05 15:39:29 - Starting SpringThymeleafApplication using Java 21.0.4 with PID 6824 (C:\Users\fernando.correa\Documents\GitHub\workspace2023\ceasadev_2024\target\classes started by fernando.correa in C:\Users\fernando.correa\Documents\GitHub\workspace2023\ceasadev_2024)
2024-09-05 15:39:29 - No active profile set, falling back to 1 default profile: "default"
2024-09-05 15:39:29 - Bootstrapping Spring Data JPA repositories in DEFAULT mode.
2024-09-05 15:39:29 - Finished Spring Data repository scanning in 42 ms. Found 15 JPA repository interfaces.
2024-09-05 15:39:29 - Tomcat initialized with port 5001 (http)
2024-09-05 15:39:29 - Initializing ProtocolHandler ["http-nio-5001"]
2024-09-05 15:39:29 - Starting service [Tomcat]
2024-09-05 15:39:29 - Starting Servlet engine: [Apache Tomcat/10.1.26]
2024-09-05 15:39:29 - Initializing Spring embedded WebApplicationContext
2024-09-05 15:39:29 - Root WebApplicationContext: initialization completed in 372 ms
2024-09-05 15:39:29 - HHH000204: Processing PersistenceUnitInfo [name: default]
2024-09-05 15:39:29 - HHH000026: Second-level cache disabled
2024-09-05 15:39:29 - No LoadTimeWeaver setup: ignoring JPA class transformer
2024-09-05 15:39:29 - HHH90000021: Encountered deprecated setting [hibernate.temp.use_jdbc_metadata_defaults], use [hibernate.boot.allow_jdbc_metadata_access] instead
2024-09-05 15:39:29 - HHH90000025: PostgreSQLDialect does not need to be specified explicitly using 'hibernate.dialect' (remove the property setting and it will be selected by default)
2024-09-05 15:39:29 - HHH000489: No JTA platform available (set 'hibernate.transaction.jta.platform' to enable JTA platform integration)
2024-09-05 15:39:29 - HikariPool-5 - Starting...
2024-09-05 15:39:29 - HikariPool-5 - Added connection org.postgresql.jdbc.PgConnection@658bfc72
2024-09-05 15:39:29 - HikariPool-5 - Start completed.
2024-09-05 15:39:30 - Initialized JPA EntityManagerFactory for persistence unit 'default'
2024-09-05 15:39:30 - No authentication manager set. Reauthentication of users when changing passwords will not be performed.
2024-09-05 15:39:30 - Global AuthenticationManager configured with UserDetailsService bean with name userDetaisManager
2024-09-05 15:39:30 - LiveReload server is running on port 35729
2024-09-05 15:39:30 - Starting ProtocolHandler ["http-nio-5001"]
2024-09-05 15:39:30 - Tomcat started on port 5001 (http) with context path '/'
2024-09-05 15:39:30 - Started SpringThymeleafApplication in 1.234 seconds (process running for 2638.938)
2024-09-05 15:39:30 - Condition evaluation unchanged
2024-09-05 15:50:20 - HV000001: Hibernate Validator 8.0.1.Final
2024-09-05 15:50:21 - Starting SpringThymeleafApplication using Java 21.0.4 with PID 16924 (C:\Users\fernando.correa\Documents\GitHub\workspace2023\ceasadev_2024\target\classes started by fernando.correa in C:\Users\fernando.correa\Documents\GitHub\workspace2023\ceasadev_2024)
2024-09-05 15:50:21 - No active profile set, falling back to 1 default profile: "default"
2024-09-05 15:50:21 - Devtools property defaults active! Set 'spring.devtools.add-properties' to 'false' to disable
2024-09-05 15:50:21 - For additional web related logging consider setting the 'logging.level.web' property to 'DEBUG'
2024-09-05 15:50:22 - Bootstrapping Spring Data JPA repositories in DEFAULT mode.
2024-09-05 15:50:22 - Finished Spring Data repository scanning in 96 ms. Found 15 JPA repository interfaces.
2024-09-05 15:50:23 - Tomcat initialized with port 5001 (http)
2024-09-05 15:50:23 - Initializing ProtocolHandler ["http-nio-5001"]
2024-09-05 15:50:23 - Starting service [Tomcat]
2024-09-05 15:50:23 - Starting Servlet engine: [Apache Tomcat/10.1.26]
2024-09-05 15:50:23 - Initializing Spring embedded WebApplicationContext
2024-09-05 15:50:23 - Root WebApplicationContext: initialization completed in 1951 ms
2024-09-05 15:50:23 - HHH000204: Processing PersistenceUnitInfo [name: default]
2024-09-05 15:50:23 - HHH000412: Hibernate ORM core version 6.5.2.Final
2024-09-05 15:50:23 - HHH000026: Second-level cache disabled
2024-09-05 15:50:23 - No LoadTimeWeaver setup: ignoring JPA class transformer
2024-09-05 15:50:23 - HHH90000021: Encountered deprecated setting [hibernate.temp.use_jdbc_metadata_defaults], use [hibernate.boot.allow_jdbc_metadata_access] instead
2024-09-05 15:50:23 - HHH90000025: PostgreSQLDialect does not need to be specified explicitly using 'hibernate.dialect' (remove the property setting and it will be selected by default)
2024-09-05 15:50:25 - HHH000489: No JTA platform available (set 'hibernate.transaction.jta.platform' to enable JTA platform integration)
2024-09-05 15:50:25 - HikariPool-1 - Starting...
2024-09-05 15:50:25 - HikariPool-1 - Added connection org.postgresql.jdbc.PgConnection@6213e793
2024-09-05 15:50:25 - HikariPool-1 - Start completed.
2024-09-05 15:50:25 - Initialized JPA EntityManagerFactory for persistence unit 'default'
2024-09-05 15:50:25 - Hibernate is in classpath; If applicable, HQL parser will be used.
2024-09-05 15:50:26 - No authentication manager set. Reauthentication of users when changing passwords will not be performed.
2024-09-05 15:50:26 - Global AuthenticationManager configured with UserDetailsService bean with name userDetaisManager
2024-09-05 15:50:27 - LiveReload server is running on port 35729
2024-09-05 15:50:27 - Starting ProtocolHandler ["http-nio-5001"]
2024-09-05 15:50:27 - Tomcat started on port 5001 (http) with context path '/'
2024-09-05 15:50:27 - Started SpringThymeleafApplication in 7.068 seconds (process running for 7.716)
