2024-11-05 10:49:11 - HV000001: Hibernate Validator 8.0.1.Final
2024-11-05 10:49:11 - Starting SpringThymeleafApplication using Java 21.0.4 with PID 19600 (C:\Users\fernando.correa\Documents\GitHub\workspace2023\ceasadev_2024\target\classes started by fernando.correa in C:\Users\fernando.correa\Documents\GitHub\workspace2023\ceasadev_2024)
2024-11-05 10:49:11 - No active profile set, falling back to 1 default profile: "default"
2024-11-05 10:49:11 - Devtools property defaults active! Set 'spring.devtools.add-properties' to 'false' to disable
2024-11-05 10:49:11 - For additional web related logging consider setting the 'logging.level.web' property to 'DEBUG'
2024-11-05 10:49:12 - Bootstrapping Spring Data JPA repositories in DEFAULT mode.
2024-11-05 10:49:12 - Finished Spring Data repository scanning in 95 ms. Found 16 JPA repository interfaces.
2024-11-05 10:49:13 - Tomcat initialized with port 5001 (http)
2024-11-05 10:49:13 - Initializing ProtocolHandler ["http-nio-5001"]
2024-11-05 10:49:13 - Starting service [Tomcat]
2024-11-05 10:49:13 - Starting Servlet engine: [Apache Tomcat/10.1.26]
2024-11-05 10:49:13 - Initializing Spring embedded WebApplicationContext
2024-11-05 10:49:13 - Root WebApplicationContext: initialization completed in 1810 ms
2024-11-05 10:49:13 - HHH000204: Processing PersistenceUnitInfo [name: default]
2024-11-05 10:49:13 - HHH000412: Hibernate ORM core version 6.5.2.Final
2024-11-05 10:49:13 - HHH000026: Second-level cache disabled
2024-11-05 10:49:13 - No LoadTimeWeaver setup: ignoring JPA class transformer
2024-11-05 10:49:13 - HHH90000021: Encountered deprecated setting [hibernate.temp.use_jdbc_metadata_defaults], use [hibernate.boot.allow_jdbc_metadata_access] instead
2024-11-05 10:49:13 - HHH90000025: PostgreSQLDialect does not need to be specified explicitly using 'hibernate.dialect' (remove the property setting and it will be selected by default)
2024-11-05 10:49:15 - HHH000489: No JTA platform available (set 'hibernate.transaction.jta.platform' to enable JTA platform integration)
2024-11-05 10:49:15 - HikariPool-1 - Starting...
2024-11-05 10:49:15 - HikariPool-1 - Added connection org.postgresql.jdbc.PgConnection@76a59dfa
2024-11-05 10:49:15 - HikariPool-1 - Start completed.
2024-11-05 10:49:15 - Initialized JPA EntityManagerFactory for persistence unit 'default'
2024-11-05 10:49:16 - Hibernate is in classpath; If applicable, HQL parser will be used.
2024-11-05 10:49:16 - No authentication manager set. Reauthentication of users when changing passwords will not be performed.
2024-11-05 10:49:16 - Global AuthenticationManager configured with UserDetailsService bean with name userDetaisManager
2024-11-05 10:49:17 - LiveReload server is running on port 35729
2024-11-05 10:49:18 - Starting ProtocolHandler ["http-nio-5001"]
2024-11-05 10:49:18 - Tomcat started on port 5001 (http) with context path '/'
2024-11-05 10:49:18 - Started SpringThymeleafApplication in 7.308 seconds (process running for 7.903)
2024-11-05 10:50:03 - Initializing Spring DispatcherServlet 'dispatcherServlet'
2024-11-05 10:50:03 - Initializing Servlet 'dispatcherServlet'
2024-11-05 10:50:03 - Completed initialization in 1 ms
2024-11-05 11:21:34 - Restarting due to 1 class path change (0 additions, 0 deletions, 1 modification)
2024-11-05 11:21:34 - Stopping ProtocolHandler ["http-nio-5001"]
2024-11-05 11:21:34 - Closing JPA EntityManagerFactory for persistence unit 'default'
2024-11-05 11:21:34 - HikariPool-1 - Shutdown initiated...
2024-11-05 11:21:34 - HikariPool-1 - Shutdown completed.
2024-11-05 11:21:34 - Starting SpringThymeleafApplication using Java 21.0.4 with PID 19600 (C:\Users\fernando.correa\Documents\GitHub\workspace2023\ceasadev_2024\target\classes started by fernando.correa in C:\Users\fernando.correa\Documents\GitHub\workspace2023\ceasadev_2024)
2024-11-05 11:21:34 - No active profile set, falling back to 1 default profile: "default"
2024-11-05 11:21:34 - Bootstrapping Spring Data JPA repositories in DEFAULT mode.
2024-11-05 11:21:34 - Finished Spring Data repository scanning in 51 ms. Found 16 JPA repository interfaces.
2024-11-05 11:21:34 - Tomcat initialized with port 5001 (http)
2024-11-05 11:21:34 - Initializing ProtocolHandler ["http-nio-5001"]
2024-11-05 11:21:34 - Starting service [Tomcat]
2024-11-05 11:21:34 - Starting Servlet engine: [Apache Tomcat/10.1.26]
2024-11-05 11:21:34 - Initializing Spring embedded WebApplicationContext
2024-11-05 11:21:34 - Root WebApplicationContext: initialization completed in 562 ms
2024-11-05 11:21:34 - HHH000204: Processing PersistenceUnitInfo [name: default]
2024-11-05 11:21:34 - HHH000026: Second-level cache disabled
2024-11-05 11:21:34 - No LoadTimeWeaver setup: ignoring JPA class transformer
2024-11-05 11:21:34 - HHH90000021: Encountered deprecated setting [hibernate.temp.use_jdbc_metadata_defaults], use [hibernate.boot.allow_jdbc_metadata_access] instead
2024-11-05 11:21:34 - HHH90000025: PostgreSQLDialect does not need to be specified explicitly using 'hibernate.dialect' (remove the property setting and it will be selected by default)
2024-11-05 11:21:35 - HHH000489: No JTA platform available (set 'hibernate.transaction.jta.platform' to enable JTA platform integration)
2024-11-05 11:21:35 - HikariPool-2 - Starting...
2024-11-05 11:21:35 - HikariPool-2 - Added connection org.postgresql.jdbc.PgConnection@4c4e1df9
2024-11-05 11:21:35 - HikariPool-2 - Start completed.
2024-11-05 11:21:35 - Initialized JPA EntityManagerFactory for persistence unit 'default'
2024-11-05 11:21:35 - No authentication manager set. Reauthentication of users when changing passwords will not be performed.
2024-11-05 11:21:35 - Global AuthenticationManager configured with UserDetailsService bean with name userDetaisManager
2024-11-05 11:21:36 - LiveReload server is running on port 35729
2024-11-05 11:21:36 - Starting ProtocolHandler ["http-nio-5001"]
2024-11-05 11:21:36 - Tomcat started on port 5001 (http) with context path '/'
2024-11-05 11:21:36 - Started SpringThymeleafApplication in 2.102 seconds (process running for 1946.145)
2024-11-05 11:21:36 - Condition evaluation unchanged
2024-11-05 11:22:15 - Initializing Spring DispatcherServlet 'dispatcherServlet'
2024-11-05 11:22:15 - Initializing Servlet 'dispatcherServlet'
2024-11-05 11:22:15 - Completed initialization in 2 ms
2024-11-05 11:22:15 - SQL Error: 0, SQLState: 42703
2024-11-05 11:22:15 - ERROR: column c.valorcomum does not exist
  Dica: Perhaps you meant to reference the column "c.valor_comum".
  Posição: 117
2024-11-05 11:22:15 - Servlet.service() for servlet [dispatcherServlet] in context with path [] threw exception [Request processing failed: org.springframework.dao.InvalidDataAccessResourceUsageException: JDBC exception executing SQL [SELECT prop.codigo AS codigoPropriedade, m.codigo AS codigoMunicipio, SUM(i.quantidade * e.peso) AS total_peso, AVG(c.valorComum) AS valorComum FROM item_de_nota i JOIN propriedade prop ON i.propriedade_id = prop.id JOIN nota n ON i.nota_id = n.id JOIN municipio m ON n.municipio_id = m.id JOIN cotacao c ON prop.id = c.propriedade_id JOIN embalagem e ON i.embalagem_id = e.id WHERE EXTRACT(YEAR FROM n.data) = ? AND EXTRACT(MONTH FROM n.data) = ? GROUP BY prop.codigo, m.codigo] [ERROR: column c.valorcomum does not exist
  Dica: Perhaps you meant to reference the column "c.valor_comum".
  Posição: 117] [n/a]; SQL [n/a]] with root cause
org.postgresql.util.PSQLException: ERROR: column c.valorcomum does not exist
  Dica: Perhaps you meant to reference the column "c.valor_comum".
  Posição: 117
	at org.postgresql.core.v3.QueryExecutorImpl.receiveErrorResponse(QueryExecutorImpl.java:2725)
	at org.postgresql.core.v3.QueryExecutorImpl.processResults(QueryExecutorImpl.java:2412)
	at org.postgresql.core.v3.QueryExecutorImpl.execute(QueryExecutorImpl.java:371)
	at org.postgresql.jdbc.PgStatement.executeInternal(PgStatement.java:502)
	at org.postgresql.jdbc.PgStatement.execute(PgStatement.java:419)
	at org.postgresql.jdbc.PgPreparedStatement.executeWithFlags(PgPreparedStatement.java:194)
	at org.postgresql.jdbc.PgPreparedStatement.executeQuery(PgPreparedStatement.java:137)
	at com.zaxxer.hikari.pool.ProxyPreparedStatement.executeQuery(ProxyPreparedStatement.java:52)
	at com.zaxxer.hikari.pool.HikariProxyPreparedStatement.executeQuery(HikariProxyPreparedStatement.java)
	at org.hibernate.sql.results.jdbc.internal.DeferredResultSetAccess.executeQuery(DeferredResultSetAccess.java:246)
	at org.hibernate.sql.results.jdbc.internal.DeferredResultSetAccess.getResultSet(DeferredResultSetAccess.java:167)
	at org.hibernate.sql.results.jdbc.internal.AbstractResultSetAccess.getMetaData(AbstractResultSetAccess.java:36)
	at org.hibernate.sql.results.jdbc.internal.AbstractResultSetAccess.getColumnCount(AbstractResultSetAccess.java:52)
	at org.hibernate.query.results.ResultSetMappingImpl.resolve(ResultSetMappingImpl.java:193)
	at org.hibernate.sql.exec.internal.JdbcSelectExecutorStandardImpl.resolveJdbcValuesSource(JdbcSelectExecutorStandardImpl.java:327)
	at org.hibernate.sql.exec.internal.JdbcSelectExecutorStandardImpl.doExecuteQuery(JdbcSelectExecutorStandardImpl.java:115)
	at org.hibernate.sql.exec.internal.JdbcSelectExecutorStandardImpl.executeQuery(JdbcSelectExecutorStandardImpl.java:83)
	at org.hibernate.sql.exec.spi.JdbcSelectExecutor.list(JdbcSelectExecutor.java:76)
	at org.hibernate.sql.exec.spi.JdbcSelectExecutor.list(JdbcSelectExecutor.java:65)
	at org.hibernate.query.sql.internal.NativeSelectQueryPlanImpl.performList(NativeSelectQueryPlanImpl.java:138)
	at org.hibernate.query.sql.internal.NativeQueryImpl.doList(NativeQueryImpl.java:628)
	at org.hibernate.query.spi.AbstractSelectionQuery.list(AbstractSelectionQuery.java:423)
	at org.hibernate.query.Query.getResultList(Query.java:120)
	at org.springframework.data.jpa.repository.query.JpaQueryExecution$CollectionExecution.doExecute(JpaQueryExecution.java:129)
	at org.springframework.data.jpa.repository.query.JpaQueryExecution.execute(JpaQueryExecution.java:92)
	at org.springframework.data.jpa.repository.query.AbstractJpaQuery.doExecute(AbstractJpaQuery.java:152)
	at org.springframework.data.jpa.repository.query.AbstractJpaQuery.execute(AbstractJpaQuery.java:140)
	at org.springframework.data.repository.core.support.RepositoryMethodInvoker.doInvoke(RepositoryMethodInvoker.java:170)
	at org.springframework.data.repository.core.support.RepositoryMethodInvoker.invoke(RepositoryMethodInvoker.java:158)
	at org.springframework.data.repository.core.support.QueryExecutorMethodInterceptor.doInvoke(QueryExecutorMethodInterceptor.java:164)
	at org.springframework.data.repository.core.support.QueryExecutorMethodInterceptor.invoke(QueryExecutorMethodInterceptor.java:143)
	at org.springframework.aop.framework.ReflectiveMethodInvocation.proceed(ReflectiveMethodInvocation.java:184)
	at org.springframework.data.projection.DefaultMethodInvokingMethodInterceptor.invoke(DefaultMethodInvokingMethodInterceptor.java:70)
	at org.springframework.aop.framework.ReflectiveMethodInvocation.proceed(ReflectiveMethodInvocation.java:184)
	at org.springframework.transaction.interceptor.TransactionAspectSupport.invokeWithinTransaction(TransactionAspectSupport.java:379)
	at org.springframework.transaction.interceptor.TransactionInterceptor.invoke(TransactionInterceptor.java:119)
	at org.springframework.aop.framework.ReflectiveMethodInvocation.proceed(ReflectiveMethodInvocation.java:184)
	at org.springframework.dao.support.PersistenceExceptionTranslationInterceptor.invoke(PersistenceExceptionTranslationInterceptor.java:138)
	at org.springframework.aop.framework.ReflectiveMethodInvocation.proceed(ReflectiveMethodInvocation.java:184)
	at org.springframework.data.jpa.repository.support.CrudMethodMetadataPostProcessor$CrudMethodMetadataPopulatingMethodInterceptor.invoke(CrudMethodMetadataPostProcessor.java:136)
	at org.springframework.aop.framework.ReflectiveMethodInvocation.proceed(ReflectiveMethodInvocation.java:184)
	at org.springframework.aop.interceptor.ExposeInvocationInterceptor.invoke(ExposeInvocationInterceptor.java:97)
	at org.springframework.aop.framework.ReflectiveMethodInvocation.proceed(ReflectiveMethodInvocation.java:184)
	at org.springframework.aop.framework.JdkDynamicAopProxy.invoke(JdkDynamicAopProxy.java:223)
	at jdk.proxy5/jdk.proxy5.$Proxy195.findDadosParaProhort(Unknown Source)
	at com.flc.springthymeleaf.service.ExportacaoProhortService.gerarArquivoProhort(ExportacaoProhortService.java:22)
	at com.flc.springthymeleaf.web.ExportacaoProhortController.exportarProhort(ExportacaoProhortController.java:34)
	at java.base/jdk.internal.reflect.DirectMethodHandleAccessor.invoke(DirectMethodHandleAccessor.java:103)
	at java.base/java.lang.reflect.Method.invoke(Method.java:580)
	at org.springframework.web.method.support.InvocableHandlerMethod.doInvoke(InvocableHandlerMethod.java:255)
	at org.springframework.web.method.support.InvocableHandlerMethod.invokeForRequest(InvocableHandlerMethod.java:188)
	at org.springframework.web.servlet.mvc.method.annotation.ServletInvocableHandlerMethod.invokeAndHandle(ServletInvocableHandlerMethod.java:118)
	at org.springframework.web.servlet.mvc.method.annotation.RequestMappingHandlerAdapter.invokeHandlerMethod(RequestMappingHandlerAdapter.java:926)
	at org.springframework.web.servlet.mvc.method.annotation.RequestMappingHandlerAdapter.handleInternal(RequestMappingHandlerAdapter.java:831)
	at org.springframework.web.servlet.mvc.method.AbstractHandlerMethodAdapter.handle(AbstractHandlerMethodAdapter.java:87)
	at org.springframework.web.servlet.DispatcherServlet.doDispatch(DispatcherServlet.java:1089)
	at org.springframework.web.servlet.DispatcherServlet.doService(DispatcherServlet.java:979)
	at org.springframework.web.servlet.FrameworkServlet.processRequest(FrameworkServlet.java:1014)
	at org.springframework.web.servlet.FrameworkServlet.doGet(FrameworkServlet.java:903)
	at jakarta.servlet.http.HttpServlet.service(HttpServlet.java:564)
	at org.springframework.web.servlet.FrameworkServlet.service(FrameworkServlet.java:885)
	at jakarta.servlet.http.HttpServlet.service(HttpServlet.java:658)
	at org.apache.catalina.core.ApplicationFilterChain.internalDoFilter(ApplicationFilterChain.java:195)
	at org.apache.catalina.core.ApplicationFilterChain.doFilter(ApplicationFilterChain.java:140)
	at org.apache.tomcat.websocket.server.WsFilter.doFilter(WsFilter.java:51)
	at org.apache.catalina.core.ApplicationFilterChain.internalDoFilter(ApplicationFilterChain.java:164)
	at org.apache.catalina.core.ApplicationFilterChain.doFilter(ApplicationFilterChain.java:140)
	at org.springframework.web.servlet.resource.ResourceUrlEncodingFilter.doFilter(ResourceUrlEncodingFilter.java:66)
	at org.apache.catalina.core.ApplicationFilterChain.internalDoFilter(ApplicationFilterChain.java:164)
	at org.apache.catalina.core.ApplicationFilterChain.doFilter(ApplicationFilterChain.java:140)
	at org.springframework.web.filter.CompositeFilter$VirtualFilterChain.doFilter(CompositeFilter.java:108)
	at org.springframework.security.web.FilterChainProxy.lambda$doFilterInternal$3(FilterChainProxy.java:231)
	at org.springframework.security.web.FilterChainProxy$VirtualFilterChain.doFilter(FilterChainProxy.java:365)
	at org.springframework.security.web.access.intercept.AuthorizationFilter.doFilter(AuthorizationFilter.java:100)
	at org.springframework.security.web.FilterChainProxy$VirtualFilterChain.doFilter(FilterChainProxy.java:374)
	at org.springframework.security.web.access.ExceptionTranslationFilter.doFilter(ExceptionTranslationFilter.java:126)
	at org.springframework.security.web.access.ExceptionTranslationFilter.doFilter(ExceptionTranslationFilter.java:120)
	at org.springframework.security.web.FilterChainProxy$VirtualFilterChain.doFilter(FilterChainProxy.java:374)
	at org.springframework.security.web.authentication.AnonymousAuthenticationFilter.doFilter(AnonymousAuthenticationFilter.java:100)
	at org.springframework.security.web.FilterChainProxy$VirtualFilterChain.doFilter(FilterChainProxy.java:374)
	at org.springframework.security.web.servletapi.SecurityContextHolderAwareRequestFilter.doFilter(SecurityContextHolderAwareRequestFilter.java:179)
	at org.springframework.security.web.FilterChainProxy$VirtualFilterChain.doFilter(FilterChainProxy.java:374)
	at org.springframework.security.web.savedrequest.RequestCacheAwareFilter.doFilter(RequestCacheAwareFilter.java:63)
	at org.springframework.security.web.FilterChainProxy$VirtualFilterChain.doFilter(FilterChainProxy.java:374)
	at org.springframework.security.web.authentication.www.BasicAuthenticationFilter.doFilterInternal(BasicAuthenticationFilter.java:181)
	at org.springframework.web.filter.OncePerRequestFilter.doFilter(OncePerRequestFilter.java:116)
	at org.springframework.security.web.FilterChainProxy$VirtualFilterChain.doFilter(FilterChainProxy.java:374)
	at org.springframework.security.web.authentication.AbstractAuthenticationProcessingFilter.doFilter(AbstractAuthenticationProcessingFilter.java:227)
	at org.springframework.security.web.authentication.AbstractAuthenticationProcessingFilter.doFilter(AbstractAuthenticationProcessingFilter.java:221)
	at org.springframework.security.web.FilterChainProxy$VirtualFilterChain.doFilter(FilterChainProxy.java:374)
	at org.springframework.security.web.authentication.logout.LogoutFilter.doFilter(LogoutFilter.java:107)
	at org.springframework.security.web.authentication.logout.LogoutFilter.doFilter(LogoutFilter.java:93)
	at org.springframework.security.web.FilterChainProxy$VirtualFilterChain.doFilter(FilterChainProxy.java:374)
	at org.springframework.web.filter.CorsFilter.doFilterInternal(CorsFilter.java:91)
	at org.springframework.web.filter.OncePerRequestFilter.doFilter(OncePerRequestFilter.java:116)
	at org.springframework.security.web.FilterChainProxy$VirtualFilterChain.doFilter(FilterChainProxy.java:374)
	at org.springframework.security.web.header.HeaderWriterFilter.doHeadersAfter(HeaderWriterFilter.java:90)
	at org.springframework.security.web.header.HeaderWriterFilter.doFilterInternal(HeaderWriterFilter.java:75)
	at org.springframework.web.filter.OncePerRequestFilter.doFilter(OncePerRequestFilter.java:116)
	at org.springframework.security.web.FilterChainProxy$VirtualFilterChain.doFilter(FilterChainProxy.java:374)
	at org.springframework.security.web.context.SecurityContextHolderFilter.doFilter(SecurityContextHolderFilter.java:82)
	at org.springframework.security.web.context.SecurityContextHolderFilter.doFilter(SecurityContextHolderFilter.java:69)
	at org.springframework.security.web.FilterChainProxy$VirtualFilterChain.doFilter(FilterChainProxy.java:374)
	at org.springframework.security.web.context.request.async.WebAsyncManagerIntegrationFilter.doFilterInternal(WebAsyncManagerIntegrationFilter.java:62)
	at org.springframework.web.filter.OncePerRequestFilter.doFilter(OncePerRequestFilter.java:116)
	at org.springframework.security.web.FilterChainProxy$VirtualFilterChain.doFilter(FilterChainProxy.java:374)
	at org.springframework.security.web.session.DisableEncodeUrlFilter.doFilterInternal(DisableEncodeUrlFilter.java:42)
	at org.springframework.web.filter.OncePerRequestFilter.doFilter(OncePerRequestFilter.java:116)
	at org.springframework.security.web.FilterChainProxy$VirtualFilterChain.doFilter(FilterChainProxy.java:374)
	at org.springframework.security.web.FilterChainProxy.doFilterInternal(FilterChainProxy.java:233)
	at org.springframework.security.web.FilterChainProxy.doFilter(FilterChainProxy.java:191)
	at org.springframework.web.filter.CompositeFilter$VirtualFilterChain.doFilter(CompositeFilter.java:113)
	at org.springframework.web.servlet.handler.HandlerMappingIntrospector.lambda$createCacheFilter$3(HandlerMappingIntrospector.java:195)
	at org.springframework.web.filter.CompositeFilter$VirtualFilterChain.doFilter(CompositeFilter.java:113)
	at org.springframework.web.filter.CompositeFilter.doFilter(CompositeFilter.java:74)
	at org.springframework.security.config.annotation.web.configuration.WebMvcSecurityConfiguration$CompositeFilterChainProxy.doFilter(WebMvcSecurityConfiguration.java:230)
	at org.springframework.web.filter.DelegatingFilterProxy.invokeDelegate(DelegatingFilterProxy.java:352)
	at org.springframework.web.filter.DelegatingFilterProxy.doFilter(DelegatingFilterProxy.java:268)
	at org.apache.catalina.core.ApplicationFilterChain.internalDoFilter(ApplicationFilterChain.java:164)
	at org.apache.catalina.core.ApplicationFilterChain.doFilter(ApplicationFilterChain.java:140)
	at org.springframework.web.filter.RequestContextFilter.doFilterInternal(RequestContextFilter.java:100)
	at org.springframework.web.filter.OncePerRequestFilter.doFilter(OncePerRequestFilter.java:116)
	at org.apache.catalina.core.ApplicationFilterChain.internalDoFilter(ApplicationFilterChain.java:164)
	at org.apache.catalina.core.ApplicationFilterChain.doFilter(ApplicationFilterChain.java:140)
	at org.springframework.web.filter.FormContentFilter.doFilterInternal(FormContentFilter.java:93)
	at org.springframework.web.filter.OncePerRequestFilter.doFilter(OncePerRequestFilter.java:116)
	at org.apache.catalina.core.ApplicationFilterChain.internalDoFilter(ApplicationFilterChain.java:164)
	at org.apache.catalina.core.ApplicationFilterChain.doFilter(ApplicationFilterChain.java:140)
	at org.springframework.web.filter.CharacterEncodingFilter.doFilterInternal(CharacterEncodingFilter.java:201)
	at org.springframework.web.filter.OncePerRequestFilter.doFilter(OncePerRequestFilter.java:116)
	at org.apache.catalina.core.ApplicationFilterChain.internalDoFilter(ApplicationFilterChain.java:164)
	at org.apache.catalina.core.ApplicationFilterChain.doFilter(ApplicationFilterChain.java:140)
	at org.apache.catalina.core.StandardWrapperValve.invoke(StandardWrapperValve.java:167)
	at org.apache.catalina.core.StandardContextValve.invoke(StandardContextValve.java:90)
	at org.apache.catalina.authenticator.AuthenticatorBase.invoke(AuthenticatorBase.java:483)
	at org.apache.catalina.core.StandardHostValve.invoke(StandardHostValve.java:115)
	at org.apache.catalina.valves.ErrorReportValve.invoke(ErrorReportValve.java:93)
	at org.apache.catalina.core.StandardEngineValve.invoke(StandardEngineValve.java:74)
	at org.apache.catalina.connector.CoyoteAdapter.service(CoyoteAdapter.java:344)
	at org.apache.coyote.http11.Http11Processor.service(Http11Processor.java:389)
	at org.apache.coyote.AbstractProcessorLight.process(AbstractProcessorLight.java:63)
	at org.apache.coyote.AbstractProtocol$ConnectionHandler.process(AbstractProtocol.java:904)
	at org.apache.tomcat.util.net.NioEndpoint$SocketProcessor.doRun(NioEndpoint.java:1741)
	at org.apache.tomcat.util.net.SocketProcessorBase.run(SocketProcessorBase.java:52)
	at org.apache.tomcat.util.threads.ThreadPoolExecutor.runWorker(ThreadPoolExecutor.java:1190)
	at org.apache.tomcat.util.threads.ThreadPoolExecutor$Worker.run(ThreadPoolExecutor.java:659)
	at org.apache.tomcat.util.threads.TaskThread$WrappingRunnable.run(TaskThread.java:63)
	at java.base/java.lang.Thread.run(Thread.java:1583)
2024-11-05 11:23:08 - Restarting due to 1 class path change (0 additions, 0 deletions, 1 modification)
2024-11-05 11:23:08 - Stopping ProtocolHandler ["http-nio-5001"]
2024-11-05 11:23:08 - Closing JPA EntityManagerFactory for persistence unit 'default'
2024-11-05 11:23:08 - HikariPool-2 - Shutdown initiated...
2024-11-05 11:23:08 - HikariPool-2 - Shutdown completed.
2024-11-05 11:23:08 - Starting SpringThymeleafApplication using Java 21.0.4 with PID 19600 (C:\Users\fernando.correa\Documents\GitHub\workspace2023\ceasadev_2024\target\classes started by fernando.correa in C:\Users\fernando.correa\Documents\GitHub\workspace2023\ceasadev_2024)
2024-11-05 11:23:08 - No active profile set, falling back to 1 default profile: "default"
2024-11-05 11:23:08 - Bootstrapping Spring Data JPA repositories in DEFAULT mode.
2024-11-05 11:23:08 - Finished Spring Data repository scanning in 43 ms. Found 16 JPA repository interfaces.
2024-11-05 11:23:08 - Tomcat initialized with port 5001 (http)
2024-11-05 11:23:08 - Initializing ProtocolHandler ["http-nio-5001"]
2024-11-05 11:23:08 - Starting service [Tomcat]
2024-11-05 11:23:08 - Starting Servlet engine: [Apache Tomcat/10.1.26]
2024-11-05 11:23:08 - Initializing Spring embedded WebApplicationContext
2024-11-05 11:23:08 - Root WebApplicationContext: initialization completed in 410 ms
2024-11-05 11:23:08 - HHH000204: Processing PersistenceUnitInfo [name: default]
2024-11-05 11:23:08 - HHH000026: Second-level cache disabled
2024-11-05 11:23:08 - No LoadTimeWeaver setup: ignoring JPA class transformer
2024-11-05 11:23:08 - HHH90000021: Encountered deprecated setting [hibernate.temp.use_jdbc_metadata_defaults], use [hibernate.boot.allow_jdbc_metadata_access] instead
2024-11-05 11:23:08 - HHH90000025: PostgreSQLDialect does not need to be specified explicitly using 'hibernate.dialect' (remove the property setting and it will be selected by default)
2024-11-05 11:23:09 - HHH000489: No JTA platform available (set 'hibernate.transaction.jta.platform' to enable JTA platform integration)
2024-11-05 11:23:09 - HikariPool-3 - Starting...
2024-11-05 11:23:09 - HikariPool-3 - Added connection org.postgresql.jdbc.PgConnection@3aaf16ec
2024-11-05 11:23:09 - HikariPool-3 - Start completed.
2024-11-05 11:23:09 - Initialized JPA EntityManagerFactory for persistence unit 'default'
2024-11-05 11:23:09 - No authentication manager set. Reauthentication of users when changing passwords will not be performed.
2024-11-05 11:23:09 - Global AuthenticationManager configured with UserDetailsService bean with name userDetaisManager
2024-11-05 11:23:10 - LiveReload server is running on port 35729
2024-11-05 11:23:10 - Starting ProtocolHandler ["http-nio-5001"]
2024-11-05 11:23:10 - Tomcat started on port 5001 (http) with context path '/'
2024-11-05 11:23:10 - Started SpringThymeleafApplication in 1.69 seconds (process running for 2039.976)
2024-11-05 11:23:10 - Condition evaluation unchanged
2024-11-05 11:23:12 - Initializing Spring DispatcherServlet 'dispatcherServlet'
2024-11-05 11:23:12 - Initializing Servlet 'dispatcherServlet'
2024-11-05 11:23:12 - Completed initialization in 1 ms
2024-11-05 14:17:26 - Restarting due to 1 class path change (1 addition, 0 deletions, 0 modifications)
2024-11-05 14:17:26 - Stopping ProtocolHandler ["http-nio-5001"]
2024-11-05 14:17:26 - Closing JPA EntityManagerFactory for persistence unit 'default'
2024-11-05 14:17:26 - HikariPool-3 - Shutdown initiated...
2024-11-05 14:17:26 - HikariPool-3 - Shutdown completed.
2024-11-05 14:17:27 - Starting SpringThymeleafApplication using Java 21.0.4 with PID 19600 (C:\Users\fernando.correa\Documents\GitHub\workspace2023\ceasadev_2024\target\classes started by fernando.correa in C:\Users\fernando.correa\Documents\GitHub\workspace2023\ceasadev_2024)
2024-11-05 14:17:27 - No active profile set, falling back to 1 default profile: "default"
2024-11-05 14:17:27 - Bootstrapping Spring Data JPA repositories in DEFAULT mode.
2024-11-05 14:17:27 - Finished Spring Data repository scanning in 68 ms. Found 16 JPA repository interfaces.
2024-11-05 14:17:27 - Tomcat initialized with port 5001 (http)
2024-11-05 14:17:27 - Initializing ProtocolHandler ["http-nio-5001"]
2024-11-05 14:17:27 - Starting service [Tomcat]
2024-11-05 14:17:27 - Starting Servlet engine: [Apache Tomcat/10.1.26]
2024-11-05 14:17:27 - Initializing Spring embedded WebApplicationContext
2024-11-05 14:17:27 - Root WebApplicationContext: initialization completed in 761 ms
2024-11-05 14:17:27 - HHH000204: Processing PersistenceUnitInfo [name: default]
2024-11-05 14:17:27 - HHH000026: Second-level cache disabled
2024-11-05 14:17:27 - No LoadTimeWeaver setup: ignoring JPA class transformer
2024-11-05 14:17:27 - HHH90000021: Encountered deprecated setting [hibernate.temp.use_jdbc_metadata_defaults], use [hibernate.boot.allow_jdbc_metadata_access] instead
2024-11-05 14:17:27 - HHH90000025: PostgreSQLDialect does not need to be specified explicitly using 'hibernate.dialect' (remove the property setting and it will be selected by default)
2024-11-05 14:17:28 - HHH000489: No JTA platform available (set 'hibernate.transaction.jta.platform' to enable JTA platform integration)
2024-11-05 14:17:28 - HikariPool-4 - Starting...
2024-11-05 14:17:28 - HikariPool-4 - Added connection org.postgresql.jdbc.PgConnection@29063967
2024-11-05 14:17:28 - HikariPool-4 - Start completed.
2024-11-05 14:17:28 - Initialized JPA EntityManagerFactory for persistence unit 'default'
2024-11-05 14:17:29 - No authentication manager set. Reauthentication of users when changing passwords will not be performed.
2024-11-05 14:17:29 - Global AuthenticationManager configured with UserDetailsService bean with name userDetaisManager
2024-11-05 14:17:29 - LiveReload server is running on port 35729
2024-11-05 14:17:29 - Starting ProtocolHandler ["http-nio-5001"]
2024-11-05 14:17:29 - Tomcat started on port 5001 (http) with context path '/'
2024-11-05 14:17:29 - Started SpringThymeleafApplication in 2.778 seconds (process running for 12499.555)
2024-11-05 14:17:29 - Condition evaluation unchanged
2024-11-05 14:17:41 - Restarting due to 1 class path change (0 additions, 0 deletions, 1 modification)
2024-11-05 14:17:41 - Stopping ProtocolHandler ["http-nio-5001"]
2024-11-05 14:17:41 - Closing JPA EntityManagerFactory for persistence unit 'default'
2024-11-05 14:17:41 - HikariPool-4 - Shutdown initiated...
2024-11-05 14:17:41 - HikariPool-4 - Shutdown completed.
2024-11-05 14:17:41 - Starting SpringThymeleafApplication using Java 21.0.4 with PID 19600 (C:\Users\fernando.correa\Documents\GitHub\workspace2023\ceasadev_2024\target\classes started by fernando.correa in C:\Users\fernando.correa\Documents\GitHub\workspace2023\ceasadev_2024)
2024-11-05 14:17:41 - No active profile set, falling back to 1 default profile: "default"
2024-11-05 14:17:41 - Bootstrapping Spring Data JPA repositories in DEFAULT mode.
2024-11-05 14:17:41 - Finished Spring Data repository scanning in 48 ms. Found 16 JPA repository interfaces.
2024-11-05 14:17:41 - Tomcat initialized with port 5001 (http)
2024-11-05 14:17:41 - Initializing ProtocolHandler ["http-nio-5001"]
2024-11-05 14:17:41 - Starting service [Tomcat]
2024-11-05 14:17:41 - Starting Servlet engine: [Apache Tomcat/10.1.26]
2024-11-05 14:17:41 - Initializing Spring embedded WebApplicationContext
2024-11-05 14:17:41 - Root WebApplicationContext: initialization completed in 450 ms
2024-11-05 14:17:41 - HHH000204: Processing PersistenceUnitInfo [name: default]
2024-11-05 14:17:41 - HHH000026: Second-level cache disabled
2024-11-05 14:17:41 - No LoadTimeWeaver setup: ignoring JPA class transformer
2024-11-05 14:17:41 - HHH90000021: Encountered deprecated setting [hibernate.temp.use_jdbc_metadata_defaults], use [hibernate.boot.allow_jdbc_metadata_access] instead
2024-11-05 14:17:41 - HHH90000025: PostgreSQLDialect does not need to be specified explicitly using 'hibernate.dialect' (remove the property setting and it will be selected by default)
2024-11-05 14:17:42 - HHH000489: No JTA platform available (set 'hibernate.transaction.jta.platform' to enable JTA platform integration)
2024-11-05 14:17:42 - HikariPool-5 - Starting...
2024-11-05 14:17:42 - HikariPool-5 - Added connection org.postgresql.jdbc.PgConnection@73d85546
2024-11-05 14:17:42 - HikariPool-5 - Start completed.
2024-11-05 14:17:42 - Initialized JPA EntityManagerFactory for persistence unit 'default'
2024-11-05 14:17:42 - No authentication manager set. Reauthentication of users when changing passwords will not be performed.
2024-11-05 14:17:42 - Global AuthenticationManager configured with UserDetailsService bean with name userDetaisManager
2024-11-05 14:17:43 - LiveReload server is running on port 35729
2024-11-05 14:17:43 - Starting ProtocolHandler ["http-nio-5001"]
2024-11-05 14:17:43 - Tomcat started on port 5001 (http) with context path '/'
2024-11-05 14:17:43 - Started SpringThymeleafApplication in 1.804 seconds (process running for 12513.032)
2024-11-05 14:17:43 - Condition evaluation unchanged
2024-11-05 14:20:17 - Restarting due to 1 class path change (1 addition, 0 deletions, 0 modifications)
2024-11-05 14:20:17 - Stopping ProtocolHandler ["http-nio-5001"]
2024-11-05 14:20:17 - Closing JPA EntityManagerFactory for persistence unit 'default'
2024-11-05 14:20:17 - HikariPool-5 - Shutdown initiated...
2024-11-05 14:20:17 - HikariPool-5 - Shutdown completed.
2024-11-05 14:20:17 - Starting SpringThymeleafApplication using Java 21.0.4 with PID 19600 (C:\Users\fernando.correa\Documents\GitHub\workspace2023\ceasadev_2024\target\classes started by fernando.correa in C:\Users\fernando.correa\Documents\GitHub\workspace2023\ceasadev_2024)
2024-11-05 14:20:17 - No active profile set, falling back to 1 default profile: "default"
2024-11-05 14:20:17 - Bootstrapping Spring Data JPA repositories in DEFAULT mode.
2024-11-05 14:20:17 - Finished Spring Data repository scanning in 44 ms. Found 16 JPA repository interfaces.
2024-11-05 14:20:17 - Tomcat initialized with port 5001 (http)
2024-11-05 14:20:17 - Initializing ProtocolHandler ["http-nio-5001"]
2024-11-05 14:20:17 - Starting service [Tomcat]
2024-11-05 14:20:17 - Starting Servlet engine: [Apache Tomcat/10.1.26]
2024-11-05 14:20:17 - Initializing Spring embedded WebApplicationContext
2024-11-05 14:20:17 - Root WebApplicationContext: initialization completed in 361 ms
2024-11-05 14:20:17 - HHH000204: Processing PersistenceUnitInfo [name: default]
2024-11-05 14:20:17 - HHH000026: Second-level cache disabled
2024-11-05 14:20:17 - No LoadTimeWeaver setup: ignoring JPA class transformer
2024-11-05 14:20:17 - HHH90000021: Encountered deprecated setting [hibernate.temp.use_jdbc_metadata_defaults], use [hibernate.boot.allow_jdbc_metadata_access] instead
2024-11-05 14:20:17 - HHH90000025: PostgreSQLDialect does not need to be specified explicitly using 'hibernate.dialect' (remove the property setting and it will be selected by default)
2024-11-05 14:20:18 - HHH000489: No JTA platform available (set 'hibernate.transaction.jta.platform' to enable JTA platform integration)
2024-11-05 14:20:18 - HikariPool-6 - Starting...
2024-11-05 14:20:18 - HikariPool-6 - Added connection org.postgresql.jdbc.PgConnection@3de16885
2024-11-05 14:20:18 - HikariPool-6 - Start completed.
2024-11-05 14:20:18 - Initialized JPA EntityManagerFactory for persistence unit 'default'
2024-11-05 14:20:18 - No authentication manager set. Reauthentication of users when changing passwords will not be performed.
2024-11-05 14:20:18 - Global AuthenticationManager configured with UserDetailsService bean with name userDetaisManager
2024-11-05 14:20:19 - LiveReload server is running on port 35729
2024-11-05 14:20:19 - Starting ProtocolHandler ["http-nio-5001"]
2024-11-05 14:20:19 - Tomcat started on port 5001 (http) with context path '/'
2024-11-05 14:20:19 - Started SpringThymeleafApplication in 1.533 seconds (process running for 12668.83)
2024-11-05 14:20:19 - Condition evaluation unchanged
2024-11-05 14:21:31 - Restarting due to 1 class path change (0 additions, 0 deletions, 1 modification)
2024-11-05 14:21:31 - Stopping ProtocolHandler ["http-nio-5001"]
2024-11-05 14:21:31 - Closing JPA EntityManagerFactory for persistence unit 'default'
2024-11-05 14:21:31 - HikariPool-6 - Shutdown initiated...
2024-11-05 14:21:31 - HikariPool-6 - Shutdown completed.
2024-11-05 14:21:31 - Starting SpringThymeleafApplication using Java 21.0.4 with PID 19600 (C:\Users\fernando.correa\Documents\GitHub\workspace2023\ceasadev_2024\target\classes started by fernando.correa in C:\Users\fernando.correa\Documents\GitHub\workspace2023\ceasadev_2024)
2024-11-05 14:21:31 - No active profile set, falling back to 1 default profile: "default"
2024-11-05 14:21:31 - Bootstrapping Spring Data JPA repositories in DEFAULT mode.
2024-11-05 14:21:31 - Finished Spring Data repository scanning in 42 ms. Found 16 JPA repository interfaces.
2024-11-05 14:21:31 - Tomcat initialized with port 5001 (http)
2024-11-05 14:21:31 - Initializing ProtocolHandler ["http-nio-5001"]
2024-11-05 14:21:31 - Starting service [Tomcat]
2024-11-05 14:21:31 - Starting Servlet engine: [Apache Tomcat/10.1.26]
2024-11-05 14:21:31 - Initializing Spring embedded WebApplicationContext
2024-11-05 14:21:31 - Root WebApplicationContext: initialization completed in 362 ms
2024-11-05 14:21:31 - HHH000204: Processing PersistenceUnitInfo [name: default]
2024-11-05 14:21:31 - HHH000026: Second-level cache disabled
2024-11-05 14:21:31 - No LoadTimeWeaver setup: ignoring JPA class transformer
2024-11-05 14:21:31 - HHH90000021: Encountered deprecated setting [hibernate.temp.use_jdbc_metadata_defaults], use [hibernate.boot.allow_jdbc_metadata_access] instead
2024-11-05 14:21:31 - HHH90000025: PostgreSQLDialect does not need to be specified explicitly using 'hibernate.dialect' (remove the property setting and it will be selected by default)
2024-11-05 14:21:32 - HHH000489: No JTA platform available (set 'hibernate.transaction.jta.platform' to enable JTA platform integration)
2024-11-05 14:21:32 - HikariPool-7 - Starting...
2024-11-05 14:21:32 - HikariPool-7 - Added connection org.postgresql.jdbc.PgConnection@2855e3f1
2024-11-05 14:21:32 - HikariPool-7 - Start completed.
2024-11-05 14:21:32 - Initialized JPA EntityManagerFactory for persistence unit 'default'
2024-11-05 14:21:32 - No authentication manager set. Reauthentication of users when changing passwords will not be performed.
2024-11-05 14:21:32 - Global AuthenticationManager configured with UserDetailsService bean with name userDetaisManager
2024-11-05 14:21:32 - LiveReload server is running on port 35729
2024-11-05 14:21:32 - Starting ProtocolHandler ["http-nio-5001"]
2024-11-05 14:21:32 - Tomcat started on port 5001 (http) with context path '/'
2024-11-05 14:21:32 - Started SpringThymeleafApplication in 1.51 seconds (process running for 12742.713)
2024-11-05 14:21:32 - Condition evaluation unchanged
2024-11-05 14:24:22 - Restarting due to 1 class path change (0 additions, 0 deletions, 1 modification)
2024-11-05 14:24:22 - Stopping ProtocolHandler ["http-nio-5001"]
2024-11-05 14:24:22 - Closing JPA EntityManagerFactory for persistence unit 'default'
2024-11-05 14:24:22 - HikariPool-7 - Shutdown initiated...
2024-11-05 14:24:22 - HikariPool-7 - Shutdown completed.
2024-11-05 14:24:22 - Starting SpringThymeleafApplication using Java 21.0.4 with PID 19600 (C:\Users\fernando.correa\Documents\GitHub\workspace2023\ceasadev_2024\target\classes started by fernando.correa in C:\Users\fernando.correa\Documents\GitHub\workspace2023\ceasadev_2024)
2024-11-05 14:24:22 - No active profile set, falling back to 1 default profile: "default"
2024-11-05 14:24:23 - Bootstrapping Spring Data JPA repositories in DEFAULT mode.
2024-11-05 14:24:23 - Finished Spring Data repository scanning in 40 ms. Found 16 JPA repository interfaces.
2024-11-05 14:24:23 - Tomcat initialized with port 5001 (http)
2024-11-05 14:24:23 - Initializing ProtocolHandler ["http-nio-5001"]
2024-11-05 14:24:23 - Starting service [Tomcat]
2024-11-05 14:24:23 - Starting Servlet engine: [Apache Tomcat/10.1.26]
2024-11-05 14:24:23 - Initializing Spring embedded WebApplicationContext
2024-11-05 14:24:23 - Root WebApplicationContext: initialization completed in 358 ms
2024-11-05 14:24:23 - HHH000204: Processing PersistenceUnitInfo [name: default]
2024-11-05 14:24:23 - HHH000026: Second-level cache disabled
2024-11-05 14:24:23 - No LoadTimeWeaver setup: ignoring JPA class transformer
2024-11-05 14:24:23 - HHH90000021: Encountered deprecated setting [hibernate.temp.use_jdbc_metadata_defaults], use [hibernate.boot.allow_jdbc_metadata_access] instead
2024-11-05 14:24:23 - HHH90000025: PostgreSQLDialect does not need to be specified explicitly using 'hibernate.dialect' (remove the property setting and it will be selected by default)
2024-11-05 14:24:23 - HHH000489: No JTA platform available (set 'hibernate.transaction.jta.platform' to enable JTA platform integration)
2024-11-05 14:24:23 - HikariPool-8 - Starting...
2024-11-05 14:24:23 - HikariPool-8 - Added connection org.postgresql.jdbc.PgConnection@355a4750
2024-11-05 14:24:23 - HikariPool-8 - Start completed.
2024-11-05 14:24:23 - Initialized JPA EntityManagerFactory for persistence unit 'default'
2024-11-05 14:24:24 - No authentication manager set. Reauthentication of users when changing passwords will not be performed.
2024-11-05 14:24:24 - Global AuthenticationManager configured with UserDetailsService bean with name userDetaisManager
2024-11-05 14:24:24 - LiveReload server is running on port 35729
2024-11-05 14:24:24 - Starting ProtocolHandler ["http-nio-5001"]
2024-11-05 14:24:24 - Tomcat started on port 5001 (http) with context path '/'
2024-11-05 14:24:24 - Started SpringThymeleafApplication in 1.521 seconds (process running for 12914.1)
2024-11-05 14:24:24 - Condition evaluation unchanged
2024-11-05 14:25:10 - Restarting due to 1 class path change (0 additions, 0 deletions, 1 modification)
2024-11-05 14:25:10 - Stopping ProtocolHandler ["http-nio-5001"]
2024-11-05 14:25:10 - Closing JPA EntityManagerFactory for persistence unit 'default'
2024-11-05 14:25:10 - HikariPool-8 - Shutdown initiated...
2024-11-05 14:25:10 - HikariPool-8 - Shutdown completed.
2024-11-05 14:25:10 - Starting SpringThymeleafApplication using Java 21.0.4 with PID 19600 (C:\Users\fernando.correa\Documents\GitHub\workspace2023\ceasadev_2024\target\classes started by fernando.correa in C:\Users\fernando.correa\Documents\GitHub\workspace2023\ceasadev_2024)
2024-11-05 14:25:10 - No active profile set, falling back to 1 default profile: "default"
2024-11-05 14:25:10 - Bootstrapping Spring Data JPA repositories in DEFAULT mode.
2024-11-05 14:25:10 - Finished Spring Data repository scanning in 41 ms. Found 16 JPA repository interfaces.
2024-11-05 14:25:10 - Tomcat initialized with port 5001 (http)
2024-11-05 14:25:10 - Initializing ProtocolHandler ["http-nio-5001"]
2024-11-05 14:25:10 - Starting service [Tomcat]
2024-11-05 14:25:10 - Starting Servlet engine: [Apache Tomcat/10.1.26]
2024-11-05 14:25:11 - Initializing Spring embedded WebApplicationContext
2024-11-05 14:25:11 - Root WebApplicationContext: initialization completed in 354 ms
2024-11-05 14:25:11 - HHH000204: Processing PersistenceUnitInfo [name: default]
2024-11-05 14:25:11 - HHH000026: Second-level cache disabled
2024-11-05 14:25:11 - No LoadTimeWeaver setup: ignoring JPA class transformer
2024-11-05 14:25:11 - HHH90000021: Encountered deprecated setting [hibernate.temp.use_jdbc_metadata_defaults], use [hibernate.boot.allow_jdbc_metadata_access] instead
2024-11-05 14:25:11 - HHH90000025: PostgreSQLDialect does not need to be specified explicitly using 'hibernate.dialect' (remove the property setting and it will be selected by default)
2024-11-05 14:25:11 - HHH000489: No JTA platform available (set 'hibernate.transaction.jta.platform' to enable JTA platform integration)
2024-11-05 14:25:11 - HikariPool-9 - Starting...
2024-11-05 14:25:11 - HikariPool-9 - Added connection org.postgresql.jdbc.PgConnection@577feaea
2024-11-05 14:25:11 - HikariPool-9 - Start completed.
2024-11-05 14:25:11 - Initialized JPA EntityManagerFactory for persistence unit 'default'
2024-11-05 14:25:11 - No authentication manager set. Reauthentication of users when changing passwords will not be performed.
2024-11-05 14:25:11 - Global AuthenticationManager configured with UserDetailsService bean with name userDetaisManager
2024-11-05 14:25:12 - LiveReload server is running on port 35729
2024-11-05 14:25:12 - Starting ProtocolHandler ["http-nio-5001"]
2024-11-05 14:25:12 - Tomcat started on port 5001 (http) with context path '/'
2024-11-05 14:25:12 - Started SpringThymeleafApplication in 1.419 seconds (process running for 12961.846)
2024-11-05 14:25:12 - Condition evaluation unchanged
2024-11-05 14:26:11 - Restarting due to 1 class path change (0 additions, 0 deletions, 1 modification)
2024-11-05 14:26:11 - Stopping ProtocolHandler ["http-nio-5001"]
2024-11-05 14:26:11 - Closing JPA EntityManagerFactory for persistence unit 'default'
2024-11-05 14:26:11 - HikariPool-9 - Shutdown initiated...
2024-11-05 14:26:11 - HikariPool-9 - Shutdown completed.
2024-11-05 14:26:11 - Starting SpringThymeleafApplication using Java 21.0.4 with PID 19600 (C:\Users\fernando.correa\Documents\GitHub\workspace2023\ceasadev_2024\target\classes started by fernando.correa in C:\Users\fernando.correa\Documents\GitHub\workspace2023\ceasadev_2024)
2024-11-05 14:26:11 - No active profile set, falling back to 1 default profile: "default"
2024-11-05 14:26:12 - Bootstrapping Spring Data JPA repositories in DEFAULT mode.
2024-11-05 14:26:12 - Finished Spring Data repository scanning in 41 ms. Found 16 JPA repository interfaces.
2024-11-05 14:26:12 - Tomcat initialized with port 5001 (http)
2024-11-05 14:26:12 - Initializing ProtocolHandler ["http-nio-5001"]
2024-11-05 14:26:12 - Starting service [Tomcat]
2024-11-05 14:26:12 - Starting Servlet engine: [Apache Tomcat/10.1.26]
2024-11-05 14:26:12 - Initializing Spring embedded WebApplicationContext
2024-11-05 14:26:12 - Root WebApplicationContext: initialization completed in 367 ms
2024-11-05 14:26:12 - HHH000204: Processing PersistenceUnitInfo [name: default]
2024-11-05 14:26:12 - HHH000026: Second-level cache disabled
2024-11-05 14:26:12 - No LoadTimeWeaver setup: ignoring JPA class transformer
2024-11-05 14:26:12 - HHH90000021: Encountered deprecated setting [hibernate.temp.use_jdbc_metadata_defaults], use [hibernate.boot.allow_jdbc_metadata_access] instead
2024-11-05 14:26:12 - HHH90000025: PostgreSQLDialect does not need to be specified explicitly using 'hibernate.dialect' (remove the property setting and it will be selected by default)
2024-11-05 14:26:12 - HHH000489: No JTA platform available (set 'hibernate.transaction.jta.platform' to enable JTA platform integration)
2024-11-05 14:26:12 - HikariPool-10 - Starting...
2024-11-05 14:26:12 - HikariPool-10 - Added connection org.postgresql.jdbc.PgConnection@2d02ee01
2024-11-05 14:26:12 - HikariPool-10 - Start completed.
2024-11-05 14:26:12 - Initialized JPA EntityManagerFactory for persistence unit 'default'
2024-11-05 14:26:13 - No authentication manager set. Reauthentication of users when changing passwords will not be performed.
2024-11-05 14:26:13 - Global AuthenticationManager configured with UserDetailsService bean with name userDetaisManager
2024-11-05 14:26:13 - LiveReload server is running on port 35729
2024-11-05 14:26:13 - Starting ProtocolHandler ["http-nio-5001"]
2024-11-05 14:26:13 - Tomcat started on port 5001 (http) with context path '/'
2024-11-05 14:26:13 - Started SpringThymeleafApplication in 1.413 seconds (process running for 13023.052)
2024-11-05 14:26:13 - Condition evaluation unchanged
2024-11-05 14:26:14 - Restarting due to 1 class path change (0 additions, 0 deletions, 1 modification)
2024-11-05 14:26:14 - Stopping ProtocolHandler ["http-nio-5001"]
2024-11-05 14:26:14 - Closing JPA EntityManagerFactory for persistence unit 'default'
2024-11-05 14:26:14 - HikariPool-10 - Shutdown initiated...
2024-11-05 14:26:14 - HikariPool-10 - Shutdown completed.
2024-11-05 14:26:15 - Starting SpringThymeleafApplication using Java 21.0.4 with PID 19600 (C:\Users\fernando.correa\Documents\GitHub\workspace2023\ceasadev_2024\target\classes started by fernando.correa in C:\Users\fernando.correa\Documents\GitHub\workspace2023\ceasadev_2024)
2024-11-05 14:26:15 - No active profile set, falling back to 1 default profile: "default"
2024-11-05 14:26:15 - Bootstrapping Spring Data JPA repositories in DEFAULT mode.
2024-11-05 14:26:15 - Finished Spring Data repository scanning in 38 ms. Found 16 JPA repository interfaces.
2024-11-05 14:26:15 - Tomcat initialized with port 5001 (http)
2024-11-05 14:26:15 - Initializing ProtocolHandler ["http-nio-5001"]
2024-11-05 14:26:15 - Starting service [Tomcat]
2024-11-05 14:26:15 - Starting Servlet engine: [Apache Tomcat/10.1.26]
2024-11-05 14:26:15 - Initializing Spring embedded WebApplicationContext
2024-11-05 14:26:15 - Root WebApplicationContext: initialization completed in 308 ms
2024-11-05 14:26:15 - HHH000204: Processing PersistenceUnitInfo [name: default]
2024-11-05 14:26:15 - HHH000026: Second-level cache disabled
2024-11-05 14:26:15 - No LoadTimeWeaver setup: ignoring JPA class transformer
2024-11-05 14:26:15 - HHH90000021: Encountered deprecated setting [hibernate.temp.use_jdbc_metadata_defaults], use [hibernate.boot.allow_jdbc_metadata_access] instead
2024-11-05 14:26:15 - HHH90000025: PostgreSQLDialect does not need to be specified explicitly using 'hibernate.dialect' (remove the property setting and it will be selected by default)
2024-11-05 14:26:15 - HHH000489: No JTA platform available (set 'hibernate.transaction.jta.platform' to enable JTA platform integration)
2024-11-05 14:26:15 - HikariPool-11 - Starting...
2024-11-05 14:26:15 - HikariPool-11 - Added connection org.postgresql.jdbc.PgConnection@34e0cbe6
2024-11-05 14:26:15 - HikariPool-11 - Start completed.
2024-11-05 14:26:15 - Initialized JPA EntityManagerFactory for persistence unit 'default'
2024-11-05 14:26:16 - No authentication manager set. Reauthentication of users when changing passwords will not be performed.
2024-11-05 14:26:16 - Global AuthenticationManager configured with UserDetailsService bean with name userDetaisManager
2024-11-05 14:26:16 - LiveReload server is running on port 35729
2024-11-05 14:26:16 - Starting ProtocolHandler ["http-nio-5001"]
2024-11-05 14:26:16 - Tomcat started on port 5001 (http) with context path '/'
2024-11-05 14:26:16 - Started SpringThymeleafApplication in 1.305 seconds (process running for 13026.139)
2024-11-05 14:26:16 - Condition evaluation unchanged
2024-11-05 14:26:52 - Restarting due to 1 class path change (0 additions, 0 deletions, 1 modification)
2024-11-05 14:26:52 - Stopping ProtocolHandler ["http-nio-5001"]
2024-11-05 14:26:52 - Closing JPA EntityManagerFactory for persistence unit 'default'
2024-11-05 14:26:52 - HikariPool-11 - Shutdown initiated...
2024-11-05 14:26:52 - HikariPool-11 - Shutdown completed.
2024-11-05 14:26:52 - Starting SpringThymeleafApplication using Java 21.0.4 with PID 19600 (C:\Users\fernando.correa\Documents\GitHub\workspace2023\ceasadev_2024\target\classes started by fernando.correa in C:\Users\fernando.correa\Documents\GitHub\workspace2023\ceasadev_2024)
2024-11-05 14:26:52 - No active profile set, falling back to 1 default profile: "default"
2024-11-05 14:26:52 - Bootstrapping Spring Data JPA repositories in DEFAULT mode.
2024-11-05 14:26:52 - Finished Spring Data repository scanning in 39 ms. Found 16 JPA repository interfaces.
2024-11-05 14:26:52 - Tomcat initialized with port 5001 (http)
2024-11-05 14:26:53 - Initializing ProtocolHandler ["http-nio-5001"]
2024-11-05 14:26:53 - Starting service [Tomcat]
2024-11-05 14:26:53 - Starting Servlet engine: [Apache Tomcat/10.1.26]
2024-11-05 14:26:53 - Initializing Spring embedded WebApplicationContext
2024-11-05 14:26:53 - Root WebApplicationContext: initialization completed in 320 ms
2024-11-05 14:26:53 - HHH000204: Processing PersistenceUnitInfo [name: default]
2024-11-05 14:26:53 - HHH000026: Second-level cache disabled
2024-11-05 14:26:53 - No LoadTimeWeaver setup: ignoring JPA class transformer
2024-11-05 14:26:53 - HHH90000021: Encountered deprecated setting [hibernate.temp.use_jdbc_metadata_defaults], use [hibernate.boot.allow_jdbc_metadata_access] instead
2024-11-05 14:26:53 - HHH90000025: PostgreSQLDialect does not need to be specified explicitly using 'hibernate.dialect' (remove the property setting and it will be selected by default)
2024-11-05 14:26:53 - HHH000489: No JTA platform available (set 'hibernate.transaction.jta.platform' to enable JTA platform integration)
2024-11-05 14:26:53 - HikariPool-12 - Starting...
2024-11-05 14:26:53 - HikariPool-12 - Added connection org.postgresql.jdbc.PgConnection@5409dde4
2024-11-05 14:26:53 - HikariPool-12 - Start completed.
2024-11-05 14:26:53 - Initialized JPA EntityManagerFactory for persistence unit 'default'
2024-11-05 14:26:53 - No authentication manager set. Reauthentication of users when changing passwords will not be performed.
2024-11-05 14:26:53 - Global AuthenticationManager configured with UserDetailsService bean with name userDetaisManager
2024-11-05 14:26:54 - LiveReload server is running on port 35729
2024-11-05 14:26:54 - Starting ProtocolHandler ["http-nio-5001"]
2024-11-05 14:26:54 - Tomcat started on port 5001 (http) with context path '/'
2024-11-05 14:26:54 - Started SpringThymeleafApplication in 1.336 seconds (process running for 13063.828)
2024-11-05 14:26:54 - Condition evaluation unchanged
2024-11-05 14:28:12 - Restarting due to 1 class path change (0 additions, 0 deletions, 1 modification)
2024-11-05 14:28:12 - Stopping ProtocolHandler ["http-nio-5001"]
2024-11-05 14:28:12 - Closing JPA EntityManagerFactory for persistence unit 'default'
2024-11-05 14:28:12 - HikariPool-12 - Shutdown initiated...
2024-11-05 14:28:12 - HikariPool-12 - Shutdown completed.
2024-11-05 14:28:12 - Starting SpringThymeleafApplication using Java 21.0.4 with PID 19600 (C:\Users\fernando.correa\Documents\GitHub\workspace2023\ceasadev_2024\target\classes started by fernando.correa in C:\Users\fernando.correa\Documents\GitHub\workspace2023\ceasadev_2024)
2024-11-05 14:28:12 - No active profile set, falling back to 1 default profile: "default"
2024-11-05 14:28:12 - Bootstrapping Spring Data JPA repositories in DEFAULT mode.
2024-11-05 14:28:12 - Finished Spring Data repository scanning in 35 ms. Found 16 JPA repository interfaces.
2024-11-05 14:28:13 - Tomcat initialized with port 5001 (http)
2024-11-05 14:28:13 - Initializing ProtocolHandler ["http-nio-5001"]
2024-11-05 14:28:13 - Starting service [Tomcat]
2024-11-05 14:28:13 - Starting Servlet engine: [Apache Tomcat/10.1.26]
2024-11-05 14:28:13 - Initializing Spring embedded WebApplicationContext
2024-11-05 14:28:13 - Root WebApplicationContext: initialization completed in 303 ms
2024-11-05 14:28:13 - HHH000204: Processing PersistenceUnitInfo [name: default]
2024-11-05 14:28:13 - HHH000026: Second-level cache disabled
2024-11-05 14:28:13 - No LoadTimeWeaver setup: ignoring JPA class transformer
2024-11-05 14:28:13 - HHH90000021: Encountered deprecated setting [hibernate.temp.use_jdbc_metadata_defaults], use [hibernate.boot.allow_jdbc_metadata_access] instead
2024-11-05 14:28:13 - HHH90000025: PostgreSQLDialect does not need to be specified explicitly using 'hibernate.dialect' (remove the property setting and it will be selected by default)
2024-11-05 14:28:13 - HHH000489: No JTA platform available (set 'hibernate.transaction.jta.platform' to enable JTA platform integration)
2024-11-05 14:28:13 - HikariPool-13 - Starting...
2024-11-05 14:28:13 - HikariPool-13 - Added connection org.postgresql.jdbc.PgConnection@4c1cc3ed
2024-11-05 14:28:13 - HikariPool-13 - Start completed.
2024-11-05 14:28:13 - Initialized JPA EntityManagerFactory for persistence unit 'default'
2024-11-05 14:28:13 - No authentication manager set. Reauthentication of users when changing passwords will not be performed.
2024-11-05 14:28:13 - Global AuthenticationManager configured with UserDetailsService bean with name userDetaisManager
2024-11-05 14:28:14 - LiveReload server is running on port 35729
2024-11-05 14:28:14 - Starting ProtocolHandler ["http-nio-5001"]
2024-11-05 14:28:14 - Tomcat started on port 5001 (http) with context path '/'
2024-11-05 14:28:14 - Started SpringThymeleafApplication in 1.287 seconds (process running for 13143.82)
2024-11-05 14:28:14 - Condition evaluation unchanged
2024-11-05 14:28:36 - Restarting due to 1 class path change (0 additions, 0 deletions, 1 modification)
2024-11-05 14:28:36 - Stopping ProtocolHandler ["http-nio-5001"]
2024-11-05 14:28:36 - Closing JPA EntityManagerFactory for persistence unit 'default'
2024-11-05 14:28:36 - HikariPool-13 - Shutdown initiated...
2024-11-05 14:28:36 - HikariPool-13 - Shutdown completed.
2024-11-05 14:28:36 - Starting SpringThymeleafApplication using Java 21.0.4 with PID 19600 (C:\Users\fernando.correa\Documents\GitHub\workspace2023\ceasadev_2024\target\classes started by fernando.correa in C:\Users\fernando.correa\Documents\GitHub\workspace2023\ceasadev_2024)
2024-11-05 14:28:36 - No active profile set, falling back to 1 default profile: "default"
2024-11-05 14:28:36 - Bootstrapping Spring Data JPA repositories in DEFAULT mode.
2024-11-05 14:28:36 - Finished Spring Data repository scanning in 33 ms. Found 16 JPA repository interfaces.
2024-11-05 14:28:36 - Tomcat initialized with port 5001 (http)
2024-11-05 14:28:36 - Initializing ProtocolHandler ["http-nio-5001"]
2024-11-05 14:28:36 - Starting service [Tomcat]
2024-11-05 14:28:36 - Starting Servlet engine: [Apache Tomcat/10.1.26]
2024-11-05 14:28:36 - Initializing Spring embedded WebApplicationContext
2024-11-05 14:28:36 - Root WebApplicationContext: initialization completed in 298 ms
2024-11-05 14:28:36 - HHH000204: Processing PersistenceUnitInfo [name: default]
2024-11-05 14:28:36 - HHH000026: Second-level cache disabled
2024-11-05 14:28:36 - No LoadTimeWeaver setup: ignoring JPA class transformer
2024-11-05 14:28:36 - HHH90000021: Encountered deprecated setting [hibernate.temp.use_jdbc_metadata_defaults], use [hibernate.boot.allow_jdbc_metadata_access] instead
2024-11-05 14:28:36 - HHH90000025: PostgreSQLDialect does not need to be specified explicitly using 'hibernate.dialect' (remove the property setting and it will be selected by default)
2024-11-05 14:28:36 - HHH000489: No JTA platform available (set 'hibernate.transaction.jta.platform' to enable JTA platform integration)
2024-11-05 14:28:36 - HikariPool-14 - Starting...
2024-11-05 14:28:36 - HikariPool-14 - Added connection org.postgresql.jdbc.PgConnection@6cf6d37c
2024-11-05 14:28:36 - HikariPool-14 - Start completed.
2024-11-05 14:28:37 - Initialized JPA EntityManagerFactory for persistence unit 'default'
2024-11-05 14:28:37 - No authentication manager set. Reauthentication of users when changing passwords will not be performed.
2024-11-05 14:28:37 - Global AuthenticationManager configured with UserDetailsService bean with name userDetaisManager
2024-11-05 14:28:37 - LiveReload server is running on port 35729
2024-11-05 14:28:37 - Starting ProtocolHandler ["http-nio-5001"]
2024-11-05 14:28:37 - Tomcat started on port 5001 (http) with context path '/'
2024-11-05 14:28:37 - Started SpringThymeleafApplication in 1.282 seconds (process running for 13167.474)
2024-11-05 14:28:37 - Condition evaluation unchanged
2024-11-05 14:33:32 - Restarting due to 1 class path change (0 additions, 0 deletions, 1 modification)
2024-11-05 14:33:32 - Stopping ProtocolHandler ["http-nio-5001"]
2024-11-05 14:33:32 - Closing JPA EntityManagerFactory for persistence unit 'default'
2024-11-05 14:33:32 - HikariPool-14 - Shutdown initiated...
2024-11-05 14:33:32 - HikariPool-14 - Shutdown completed.
2024-11-05 14:33:32 - Starting SpringThymeleafApplication using Java 21.0.4 with PID 19600 (C:\Users\fernando.correa\Documents\GitHub\workspace2023\ceasadev_2024\target\classes started by fernando.correa in C:\Users\fernando.correa\Documents\GitHub\workspace2023\ceasadev_2024)
2024-11-05 14:33:32 - No active profile set, falling back to 1 default profile: "default"
2024-11-05 14:33:32 - Bootstrapping Spring Data JPA repositories in DEFAULT mode.
2024-11-05 14:33:32 - Finished Spring Data repository scanning in 33 ms. Found 16 JPA repository interfaces.
2024-11-05 14:33:32 - Tomcat initialized with port 5001 (http)
2024-11-05 14:33:32 - Initializing ProtocolHandler ["http-nio-5001"]
2024-11-05 14:33:32 - Starting service [Tomcat]
2024-11-05 14:33:32 - Starting Servlet engine: [Apache Tomcat/10.1.26]
2024-11-05 14:33:32 - Initializing Spring embedded WebApplicationContext
2024-11-05 14:33:32 - Root WebApplicationContext: initialization completed in 311 ms
2024-11-05 14:33:33 - HHH000204: Processing PersistenceUnitInfo [name: default]
2024-11-05 14:33:33 - HHH000026: Second-level cache disabled
2024-11-05 14:33:33 - No LoadTimeWeaver setup: ignoring JPA class transformer
2024-11-05 14:33:33 - HHH90000021: Encountered deprecated setting [hibernate.temp.use_jdbc_metadata_defaults], use [hibernate.boot.allow_jdbc_metadata_access] instead
2024-11-05 14:33:33 - HHH90000025: PostgreSQLDialect does not need to be specified explicitly using 'hibernate.dialect' (remove the property setting and it will be selected by default)
2024-11-05 14:33:33 - HHH000489: No JTA platform available (set 'hibernate.transaction.jta.platform' to enable JTA platform integration)
2024-11-05 14:33:33 - HikariPool-15 - Starting...
2024-11-05 14:33:33 - HikariPool-15 - Added connection org.postgresql.jdbc.PgConnection@62dee332
2024-11-05 14:33:33 - HikariPool-15 - Start completed.
2024-11-05 14:33:33 - Initialized JPA EntityManagerFactory for persistence unit 'default'
2024-11-05 14:33:33 - No authentication manager set. Reauthentication of users when changing passwords will not be performed.
2024-11-05 14:33:33 - Global AuthenticationManager configured with UserDetailsService bean with name userDetaisManager
2024-11-05 14:33:33 - LiveReload server is running on port 35729
2024-11-05 14:33:33 - Starting ProtocolHandler ["http-nio-5001"]
2024-11-05 14:33:33 - Tomcat started on port 5001 (http) with context path '/'
2024-11-05 14:33:33 - Started SpringThymeleafApplication in 1.322 seconds (process running for 13463.779)
2024-11-05 14:33:33 - Condition evaluation unchanged
2024-11-05 14:34:24 - Restarting due to 1 class path change (0 additions, 0 deletions, 1 modification)
2024-11-05 14:34:24 - Stopping ProtocolHandler ["http-nio-5001"]
2024-11-05 14:34:24 - Closing JPA EntityManagerFactory for persistence unit 'default'
2024-11-05 14:34:24 - HikariPool-15 - Shutdown initiated...
2024-11-05 14:34:24 - HikariPool-15 - Shutdown completed.
2024-11-05 14:34:24 - Starting SpringThymeleafApplication using Java 21.0.4 with PID 19600 (C:\Users\fernando.correa\Documents\GitHub\workspace2023\ceasadev_2024\target\classes started by fernando.correa in C:\Users\fernando.correa\Documents\GitHub\workspace2023\ceasadev_2024)
2024-11-05 14:34:24 - No active profile set, falling back to 1 default profile: "default"
2024-11-05 14:34:24 - Bootstrapping Spring Data JPA repositories in DEFAULT mode.
2024-11-05 14:34:24 - Finished Spring Data repository scanning in 38 ms. Found 16 JPA repository interfaces.
2024-11-05 14:34:24 - Tomcat initialized with port 5001 (http)
2024-11-05 14:34:24 - Initializing ProtocolHandler ["http-nio-5001"]
2024-11-05 14:34:24 - Starting service [Tomcat]
2024-11-05 14:34:24 - Starting Servlet engine: [Apache Tomcat/10.1.26]
2024-11-05 14:34:24 - Initializing Spring embedded WebApplicationContext
2024-11-05 14:34:24 - Root WebApplicationContext: initialization completed in 345 ms
2024-11-05 14:34:25 - HHH000204: Processing PersistenceUnitInfo [name: default]
2024-11-05 14:34:25 - HHH000026: Second-level cache disabled
2024-11-05 14:34:25 - No LoadTimeWeaver setup: ignoring JPA class transformer
2024-11-05 14:34:25 - HHH90000021: Encountered deprecated setting [hibernate.temp.use_jdbc_metadata_defaults], use [hibernate.boot.allow_jdbc_metadata_access] instead
2024-11-05 14:34:25 - HHH90000025: PostgreSQLDialect does not need to be specified explicitly using 'hibernate.dialect' (remove the property setting and it will be selected by default)
2024-11-05 14:34:25 - HHH000489: No JTA platform available (set 'hibernate.transaction.jta.platform' to enable JTA platform integration)
2024-11-05 14:34:25 - HikariPool-16 - Starting...
2024-11-05 14:34:25 - HikariPool-16 - Added connection org.postgresql.jdbc.PgConnection@717d135f
2024-11-05 14:34:25 - HikariPool-16 - Start completed.
2024-11-05 14:34:25 - Initialized JPA EntityManagerFactory for persistence unit 'default'
2024-11-05 14:34:25 - No authentication manager set. Reauthentication of users when changing passwords will not be performed.
2024-11-05 14:34:25 - Global AuthenticationManager configured with UserDetailsService bean with name userDetaisManager
2024-11-05 14:34:25 - LiveReload server is running on port 35729
2024-11-05 14:34:25 - Starting ProtocolHandler ["http-nio-5001"]
2024-11-05 14:34:25 - Tomcat started on port 5001 (http) with context path '/'
2024-11-05 14:34:25 - Started SpringThymeleafApplication in 1.354 seconds (process running for 13515.773)
2024-11-05 14:34:25 - Condition evaluation unchanged
2024-11-05 14:36:32 - Initializing Spring DispatcherServlet 'dispatcherServlet'
2024-11-05 14:36:32 - Initializing Servlet 'dispatcherServlet'
2024-11-05 14:36:32 - Completed initialization in 1 ms
2024-11-05 14:47:16 - Restarting due to 1 class path change (0 additions, 0 deletions, 1 modification)
2024-11-05 14:47:16 - Stopping ProtocolHandler ["http-nio-5001"]
2024-11-05 14:47:16 - Closing JPA EntityManagerFactory for persistence unit 'default'
2024-11-05 14:47:16 - HikariPool-16 - Shutdown initiated...
2024-11-05 14:47:16 - HikariPool-16 - Shutdown completed.
2024-11-05 14:47:16 - Starting SpringThymeleafApplication using Java 21.0.4 with PID 19600 (C:\Users\fernando.correa\Documents\GitHub\workspace2023\ceasadev_2024\target\classes started by fernando.correa in C:\Users\fernando.correa\Documents\GitHub\workspace2023\ceasadev_2024)
2024-11-05 14:47:16 - No active profile set, falling back to 1 default profile: "default"
2024-11-05 14:47:16 - Bootstrapping Spring Data JPA repositories in DEFAULT mode.
2024-11-05 14:47:16 - Finished Spring Data repository scanning in 36 ms. Found 16 JPA repository interfaces.
2024-11-05 14:47:17 - Tomcat initialized with port 5001 (http)
2024-11-05 14:47:17 - Initializing ProtocolHandler ["http-nio-5001"]
2024-11-05 14:47:17 - Starting service [Tomcat]
2024-11-05 14:47:17 - Starting Servlet engine: [Apache Tomcat/10.1.26]
2024-11-05 14:47:17 - Initializing Spring embedded WebApplicationContext
2024-11-05 14:47:17 - Root WebApplicationContext: initialization completed in 351 ms
2024-11-05 14:47:17 - HHH000204: Processing PersistenceUnitInfo [name: default]
2024-11-05 14:47:17 - HHH000026: Second-level cache disabled
2024-11-05 14:47:17 - No LoadTimeWeaver setup: ignoring JPA class transformer
2024-11-05 14:47:17 - HHH90000021: Encountered deprecated setting [hibernate.temp.use_jdbc_metadata_defaults], use [hibernate.boot.allow_jdbc_metadata_access] instead
2024-11-05 14:47:17 - HHH90000025: PostgreSQLDialect does not need to be specified explicitly using 'hibernate.dialect' (remove the property setting and it will be selected by default)
2024-11-05 14:47:17 - HHH000489: No JTA platform available (set 'hibernate.transaction.jta.platform' to enable JTA platform integration)
2024-11-05 14:47:17 - HikariPool-17 - Starting...
2024-11-05 14:47:17 - HikariPool-17 - Added connection org.postgresql.jdbc.PgConnection@10c0421e
2024-11-05 14:47:17 - HikariPool-17 - Start completed.
2024-11-05 14:47:17 - Initialized JPA EntityManagerFactory for persistence unit 'default'
2024-11-05 14:47:17 - No authentication manager set. Reauthentication of users when changing passwords will not be performed.
2024-11-05 14:47:17 - Global AuthenticationManager configured with UserDetailsService bean with name userDetaisManager
2024-11-05 14:47:18 - LiveReload server is running on port 35729
2024-11-05 14:47:18 - Starting ProtocolHandler ["http-nio-5001"]
2024-11-05 14:47:18 - Tomcat started on port 5001 (http) with context path '/'
2024-11-05 14:47:18 - Started SpringThymeleafApplication in 1.409 seconds (process running for 14287.926)
2024-11-05 14:47:18 - Condition evaluation unchanged
2024-11-05 14:47:19 - Initializing Spring DispatcherServlet 'dispatcherServlet'
2024-11-05 14:47:19 - Initializing Servlet 'dispatcherServlet'
2024-11-05 14:47:19 - Completed initialization in 1 ms
2024-11-05 14:53:03 - Restarting due to 1 class path change (0 additions, 0 deletions, 1 modification)
2024-11-05 14:53:03 - Stopping ProtocolHandler ["http-nio-5001"]
2024-11-05 14:53:03 - Closing JPA EntityManagerFactory for persistence unit 'default'
2024-11-05 14:53:03 - HikariPool-17 - Shutdown initiated...
2024-11-05 14:53:03 - HikariPool-17 - Shutdown completed.
2024-11-05 14:53:04 - Starting SpringThymeleafApplication using Java 21.0.4 with PID 19600 (C:\Users\fernando.correa\Documents\GitHub\workspace2023\ceasadev_2024\target\classes started by fernando.correa in C:\Users\fernando.correa\Documents\GitHub\workspace2023\ceasadev_2024)
2024-11-05 14:53:04 - No active profile set, falling back to 1 default profile: "default"
2024-11-05 14:53:04 - Bootstrapping Spring Data JPA repositories in DEFAULT mode.
2024-11-05 14:53:04 - Finished Spring Data repository scanning in 56 ms. Found 16 JPA repository interfaces.
2024-11-05 14:53:04 - Tomcat initialized with port 5001 (http)
2024-11-05 14:53:04 - Initializing ProtocolHandler ["http-nio-5001"]
2024-11-05 14:53:04 - Starting service [Tomcat]
2024-11-05 14:53:04 - Starting Servlet engine: [Apache Tomcat/10.1.26]
2024-11-05 14:53:04 - Initializing Spring embedded WebApplicationContext
2024-11-05 14:53:04 - Root WebApplicationContext: initialization completed in 420 ms
2024-11-05 14:53:04 - HHH000204: Processing PersistenceUnitInfo [name: default]
2024-11-05 14:53:04 - HHH000026: Second-level cache disabled
2024-11-05 14:53:04 - No LoadTimeWeaver setup: ignoring JPA class transformer
2024-11-05 14:53:04 - HHH90000021: Encountered deprecated setting [hibernate.temp.use_jdbc_metadata_defaults], use [hibernate.boot.allow_jdbc_metadata_access] instead
2024-11-05 14:53:04 - HHH90000025: PostgreSQLDialect does not need to be specified explicitly using 'hibernate.dialect' (remove the property setting and it will be selected by default)
2024-11-05 14:53:04 - HHH000489: No JTA platform available (set 'hibernate.transaction.jta.platform' to enable JTA platform integration)
2024-11-05 14:53:04 - HikariPool-18 - Starting...
2024-11-05 14:53:04 - HikariPool-18 - Added connection org.postgresql.jdbc.PgConnection@5587619e
2024-11-05 14:53:04 - HikariPool-18 - Start completed.
2024-11-05 14:53:05 - Initialized JPA EntityManagerFactory for persistence unit 'default'
2024-11-05 14:53:05 - No authentication manager set. Reauthentication of users when changing passwords will not be performed.
2024-11-05 14:53:05 - Global AuthenticationManager configured with UserDetailsService bean with name userDetaisManager
2024-11-05 14:53:05 - LiveReload server is running on port 35729
2024-11-05 14:53:05 - Starting ProtocolHandler ["http-nio-5001"]
2024-11-05 14:53:05 - Tomcat started on port 5001 (http) with context path '/'
2024-11-05 14:53:05 - Started SpringThymeleafApplication in 1.5 seconds (process running for 14635.353)
2024-11-05 14:53:05 - Condition evaluation unchanged
2024-11-05 14:53:05 - Initializing Spring DispatcherServlet 'dispatcherServlet'
2024-11-05 14:53:05 - Initializing Servlet 'dispatcherServlet'
2024-11-05 14:53:05 - Completed initialization in 2 ms
2024-11-05 14:53:19 - Restarting due to 1 class path change (0 additions, 0 deletions, 1 modification)
2024-11-05 14:53:19 - Stopping ProtocolHandler ["http-nio-5001"]
2024-11-05 14:53:19 - Closing JPA EntityManagerFactory for persistence unit 'default'
2024-11-05 14:53:19 - HikariPool-18 - Shutdown initiated...
2024-11-05 14:53:19 - HikariPool-18 - Shutdown completed.
2024-11-05 14:53:20 - Starting SpringThymeleafApplication using Java 21.0.4 with PID 19600 (C:\Users\fernando.correa\Documents\GitHub\workspace2023\ceasadev_2024\target\classes started by fernando.correa in C:\Users\fernando.correa\Documents\GitHub\workspace2023\ceasadev_2024)
2024-11-05 14:53:20 - No active profile set, falling back to 1 default profile: "default"
2024-11-05 14:53:20 - Bootstrapping Spring Data JPA repositories in DEFAULT mode.
2024-11-05 14:53:20 - Finished Spring Data repository scanning in 38 ms. Found 16 JPA repository interfaces.
2024-11-05 14:53:20 - Tomcat initialized with port 5001 (http)
2024-11-05 14:53:20 - Initializing ProtocolHandler ["http-nio-5001"]
2024-11-05 14:53:20 - Starting service [Tomcat]
2024-11-05 14:53:20 - Starting Servlet engine: [Apache Tomcat/10.1.26]
2024-11-05 14:53:20 - Initializing Spring embedded WebApplicationContext
2024-11-05 14:53:20 - Root WebApplicationContext: initialization completed in 310 ms
2024-11-05 14:53:20 - HHH000204: Processing PersistenceUnitInfo [name: default]
2024-11-05 14:53:20 - HHH000026: Second-level cache disabled
2024-11-05 14:53:20 - No LoadTimeWeaver setup: ignoring JPA class transformer
2024-11-05 14:53:20 - HHH90000021: Encountered deprecated setting [hibernate.temp.use_jdbc_metadata_defaults], use [hibernate.boot.allow_jdbc_metadata_access] instead
2024-11-05 14:53:20 - HHH90000025: PostgreSQLDialect does not need to be specified explicitly using 'hibernate.dialect' (remove the property setting and it will be selected by default)
2024-11-05 14:53:20 - HHH000489: No JTA platform available (set 'hibernate.transaction.jta.platform' to enable JTA platform integration)
2024-11-05 14:53:20 - HikariPool-19 - Starting...
2024-11-05 14:53:20 - HikariPool-19 - Added connection org.postgresql.jdbc.PgConnection@5b72cabd
2024-11-05 14:53:20 - HikariPool-19 - Start completed.
2024-11-05 14:53:20 - Initialized JPA EntityManagerFactory for persistence unit 'default'
2024-11-05 14:53:21 - No authentication manager set. Reauthentication of users when changing passwords will not be performed.
2024-11-05 14:53:21 - Global AuthenticationManager configured with UserDetailsService bean with name userDetaisManager
2024-11-05 14:53:21 - LiveReload server is running on port 35729
2024-11-05 14:53:21 - Starting ProtocolHandler ["http-nio-5001"]
2024-11-05 14:53:21 - Tomcat started on port 5001 (http) with context path '/'
2024-11-05 14:53:21 - Started SpringThymeleafApplication in 1.324 seconds (process running for 14651.171)
2024-11-05 14:53:21 - Condition evaluation unchanged
2024-11-05 14:53:23 - Initializing Spring DispatcherServlet 'dispatcherServlet'
2024-11-05 14:53:23 - Initializing Servlet 'dispatcherServlet'
2024-11-05 14:53:23 - Completed initialization in 1 ms
2024-11-05 15:41:08 - Restarting due to 1 class path change (0 additions, 0 deletions, 1 modification)
2024-11-05 15:41:08 - Stopping ProtocolHandler ["http-nio-5001"]
2024-11-05 15:41:08 - Closing JPA EntityManagerFactory for persistence unit 'default'
2024-11-05 15:41:08 - HikariPool-19 - Shutdown initiated...
2024-11-05 15:41:08 - HikariPool-19 - Shutdown completed.
2024-11-05 15:41:09 - Starting SpringThymeleafApplication using Java 21.0.4 with PID 19600 (C:\Users\fernando.correa\Documents\GitHub\workspace2023\ceasadev_2024\target\classes started by fernando.correa in C:\Users\fernando.correa\Documents\GitHub\workspace2023\ceasadev_2024)
2024-11-05 15:41:09 - No active profile set, falling back to 1 default profile: "default"
2024-11-05 15:41:09 - Bootstrapping Spring Data JPA repositories in DEFAULT mode.
2024-11-05 15:41:09 - Finished Spring Data repository scanning in 65 ms. Found 16 JPA repository interfaces.
2024-11-05 15:41:09 - Tomcat initialized with port 5001 (http)
2024-11-05 15:41:09 - Initializing ProtocolHandler ["http-nio-5001"]
2024-11-05 15:41:09 - Starting service [Tomcat]
2024-11-05 15:41:09 - Starting Servlet engine: [Apache Tomcat/10.1.26]
2024-11-05 15:41:09 - Initializing Spring embedded WebApplicationContext
2024-11-05 15:41:09 - Root WebApplicationContext: initialization completed in 733 ms
2024-11-05 15:41:09 - HHH000204: Processing PersistenceUnitInfo [name: default]
2024-11-05 15:41:09 - HHH000026: Second-level cache disabled
2024-11-05 15:41:09 - No LoadTimeWeaver setup: ignoring JPA class transformer
2024-11-05 15:41:09 - HHH90000021: Encountered deprecated setting [hibernate.temp.use_jdbc_metadata_defaults], use [hibernate.boot.allow_jdbc_metadata_access] instead
2024-11-05 15:41:09 - HHH90000025: PostgreSQLDialect does not need to be specified explicitly using 'hibernate.dialect' (remove the property setting and it will be selected by default)
2024-11-05 15:41:10 - HHH000489: No JTA platform available (set 'hibernate.transaction.jta.platform' to enable JTA platform integration)
2024-11-05 15:41:10 - HikariPool-20 - Starting...
2024-11-05 15:41:10 - HikariPool-20 - Added connection org.postgresql.jdbc.PgConnection@711a3b04
2024-11-05 15:41:10 - HikariPool-20 - Start completed.
2024-11-05 15:41:10 - Initialized JPA EntityManagerFactory for persistence unit 'default'
2024-11-05 15:41:11 - No authentication manager set. Reauthentication of users when changing passwords will not be performed.
2024-11-05 15:41:11 - Global AuthenticationManager configured with UserDetailsService bean with name userDetaisManager
2024-11-05 15:41:11 - LiveReload server is running on port 35729
2024-11-05 15:41:11 - Starting ProtocolHandler ["http-nio-5001"]
2024-11-05 15:41:11 - Tomcat started on port 5001 (http) with context path '/'
2024-11-05 15:41:11 - Started SpringThymeleafApplication in 2.678 seconds (process running for 17521.413)
2024-11-05 15:41:11 - Condition evaluation unchanged
2024-11-05 15:41:20 - Initializing Spring DispatcherServlet 'dispatcherServlet'
2024-11-05 15:41:20 - Initializing Servlet 'dispatcherServlet'
2024-11-05 15:41:20 - Completed initialization in 3 ms
2024-11-05 15:42:57 - Restarting due to 1 class path change (0 additions, 0 deletions, 1 modification)
2024-11-05 15:42:57 - Stopping ProtocolHandler ["http-nio-5001"]
2024-11-05 15:42:57 - Closing JPA EntityManagerFactory for persistence unit 'default'
2024-11-05 15:42:57 - HikariPool-20 - Shutdown initiated...
2024-11-05 15:42:57 - HikariPool-20 - Shutdown completed.
2024-11-05 15:42:58 - Starting SpringThymeleafApplication using Java 21.0.4 with PID 19600 (C:\Users\fernando.correa\Documents\GitHub\workspace2023\ceasadev_2024\target\classes started by fernando.correa in C:\Users\fernando.correa\Documents\GitHub\workspace2023\ceasadev_2024)
2024-11-05 15:42:58 - No active profile set, falling back to 1 default profile: "default"
2024-11-05 15:42:58 - Bootstrapping Spring Data JPA repositories in DEFAULT mode.
2024-11-05 15:42:58 - Finished Spring Data repository scanning in 40 ms. Found 16 JPA repository interfaces.
2024-11-05 15:42:58 - Tomcat initialized with port 5001 (http)
2024-11-05 15:42:58 - Initializing ProtocolHandler ["http-nio-5001"]
2024-11-05 15:42:58 - Starting service [Tomcat]
2024-11-05 15:42:58 - Starting Servlet engine: [Apache Tomcat/10.1.26]
2024-11-05 15:42:58 - Initializing Spring embedded WebApplicationContext
2024-11-05 15:42:58 - Root WebApplicationContext: initialization completed in 348 ms
2024-11-05 15:42:58 - HHH000204: Processing PersistenceUnitInfo [name: default]
2024-11-05 15:42:58 - HHH000026: Second-level cache disabled
2024-11-05 15:42:58 - No LoadTimeWeaver setup: ignoring JPA class transformer
2024-11-05 15:42:58 - HHH90000021: Encountered deprecated setting [hibernate.temp.use_jdbc_metadata_defaults], use [hibernate.boot.allow_jdbc_metadata_access] instead
2024-11-05 15:42:58 - HHH90000025: PostgreSQLDialect does not need to be specified explicitly using 'hibernate.dialect' (remove the property setting and it will be selected by default)
2024-11-05 15:42:58 - HHH000489: No JTA platform available (set 'hibernate.transaction.jta.platform' to enable JTA platform integration)
2024-11-05 15:42:58 - HikariPool-21 - Starting...
2024-11-05 15:42:58 - HikariPool-21 - Added connection org.postgresql.jdbc.PgConnection@15509c24
2024-11-05 15:42:58 - HikariPool-21 - Start completed.
2024-11-05 15:42:59 - Initialized JPA EntityManagerFactory for persistence unit 'default'
2024-11-05 15:42:59 - No authentication manager set. Reauthentication of users when changing passwords will not be performed.
2024-11-05 15:42:59 - Global AuthenticationManager configured with UserDetailsService bean with name userDetaisManager
2024-11-05 15:42:59 - LiveReload server is running on port 35729
2024-11-05 15:42:59 - Starting ProtocolHandler ["http-nio-5001"]
2024-11-05 15:42:59 - Tomcat started on port 5001 (http) with context path '/'
2024-11-05 15:42:59 - Started SpringThymeleafApplication in 1.536 seconds (process running for 17629.374)
2024-11-05 15:42:59 - Condition evaluation unchanged
2024-11-05 15:44:10 - Restarting due to 2 class path changes (0 additions, 0 deletions, 2 modifications)
2024-11-05 15:44:10 - Stopping ProtocolHandler ["http-nio-5001"]
2024-11-05 15:44:10 - Closing JPA EntityManagerFactory for persistence unit 'default'
2024-11-05 15:44:10 - HikariPool-21 - Shutdown initiated...
2024-11-05 15:44:10 - HikariPool-21 - Shutdown completed.
2024-11-05 15:44:10 - Starting SpringThymeleafApplication using Java 21.0.4 with PID 19600 (C:\Users\fernando.correa\Documents\GitHub\workspace2023\ceasadev_2024\target\classes started by fernando.correa in C:\Users\fernando.correa\Documents\GitHub\workspace2023\ceasadev_2024)
2024-11-05 15:44:10 - No active profile set, falling back to 1 default profile: "default"
2024-11-05 15:44:10 - Bootstrapping Spring Data JPA repositories in DEFAULT mode.
2024-11-05 15:44:10 - Finished Spring Data repository scanning in 39 ms. Found 16 JPA repository interfaces.
2024-11-05 15:44:10 - Tomcat initialized with port 5001 (http)
2024-11-05 15:44:10 - Initializing ProtocolHandler ["http-nio-5001"]
2024-11-05 15:44:10 - Starting service [Tomcat]
2024-11-05 15:44:10 - Starting Servlet engine: [Apache Tomcat/10.1.26]
2024-11-05 15:44:10 - Initializing Spring embedded WebApplicationContext
2024-11-05 15:44:10 - Root WebApplicationContext: initialization completed in 345 ms
2024-11-05 15:44:10 - HHH000204: Processing PersistenceUnitInfo [name: default]
2024-11-05 15:44:10 - HHH000026: Second-level cache disabled
2024-11-05 15:44:10 - No LoadTimeWeaver setup: ignoring JPA class transformer
2024-11-05 15:44:10 - HHH90000021: Encountered deprecated setting [hibernate.temp.use_jdbc_metadata_defaults], use [hibernate.boot.allow_jdbc_metadata_access] instead
2024-11-05 15:44:10 - HHH90000025: PostgreSQLDialect does not need to be specified explicitly using 'hibernate.dialect' (remove the property setting and it will be selected by default)
2024-11-05 15:44:11 - HHH000489: No JTA platform available (set 'hibernate.transaction.jta.platform' to enable JTA platform integration)
2024-11-05 15:44:11 - HikariPool-22 - Starting...
2024-11-05 15:44:11 - HikariPool-22 - Added connection org.postgresql.jdbc.PgConnection@7e2ab5b6
2024-11-05 15:44:11 - HikariPool-22 - Start completed.
2024-11-05 15:44:11 - Initialized JPA EntityManagerFactory for persistence unit 'default'
2024-11-05 15:44:11 - No authentication manager set. Reauthentication of users when changing passwords will not be performed.
2024-11-05 15:44:11 - Global AuthenticationManager configured with UserDetailsService bean with name userDetaisManager
2024-11-05 15:44:11 - LiveReload server is running on port 35729
2024-11-05 15:44:11 - Starting ProtocolHandler ["http-nio-5001"]
2024-11-05 15:44:11 - Tomcat started on port 5001 (http) with context path '/'
2024-11-05 15:44:11 - Started SpringThymeleafApplication in 1.427 seconds (process running for 17701.664)
2024-11-05 15:44:11 - Condition evaluation unchanged
2024-11-05 15:44:35 - Initializing Spring DispatcherServlet 'dispatcherServlet'
2024-11-05 15:44:35 - Initializing Servlet 'dispatcherServlet'
2024-11-05 15:44:35 - Completed initialization in 2 ms
2024-11-05 15:44:35 - Resolved [org.springframework.web.method.annotation.MethodArgumentTypeMismatchException: Failed to convert value of type 'java.lang.String' to required type 'java.lang.Integer'; For input string: "graficos3"]
2024-11-05 15:50:42 - Restarting due to 1 class path change (0 additions, 0 deletions, 1 modification)
2024-11-05 15:50:42 - Stopping ProtocolHandler ["http-nio-5001"]
2024-11-05 15:50:42 - Closing JPA EntityManagerFactory for persistence unit 'default'
2024-11-05 15:50:42 - HikariPool-22 - Shutdown initiated...
2024-11-05 15:50:42 - HikariPool-22 - Shutdown completed.
2024-11-05 15:50:42 - Starting SpringThymeleafApplication using Java 21.0.4 with PID 19600 (C:\Users\fernando.correa\Documents\GitHub\workspace2023\ceasadev_2024\target\classes started by fernando.correa in C:\Users\fernando.correa\Documents\GitHub\workspace2023\ceasadev_2024)
2024-11-05 15:50:42 - No active profile set, falling back to 1 default profile: "default"
2024-11-05 15:50:43 - Bootstrapping Spring Data JPA repositories in DEFAULT mode.
2024-11-05 15:50:43 - Finished Spring Data repository scanning in 43 ms. Found 16 JPA repository interfaces.
2024-11-05 15:50:43 - Tomcat initialized with port 5001 (http)
2024-11-05 15:50:43 - Initializing ProtocolHandler ["http-nio-5001"]
2024-11-05 15:50:43 - Starting service [Tomcat]
2024-11-05 15:50:43 - Starting Servlet engine: [Apache Tomcat/10.1.26]
2024-11-05 15:50:43 - Initializing Spring embedded WebApplicationContext
2024-11-05 15:50:43 - Root WebApplicationContext: initialization completed in 446 ms
2024-11-05 15:50:43 - HHH000204: Processing PersistenceUnitInfo [name: default]
2024-11-05 15:50:43 - HHH000026: Second-level cache disabled
2024-11-05 15:50:43 - No LoadTimeWeaver setup: ignoring JPA class transformer
2024-11-05 15:50:43 - HHH90000021: Encountered deprecated setting [hibernate.temp.use_jdbc_metadata_defaults], use [hibernate.boot.allow_jdbc_metadata_access] instead
2024-11-05 15:50:43 - HHH90000025: PostgreSQLDialect does not need to be specified explicitly using 'hibernate.dialect' (remove the property setting and it will be selected by default)
2024-11-05 15:50:43 - HHH000489: No JTA platform available (set 'hibernate.transaction.jta.platform' to enable JTA platform integration)
2024-11-05 15:50:43 - HikariPool-23 - Starting...
2024-11-05 15:50:43 - HikariPool-23 - Added connection org.postgresql.jdbc.PgConnection@65149dc5
2024-11-05 15:50:43 - HikariPool-23 - Start completed.
2024-11-05 15:50:43 - Initialized JPA EntityManagerFactory for persistence unit 'default'
2024-11-05 15:50:44 - No authentication manager set. Reauthentication of users when changing passwords will not be performed.
2024-11-05 15:50:44 - Global AuthenticationManager configured with UserDetailsService bean with name userDetaisManager
2024-11-05 15:50:44 - LiveReload server is running on port 35729
2024-11-05 15:50:44 - Starting ProtocolHandler ["http-nio-5001"]
2024-11-05 15:50:44 - Tomcat started on port 5001 (http) with context path '/'
2024-11-05 15:50:44 - Started SpringThymeleafApplication in 1.621 seconds (process running for 18094.234)
2024-11-05 15:50:44 - Condition evaluation unchanged
2024-11-05 15:50:50 - Initializing Spring DispatcherServlet 'dispatcherServlet'
2024-11-05 15:50:50 - Initializing Servlet 'dispatcherServlet'
2024-11-05 15:50:50 - Completed initialization in 0 ms
2024-11-05 15:59:32 - Restarting due to 1 class path change (0 additions, 0 deletions, 1 modification)
2024-11-05 15:59:32 - Stopping ProtocolHandler ["http-nio-5001"]
2024-11-05 15:59:32 - Closing JPA EntityManagerFactory for persistence unit 'default'
2024-11-05 15:59:32 - HikariPool-23 - Shutdown initiated...
2024-11-05 15:59:32 - HikariPool-23 - Shutdown completed.
2024-11-05 15:59:32 - Starting SpringThymeleafApplication using Java 21.0.4 with PID 19600 (C:\Users\fernando.correa\Documents\GitHub\workspace2023\ceasadev_2024\target\classes started by fernando.correa in C:\Users\fernando.correa\Documents\GitHub\workspace2023\ceasadev_2024)
2024-11-05 15:59:32 - No active profile set, falling back to 1 default profile: "default"
2024-11-05 15:59:32 - Bootstrapping Spring Data JPA repositories in DEFAULT mode.
2024-11-05 15:59:32 - Finished Spring Data repository scanning in 39 ms. Found 16 JPA repository interfaces.
2024-11-05 15:59:32 - Tomcat initialized with port 5001 (http)
2024-11-05 15:59:32 - Initializing ProtocolHandler ["http-nio-5001"]
2024-11-05 15:59:32 - Starting service [Tomcat]
2024-11-05 15:59:32 - Starting Servlet engine: [Apache Tomcat/10.1.26]
2024-11-05 15:59:32 - Initializing Spring embedded WebApplicationContext
2024-11-05 15:59:32 - Root WebApplicationContext: initialization completed in 340 ms
2024-11-05 15:59:32 - HHH000204: Processing PersistenceUnitInfo [name: default]
2024-11-05 15:59:32 - HHH000026: Second-level cache disabled
2024-11-05 15:59:32 - No LoadTimeWeaver setup: ignoring JPA class transformer
2024-11-05 15:59:32 - HHH90000021: Encountered deprecated setting [hibernate.temp.use_jdbc_metadata_defaults], use [hibernate.boot.allow_jdbc_metadata_access] instead
2024-11-05 15:59:32 - HHH90000025: PostgreSQLDialect does not need to be specified explicitly using 'hibernate.dialect' (remove the property setting and it will be selected by default)
2024-11-05 15:59:32 - HHH000489: No JTA platform available (set 'hibernate.transaction.jta.platform' to enable JTA platform integration)
2024-11-05 15:59:32 - HikariPool-24 - Starting...
2024-11-05 15:59:33 - HikariPool-24 - Added connection org.postgresql.jdbc.PgConnection@337634a9
2024-11-05 15:59:33 - HikariPool-24 - Start completed.
2024-11-05 15:59:33 - Initialized JPA EntityManagerFactory for persistence unit 'default'
2024-11-05 15:59:33 - No authentication manager set. Reauthentication of users when changing passwords will not be performed.
2024-11-05 15:59:33 - Global AuthenticationManager configured with UserDetailsService bean with name userDetaisManager
2024-11-05 15:59:33 - LiveReload server is running on port 35729
2024-11-05 15:59:33 - Starting ProtocolHandler ["http-nio-5001"]
2024-11-05 15:59:33 - Tomcat started on port 5001 (http) with context path '/'
2024-11-05 15:59:33 - Started SpringThymeleafApplication in 1.456 seconds (process running for 18623.635)
2024-11-05 15:59:33 - Condition evaluation unchanged
2024-11-05 15:59:36 - Initializing Spring DispatcherServlet 'dispatcherServlet'
2024-11-05 15:59:36 - Initializing Servlet 'dispatcherServlet'
2024-11-05 15:59:36 - Completed initialization in 1 ms
