2024-08-16 07:49:37 - HV000001: Hibernate Validator 8.0.1.Final
2024-08-16 07:49:37 - Starting SpringThymeleafApplication using Java 21.0.4 with PID 20176 (C:\Users\fernando.correa\Documents\GitHub\workspace2023\ceasadev_2024\target\classes started by fernando.correa in C:\Users\fernando.correa\Documents\GitHub\workspace2023\ceasadev_2024)
2024-08-16 07:49:37 - No active profile set, falling back to 1 default profile: "default"
2024-08-16 07:49:47 - HV000001: Hibernate Validator 8.0.1.Final
2024-08-16 07:49:47 - Starting SpringThymeleafApplication using Java 21.0.4 with PID 25160 (C:\Users\fernando.correa\Documents\GitHub\workspace2023\ceasadev_2024\target\classes started by fernando.correa in C:\Users\fernando.correa\Documents\GitHub\workspace2023\ceasadev_2024)
2024-08-16 07:49:47 - No active profile set, falling back to 1 default profile: "default"
2024-08-16 07:49:47 - Devtools property defaults active! Set 'spring.devtools.add-properties' to 'false' to disable
2024-08-16 07:49:47 - For additional web related logging consider setting the 'logging.level.web' property to 'DEBUG'
2024-08-16 07:49:48 - Bootstrapping Spring Data JPA repositories in DEFAULT mode.
2024-08-16 07:49:48 - Finished Spring Data repository scanning in 92 ms. Found 14 JPA repository interfaces.
2024-08-16 07:49:49 - Tomcat initialized with port 5001 (http)
2024-08-16 07:49:49 - Initializing ProtocolHandler ["http-nio-5001"]
2024-08-16 07:49:49 - Starting service [Tomcat]
2024-08-16 07:49:49 - Starting Servlet engine: [Apache Tomcat/10.1.26]
2024-08-16 07:49:49 - Initializing Spring embedded WebApplicationContext
2024-08-16 07:49:49 - Root WebApplicationContext: initialization completed in 2104 ms
2024-08-16 07:49:50 - HHH000204: Processing PersistenceUnitInfo [name: default]
2024-08-16 07:49:50 - HHH000412: Hibernate ORM core version 6.5.2.Final
2024-08-16 07:49:50 - HHH000026: Second-level cache disabled
2024-08-16 07:49:50 - No LoadTimeWeaver setup: ignoring JPA class transformer
2024-08-16 07:49:50 - HHH90000021: Encountered deprecated setting [hibernate.temp.use_jdbc_metadata_defaults], use [hibernate.boot.allow_jdbc_metadata_access] instead
2024-08-16 07:49:50 - HHH90000025: PostgreSQLDialect does not need to be specified explicitly using 'hibernate.dialect' (remove the property setting and it will be selected by default)
2024-08-16 07:49:52 - HHH000489: No JTA platform available (set 'hibernate.transaction.jta.platform' to enable JTA platform integration)
2024-08-16 07:49:52 - HikariPool-1 - Starting...
2024-08-16 07:49:52 - HikariPool-1 - Added connection org.postgresql.jdbc.PgConnection@1092b755
2024-08-16 07:49:52 - HikariPool-1 - Start completed.
2024-08-16 07:49:52 - Initialized JPA EntityManagerFactory for persistence unit 'default'
2024-08-16 07:49:52 - Hibernate is in classpath; If applicable, HQL parser will be used.
2024-08-16 07:49:53 - No authentication manager set. Reauthentication of users when changing passwords will not be performed.
2024-08-16 07:49:53 - Global AuthenticationManager configured with UserDetailsService bean with name userDetaisManager
2024-08-16 07:49:54 - LiveReload server is running on port 35729
2024-08-16 07:49:54 - Starting ProtocolHandler ["http-nio-5001"]
2024-08-16 07:49:54 - Tomcat started on port 5001 (http) with context path '/'
2024-08-16 07:49:54 - Started SpringThymeleafApplication in 7.691 seconds (process running for 8.317)
2024-08-16 07:50:18 - Initializing Spring DispatcherServlet 'dispatcherServlet'
2024-08-16 07:50:18 - Initializing Servlet 'dispatcherServlet'
2024-08-16 07:50:18 - Completed initialization in 1 ms
2024-08-16 07:50:31 - [THYMELEAF][http-nio-5001-exec-9][nota/nota_cadastro] Deprecated unwrapped fragment expression "municipioSearchModal :: municipioSearchModal" found in template nota/nota_cadastro, line 131, col 10. Please use the complete syntax of fragment expressions instead ("~{municipioSearchModal :: municipioSearchModal}"). The old, unwrapped syntax for fragment expressions will be removed in future versions of Thymeleaf.
2024-08-16 07:50:31 - [THYMELEAF][http-nio-5001-exec-9][nota/nota_cadastro] Deprecated unwrapped fragment expression "pesoTotalModal :: pesoTotalModal" found in template nota/nota_cadastro, line 132, col 10. Please use the complete syntax of fragment expressions instead ("~{pesoTotalModal :: pesoTotalModal}"). The old, unwrapped syntax for fragment expressions will be removed in future versions of Thymeleaf.
2024-08-16 08:02:52 - [THYMELEAF][http-nio-5001-exec-6][nota/nota_cadastro] Deprecated unwrapped fragment expression "municipioSearchModal :: municipioSearchModal" found in template nota/nota_cadastro, line 131, col 10. Please use the complete syntax of fragment expressions instead ("~{municipioSearchModal :: municipioSearchModal}"). The old, unwrapped syntax for fragment expressions will be removed in future versions of Thymeleaf.
2024-08-16 08:02:52 - [THYMELEAF][http-nio-5001-exec-6][nota/nota_cadastro] Deprecated unwrapped fragment expression "pesoTotalModal :: pesoTotalModal" found in template nota/nota_cadastro, line 132, col 10. Please use the complete syntax of fragment expressions instead ("~{pesoTotalModal :: pesoTotalModal}"). The old, unwrapped syntax for fragment expressions will be removed in future versions of Thymeleaf.
2024-08-16 08:05:04 - [THYMELEAF][http-nio-5001-exec-9][nota/nota_cadastro] Deprecated unwrapped fragment expression "municipioSearchModal :: municipioSearchModal" found in template nota/nota_cadastro, line 162, col 7. Please use the complete syntax of fragment expressions instead ("~{municipioSearchModal :: municipioSearchModal}"). The old, unwrapped syntax for fragment expressions will be removed in future versions of Thymeleaf.
2024-08-16 08:05:04 - [THYMELEAF][http-nio-5001-exec-9][nota/nota_cadastro] Deprecated unwrapped fragment expression "pesoTotalModal :: pesoTotalModal" found in template nota/nota_cadastro, line 163, col 7. Please use the complete syntax of fragment expressions instead ("~{pesoTotalModal :: pesoTotalModal}"). The old, unwrapped syntax for fragment expressions will be removed in future versions of Thymeleaf.
2024-08-16 08:05:24 - [THYMELEAF][http-nio-5001-exec-3][nota/nota_cadastro] Deprecated unwrapped fragment expression "municipioSearchModal :: municipioSearchModal" found in template nota/nota_cadastro, line 162, col 7. Please use the complete syntax of fragment expressions instead ("~{municipioSearchModal :: municipioSearchModal}"). The old, unwrapped syntax for fragment expressions will be removed in future versions of Thymeleaf.
2024-08-16 08:05:24 - [THYMELEAF][http-nio-5001-exec-3][nota/nota_cadastro] Deprecated unwrapped fragment expression "pesoTotalModal :: pesoTotalModal" found in template nota/nota_cadastro, line 163, col 7. Please use the complete syntax of fragment expressions instead ("~{pesoTotalModal :: pesoTotalModal}"). The old, unwrapped syntax for fragment expressions will be removed in future versions of Thymeleaf.
2024-08-16 08:14:06 - [THYMELEAF][http-nio-5001-exec-7][nota/nota_cadastro] Deprecated unwrapped fragment expression "municipioSearchModal :: municipioSearchModal" found in template nota/nota_cadastro, line 172, col 7. Please use the complete syntax of fragment expressions instead ("~{municipioSearchModal :: municipioSearchModal}"). The old, unwrapped syntax for fragment expressions will be removed in future versions of Thymeleaf.
2024-08-16 08:14:06 - [THYMELEAF][http-nio-5001-exec-7][nota/nota_cadastro] Deprecated unwrapped fragment expression "pesoTotalModal :: pesoTotalModal" found in template nota/nota_cadastro, line 173, col 7. Please use the complete syntax of fragment expressions instead ("~{pesoTotalModal :: pesoTotalModal}"). The old, unwrapped syntax for fragment expressions will be removed in future versions of Thymeleaf.
2024-08-16 08:18:11 - Restarting due to 1 class path change (0 additions, 0 deletions, 1 modification)
2024-08-16 08:18:11 - Stopping ProtocolHandler ["http-nio-5001"]
2024-08-16 08:18:11 - Closing JPA EntityManagerFactory for persistence unit 'default'
2024-08-16 08:18:11 - HikariPool-1 - Shutdown initiated...
2024-08-16 08:18:11 - HikariPool-1 - Shutdown completed.
2024-08-16 08:18:11 - Starting SpringThymeleafApplication using Java 21.0.4 with PID 25160 (C:\Users\fernando.correa\Documents\GitHub\workspace2023\ceasadev_2024\target\classes started by fernando.correa in C:\Users\fernando.correa\Documents\GitHub\workspace2023\ceasadev_2024)
2024-08-16 08:18:11 - No active profile set, falling back to 1 default profile: "default"
2024-08-16 08:18:11 - Bootstrapping Spring Data JPA repositories in DEFAULT mode.
2024-08-16 08:18:11 - Finished Spring Data repository scanning in 47 ms. Found 14 JPA repository interfaces.
2024-08-16 08:18:11 - Tomcat initialized with port 5001 (http)
2024-08-16 08:18:11 - Initializing ProtocolHandler ["http-nio-5001"]
2024-08-16 08:18:11 - Starting service [Tomcat]
2024-08-16 08:18:11 - Starting Servlet engine: [Apache Tomcat/10.1.26]
2024-08-16 08:18:11 - Initializing Spring embedded WebApplicationContext
2024-08-16 08:18:11 - Root WebApplicationContext: initialization completed in 508 ms
2024-08-16 08:18:11 - HHH000204: Processing PersistenceUnitInfo [name: default]
2024-08-16 08:18:11 - HHH000026: Second-level cache disabled
2024-08-16 08:18:11 - No LoadTimeWeaver setup: ignoring JPA class transformer
2024-08-16 08:18:11 - HHH90000021: Encountered deprecated setting [hibernate.temp.use_jdbc_metadata_defaults], use [hibernate.boot.allow_jdbc_metadata_access] instead
2024-08-16 08:18:11 - HHH90000025: PostgreSQLDialect does not need to be specified explicitly using 'hibernate.dialect' (remove the property setting and it will be selected by default)
2024-08-16 08:18:12 - HHH000489: No JTA platform available (set 'hibernate.transaction.jta.platform' to enable JTA platform integration)
2024-08-16 08:18:12 - HikariPool-2 - Starting...
2024-08-16 08:18:12 - HikariPool-2 - Added connection org.postgresql.jdbc.PgConnection@28524320
2024-08-16 08:18:12 - HikariPool-2 - Start completed.
2024-08-16 08:18:12 - Initialized JPA EntityManagerFactory for persistence unit 'default'
2024-08-16 08:18:12 - No authentication manager set. Reauthentication of users when changing passwords will not be performed.
2024-08-16 08:18:12 - Global AuthenticationManager configured with UserDetailsService bean with name userDetaisManager
2024-08-16 08:18:12 - LiveReload server is running on port 35729
2024-08-16 08:18:12 - Starting ProtocolHandler ["http-nio-5001"]
2024-08-16 08:18:12 - Tomcat started on port 5001 (http) with context path '/'
2024-08-16 08:18:12 - Started SpringThymeleafApplication in 1.627 seconds (process running for 1706.557)
2024-08-16 08:18:12 - Condition evaluation unchanged
2024-08-16 08:34:11 - Initializing Spring DispatcherServlet 'dispatcherServlet'
2024-08-16 08:34:11 - Initializing Servlet 'dispatcherServlet'
2024-08-16 08:34:11 - Completed initialization in 1 ms
2024-08-16 08:34:11 - [THYMELEAF][http-nio-5001-exec-1][nota/nota_cadastro] Deprecated unwrapped fragment expression "municipioSearchModal :: municipioSearchModal" found in template nota/nota_cadastro, line 172, col 7. Please use the complete syntax of fragment expressions instead ("~{municipioSearchModal :: municipioSearchModal}"). The old, unwrapped syntax for fragment expressions will be removed in future versions of Thymeleaf.
2024-08-16 08:34:11 - [THYMELEAF][http-nio-5001-exec-1][nota/nota_cadastro] Deprecated unwrapped fragment expression "pesoTotalModal :: pesoTotalModal" found in template nota/nota_cadastro, line 173, col 7. Please use the complete syntax of fragment expressions instead ("~{pesoTotalModal :: pesoTotalModal}"). The old, unwrapped syntax for fragment expressions will be removed in future versions of Thymeleaf.
2024-08-16 08:35:41 - [THYMELEAF][http-nio-5001-exec-4][nota/nota_cadastro] Deprecated unwrapped fragment expression "municipioSearchModal :: municipioSearchModal" found in template nota/nota_cadastro, line 172, col 7. Please use the complete syntax of fragment expressions instead ("~{municipioSearchModal :: municipioSearchModal}"). The old, unwrapped syntax for fragment expressions will be removed in future versions of Thymeleaf.
2024-08-16 08:35:41 - [THYMELEAF][http-nio-5001-exec-4][nota/nota_cadastro] Deprecated unwrapped fragment expression "pesoTotalModal :: pesoTotalModal" found in template nota/nota_cadastro, line 173, col 7. Please use the complete syntax of fragment expressions instead ("~{pesoTotalModal :: pesoTotalModal}"). The old, unwrapped syntax for fragment expressions will be removed in future versions of Thymeleaf.
2024-08-16 08:39:13 - [THYMELEAF][http-nio-5001-exec-4][nota/nota_cadastro] Deprecated unwrapped fragment expression "municipioSearchModal :: municipioSearchModal" found in template nota/nota_cadastro, line 172, col 7. Please use the complete syntax of fragment expressions instead ("~{municipioSearchModal :: municipioSearchModal}"). The old, unwrapped syntax for fragment expressions will be removed in future versions of Thymeleaf.
2024-08-16 08:39:13 - [THYMELEAF][http-nio-5001-exec-4][nota/nota_cadastro] Deprecated unwrapped fragment expression "pesoTotalModal :: pesoTotalModal" found in template nota/nota_cadastro, line 173, col 7. Please use the complete syntax of fragment expressions instead ("~{pesoTotalModal :: pesoTotalModal}"). The old, unwrapped syntax for fragment expressions will be removed in future versions of Thymeleaf.
2024-08-16 08:40:00 - [THYMELEAF][http-nio-5001-exec-4][nota/nota_cadastro] Deprecated unwrapped fragment expression "municipioSearchModal :: municipioSearchModal" found in template nota/nota_cadastro, line 172, col 7. Please use the complete syntax of fragment expressions instead ("~{municipioSearchModal :: municipioSearchModal}"). The old, unwrapped syntax for fragment expressions will be removed in future versions of Thymeleaf.
2024-08-16 08:40:00 - [THYMELEAF][http-nio-5001-exec-4][nota/nota_cadastro] Deprecated unwrapped fragment expression "pesoTotalModal :: pesoTotalModal" found in template nota/nota_cadastro, line 173, col 7. Please use the complete syntax of fragment expressions instead ("~{pesoTotalModal :: pesoTotalModal}"). The old, unwrapped syntax for fragment expressions will be removed in future versions of Thymeleaf.
2024-08-16 08:41:01 - Recebido propriedadeId em cotacoes/cadastrar: 514
2024-08-16 08:41:01 - Último Valor Comum: 3.60
2024-08-16 08:41:01 - Última cotação: com.flc.springthymeleaf.domain.Cotacao@14df3b25
2024-08-16 08:41:01 - Última cotação - PrecoMinimo: 3.20
2024-08-16 08:41:01 - Última cotação - PrecoMedio: 3.60
2024-08-16 08:41:01 - Última cotação - PrecoMaximo: 4.00
2024-08-16 08:41:01 - Última cotação - ValorComum: 3.60
2024-08-16 08:41:01 - Última cotação - Valor1: 80.00
2024-08-16 08:41:01 - Última cotação - Valor2: 90.00
2024-08-16 08:41:01 - Última cotação - Valor3: 90.00
2024-08-16 08:41:01 - Última cotação - Valor4: 100.00
2024-08-16 08:41:01 - Última cotação - Valor5: null
2024-08-16 08:41:01 - Última cotação - Valor6: null
2024-08-16 08:41:01 - Última cotação - Valor7: null
2024-08-16 08:41:01 - Última cotação - Valor8: null
2024-08-16 08:41:01 - Última cotação - Valor9: null
2024-08-16 08:41:01 - Última cotação - Valor10: null
2024-08-16 08:41:01 - Propriedade selecionada: BATATA BATLR INGLESA
2024-08-16 08:41:12 - Recebido propriedadeId em cotacoes/cadastrar: 61
2024-08-16 08:41:12 - Último Valor Comum: 7.50
2024-08-16 08:41:12 - Última cotação: com.flc.springthymeleaf.domain.Cotacao@3588d1ae
2024-08-16 08:41:12 - Última cotação - PrecoMinimo: 7.50
2024-08-16 08:41:12 - Última cotação - PrecoMedio: 8.33
2024-08-16 08:41:12 - Última cotação - PrecoMaximo: 10.00
2024-08-16 08:41:12 - Última cotação - ValorComum: 7.50
2024-08-16 08:41:12 - Última cotação - Valor1: 45.00
2024-08-16 08:41:12 - Última cotação - Valor2: 50.00
2024-08-16 08:41:12 - Última cotação - Valor3: 60.00
2024-08-16 08:41:12 - Última cotação - Valor4: 45.00
2024-08-16 08:41:12 - Última cotação - Valor5: null
2024-08-16 08:41:12 - Última cotação - Valor6: null
2024-08-16 08:41:12 - Última cotação - Valor7: null
2024-08-16 08:41:12 - Última cotação - Valor8: null
2024-08-16 08:41:12 - Última cotação - Valor9: null
2024-08-16 08:41:12 - Última cotação - Valor10: null
2024-08-16 08:41:12 - Propriedade selecionada: AMEIXA AME LETICIA
2024-08-16 08:41:18 - [THYMELEAF][http-nio-5001-exec-9][nota/nota_cadastro] Deprecated unwrapped fragment expression "municipioSearchModal :: municipioSearchModal" found in template nota/nota_cadastro, line 172, col 7. Please use the complete syntax of fragment expressions instead ("~{municipioSearchModal :: municipioSearchModal}"). The old, unwrapped syntax for fragment expressions will be removed in future versions of Thymeleaf.
2024-08-16 08:41:18 - [THYMELEAF][http-nio-5001-exec-9][nota/nota_cadastro] Deprecated unwrapped fragment expression "pesoTotalModal :: pesoTotalModal" found in template nota/nota_cadastro, line 173, col 7. Please use the complete syntax of fragment expressions instead ("~{pesoTotalModal :: pesoTotalModal}"). The old, unwrapped syntax for fragment expressions will be removed in future versions of Thymeleaf.
2024-08-16 08:43:04 - [THYMELEAF][http-nio-5001-exec-5][nota/nota_cadastro] Deprecated unwrapped fragment expression "municipioSearchModal :: municipioSearchModal" found in template nota/nota_cadastro, line 173, col 7. Please use the complete syntax of fragment expressions instead ("~{municipioSearchModal :: municipioSearchModal}"). The old, unwrapped syntax for fragment expressions will be removed in future versions of Thymeleaf.
2024-08-16 08:43:04 - [THYMELEAF][http-nio-5001-exec-5][nota/nota_cadastro] Deprecated unwrapped fragment expression "pesoTotalModal :: pesoTotalModal" found in template nota/nota_cadastro, line 174, col 7. Please use the complete syntax of fragment expressions instead ("~{pesoTotalModal :: pesoTotalModal}"). The old, unwrapped syntax for fragment expressions will be removed in future versions of Thymeleaf.
2024-08-16 08:47:50 - [THYMELEAF][http-nio-5001-exec-10][nota/nota_cadastro] Deprecated unwrapped fragment expression "municipioSearchModal :: municipioSearchModal" found in template nota/nota_cadastro, line 173, col 7. Please use the complete syntax of fragment expressions instead ("~{municipioSearchModal :: municipioSearchModal}"). The old, unwrapped syntax for fragment expressions will be removed in future versions of Thymeleaf.
2024-08-16 08:47:50 - [THYMELEAF][http-nio-5001-exec-10][nota/nota_cadastro] Deprecated unwrapped fragment expression "pesoTotalModal :: pesoTotalModal" found in template nota/nota_cadastro, line 174, col 7. Please use the complete syntax of fragment expressions instead ("~{pesoTotalModal :: pesoTotalModal}"). The old, unwrapped syntax for fragment expressions will be removed in future versions of Thymeleaf.
2024-08-16 08:48:34 - [THYMELEAF][http-nio-5001-exec-7][nota/nota_cadastro] Deprecated unwrapped fragment expression "municipioSearchModal :: municipioSearchModal" found in template nota/nota_cadastro, line 173, col 7. Please use the complete syntax of fragment expressions instead ("~{municipioSearchModal :: municipioSearchModal}"). The old, unwrapped syntax for fragment expressions will be removed in future versions of Thymeleaf.
2024-08-16 08:48:34 - [THYMELEAF][http-nio-5001-exec-7][nota/nota_cadastro] Deprecated unwrapped fragment expression "pesoTotalModal :: pesoTotalModal" found in template nota/nota_cadastro, line 174, col 7. Please use the complete syntax of fragment expressions instead ("~{pesoTotalModal :: pesoTotalModal}"). The old, unwrapped syntax for fragment expressions will be removed in future versions of Thymeleaf.
2024-08-16 08:48:53 - [THYMELEAF][http-nio-5001-exec-4][nota/nota_cadastro] Deprecated unwrapped fragment expression "municipioSearchModal :: municipioSearchModal" found in template nota/nota_cadastro, line 173, col 7. Please use the complete syntax of fragment expressions instead ("~{municipioSearchModal :: municipioSearchModal}"). The old, unwrapped syntax for fragment expressions will be removed in future versions of Thymeleaf.
2024-08-16 08:48:53 - [THYMELEAF][http-nio-5001-exec-4][nota/nota_cadastro] Deprecated unwrapped fragment expression "pesoTotalModal :: pesoTotalModal" found in template nota/nota_cadastro, line 174, col 7. Please use the complete syntax of fragment expressions instead ("~{pesoTotalModal :: pesoTotalModal}"). The old, unwrapped syntax for fragment expressions will be removed in future versions of Thymeleaf.
2024-08-16 14:55:20 - HV000001: Hibernate Validator 8.0.1.Final
2024-08-16 14:55:20 - Starting SpringThymeleafApplication using Java 21.0.4 with PID 20132 (C:\Users\fernando.correa\Documents\GitHub\workspace2023\ceasadev_2024\target\classes started by fernando.correa in C:\Users\fernando.correa\Documents\GitHub\workspace2023\ceasadev_2024)
2024-08-16 14:55:20 - No active profile set, falling back to 1 default profile: "default"
2024-08-16 14:55:20 - Devtools property defaults active! Set 'spring.devtools.add-properties' to 'false' to disable
2024-08-16 14:55:20 - For additional web related logging consider setting the 'logging.level.web' property to 'DEBUG'
2024-08-16 14:55:21 - Bootstrapping Spring Data JPA repositories in DEFAULT mode.
2024-08-16 14:55:21 - Finished Spring Data repository scanning in 90 ms. Found 14 JPA repository interfaces.
2024-08-16 14:55:22 - Tomcat initialized with port 5001 (http)
2024-08-16 14:55:22 - Initializing ProtocolHandler ["http-nio-5001"]
2024-08-16 14:55:22 - Starting service [Tomcat]
2024-08-16 14:55:22 - Starting Servlet engine: [Apache Tomcat/10.1.26]
2024-08-16 14:55:22 - Initializing Spring embedded WebApplicationContext
2024-08-16 14:55:22 - Root WebApplicationContext: initialization completed in 2057 ms
2024-08-16 14:55:23 - HHH000204: Processing PersistenceUnitInfo [name: default]
2024-08-16 14:55:23 - HHH000412: Hibernate ORM core version 6.5.2.Final
2024-08-16 14:55:23 - HHH000026: Second-level cache disabled
2024-08-16 14:55:23 - No LoadTimeWeaver setup: ignoring JPA class transformer
2024-08-16 14:55:23 - HHH90000021: Encountered deprecated setting [hibernate.temp.use_jdbc_metadata_defaults], use [hibernate.boot.allow_jdbc_metadata_access] instead
2024-08-16 14:55:23 - HHH90000025: PostgreSQLDialect does not need to be specified explicitly using 'hibernate.dialect' (remove the property setting and it will be selected by default)
2024-08-16 14:55:25 - HHH000489: No JTA platform available (set 'hibernate.transaction.jta.platform' to enable JTA platform integration)
2024-08-16 14:55:25 - HikariPool-1 - Starting...
2024-08-16 14:55:25 - HikariPool-1 - Added connection org.postgresql.jdbc.PgConnection@3535191a
2024-08-16 14:55:25 - HikariPool-1 - Start completed.
2024-08-16 14:55:25 - Initialized JPA EntityManagerFactory for persistence unit 'default'
2024-08-16 14:55:25 - Hibernate is in classpath; If applicable, HQL parser will be used.
2024-08-16 14:55:26 - No authentication manager set. Reauthentication of users when changing passwords will not be performed.
2024-08-16 14:55:26 - Global AuthenticationManager configured with UserDetailsService bean with name userDetaisManager
2024-08-16 14:55:27 - LiveReload server is running on port 35729
2024-08-16 14:55:27 - Starting ProtocolHandler ["http-nio-5001"]
2024-08-16 14:55:27 - Tomcat started on port 5001 (http) with context path '/'
2024-08-16 14:55:27 - Started SpringThymeleafApplication in 7.594 seconds (process running for 8.297)
2024-08-16 14:55:33 - Initializing Spring DispatcherServlet 'dispatcherServlet'
2024-08-16 14:55:33 - Initializing Servlet 'dispatcherServlet'
2024-08-16 14:55:33 - Completed initialization in 1 ms
2024-08-16 14:55:42 - [THYMELEAF][http-nio-5001-exec-6][nota/nota_cadastro] Deprecated unwrapped fragment expression "municipioSearchModal :: municipioSearchModal" found in template nota/nota_cadastro, line 173, col 7. Please use the complete syntax of fragment expressions instead ("~{municipioSearchModal :: municipioSearchModal}"). The old, unwrapped syntax for fragment expressions will be removed in future versions of Thymeleaf.
2024-08-16 14:55:42 - [THYMELEAF][http-nio-5001-exec-6][nota/nota_cadastro] Deprecated unwrapped fragment expression "pesoTotalModal :: pesoTotalModal" found in template nota/nota_cadastro, line 174, col 7. Please use the complete syntax of fragment expressions instead ("~{pesoTotalModal :: pesoTotalModal}"). The old, unwrapped syntax for fragment expressions will be removed in future versions of Thymeleaf.
2024-08-16 15:07:41 - [THYMELEAF][http-nio-5001-exec-3][nota/nota_cadastro] Deprecated unwrapped fragment expression "municipioSearchModal :: municipioSearchModal" found in template nota/nota_cadastro, line 156, col 7. Please use the complete syntax of fragment expressions instead ("~{municipioSearchModal :: municipioSearchModal}"). The old, unwrapped syntax for fragment expressions will be removed in future versions of Thymeleaf.
2024-08-16 15:07:41 - [THYMELEAF][http-nio-5001-exec-3][nota/nota_cadastro] Deprecated unwrapped fragment expression "pesoTotalModal :: pesoTotalModal" found in template nota/nota_cadastro, line 157, col 7. Please use the complete syntax of fragment expressions instead ("~{pesoTotalModal :: pesoTotalModal}"). The old, unwrapped syntax for fragment expressions will be removed in future versions of Thymeleaf.
2024-08-16 15:08:44 - Servlet.service() for servlet [dispatcherServlet] in context with path [] threw exception [Request processing failed: java.lang.NullPointerException: Cannot invoke "com.flc.springthymeleaf.domain.Municipio.getId()" because the return value of "com.flc.springthymeleaf.domain.Nota.getMunicipio()" is null] with root cause
java.lang.NullPointerException: Cannot invoke "com.flc.springthymeleaf.domain.Municipio.getId()" because the return value of "com.flc.springthymeleaf.domain.Nota.getMunicipio()" is null
	at com.flc.springthymeleaf.web.NotaController.salvarNota(NotaController.java:108)
	at java.base/jdk.internal.reflect.DirectMethodHandleAccessor.invoke(DirectMethodHandleAccessor.java:103)
	at java.base/java.lang.reflect.Method.invoke(Method.java:580)
	at org.springframework.web.method.support.InvocableHandlerMethod.doInvoke(InvocableHandlerMethod.java:255)
	at org.springframework.web.method.support.InvocableHandlerMethod.invokeForRequest(InvocableHandlerMethod.java:188)
	at org.springframework.web.servlet.mvc.method.annotation.ServletInvocableHandlerMethod.invokeAndHandle(ServletInvocableHandlerMethod.java:118)
	at org.springframework.web.servlet.mvc.method.annotation.RequestMappingHandlerAdapter.invokeHandlerMethod(RequestMappingHandlerAdapter.java:926)
	at org.springframework.web.servlet.mvc.method.annotation.RequestMappingHandlerAdapter.handleInternal(RequestMappingHandlerAdapter.java:831)
	at org.springframework.web.servlet.mvc.method.AbstractHandlerMethodAdapter.handle(AbstractHandlerMethodAdapter.java:87)
	at org.springframework.web.servlet.DispatcherServlet.doDispatch(DispatcherServlet.java:1089)
	at org.springframework.web.servlet.DispatcherServlet.doService(DispatcherServlet.java:979)
	at org.springframework.web.servlet.FrameworkServlet.processRequest(FrameworkServlet.java:1014)
	at org.springframework.web.servlet.FrameworkServlet.doPost(FrameworkServlet.java:914)
	at jakarta.servlet.http.HttpServlet.service(HttpServlet.java:590)
	at org.springframework.web.servlet.FrameworkServlet.service(FrameworkServlet.java:885)
	at jakarta.servlet.http.HttpServlet.service(HttpServlet.java:658)
	at org.apache.catalina.core.ApplicationFilterChain.internalDoFilter(ApplicationFilterChain.java:195)
	at org.apache.catalina.core.ApplicationFilterChain.doFilter(ApplicationFilterChain.java:140)
	at org.apache.tomcat.websocket.server.WsFilter.doFilter(WsFilter.java:51)
	at org.apache.catalina.core.ApplicationFilterChain.internalDoFilter(ApplicationFilterChain.java:164)
	at org.apache.catalina.core.ApplicationFilterChain.doFilter(ApplicationFilterChain.java:140)
	at org.springframework.web.filter.CompositeFilter$VirtualFilterChain.doFilter(CompositeFilter.java:108)
	at org.springframework.security.web.FilterChainProxy.lambda$doFilterInternal$3(FilterChainProxy.java:231)
	at org.springframework.security.web.FilterChainProxy$VirtualFilterChain.doFilter(FilterChainProxy.java:365)
	at org.springframework.security.web.access.intercept.AuthorizationFilter.doFilter(AuthorizationFilter.java:100)
	at org.springframework.security.web.FilterChainProxy$VirtualFilterChain.doFilter(FilterChainProxy.java:374)
	at org.springframework.security.web.access.ExceptionTranslationFilter.doFilter(ExceptionTranslationFilter.java:126)
	at org.springframework.security.web.access.ExceptionTranslationFilter.doFilter(ExceptionTranslationFilter.java:120)
	at org.springframework.security.web.FilterChainProxy$VirtualFilterChain.doFilter(FilterChainProxy.java:374)
	at org.springframework.security.web.authentication.AnonymousAuthenticationFilter.doFilter(AnonymousAuthenticationFilter.java:100)
	at org.springframework.security.web.FilterChainProxy$VirtualFilterChain.doFilter(FilterChainProxy.java:374)
	at org.springframework.security.web.servletapi.SecurityContextHolderAwareRequestFilter.doFilter(SecurityContextHolderAwareRequestFilter.java:179)
	at org.springframework.security.web.FilterChainProxy$VirtualFilterChain.doFilter(FilterChainProxy.java:374)
	at org.springframework.security.web.savedrequest.RequestCacheAwareFilter.doFilter(RequestCacheAwareFilter.java:63)
	at org.springframework.security.web.FilterChainProxy$VirtualFilterChain.doFilter(FilterChainProxy.java:374)
	at org.springframework.security.web.authentication.www.BasicAuthenticationFilter.doFilterInternal(BasicAuthenticationFilter.java:181)
	at org.springframework.web.filter.OncePerRequestFilter.doFilter(OncePerRequestFilter.java:116)
	at org.springframework.security.web.FilterChainProxy$VirtualFilterChain.doFilter(FilterChainProxy.java:374)
	at org.springframework.security.web.authentication.AbstractAuthenticationProcessingFilter.doFilter(AbstractAuthenticationProcessingFilter.java:227)
	at org.springframework.security.web.authentication.AbstractAuthenticationProcessingFilter.doFilter(AbstractAuthenticationProcessingFilter.java:221)
	at org.springframework.security.web.FilterChainProxy$VirtualFilterChain.doFilter(FilterChainProxy.java:374)
	at org.springframework.security.web.authentication.logout.LogoutFilter.doFilter(LogoutFilter.java:107)
	at org.springframework.security.web.authentication.logout.LogoutFilter.doFilter(LogoutFilter.java:93)
	at org.springframework.security.web.FilterChainProxy$VirtualFilterChain.doFilter(FilterChainProxy.java:374)
	at org.springframework.web.filter.CorsFilter.doFilterInternal(CorsFilter.java:91)
	at org.springframework.web.filter.OncePerRequestFilter.doFilter(OncePerRequestFilter.java:116)
	at org.springframework.security.web.FilterChainProxy$VirtualFilterChain.doFilter(FilterChainProxy.java:374)
	at org.springframework.security.web.header.HeaderWriterFilter.doHeadersAfter(HeaderWriterFilter.java:90)
	at org.springframework.security.web.header.HeaderWriterFilter.doFilterInternal(HeaderWriterFilter.java:75)
	at org.springframework.web.filter.OncePerRequestFilter.doFilter(OncePerRequestFilter.java:116)
	at org.springframework.security.web.FilterChainProxy$VirtualFilterChain.doFilter(FilterChainProxy.java:374)
	at org.springframework.security.web.context.SecurityContextHolderFilter.doFilter(SecurityContextHolderFilter.java:82)
	at org.springframework.security.web.context.SecurityContextHolderFilter.doFilter(SecurityContextHolderFilter.java:69)
	at org.springframework.security.web.FilterChainProxy$VirtualFilterChain.doFilter(FilterChainProxy.java:374)
	at org.springframework.security.web.context.request.async.WebAsyncManagerIntegrationFilter.doFilterInternal(WebAsyncManagerIntegrationFilter.java:62)
	at org.springframework.web.filter.OncePerRequestFilter.doFilter(OncePerRequestFilter.java:116)
	at org.springframework.security.web.FilterChainProxy$VirtualFilterChain.doFilter(FilterChainProxy.java:374)
	at org.springframework.security.web.session.DisableEncodeUrlFilter.doFilterInternal(DisableEncodeUrlFilter.java:42)
	at org.springframework.web.filter.OncePerRequestFilter.doFilter(OncePerRequestFilter.java:116)
	at org.springframework.security.web.FilterChainProxy$VirtualFilterChain.doFilter(FilterChainProxy.java:374)
	at org.springframework.security.web.FilterChainProxy.doFilterInternal(FilterChainProxy.java:233)
	at org.springframework.security.web.FilterChainProxy.doFilter(FilterChainProxy.java:191)
	at org.springframework.web.filter.CompositeFilter$VirtualFilterChain.doFilter(CompositeFilter.java:113)
	at org.springframework.web.servlet.handler.HandlerMappingIntrospector.lambda$createCacheFilter$3(HandlerMappingIntrospector.java:195)
	at org.springframework.web.filter.CompositeFilter$VirtualFilterChain.doFilter(CompositeFilter.java:113)
	at org.springframework.web.filter.CompositeFilter.doFilter(CompositeFilter.java:74)
	at org.springframework.security.config.annotation.web.configuration.WebMvcSecurityConfiguration$CompositeFilterChainProxy.doFilter(WebMvcSecurityConfiguration.java:230)
	at org.springframework.web.filter.DelegatingFilterProxy.invokeDelegate(DelegatingFilterProxy.java:352)
	at org.springframework.web.filter.DelegatingFilterProxy.doFilter(DelegatingFilterProxy.java:268)
	at org.apache.catalina.core.ApplicationFilterChain.internalDoFilter(ApplicationFilterChain.java:164)
	at org.apache.catalina.core.ApplicationFilterChain.doFilter(ApplicationFilterChain.java:140)
	at org.springframework.web.filter.RequestContextFilter.doFilterInternal(RequestContextFilter.java:100)
	at org.springframework.web.filter.OncePerRequestFilter.doFilter(OncePerRequestFilter.java:116)
	at org.apache.catalina.core.ApplicationFilterChain.internalDoFilter(ApplicationFilterChain.java:164)
	at org.apache.catalina.core.ApplicationFilterChain.doFilter(ApplicationFilterChain.java:140)
	at org.springframework.web.filter.FormContentFilter.doFilterInternal(FormContentFilter.java:93)
	at org.springframework.web.filter.OncePerRequestFilter.doFilter(OncePerRequestFilter.java:116)
	at org.apache.catalina.core.ApplicationFilterChain.internalDoFilter(ApplicationFilterChain.java:164)
	at org.apache.catalina.core.ApplicationFilterChain.doFilter(ApplicationFilterChain.java:140)
	at org.springframework.web.filter.CharacterEncodingFilter.doFilterInternal(CharacterEncodingFilter.java:201)
	at org.springframework.web.filter.OncePerRequestFilter.doFilter(OncePerRequestFilter.java:116)
	at org.apache.catalina.core.ApplicationFilterChain.internalDoFilter(ApplicationFilterChain.java:164)
	at org.apache.catalina.core.ApplicationFilterChain.doFilter(ApplicationFilterChain.java:140)
	at org.apache.catalina.core.StandardWrapperValve.invoke(StandardWrapperValve.java:167)
	at org.apache.catalina.core.StandardContextValve.invoke(StandardContextValve.java:90)
	at org.apache.catalina.authenticator.AuthenticatorBase.invoke(AuthenticatorBase.java:483)
	at org.apache.catalina.core.StandardHostValve.invoke(StandardHostValve.java:115)
	at org.apache.catalina.valves.ErrorReportValve.invoke(ErrorReportValve.java:93)
	at org.apache.catalina.core.StandardEngineValve.invoke(StandardEngineValve.java:74)
	at org.apache.catalina.connector.CoyoteAdapter.service(CoyoteAdapter.java:344)
	at org.apache.coyote.http11.Http11Processor.service(Http11Processor.java:389)
	at org.apache.coyote.AbstractProcessorLight.process(AbstractProcessorLight.java:63)
	at org.apache.coyote.AbstractProtocol$ConnectionHandler.process(AbstractProtocol.java:904)
	at org.apache.tomcat.util.net.NioEndpoint$SocketProcessor.doRun(NioEndpoint.java:1741)
	at org.apache.tomcat.util.net.SocketProcessorBase.run(SocketProcessorBase.java:52)
	at org.apache.tomcat.util.threads.ThreadPoolExecutor.runWorker(ThreadPoolExecutor.java:1190)
	at org.apache.tomcat.util.threads.ThreadPoolExecutor$Worker.run(ThreadPoolExecutor.java:659)
	at org.apache.tomcat.util.threads.TaskThread$WrappingRunnable.run(TaskThread.java:63)
	at java.base/java.lang.Thread.run(Thread.java:1583)
2024-08-16 15:08:46 - [THYMELEAF][http-nio-5001-exec-3][nota/nota_cadastro] Deprecated unwrapped fragment expression "municipioSearchModal :: municipioSearchModal" found in template nota/nota_cadastro, line 156, col 7. Please use the complete syntax of fragment expressions instead ("~{municipioSearchModal :: municipioSearchModal}"). The old, unwrapped syntax for fragment expressions will be removed in future versions of Thymeleaf.
2024-08-16 15:08:46 - [THYMELEAF][http-nio-5001-exec-3][nota/nota_cadastro] Deprecated unwrapped fragment expression "pesoTotalModal :: pesoTotalModal" found in template nota/nota_cadastro, line 157, col 7. Please use the complete syntax of fragment expressions instead ("~{pesoTotalModal :: pesoTotalModal}"). The old, unwrapped syntax for fragment expressions will be removed in future versions of Thymeleaf.
2024-08-16 15:10:00 - [THYMELEAF][http-nio-5001-exec-6][nota/nota_cadastro] Deprecated unwrapped fragment expression "municipioSearchModal :: municipioSearchModal" found in template nota/nota_cadastro, line 156, col 7. Please use the complete syntax of fragment expressions instead ("~{municipioSearchModal :: municipioSearchModal}"). The old, unwrapped syntax for fragment expressions will be removed in future versions of Thymeleaf.
2024-08-16 15:10:00 - [THYMELEAF][http-nio-5001-exec-6][nota/nota_cadastro] Deprecated unwrapped fragment expression "pesoTotalModal :: pesoTotalModal" found in template nota/nota_cadastro, line 157, col 7. Please use the complete syntax of fragment expressions instead ("~{pesoTotalModal :: pesoTotalModal}"). The old, unwrapped syntax for fragment expressions will be removed in future versions of Thymeleaf.
2024-08-16 15:10:30 - [THYMELEAF][http-nio-5001-exec-8][nota/nota_cadastro] Deprecated unwrapped fragment expression "municipioSearchModal :: municipioSearchModal" found in template nota/nota_cadastro, line 173, col 7. Please use the complete syntax of fragment expressions instead ("~{municipioSearchModal :: municipioSearchModal}"). The old, unwrapped syntax for fragment expressions will be removed in future versions of Thymeleaf.
2024-08-16 15:10:30 - [THYMELEAF][http-nio-5001-exec-8][nota/nota_cadastro] Deprecated unwrapped fragment expression "pesoTotalModal :: pesoTotalModal" found in template nota/nota_cadastro, line 174, col 7. Please use the complete syntax of fragment expressions instead ("~{pesoTotalModal :: pesoTotalModal}"). The old, unwrapped syntax for fragment expressions will be removed in future versions of Thymeleaf.
2024-08-16 15:22:10 - [THYMELEAF][http-nio-5001-exec-2][nota/nota_cadastro] Deprecated unwrapped fragment expression "municipioSearchModal :: municipioSearchModal" found in template nota/nota_cadastro, line 134, col 10. Please use the complete syntax of fragment expressions instead ("~{municipioSearchModal :: municipioSearchModal}"). The old, unwrapped syntax for fragment expressions will be removed in future versions of Thymeleaf.
2024-08-16 15:22:10 - [THYMELEAF][http-nio-5001-exec-2][nota/nota_cadastro] Deprecated unwrapped fragment expression "pesoTotalModal :: pesoTotalModal" found in template nota/nota_cadastro, line 135, col 10. Please use the complete syntax of fragment expressions instead ("~{pesoTotalModal :: pesoTotalModal}"). The old, unwrapped syntax for fragment expressions will be removed in future versions of Thymeleaf.
2024-08-16 15:33:08 - HV000001: Hibernate Validator 8.0.1.Final
2024-08-16 15:33:08 - Starting SpringThymeleafApplication using Java 21.0.4 with PID 24128 (C:\Users\fernando.correa\Documents\GitHub\workspace2023\ceasadev_2024\target\classes started by fernando.correa in C:\Users\fernando.correa\Documents\GitHub\workspace2023\ceasadev_2024)
2024-08-16 15:33:08 - No active profile set, falling back to 1 default profile: "default"
2024-08-16 15:33:08 - Devtools property defaults active! Set 'spring.devtools.add-properties' to 'false' to disable
2024-08-16 15:33:08 - For additional web related logging consider setting the 'logging.level.web' property to 'DEBUG'
2024-08-16 15:33:09 - Bootstrapping Spring Data JPA repositories in DEFAULT mode.
2024-08-16 15:33:09 - Finished Spring Data repository scanning in 88 ms. Found 14 JPA repository interfaces.
2024-08-16 15:33:10 - Tomcat initialized with port 5001 (http)
2024-08-16 15:33:10 - Initializing ProtocolHandler ["http-nio-5001"]
2024-08-16 15:33:10 - Starting service [Tomcat]
2024-08-16 15:33:10 - Starting Servlet engine: [Apache Tomcat/10.1.26]
2024-08-16 15:33:10 - Initializing Spring embedded WebApplicationContext
2024-08-16 15:33:10 - Root WebApplicationContext: initialization completed in 1819 ms
2024-08-16 15:33:10 - HHH000204: Processing PersistenceUnitInfo [name: default]
2024-08-16 15:33:11 - HHH000412: Hibernate ORM core version 6.5.2.Final
2024-08-16 15:33:11 - HHH000026: Second-level cache disabled
2024-08-16 15:33:11 - No LoadTimeWeaver setup: ignoring JPA class transformer
2024-08-16 15:33:11 - HHH90000021: Encountered deprecated setting [hibernate.temp.use_jdbc_metadata_defaults], use [hibernate.boot.allow_jdbc_metadata_access] instead
2024-08-16 15:33:11 - HHH90000025: PostgreSQLDialect does not need to be specified explicitly using 'hibernate.dialect' (remove the property setting and it will be selected by default)
2024-08-16 15:33:12 - HHH000489: No JTA platform available (set 'hibernate.transaction.jta.platform' to enable JTA platform integration)
2024-08-16 15:33:12 - HikariPool-1 - Starting...
2024-08-16 15:33:12 - HikariPool-1 - Added connection org.postgresql.jdbc.PgConnection@2b04bcb
2024-08-16 15:33:12 - HikariPool-1 - Start completed.
2024-08-16 15:33:12 - Initialized JPA EntityManagerFactory for persistence unit 'default'
2024-08-16 15:33:13 - Hibernate is in classpath; If applicable, HQL parser will be used.
2024-08-16 15:33:14 - No authentication manager set. Reauthentication of users when changing passwords will not be performed.
2024-08-16 15:33:14 - Global AuthenticationManager configured with UserDetailsService bean with name userDetaisManager
2024-08-16 15:33:14 - Unable to start LiveReload server
2024-08-16 15:33:14 - Starting ProtocolHandler ["http-nio-5001"]
2024-08-16 15:33:14 - Exception encountered during context initialization - cancelling refresh attempt: org.springframework.context.ApplicationContextException: Failed to start bean 'webServerStartStop'
2024-08-16 15:33:14 - Closing JPA EntityManagerFactory for persistence unit 'default'
2024-08-16 15:33:14 - HikariPool-1 - Shutdown initiated...
2024-08-16 15:33:14 - HikariPool-1 - Shutdown completed.
2024-08-16 15:33:14 - 

Error starting ApplicationContext. To display the condition evaluation report re-run your application with 'debug' enabled.
2024-08-16 15:33:14 - 

***************************
APPLICATION FAILED TO START
***************************

Description:

Web server failed to start. Port 5001 was already in use.

Action:

Identify and stop the process that's listening on port 5001 or configure this application to listen on another port.

2024-08-16 15:33:37 - [THYMELEAF][http-nio-5001-exec-6][nota/nota_cadastro] Deprecated unwrapped fragment expression "municipioSearchModal :: municipioSearchModal" found in template nota/nota_cadastro, line 134, col 10. Please use the complete syntax of fragment expressions instead ("~{municipioSearchModal :: municipioSearchModal}"). The old, unwrapped syntax for fragment expressions will be removed in future versions of Thymeleaf.
2024-08-16 15:33:37 - [THYMELEAF][http-nio-5001-exec-6][nota/nota_cadastro] Deprecated unwrapped fragment expression "pesoTotalModal :: pesoTotalModal" found in template nota/nota_cadastro, line 135, col 10. Please use the complete syntax of fragment expressions instead ("~{pesoTotalModal :: pesoTotalModal}"). The old, unwrapped syntax for fragment expressions will be removed in future versions of Thymeleaf.
2024-08-16 15:37:06 - [THYMELEAF][http-nio-5001-exec-6][nota/nota_cadastro] Deprecated unwrapped fragment expression "municipioSearchModal :: municipioSearchModal" found in template nota/nota_cadastro, line 134, col 10. Please use the complete syntax of fragment expressions instead ("~{municipioSearchModal :: municipioSearchModal}"). The old, unwrapped syntax for fragment expressions will be removed in future versions of Thymeleaf.
2024-08-16 15:37:06 - [THYMELEAF][http-nio-5001-exec-6][nota/nota_cadastro] Deprecated unwrapped fragment expression "pesoTotalModal :: pesoTotalModal" found in template nota/nota_cadastro, line 135, col 10. Please use the complete syntax of fragment expressions instead ("~{pesoTotalModal :: pesoTotalModal}"). The old, unwrapped syntax for fragment expressions will be removed in future versions of Thymeleaf.
2024-08-16 15:37:49 - Servlet.service() for servlet [dispatcherServlet] in context with path [] threw exception [Request processing failed: java.lang.NullPointerException: Cannot invoke "java.util.List.removeIf(java.util.function.Predicate)" because the return value of "com.flc.springthymeleaf.domain.Nota.getItens()" is null] with root cause
java.lang.NullPointerException: Cannot invoke "java.util.List.removeIf(java.util.function.Predicate)" because the return value of "com.flc.springthymeleaf.domain.Nota.getItens()" is null
	at com.flc.springthymeleaf.web.NotaController.salvarNota(NotaController.java:118)
	at java.base/jdk.internal.reflect.DirectMethodHandleAccessor.invoke(DirectMethodHandleAccessor.java:103)
	at java.base/java.lang.reflect.Method.invoke(Method.java:580)
	at org.springframework.web.method.support.InvocableHandlerMethod.doInvoke(InvocableHandlerMethod.java:255)
	at org.springframework.web.method.support.InvocableHandlerMethod.invokeForRequest(InvocableHandlerMethod.java:188)
	at org.springframework.web.servlet.mvc.method.annotation.ServletInvocableHandlerMethod.invokeAndHandle(ServletInvocableHandlerMethod.java:118)
	at org.springframework.web.servlet.mvc.method.annotation.RequestMappingHandlerAdapter.invokeHandlerMethod(RequestMappingHandlerAdapter.java:926)
	at org.springframework.web.servlet.mvc.method.annotation.RequestMappingHandlerAdapter.handleInternal(RequestMappingHandlerAdapter.java:831)
	at org.springframework.web.servlet.mvc.method.AbstractHandlerMethodAdapter.handle(AbstractHandlerMethodAdapter.java:87)
	at org.springframework.web.servlet.DispatcherServlet.doDispatch(DispatcherServlet.java:1089)
	at org.springframework.web.servlet.DispatcherServlet.doService(DispatcherServlet.java:979)
	at org.springframework.web.servlet.FrameworkServlet.processRequest(FrameworkServlet.java:1014)
	at org.springframework.web.servlet.FrameworkServlet.doPost(FrameworkServlet.java:914)
	at jakarta.servlet.http.HttpServlet.service(HttpServlet.java:590)
	at org.springframework.web.servlet.FrameworkServlet.service(FrameworkServlet.java:885)
	at jakarta.servlet.http.HttpServlet.service(HttpServlet.java:658)
	at org.apache.catalina.core.ApplicationFilterChain.internalDoFilter(ApplicationFilterChain.java:195)
	at org.apache.catalina.core.ApplicationFilterChain.doFilter(ApplicationFilterChain.java:140)
	at org.apache.tomcat.websocket.server.WsFilter.doFilter(WsFilter.java:51)
	at org.apache.catalina.core.ApplicationFilterChain.internalDoFilter(ApplicationFilterChain.java:164)
	at org.apache.catalina.core.ApplicationFilterChain.doFilter(ApplicationFilterChain.java:140)
	at org.springframework.web.filter.CompositeFilter$VirtualFilterChain.doFilter(CompositeFilter.java:108)
	at org.springframework.security.web.FilterChainProxy.lambda$doFilterInternal$3(FilterChainProxy.java:231)
	at org.springframework.security.web.FilterChainProxy$VirtualFilterChain.doFilter(FilterChainProxy.java:365)
	at org.springframework.security.web.access.intercept.AuthorizationFilter.doFilter(AuthorizationFilter.java:100)
	at org.springframework.security.web.FilterChainProxy$VirtualFilterChain.doFilter(FilterChainProxy.java:374)
	at org.springframework.security.web.access.ExceptionTranslationFilter.doFilter(ExceptionTranslationFilter.java:126)
	at org.springframework.security.web.access.ExceptionTranslationFilter.doFilter(ExceptionTranslationFilter.java:120)
	at org.springframework.security.web.FilterChainProxy$VirtualFilterChain.doFilter(FilterChainProxy.java:374)
	at org.springframework.security.web.authentication.AnonymousAuthenticationFilter.doFilter(AnonymousAuthenticationFilter.java:100)
	at org.springframework.security.web.FilterChainProxy$VirtualFilterChain.doFilter(FilterChainProxy.java:374)
	at org.springframework.security.web.servletapi.SecurityContextHolderAwareRequestFilter.doFilter(SecurityContextHolderAwareRequestFilter.java:179)
	at org.springframework.security.web.FilterChainProxy$VirtualFilterChain.doFilter(FilterChainProxy.java:374)
	at org.springframework.security.web.savedrequest.RequestCacheAwareFilter.doFilter(RequestCacheAwareFilter.java:63)
	at org.springframework.security.web.FilterChainProxy$VirtualFilterChain.doFilter(FilterChainProxy.java:374)
	at org.springframework.security.web.authentication.www.BasicAuthenticationFilter.doFilterInternal(BasicAuthenticationFilter.java:181)
	at org.springframework.web.filter.OncePerRequestFilter.doFilter(OncePerRequestFilter.java:116)
	at org.springframework.security.web.FilterChainProxy$VirtualFilterChain.doFilter(FilterChainProxy.java:374)
	at org.springframework.security.web.authentication.AbstractAuthenticationProcessingFilter.doFilter(AbstractAuthenticationProcessingFilter.java:227)
	at org.springframework.security.web.authentication.AbstractAuthenticationProcessingFilter.doFilter(AbstractAuthenticationProcessingFilter.java:221)
	at org.springframework.security.web.FilterChainProxy$VirtualFilterChain.doFilter(FilterChainProxy.java:374)
	at org.springframework.security.web.authentication.logout.LogoutFilter.doFilter(LogoutFilter.java:107)
	at org.springframework.security.web.authentication.logout.LogoutFilter.doFilter(LogoutFilter.java:93)
	at org.springframework.security.web.FilterChainProxy$VirtualFilterChain.doFilter(FilterChainProxy.java:374)
	at org.springframework.web.filter.CorsFilter.doFilterInternal(CorsFilter.java:91)
	at org.springframework.web.filter.OncePerRequestFilter.doFilter(OncePerRequestFilter.java:116)
	at org.springframework.security.web.FilterChainProxy$VirtualFilterChain.doFilter(FilterChainProxy.java:374)
	at org.springframework.security.web.header.HeaderWriterFilter.doHeadersAfter(HeaderWriterFilter.java:90)
	at org.springframework.security.web.header.HeaderWriterFilter.doFilterInternal(HeaderWriterFilter.java:75)
	at org.springframework.web.filter.OncePerRequestFilter.doFilter(OncePerRequestFilter.java:116)
	at org.springframework.security.web.FilterChainProxy$VirtualFilterChain.doFilter(FilterChainProxy.java:374)
	at org.springframework.security.web.context.SecurityContextHolderFilter.doFilter(SecurityContextHolderFilter.java:82)
	at org.springframework.security.web.context.SecurityContextHolderFilter.doFilter(SecurityContextHolderFilter.java:69)
	at org.springframework.security.web.FilterChainProxy$VirtualFilterChain.doFilter(FilterChainProxy.java:374)
	at org.springframework.security.web.context.request.async.WebAsyncManagerIntegrationFilter.doFilterInternal(WebAsyncManagerIntegrationFilter.java:62)
	at org.springframework.web.filter.OncePerRequestFilter.doFilter(OncePerRequestFilter.java:116)
	at org.springframework.security.web.FilterChainProxy$VirtualFilterChain.doFilter(FilterChainProxy.java:374)
	at org.springframework.security.web.session.DisableEncodeUrlFilter.doFilterInternal(DisableEncodeUrlFilter.java:42)
	at org.springframework.web.filter.OncePerRequestFilter.doFilter(OncePerRequestFilter.java:116)
	at org.springframework.security.web.FilterChainProxy$VirtualFilterChain.doFilter(FilterChainProxy.java:374)
	at org.springframework.security.web.FilterChainProxy.doFilterInternal(FilterChainProxy.java:233)
	at org.springframework.security.web.FilterChainProxy.doFilter(FilterChainProxy.java:191)
	at org.springframework.web.filter.CompositeFilter$VirtualFilterChain.doFilter(CompositeFilter.java:113)
	at org.springframework.web.servlet.handler.HandlerMappingIntrospector.lambda$createCacheFilter$3(HandlerMappingIntrospector.java:195)
	at org.springframework.web.filter.CompositeFilter$VirtualFilterChain.doFilter(CompositeFilter.java:113)
	at org.springframework.web.filter.CompositeFilter.doFilter(CompositeFilter.java:74)
	at org.springframework.security.config.annotation.web.configuration.WebMvcSecurityConfiguration$CompositeFilterChainProxy.doFilter(WebMvcSecurityConfiguration.java:230)
	at org.springframework.web.filter.DelegatingFilterProxy.invokeDelegate(DelegatingFilterProxy.java:352)
	at org.springframework.web.filter.DelegatingFilterProxy.doFilter(DelegatingFilterProxy.java:268)
	at org.apache.catalina.core.ApplicationFilterChain.internalDoFilter(ApplicationFilterChain.java:164)
	at org.apache.catalina.core.ApplicationFilterChain.doFilter(ApplicationFilterChain.java:140)
	at org.springframework.web.filter.RequestContextFilter.doFilterInternal(RequestContextFilter.java:100)
	at org.springframework.web.filter.OncePerRequestFilter.doFilter(OncePerRequestFilter.java:116)
	at org.apache.catalina.core.ApplicationFilterChain.internalDoFilter(ApplicationFilterChain.java:164)
	at org.apache.catalina.core.ApplicationFilterChain.doFilter(ApplicationFilterChain.java:140)
	at org.springframework.web.filter.FormContentFilter.doFilterInternal(FormContentFilter.java:93)
	at org.springframework.web.filter.OncePerRequestFilter.doFilter(OncePerRequestFilter.java:116)
	at org.apache.catalina.core.ApplicationFilterChain.internalDoFilter(ApplicationFilterChain.java:164)
	at org.apache.catalina.core.ApplicationFilterChain.doFilter(ApplicationFilterChain.java:140)
	at org.springframework.web.filter.CharacterEncodingFilter.doFilterInternal(CharacterEncodingFilter.java:201)
	at org.springframework.web.filter.OncePerRequestFilter.doFilter(OncePerRequestFilter.java:116)
	at org.apache.catalina.core.ApplicationFilterChain.internalDoFilter(ApplicationFilterChain.java:164)
	at org.apache.catalina.core.ApplicationFilterChain.doFilter(ApplicationFilterChain.java:140)
	at org.apache.catalina.core.StandardWrapperValve.invoke(StandardWrapperValve.java:167)
	at org.apache.catalina.core.StandardContextValve.invoke(StandardContextValve.java:90)
	at org.apache.catalina.authenticator.AuthenticatorBase.invoke(AuthenticatorBase.java:483)
	at org.apache.catalina.core.StandardHostValve.invoke(StandardHostValve.java:115)
	at org.apache.catalina.valves.ErrorReportValve.invoke(ErrorReportValve.java:93)
	at org.apache.catalina.core.StandardEngineValve.invoke(StandardEngineValve.java:74)
	at org.apache.catalina.connector.CoyoteAdapter.service(CoyoteAdapter.java:344)
	at org.apache.coyote.http11.Http11Processor.service(Http11Processor.java:389)
	at org.apache.coyote.AbstractProcessorLight.process(AbstractProcessorLight.java:63)
	at org.apache.coyote.AbstractProtocol$ConnectionHandler.process(AbstractProtocol.java:904)
	at org.apache.tomcat.util.net.NioEndpoint$SocketProcessor.doRun(NioEndpoint.java:1741)
	at org.apache.tomcat.util.net.SocketProcessorBase.run(SocketProcessorBase.java:52)
	at org.apache.tomcat.util.threads.ThreadPoolExecutor.runWorker(ThreadPoolExecutor.java:1190)
	at org.apache.tomcat.util.threads.ThreadPoolExecutor$Worker.run(ThreadPoolExecutor.java:659)
	at org.apache.tomcat.util.threads.TaskThread$WrappingRunnable.run(TaskThread.java:63)
	at java.base/java.lang.Thread.run(Thread.java:1583)
2024-08-16 15:37:52 - [THYMELEAF][http-nio-5001-exec-6][nota/nota_cadastro] Deprecated unwrapped fragment expression "municipioSearchModal :: municipioSearchModal" found in template nota/nota_cadastro, line 134, col 10. Please use the complete syntax of fragment expressions instead ("~{municipioSearchModal :: municipioSearchModal}"). The old, unwrapped syntax for fragment expressions will be removed in future versions of Thymeleaf.
2024-08-16 15:37:52 - [THYMELEAF][http-nio-5001-exec-6][nota/nota_cadastro] Deprecated unwrapped fragment expression "pesoTotalModal :: pesoTotalModal" found in template nota/nota_cadastro, line 135, col 10. Please use the complete syntax of fragment expressions instead ("~{pesoTotalModal :: pesoTotalModal}"). The old, unwrapped syntax for fragment expressions will be removed in future versions of Thymeleaf.
2024-08-16 15:37:58 - [THYMELEAF][http-nio-5001-exec-8][nota/nota_cadastro] Deprecated unwrapped fragment expression "municipioSearchModal :: municipioSearchModal" found in template nota/nota_cadastro, line 134, col 10. Please use the complete syntax of fragment expressions instead ("~{municipioSearchModal :: municipioSearchModal}"). The old, unwrapped syntax for fragment expressions will be removed in future versions of Thymeleaf.
2024-08-16 15:37:58 - [THYMELEAF][http-nio-5001-exec-8][nota/nota_cadastro] Deprecated unwrapped fragment expression "pesoTotalModal :: pesoTotalModal" found in template nota/nota_cadastro, line 135, col 10. Please use the complete syntax of fragment expressions instead ("~{pesoTotalModal :: pesoTotalModal}"). The old, unwrapped syntax for fragment expressions will be removed in future versions of Thymeleaf.
2024-08-16 15:40:52 - [THYMELEAF][http-nio-5001-exec-3][nota/nota_cadastro] Deprecated unwrapped fragment expression "municipioSearchModal :: municipioSearchModal" found in template nota/nota_cadastro, line 134, col 10. Please use the complete syntax of fragment expressions instead ("~{municipioSearchModal :: municipioSearchModal}"). The old, unwrapped syntax for fragment expressions will be removed in future versions of Thymeleaf.
2024-08-16 15:40:52 - [THYMELEAF][http-nio-5001-exec-3][nota/nota_cadastro] Deprecated unwrapped fragment expression "pesoTotalModal :: pesoTotalModal" found in template nota/nota_cadastro, line 135, col 10. Please use the complete syntax of fragment expressions instead ("~{pesoTotalModal :: pesoTotalModal}"). The old, unwrapped syntax for fragment expressions will be removed in future versions of Thymeleaf.
2024-08-16 15:41:23 - [THYMELEAF][http-nio-5001-exec-2][nota/nota_cadastro] Deprecated unwrapped fragment expression "municipioSearchModal :: municipioSearchModal" found in template nota/nota_cadastro, line 134, col 10. Please use the complete syntax of fragment expressions instead ("~{municipioSearchModal :: municipioSearchModal}"). The old, unwrapped syntax for fragment expressions will be removed in future versions of Thymeleaf.
2024-08-16 15:41:23 - [THYMELEAF][http-nio-5001-exec-2][nota/nota_cadastro] Deprecated unwrapped fragment expression "pesoTotalModal :: pesoTotalModal" found in template nota/nota_cadastro, line 135, col 10. Please use the complete syntax of fragment expressions instead ("~{pesoTotalModal :: pesoTotalModal}"). The old, unwrapped syntax for fragment expressions will be removed in future versions of Thymeleaf.
2024-08-16 15:42:01 - [THYMELEAF][http-nio-5001-exec-2][nota/nota_cadastro] Deprecated unwrapped fragment expression "municipioSearchModal :: municipioSearchModal" found in template nota/nota_cadastro, line 134, col 10. Please use the complete syntax of fragment expressions instead ("~{municipioSearchModal :: municipioSearchModal}"). The old, unwrapped syntax for fragment expressions will be removed in future versions of Thymeleaf.
2024-08-16 15:42:01 - [THYMELEAF][http-nio-5001-exec-2][nota/nota_cadastro] Deprecated unwrapped fragment expression "pesoTotalModal :: pesoTotalModal" found in template nota/nota_cadastro, line 135, col 10. Please use the complete syntax of fragment expressions instead ("~{pesoTotalModal :: pesoTotalModal}"). The old, unwrapped syntax for fragment expressions will be removed in future versions of Thymeleaf.
2024-08-16 15:43:55 - [THYMELEAF][http-nio-5001-exec-3][nota/nota_cadastro] Deprecated unwrapped fragment expression "municipioSearchModal :: municipioSearchModal" found in template nota/nota_cadastro, line 134, col 10. Please use the complete syntax of fragment expressions instead ("~{municipioSearchModal :: municipioSearchModal}"). The old, unwrapped syntax for fragment expressions will be removed in future versions of Thymeleaf.
2024-08-16 15:43:55 - [THYMELEAF][http-nio-5001-exec-3][nota/nota_cadastro] Deprecated unwrapped fragment expression "pesoTotalModal :: pesoTotalModal" found in template nota/nota_cadastro, line 135, col 10. Please use the complete syntax of fragment expressions instead ("~{pesoTotalModal :: pesoTotalModal}"). The old, unwrapped syntax for fragment expressions will be removed in future versions of Thymeleaf.
2024-08-16 15:47:53 - [THYMELEAF][http-nio-5001-exec-7][nota/nota_cadastro] Deprecated unwrapped fragment expression "municipioSearchModal :: municipioSearchModal" found in template nota/nota_cadastro, line 134, col 10. Please use the complete syntax of fragment expressions instead ("~{municipioSearchModal :: municipioSearchModal}"). The old, unwrapped syntax for fragment expressions will be removed in future versions of Thymeleaf.
2024-08-16 15:47:53 - [THYMELEAF][http-nio-5001-exec-7][nota/nota_cadastro] Deprecated unwrapped fragment expression "pesoTotalModal :: pesoTotalModal" found in template nota/nota_cadastro, line 135, col 10. Please use the complete syntax of fragment expressions instead ("~{pesoTotalModal :: pesoTotalModal}"). The old, unwrapped syntax for fragment expressions will be removed in future versions of Thymeleaf.
2024-08-16 15:49:36 - [THYMELEAF][http-nio-5001-exec-3][nota/nota_cadastro] Deprecated unwrapped fragment expression "municipioSearchModal :: municipioSearchModal" found in template nota/nota_cadastro, line 134, col 10. Please use the complete syntax of fragment expressions instead ("~{municipioSearchModal :: municipioSearchModal}"). The old, unwrapped syntax for fragment expressions will be removed in future versions of Thymeleaf.
2024-08-16 15:49:36 - [THYMELEAF][http-nio-5001-exec-3][nota/nota_cadastro] Deprecated unwrapped fragment expression "pesoTotalModal :: pesoTotalModal" found in template nota/nota_cadastro, line 135, col 10. Please use the complete syntax of fragment expressions instead ("~{pesoTotalModal :: pesoTotalModal}"). The old, unwrapped syntax for fragment expressions will be removed in future versions of Thymeleaf.
