2024-10-29 07:24:44 - HV000001: Hibernate Validator 8.0.1.Final
2024-10-29 07:24:44 - Starting SpringThymeleafApplication using Java 21.0.4 with PID 17540 (C:\Users\fernando.correa\Documents\GitHub\workspace2023\ceasadev_2024\target\classes started by fernando.correa in C:\Users\fernando.correa\Documents\GitHub\workspace2023\ceasadev_2024)
2024-10-29 07:24:44 - No active profile set, falling back to 1 default profile: "default"
2024-10-29 07:24:45 - Devtools property defaults active! Set 'spring.devtools.add-properties' to 'false' to disable
2024-10-29 07:24:45 - For additional web related logging consider setting the 'logging.level.web' property to 'DEBUG'
2024-10-29 07:24:46 - Bootstrapping Spring Data JPA repositories in DEFAULT mode.
2024-10-29 07:24:46 - Finished Spring Data repository scanning in 96 ms. Found 16 JPA repository interfaces.
2024-10-29 07:24:47 - Tomcat initialized with port 5001 (http)
2024-10-29 07:24:47 - Initializing ProtocolHandler ["http-nio-5001"]
2024-10-29 07:24:47 - Starting service [Tomcat]
2024-10-29 07:24:47 - Starting Servlet engine: [Apache Tomcat/10.1.26]
2024-10-29 07:24:47 - Initializing Spring embedded WebApplicationContext
2024-10-29 07:24:47 - Root WebApplicationContext: initialization completed in 2501 ms
2024-10-29 07:24:47 - HHH000204: Processing PersistenceUnitInfo [name: default]
2024-10-29 07:24:47 - HHH000412: Hibernate ORM core version 6.5.2.Final
2024-10-29 07:24:47 - HHH000026: Second-level cache disabled
2024-10-29 07:24:48 - No LoadTimeWeaver setup: ignoring JPA class transformer
2024-10-29 07:24:48 - HHH90000021: Encountered deprecated setting [hibernate.temp.use_jdbc_metadata_defaults], use [hibernate.boot.allow_jdbc_metadata_access] instead
2024-10-29 07:24:48 - HHH90000025: PostgreSQLDialect does not need to be specified explicitly using 'hibernate.dialect' (remove the property setting and it will be selected by default)
2024-10-29 07:24:49 - HHH000489: No JTA platform available (set 'hibernate.transaction.jta.platform' to enable JTA platform integration)
2024-10-29 07:24:49 - HikariPool-1 - Starting...
2024-10-29 07:24:50 - HikariPool-1 - Added connection org.postgresql.jdbc.PgConnection@3790dc19
2024-10-29 07:24:50 - HikariPool-1 - Start completed.
2024-10-29 07:24:50 - Initialized JPA EntityManagerFactory for persistence unit 'default'
2024-10-29 07:24:50 - Hibernate is in classpath; If applicable, HQL parser will be used.
2024-10-29 07:24:51 - No authentication manager set. Reauthentication of users when changing passwords will not be performed.
2024-10-29 07:24:51 - Global AuthenticationManager configured with UserDetailsService bean with name userDetaisManager
2024-10-29 07:24:53 - LiveReload server is running on port 35729
2024-10-29 07:24:53 - Starting ProtocolHandler ["http-nio-5001"]
2024-10-29 07:24:53 - Tomcat started on port 5001 (http) with context path '/'
2024-10-29 07:24:53 - Started SpringThymeleafApplication in 9.104 seconds (process running for 9.764)
2024-10-29 07:25:38 - Initializing Spring DispatcherServlet 'dispatcherServlet'
2024-10-29 07:25:38 - Initializing Servlet 'dispatcherServlet'
2024-10-29 07:25:38 - Completed initialization in 1 ms
2024-10-29 08:52:24 - Restarting due to 1 class path change (0 additions, 0 deletions, 1 modification)
2024-10-29 08:52:24 - Stopping ProtocolHandler ["http-nio-5001"]
2024-10-29 08:52:24 - Closing JPA EntityManagerFactory for persistence unit 'default'
2024-10-29 08:52:24 - HikariPool-1 - Shutdown initiated...
2024-10-29 08:52:24 - HikariPool-1 - Shutdown completed.
2024-10-29 08:52:24 - Starting SpringThymeleafApplication using Java 21.0.4 with PID 17540 (C:\Users\fernando.correa\Documents\GitHub\workspace2023\ceasadev_2024\target\classes started by fernando.correa in C:\Users\fernando.correa\Documents\GitHub\workspace2023\ceasadev_2024)
2024-10-29 08:52:24 - No active profile set, falling back to 1 default profile: "default"
2024-10-29 08:52:24 - Bootstrapping Spring Data JPA repositories in DEFAULT mode.
2024-10-29 08:52:24 - Finished Spring Data repository scanning in 50 ms. Found 16 JPA repository interfaces.
2024-10-29 08:52:25 - Tomcat initialized with port 5001 (http)
2024-10-29 08:52:25 - Initializing ProtocolHandler ["http-nio-5001"]
2024-10-29 08:52:25 - Starting service [Tomcat]
2024-10-29 08:52:25 - Starting Servlet engine: [Apache Tomcat/10.1.26]
2024-10-29 08:52:25 - Initializing Spring embedded WebApplicationContext
2024-10-29 08:52:25 - Root WebApplicationContext: initialization completed in 670 ms
2024-10-29 08:52:25 - HHH000204: Processing PersistenceUnitInfo [name: default]
2024-10-29 08:52:25 - HHH000026: Second-level cache disabled
2024-10-29 08:52:25 - No LoadTimeWeaver setup: ignoring JPA class transformer
2024-10-29 08:52:25 - HHH90000021: Encountered deprecated setting [hibernate.temp.use_jdbc_metadata_defaults], use [hibernate.boot.allow_jdbc_metadata_access] instead
2024-10-29 08:52:25 - HHH90000025: PostgreSQLDialect does not need to be specified explicitly using 'hibernate.dialect' (remove the property setting and it will be selected by default)
2024-10-29 08:52:25 - HHH000489: No JTA platform available (set 'hibernate.transaction.jta.platform' to enable JTA platform integration)
2024-10-29 08:52:25 - HikariPool-2 - Starting...
2024-10-29 08:52:25 - HikariPool-2 - Added connection org.postgresql.jdbc.PgConnection@59024d5d
2024-10-29 08:52:25 - HikariPool-2 - Start completed.
2024-10-29 08:52:26 - Initialized JPA EntityManagerFactory for persistence unit 'default'
2024-10-29 08:52:26 - No authentication manager set. Reauthentication of users when changing passwords will not be performed.
2024-10-29 08:52:26 - Global AuthenticationManager configured with UserDetailsService bean with name userDetaisManager
2024-10-29 08:52:26 - LiveReload server is running on port 35729
2024-10-29 08:52:26 - Starting ProtocolHandler ["http-nio-5001"]
2024-10-29 08:52:26 - Tomcat started on port 5001 (http) with context path '/'
2024-10-29 08:52:26 - Initializing Spring DispatcherServlet 'dispatcherServlet'
2024-10-29 08:52:26 - Initializing Servlet 'dispatcherServlet'
2024-10-29 08:52:26 - Completed initialization in 0 ms
2024-10-29 08:52:26 - Started SpringThymeleafApplication in 2.448 seconds (process running for 5263.37)
2024-10-29 08:52:26 - Condition evaluation unchanged
2024-10-29 08:59:58 - Restarting due to 1 class path change (0 additions, 0 deletions, 1 modification)
2024-10-29 08:59:58 - Stopping ProtocolHandler ["http-nio-5001"]
2024-10-29 08:59:58 - Closing JPA EntityManagerFactory for persistence unit 'default'
2024-10-29 08:59:58 - HikariPool-2 - Shutdown initiated...
2024-10-29 08:59:58 - HikariPool-2 - Shutdown completed.
2024-10-29 08:59:58 - Starting SpringThymeleafApplication using Java 21.0.4 with PID 17540 (C:\Users\fernando.correa\Documents\GitHub\workspace2023\ceasadev_2024\target\classes started by fernando.correa in C:\Users\fernando.correa\Documents\GitHub\workspace2023\ceasadev_2024)
2024-10-29 08:59:58 - No active profile set, falling back to 1 default profile: "default"
2024-10-29 08:59:58 - Bootstrapping Spring Data JPA repositories in DEFAULT mode.
2024-10-29 08:59:58 - Finished Spring Data repository scanning in 46 ms. Found 16 JPA repository interfaces.
2024-10-29 08:59:58 - Tomcat initialized with port 5001 (http)
2024-10-29 08:59:58 - Initializing ProtocolHandler ["http-nio-5001"]
2024-10-29 08:59:58 - Starting service [Tomcat]
2024-10-29 08:59:58 - Starting Servlet engine: [Apache Tomcat/10.1.26]
2024-10-29 08:59:58 - Initializing Spring embedded WebApplicationContext
2024-10-29 08:59:58 - Root WebApplicationContext: initialization completed in 451 ms
2024-10-29 08:59:58 - HHH000204: Processing PersistenceUnitInfo [name: default]
2024-10-29 08:59:58 - HHH000026: Second-level cache disabled
2024-10-29 08:59:58 - No LoadTimeWeaver setup: ignoring JPA class transformer
2024-10-29 08:59:58 - HHH90000021: Encountered deprecated setting [hibernate.temp.use_jdbc_metadata_defaults], use [hibernate.boot.allow_jdbc_metadata_access] instead
2024-10-29 08:59:58 - HHH90000025: PostgreSQLDialect does not need to be specified explicitly using 'hibernate.dialect' (remove the property setting and it will be selected by default)
2024-10-29 08:59:59 - HHH000489: No JTA platform available (set 'hibernate.transaction.jta.platform' to enable JTA platform integration)
2024-10-29 08:59:59 - HikariPool-3 - Starting...
2024-10-29 08:59:59 - HikariPool-3 - Added connection org.postgresql.jdbc.PgConnection@10c0f552
2024-10-29 08:59:59 - HikariPool-3 - Start completed.
2024-10-29 08:59:59 - Initialized JPA EntityManagerFactory for persistence unit 'default'
2024-10-29 08:59:59 - No authentication manager set. Reauthentication of users when changing passwords will not be performed.
2024-10-29 08:59:59 - Global AuthenticationManager configured with UserDetailsService bean with name userDetaisManager
2024-10-29 09:00:00 - LiveReload server is running on port 35729
2024-10-29 09:00:00 - Starting ProtocolHandler ["http-nio-5001"]
2024-10-29 09:00:00 - Tomcat started on port 5001 (http) with context path '/'
2024-10-29 09:00:00 - Started SpringThymeleafApplication in 1.704 seconds (process running for 5716.663)
2024-10-29 09:00:00 - Condition evaluation unchanged
2024-10-29 09:00:07 - Initializing Spring DispatcherServlet 'dispatcherServlet'
2024-10-29 09:00:07 - Initializing Servlet 'dispatcherServlet'
2024-10-29 09:00:07 - Completed initialization in 1 ms
2024-10-29 09:01:54 - Restarting due to 1 class path change (0 additions, 0 deletions, 1 modification)
2024-10-29 09:01:54 - Stopping ProtocolHandler ["http-nio-5001"]
2024-10-29 09:01:54 - Closing JPA EntityManagerFactory for persistence unit 'default'
2024-10-29 09:01:54 - HikariPool-3 - Shutdown initiated...
2024-10-29 09:01:54 - HikariPool-3 - Shutdown completed.
2024-10-29 09:01:54 - Starting SpringThymeleafApplication using Java 21.0.4 with PID 17540 (C:\Users\fernando.correa\Documents\GitHub\workspace2023\ceasadev_2024\target\classes started by fernando.correa in C:\Users\fernando.correa\Documents\GitHub\workspace2023\ceasadev_2024)
2024-10-29 09:01:54 - No active profile set, falling back to 1 default profile: "default"
2024-10-29 09:01:54 - Bootstrapping Spring Data JPA repositories in DEFAULT mode.
2024-10-29 09:01:54 - Finished Spring Data repository scanning in 44 ms. Found 16 JPA repository interfaces.
2024-10-29 09:01:54 - Tomcat initialized with port 5001 (http)
2024-10-29 09:01:54 - Initializing ProtocolHandler ["http-nio-5001"]
2024-10-29 09:01:54 - Starting service [Tomcat]
2024-10-29 09:01:54 - Starting Servlet engine: [Apache Tomcat/10.1.26]
2024-10-29 09:01:54 - Initializing Spring embedded WebApplicationContext
2024-10-29 09:01:54 - Root WebApplicationContext: initialization completed in 402 ms
2024-10-29 09:01:54 - HHH000204: Processing PersistenceUnitInfo [name: default]
2024-10-29 09:01:54 - HHH000026: Second-level cache disabled
2024-10-29 09:01:54 - No LoadTimeWeaver setup: ignoring JPA class transformer
2024-10-29 09:01:54 - HHH90000021: Encountered deprecated setting [hibernate.temp.use_jdbc_metadata_defaults], use [hibernate.boot.allow_jdbc_metadata_access] instead
2024-10-29 09:01:54 - HHH90000025: PostgreSQLDialect does not need to be specified explicitly using 'hibernate.dialect' (remove the property setting and it will be selected by default)
2024-10-29 09:01:54 - HHH000489: No JTA platform available (set 'hibernate.transaction.jta.platform' to enable JTA platform integration)
2024-10-29 09:01:54 - HikariPool-4 - Starting...
2024-10-29 09:01:54 - HikariPool-4 - Added connection org.postgresql.jdbc.PgConnection@2fb44fd1
2024-10-29 09:01:54 - HikariPool-4 - Start completed.
2024-10-29 09:01:55 - Initialized JPA EntityManagerFactory for persistence unit 'default'
2024-10-29 09:01:55 - No authentication manager set. Reauthentication of users when changing passwords will not be performed.
2024-10-29 09:01:55 - Global AuthenticationManager configured with UserDetailsService bean with name userDetaisManager
2024-10-29 09:01:55 - LiveReload server is running on port 35729
2024-10-29 09:01:55 - Starting ProtocolHandler ["http-nio-5001"]
2024-10-29 09:01:55 - Tomcat started on port 5001 (http) with context path '/'
2024-10-29 09:01:55 - Started SpringThymeleafApplication in 1.571 seconds (process running for 5832.174)
2024-10-29 09:01:55 - Condition evaluation unchanged
2024-10-29 09:02:38 - Restarting due to 1 class path change (0 additions, 0 deletions, 1 modification)
2024-10-29 09:02:38 - Stopping ProtocolHandler ["http-nio-5001"]
2024-10-29 09:02:38 - Closing JPA EntityManagerFactory for persistence unit 'default'
2024-10-29 09:02:38 - HikariPool-4 - Shutdown initiated...
2024-10-29 09:02:38 - HikariPool-4 - Shutdown completed.
2024-10-29 09:02:38 - Starting SpringThymeleafApplication using Java 21.0.4 with PID 17540 (C:\Users\fernando.correa\Documents\GitHub\workspace2023\ceasadev_2024\target\classes started by fernando.correa in C:\Users\fernando.correa\Documents\GitHub\workspace2023\ceasadev_2024)
2024-10-29 09:02:38 - No active profile set, falling back to 1 default profile: "default"
2024-10-29 09:02:38 - Bootstrapping Spring Data JPA repositories in DEFAULT mode.
2024-10-29 09:02:38 - Finished Spring Data repository scanning in 46 ms. Found 16 JPA repository interfaces.
2024-10-29 09:02:38 - Tomcat initialized with port 5001 (http)
2024-10-29 09:02:38 - Initializing ProtocolHandler ["http-nio-5001"]
2024-10-29 09:02:38 - Starting service [Tomcat]
2024-10-29 09:02:38 - Starting Servlet engine: [Apache Tomcat/10.1.26]
2024-10-29 09:02:38 - Initializing Spring embedded WebApplicationContext
2024-10-29 09:02:38 - Root WebApplicationContext: initialization completed in 421 ms
2024-10-29 09:02:38 - HHH000204: Processing PersistenceUnitInfo [name: default]
2024-10-29 09:02:38 - HHH000026: Second-level cache disabled
2024-10-29 09:02:38 - No LoadTimeWeaver setup: ignoring JPA class transformer
2024-10-29 09:02:38 - HHH90000021: Encountered deprecated setting [hibernate.temp.use_jdbc_metadata_defaults], use [hibernate.boot.allow_jdbc_metadata_access] instead
2024-10-29 09:02:38 - HHH90000025: PostgreSQLDialect does not need to be specified explicitly using 'hibernate.dialect' (remove the property setting and it will be selected by default)
2024-10-29 09:02:38 - HHH000489: No JTA platform available (set 'hibernate.transaction.jta.platform' to enable JTA platform integration)
2024-10-29 09:02:38 - HikariPool-5 - Starting...
2024-10-29 09:02:38 - HikariPool-5 - Added connection org.postgresql.jdbc.PgConnection@28e9be53
2024-10-29 09:02:38 - HikariPool-5 - Start completed.
2024-10-29 09:02:39 - Initialized JPA EntityManagerFactory for persistence unit 'default'
2024-10-29 09:02:39 - No authentication manager set. Reauthentication of users when changing passwords will not be performed.
2024-10-29 09:02:39 - Global AuthenticationManager configured with UserDetailsService bean with name userDetaisManager
2024-10-29 09:02:39 - LiveReload server is running on port 35729
2024-10-29 09:02:39 - Starting ProtocolHandler ["http-nio-5001"]
2024-10-29 09:02:39 - Tomcat started on port 5001 (http) with context path '/'
2024-10-29 09:02:39 - Started SpringThymeleafApplication in 1.567 seconds (process running for 5876.258)
2024-10-29 09:02:39 - Condition evaluation unchanged
2024-10-29 09:02:42 - Initializing Spring DispatcherServlet 'dispatcherServlet'
2024-10-29 09:02:42 - Initializing Servlet 'dispatcherServlet'
2024-10-29 09:02:42 - Completed initialization in 1 ms
2024-10-29 09:02:42 - SQL Error: 0, SQLState: 42703
2024-10-29 09:02:42 - ERROR: column i.peso does not exist
  Dica: Perhaps you meant to reference the column "e.peso".
  Posição: 49
2024-10-29 09:02:42 - Servlet.service() for servlet [dispatcherServlet] in context with path [] threw exception [Request processing failed: org.springframework.dao.InvalidDataAccessResourceUsageException: JDBC exception executing SQL [SELECT prod.nome AS produto, SUM(i.quantidade * i.peso) AS total_peso FROM item_de_nota i JOIN propriedade prop ON i.propriedade_id = prop.id JOIN produto prod ON prop.produto_id = prod.id JOIN embalagem e ON i.embalagem_id = e.id JOIN nota n ON i.nota_id = n.id WHERE n.data BETWEEN ? AND ? GROUP BY prod.nome ORDER BY total_peso DESC LIMIT 5] [ERROR: column i.peso does not exist
  Dica: Perhaps you meant to reference the column "e.peso".
  Posição: 49] [n/a]; SQL [n/a]] with root cause
org.postgresql.util.PSQLException: ERROR: column i.peso does not exist
  Dica: Perhaps you meant to reference the column "e.peso".
  Posição: 49
	at org.postgresql.core.v3.QueryExecutorImpl.receiveErrorResponse(QueryExecutorImpl.java:2725)
	at org.postgresql.core.v3.QueryExecutorImpl.processResults(QueryExecutorImpl.java:2412)
	at org.postgresql.core.v3.QueryExecutorImpl.execute(QueryExecutorImpl.java:371)
	at org.postgresql.jdbc.PgStatement.executeInternal(PgStatement.java:502)
	at org.postgresql.jdbc.PgStatement.execute(PgStatement.java:419)
	at org.postgresql.jdbc.PgPreparedStatement.executeWithFlags(PgPreparedStatement.java:194)
	at org.postgresql.jdbc.PgPreparedStatement.executeQuery(PgPreparedStatement.java:137)
	at com.zaxxer.hikari.pool.ProxyPreparedStatement.executeQuery(ProxyPreparedStatement.java:52)
	at com.zaxxer.hikari.pool.HikariProxyPreparedStatement.executeQuery(HikariProxyPreparedStatement.java)
	at org.hibernate.sql.results.jdbc.internal.DeferredResultSetAccess.executeQuery(DeferredResultSetAccess.java:246)
	at org.hibernate.sql.results.jdbc.internal.DeferredResultSetAccess.getResultSet(DeferredResultSetAccess.java:167)
	at org.hibernate.sql.results.jdbc.internal.AbstractResultSetAccess.getMetaData(AbstractResultSetAccess.java:36)
	at org.hibernate.sql.results.jdbc.internal.AbstractResultSetAccess.getColumnCount(AbstractResultSetAccess.java:52)
	at org.hibernate.query.results.ResultSetMappingImpl.resolve(ResultSetMappingImpl.java:193)
	at org.hibernate.sql.exec.internal.JdbcSelectExecutorStandardImpl.resolveJdbcValuesSource(JdbcSelectExecutorStandardImpl.java:327)
	at org.hibernate.sql.exec.internal.JdbcSelectExecutorStandardImpl.doExecuteQuery(JdbcSelectExecutorStandardImpl.java:115)
	at org.hibernate.sql.exec.internal.JdbcSelectExecutorStandardImpl.executeQuery(JdbcSelectExecutorStandardImpl.java:83)
	at org.hibernate.sql.exec.spi.JdbcSelectExecutor.list(JdbcSelectExecutor.java:76)
	at org.hibernate.sql.exec.spi.JdbcSelectExecutor.list(JdbcSelectExecutor.java:65)
	at org.hibernate.query.sql.internal.NativeSelectQueryPlanImpl.performList(NativeSelectQueryPlanImpl.java:138)
	at org.hibernate.query.sql.internal.NativeQueryImpl.doList(NativeQueryImpl.java:628)
	at org.hibernate.query.spi.AbstractSelectionQuery.list(AbstractSelectionQuery.java:423)
	at org.hibernate.query.Query.getResultList(Query.java:120)
	at org.springframework.data.jpa.repository.query.JpaQueryExecution$CollectionExecution.doExecute(JpaQueryExecution.java:129)
	at org.springframework.data.jpa.repository.query.JpaQueryExecution.execute(JpaQueryExecution.java:92)
	at org.springframework.data.jpa.repository.query.AbstractJpaQuery.doExecute(AbstractJpaQuery.java:152)
	at org.springframework.data.jpa.repository.query.AbstractJpaQuery.execute(AbstractJpaQuery.java:140)
	at org.springframework.data.repository.core.support.RepositoryMethodInvoker.doInvoke(RepositoryMethodInvoker.java:170)
	at org.springframework.data.repository.core.support.RepositoryMethodInvoker.invoke(RepositoryMethodInvoker.java:158)
	at org.springframework.data.repository.core.support.QueryExecutorMethodInterceptor.doInvoke(QueryExecutorMethodInterceptor.java:164)
	at org.springframework.data.repository.core.support.QueryExecutorMethodInterceptor.invoke(QueryExecutorMethodInterceptor.java:143)
	at org.springframework.aop.framework.ReflectiveMethodInvocation.proceed(ReflectiveMethodInvocation.java:184)
	at org.springframework.data.projection.DefaultMethodInvokingMethodInterceptor.invoke(DefaultMethodInvokingMethodInterceptor.java:70)
	at org.springframework.aop.framework.ReflectiveMethodInvocation.proceed(ReflectiveMethodInvocation.java:184)
	at org.springframework.transaction.interceptor.TransactionAspectSupport.invokeWithinTransaction(TransactionAspectSupport.java:379)
	at org.springframework.transaction.interceptor.TransactionInterceptor.invoke(TransactionInterceptor.java:119)
	at org.springframework.aop.framework.ReflectiveMethodInvocation.proceed(ReflectiveMethodInvocation.java:184)
	at org.springframework.dao.support.PersistenceExceptionTranslationInterceptor.invoke(PersistenceExceptionTranslationInterceptor.java:138)
	at org.springframework.aop.framework.ReflectiveMethodInvocation.proceed(ReflectiveMethodInvocation.java:184)
	at org.springframework.data.jpa.repository.support.CrudMethodMetadataPostProcessor$CrudMethodMetadataPopulatingMethodInterceptor.invoke(CrudMethodMetadataPostProcessor.java:136)
	at org.springframework.aop.framework.ReflectiveMethodInvocation.proceed(ReflectiveMethodInvocation.java:184)
	at org.springframework.aop.interceptor.ExposeInvocationInterceptor.invoke(ExposeInvocationInterceptor.java:97)
	at org.springframework.aop.framework.ReflectiveMethodInvocation.proceed(ReflectiveMethodInvocation.java:184)
	at org.springframework.aop.framework.JdkDynamicAopProxy.invoke(JdkDynamicAopProxy.java:223)
	at jdk.proxy8/jdk.proxy8.$Proxy254.findTop5ProdutosByPesoBetweenDates(Unknown Source)
	at com.flc.springthymeleaf.service.ItemDeNotaService.getTop5ProdutosByPeso(ItemDeNotaService.java:22)
	at com.flc.springthymeleaf.web.ProdutoController.mostrarGraficoProdutos(ProdutoController.java:261)
	at java.base/jdk.internal.reflect.DirectMethodHandleAccessor.invoke(DirectMethodHandleAccessor.java:103)
	at java.base/java.lang.reflect.Method.invoke(Method.java:580)
	at org.springframework.web.method.support.InvocableHandlerMethod.doInvoke(InvocableHandlerMethod.java:255)
	at org.springframework.web.method.support.InvocableHandlerMethod.invokeForRequest(InvocableHandlerMethod.java:188)
	at org.springframework.web.servlet.mvc.method.annotation.ServletInvocableHandlerMethod.invokeAndHandle(ServletInvocableHandlerMethod.java:118)
	at org.springframework.web.servlet.mvc.method.annotation.RequestMappingHandlerAdapter.invokeHandlerMethod(RequestMappingHandlerAdapter.java:926)
	at org.springframework.web.servlet.mvc.method.annotation.RequestMappingHandlerAdapter.handleInternal(RequestMappingHandlerAdapter.java:831)
	at org.springframework.web.servlet.mvc.method.AbstractHandlerMethodAdapter.handle(AbstractHandlerMethodAdapter.java:87)
	at org.springframework.web.servlet.DispatcherServlet.doDispatch(DispatcherServlet.java:1089)
	at org.springframework.web.servlet.DispatcherServlet.doService(DispatcherServlet.java:979)
	at org.springframework.web.servlet.FrameworkServlet.processRequest(FrameworkServlet.java:1014)
	at org.springframework.web.servlet.FrameworkServlet.doGet(FrameworkServlet.java:903)
	at jakarta.servlet.http.HttpServlet.service(HttpServlet.java:564)
	at org.springframework.web.servlet.FrameworkServlet.service(FrameworkServlet.java:885)
	at jakarta.servlet.http.HttpServlet.service(HttpServlet.java:658)
	at org.apache.catalina.core.ApplicationFilterChain.internalDoFilter(ApplicationFilterChain.java:195)
	at org.apache.catalina.core.ApplicationFilterChain.doFilter(ApplicationFilterChain.java:140)
	at org.apache.tomcat.websocket.server.WsFilter.doFilter(WsFilter.java:51)
	at org.apache.catalina.core.ApplicationFilterChain.internalDoFilter(ApplicationFilterChain.java:164)
	at org.apache.catalina.core.ApplicationFilterChain.doFilter(ApplicationFilterChain.java:140)
	at org.springframework.web.servlet.resource.ResourceUrlEncodingFilter.doFilter(ResourceUrlEncodingFilter.java:66)
	at org.apache.catalina.core.ApplicationFilterChain.internalDoFilter(ApplicationFilterChain.java:164)
	at org.apache.catalina.core.ApplicationFilterChain.doFilter(ApplicationFilterChain.java:140)
	at org.springframework.web.filter.CompositeFilter$VirtualFilterChain.doFilter(CompositeFilter.java:108)
	at org.springframework.security.web.FilterChainProxy.lambda$doFilterInternal$3(FilterChainProxy.java:231)
	at org.springframework.security.web.FilterChainProxy$VirtualFilterChain.doFilter(FilterChainProxy.java:365)
	at org.springframework.security.web.access.intercept.AuthorizationFilter.doFilter(AuthorizationFilter.java:100)
	at org.springframework.security.web.FilterChainProxy$VirtualFilterChain.doFilter(FilterChainProxy.java:374)
	at org.springframework.security.web.access.ExceptionTranslationFilter.doFilter(ExceptionTranslationFilter.java:126)
	at org.springframework.security.web.access.ExceptionTranslationFilter.doFilter(ExceptionTranslationFilter.java:120)
	at org.springframework.security.web.FilterChainProxy$VirtualFilterChain.doFilter(FilterChainProxy.java:374)
	at org.springframework.security.web.authentication.AnonymousAuthenticationFilter.doFilter(AnonymousAuthenticationFilter.java:100)
	at org.springframework.security.web.FilterChainProxy$VirtualFilterChain.doFilter(FilterChainProxy.java:374)
	at org.springframework.security.web.servletapi.SecurityContextHolderAwareRequestFilter.doFilter(SecurityContextHolderAwareRequestFilter.java:179)
	at org.springframework.security.web.FilterChainProxy$VirtualFilterChain.doFilter(FilterChainProxy.java:374)
	at org.springframework.security.web.savedrequest.RequestCacheAwareFilter.doFilter(RequestCacheAwareFilter.java:63)
	at org.springframework.security.web.FilterChainProxy$VirtualFilterChain.doFilter(FilterChainProxy.java:374)
	at org.springframework.security.web.authentication.www.BasicAuthenticationFilter.doFilterInternal(BasicAuthenticationFilter.java:181)
	at org.springframework.web.filter.OncePerRequestFilter.doFilter(OncePerRequestFilter.java:116)
	at org.springframework.security.web.FilterChainProxy$VirtualFilterChain.doFilter(FilterChainProxy.java:374)
	at org.springframework.security.web.authentication.AbstractAuthenticationProcessingFilter.doFilter(AbstractAuthenticationProcessingFilter.java:227)
	at org.springframework.security.web.authentication.AbstractAuthenticationProcessingFilter.doFilter(AbstractAuthenticationProcessingFilter.java:221)
	at org.springframework.security.web.FilterChainProxy$VirtualFilterChain.doFilter(FilterChainProxy.java:374)
	at org.springframework.security.web.authentication.logout.LogoutFilter.doFilter(LogoutFilter.java:107)
	at org.springframework.security.web.authentication.logout.LogoutFilter.doFilter(LogoutFilter.java:93)
	at org.springframework.security.web.FilterChainProxy$VirtualFilterChain.doFilter(FilterChainProxy.java:374)
	at org.springframework.web.filter.CorsFilter.doFilterInternal(CorsFilter.java:91)
	at org.springframework.web.filter.OncePerRequestFilter.doFilter(OncePerRequestFilter.java:116)
	at org.springframework.security.web.FilterChainProxy$VirtualFilterChain.doFilter(FilterChainProxy.java:374)
	at org.springframework.security.web.header.HeaderWriterFilter.doHeadersAfter(HeaderWriterFilter.java:90)
	at org.springframework.security.web.header.HeaderWriterFilter.doFilterInternal(HeaderWriterFilter.java:75)
	at org.springframework.web.filter.OncePerRequestFilter.doFilter(OncePerRequestFilter.java:116)
	at org.springframework.security.web.FilterChainProxy$VirtualFilterChain.doFilter(FilterChainProxy.java:374)
	at org.springframework.security.web.context.SecurityContextHolderFilter.doFilter(SecurityContextHolderFilter.java:82)
	at org.springframework.security.web.context.SecurityContextHolderFilter.doFilter(SecurityContextHolderFilter.java:69)
	at org.springframework.security.web.FilterChainProxy$VirtualFilterChain.doFilter(FilterChainProxy.java:374)
	at org.springframework.security.web.context.request.async.WebAsyncManagerIntegrationFilter.doFilterInternal(WebAsyncManagerIntegrationFilter.java:62)
	at org.springframework.web.filter.OncePerRequestFilter.doFilter(OncePerRequestFilter.java:116)
	at org.springframework.security.web.FilterChainProxy$VirtualFilterChain.doFilter(FilterChainProxy.java:374)
	at org.springframework.security.web.session.DisableEncodeUrlFilter.doFilterInternal(DisableEncodeUrlFilter.java:42)
	at org.springframework.web.filter.OncePerRequestFilter.doFilter(OncePerRequestFilter.java:116)
	at org.springframework.security.web.FilterChainProxy$VirtualFilterChain.doFilter(FilterChainProxy.java:374)
	at org.springframework.security.web.FilterChainProxy.doFilterInternal(FilterChainProxy.java:233)
	at org.springframework.security.web.FilterChainProxy.doFilter(FilterChainProxy.java:191)
	at org.springframework.web.filter.CompositeFilter$VirtualFilterChain.doFilter(CompositeFilter.java:113)
	at org.springframework.web.servlet.handler.HandlerMappingIntrospector.lambda$createCacheFilter$3(HandlerMappingIntrospector.java:195)
	at org.springframework.web.filter.CompositeFilter$VirtualFilterChain.doFilter(CompositeFilter.java:113)
	at org.springframework.web.filter.CompositeFilter.doFilter(CompositeFilter.java:74)
	at org.springframework.security.config.annotation.web.configuration.WebMvcSecurityConfiguration$CompositeFilterChainProxy.doFilter(WebMvcSecurityConfiguration.java:230)
	at org.springframework.web.filter.DelegatingFilterProxy.invokeDelegate(DelegatingFilterProxy.java:352)
	at org.springframework.web.filter.DelegatingFilterProxy.doFilter(DelegatingFilterProxy.java:268)
	at org.apache.catalina.core.ApplicationFilterChain.internalDoFilter(ApplicationFilterChain.java:164)
	at org.apache.catalina.core.ApplicationFilterChain.doFilter(ApplicationFilterChain.java:140)
	at org.springframework.web.filter.RequestContextFilter.doFilterInternal(RequestContextFilter.java:100)
	at org.springframework.web.filter.OncePerRequestFilter.doFilter(OncePerRequestFilter.java:116)
	at org.apache.catalina.core.ApplicationFilterChain.internalDoFilter(ApplicationFilterChain.java:164)
	at org.apache.catalina.core.ApplicationFilterChain.doFilter(ApplicationFilterChain.java:140)
	at org.springframework.web.filter.FormContentFilter.doFilterInternal(FormContentFilter.java:93)
	at org.springframework.web.filter.OncePerRequestFilter.doFilter(OncePerRequestFilter.java:116)
	at org.apache.catalina.core.ApplicationFilterChain.internalDoFilter(ApplicationFilterChain.java:164)
	at org.apache.catalina.core.ApplicationFilterChain.doFilter(ApplicationFilterChain.java:140)
	at org.springframework.web.filter.CharacterEncodingFilter.doFilterInternal(CharacterEncodingFilter.java:201)
	at org.springframework.web.filter.OncePerRequestFilter.doFilter(OncePerRequestFilter.java:116)
	at org.apache.catalina.core.ApplicationFilterChain.internalDoFilter(ApplicationFilterChain.java:164)
	at org.apache.catalina.core.ApplicationFilterChain.doFilter(ApplicationFilterChain.java:140)
	at org.apache.catalina.core.StandardWrapperValve.invoke(StandardWrapperValve.java:167)
	at org.apache.catalina.core.StandardContextValve.invoke(StandardContextValve.java:90)
	at org.apache.catalina.authenticator.AuthenticatorBase.invoke(AuthenticatorBase.java:483)
	at org.apache.catalina.core.StandardHostValve.invoke(StandardHostValve.java:115)
	at org.apache.catalina.valves.ErrorReportValve.invoke(ErrorReportValve.java:93)
	at org.apache.catalina.core.StandardEngineValve.invoke(StandardEngineValve.java:74)
	at org.apache.catalina.connector.CoyoteAdapter.service(CoyoteAdapter.java:344)
	at org.apache.coyote.http11.Http11Processor.service(Http11Processor.java:389)
	at org.apache.coyote.AbstractProcessorLight.process(AbstractProcessorLight.java:63)
	at org.apache.coyote.AbstractProtocol$ConnectionHandler.process(AbstractProtocol.java:904)
	at org.apache.tomcat.util.net.NioEndpoint$SocketProcessor.doRun(NioEndpoint.java:1741)
	at org.apache.tomcat.util.net.SocketProcessorBase.run(SocketProcessorBase.java:52)
	at org.apache.tomcat.util.threads.ThreadPoolExecutor.runWorker(ThreadPoolExecutor.java:1190)
	at org.apache.tomcat.util.threads.ThreadPoolExecutor$Worker.run(ThreadPoolExecutor.java:659)
	at org.apache.tomcat.util.threads.TaskThread$WrappingRunnable.run(TaskThread.java:63)
	at java.base/java.lang.Thread.run(Thread.java:1583)
2024-10-29 09:03:11 - Restarting due to 1 class path change (0 additions, 0 deletions, 1 modification)
2024-10-29 09:03:11 - Stopping ProtocolHandler ["http-nio-5001"]
2024-10-29 09:03:11 - Closing JPA EntityManagerFactory for persistence unit 'default'
2024-10-29 09:03:11 - HikariPool-5 - Shutdown initiated...
2024-10-29 09:03:11 - HikariPool-5 - Shutdown completed.
2024-10-29 09:03:11 - Starting SpringThymeleafApplication using Java 21.0.4 with PID 17540 (C:\Users\fernando.correa\Documents\GitHub\workspace2023\ceasadev_2024\target\classes started by fernando.correa in C:\Users\fernando.correa\Documents\GitHub\workspace2023\ceasadev_2024)
2024-10-29 09:03:11 - No active profile set, falling back to 1 default profile: "default"
2024-10-29 09:03:11 - Bootstrapping Spring Data JPA repositories in DEFAULT mode.
2024-10-29 09:03:11 - Finished Spring Data repository scanning in 45 ms. Found 16 JPA repository interfaces.
2024-10-29 09:03:11 - Tomcat initialized with port 5001 (http)
2024-10-29 09:03:11 - Initializing ProtocolHandler ["http-nio-5001"]
2024-10-29 09:03:11 - Starting service [Tomcat]
2024-10-29 09:03:11 - Starting Servlet engine: [Apache Tomcat/10.1.26]
2024-10-29 09:03:11 - Initializing Spring embedded WebApplicationContext
2024-10-29 09:03:11 - Root WebApplicationContext: initialization completed in 401 ms
2024-10-29 09:03:11 - HHH000204: Processing PersistenceUnitInfo [name: default]
2024-10-29 09:03:11 - HHH000026: Second-level cache disabled
2024-10-29 09:03:11 - No LoadTimeWeaver setup: ignoring JPA class transformer
2024-10-29 09:03:11 - HHH90000021: Encountered deprecated setting [hibernate.temp.use_jdbc_metadata_defaults], use [hibernate.boot.allow_jdbc_metadata_access] instead
2024-10-29 09:03:11 - HHH90000025: PostgreSQLDialect does not need to be specified explicitly using 'hibernate.dialect' (remove the property setting and it will be selected by default)
2024-10-29 09:03:11 - HHH000489: No JTA platform available (set 'hibernate.transaction.jta.platform' to enable JTA platform integration)
2024-10-29 09:03:11 - HikariPool-6 - Starting...
2024-10-29 09:03:11 - HikariPool-6 - Added connection org.postgresql.jdbc.PgConnection@4e364da
2024-10-29 09:03:11 - HikariPool-6 - Start completed.
2024-10-29 09:03:12 - Initialized JPA EntityManagerFactory for persistence unit 'default'
2024-10-29 09:03:12 - No authentication manager set. Reauthentication of users when changing passwords will not be performed.
2024-10-29 09:03:12 - Global AuthenticationManager configured with UserDetailsService bean with name userDetaisManager
2024-10-29 09:03:12 - LiveReload server is running on port 35729
2024-10-29 09:03:12 - Starting ProtocolHandler ["http-nio-5001"]
2024-10-29 09:03:12 - Tomcat started on port 5001 (http) with context path '/'
2024-10-29 09:03:12 - Started SpringThymeleafApplication in 1.495 seconds (process running for 5909.201)
2024-10-29 09:03:12 - Condition evaluation unchanged
2024-10-29 09:09:02 - Initializing Spring DispatcherServlet 'dispatcherServlet'
2024-10-29 09:09:02 - Initializing Servlet 'dispatcherServlet'
2024-10-29 09:09:02 - Completed initialization in 2 ms
2024-10-29 11:58:13 - Servlet.service() for servlet [dispatcherServlet] in context with path [] threw exception [Request processing failed: java.lang.NullPointerException: Cannot invoke "java.lang.Throwable.getCause()" because "throwable" is null] with root cause
java.lang.NullPointerException: Cannot invoke "java.lang.Throwable.getCause()" because "throwable" is null
	at com.flc.springthymeleaf.web.error.MyErrorView.resolveErrorView(MyErrorView.java:34)
	at org.springframework.boot.autoconfigure.web.servlet.error.AbstractErrorController.resolveErrorView(AbstractErrorController.java:150)
	at org.springframework.boot.autoconfigure.web.servlet.error.BasicErrorController.errorHtml(BasicErrorController.java:91)
	at java.base/jdk.internal.reflect.DirectMethodHandleAccessor.invoke(DirectMethodHandleAccessor.java:103)
	at java.base/java.lang.reflect.Method.invoke(Method.java:580)
	at org.springframework.web.method.support.InvocableHandlerMethod.doInvoke(InvocableHandlerMethod.java:255)
	at org.springframework.web.method.support.InvocableHandlerMethod.invokeForRequest(InvocableHandlerMethod.java:188)
	at org.springframework.web.servlet.mvc.method.annotation.ServletInvocableHandlerMethod.invokeAndHandle(ServletInvocableHandlerMethod.java:118)
	at org.springframework.web.servlet.mvc.method.annotation.RequestMappingHandlerAdapter.invokeHandlerMethod(RequestMappingHandlerAdapter.java:926)
	at org.springframework.web.servlet.mvc.method.annotation.RequestMappingHandlerAdapter.handleInternal(RequestMappingHandlerAdapter.java:831)
	at org.springframework.web.servlet.mvc.method.AbstractHandlerMethodAdapter.handle(AbstractHandlerMethodAdapter.java:87)
	at org.springframework.web.servlet.DispatcherServlet.doDispatch(DispatcherServlet.java:1089)
	at org.springframework.web.servlet.DispatcherServlet.doService(DispatcherServlet.java:979)
	at org.springframework.web.servlet.FrameworkServlet.processRequest(FrameworkServlet.java:1014)
	at org.springframework.web.servlet.FrameworkServlet.doGet(FrameworkServlet.java:903)
	at jakarta.servlet.http.HttpServlet.service(HttpServlet.java:564)
	at org.springframework.web.servlet.FrameworkServlet.service(FrameworkServlet.java:885)
	at jakarta.servlet.http.HttpServlet.service(HttpServlet.java:658)
	at org.apache.catalina.core.ApplicationFilterChain.internalDoFilter(ApplicationFilterChain.java:195)
	at org.apache.catalina.core.ApplicationFilterChain.doFilter(ApplicationFilterChain.java:140)
	at org.apache.tomcat.websocket.server.WsFilter.doFilter(WsFilter.java:51)
	at org.apache.catalina.core.ApplicationFilterChain.internalDoFilter(ApplicationFilterChain.java:164)
	at org.apache.catalina.core.ApplicationFilterChain.doFilter(ApplicationFilterChain.java:140)
	at org.springframework.web.servlet.resource.ResourceUrlEncodingFilter.doFilter(ResourceUrlEncodingFilter.java:66)
	at org.apache.catalina.core.ApplicationFilterChain.internalDoFilter(ApplicationFilterChain.java:164)
	at org.apache.catalina.core.ApplicationFilterChain.doFilter(ApplicationFilterChain.java:140)
	at org.springframework.web.filter.CompositeFilter$VirtualFilterChain.doFilter(CompositeFilter.java:108)
	at org.springframework.security.web.FilterChainProxy.lambda$doFilterInternal$3(FilterChainProxy.java:231)
	at org.springframework.security.web.FilterChainProxy$VirtualFilterChain.doFilter(FilterChainProxy.java:365)
	at org.springframework.security.web.access.intercept.AuthorizationFilter.doFilter(AuthorizationFilter.java:100)
	at org.springframework.security.web.FilterChainProxy$VirtualFilterChain.doFilter(FilterChainProxy.java:374)
	at org.springframework.security.web.access.ExceptionTranslationFilter.doFilter(ExceptionTranslationFilter.java:126)
	at org.springframework.security.web.access.ExceptionTranslationFilter.doFilter(ExceptionTranslationFilter.java:120)
	at org.springframework.security.web.FilterChainProxy$VirtualFilterChain.doFilter(FilterChainProxy.java:374)
	at org.springframework.security.web.authentication.AnonymousAuthenticationFilter.doFilter(AnonymousAuthenticationFilter.java:100)
	at org.springframework.security.web.FilterChainProxy$VirtualFilterChain.doFilter(FilterChainProxy.java:374)
	at org.springframework.security.web.servletapi.SecurityContextHolderAwareRequestFilter.doFilter(SecurityContextHolderAwareRequestFilter.java:179)
	at org.springframework.security.web.FilterChainProxy$VirtualFilterChain.doFilter(FilterChainProxy.java:374)
	at org.springframework.security.web.savedrequest.RequestCacheAwareFilter.doFilter(RequestCacheAwareFilter.java:63)
	at org.springframework.security.web.FilterChainProxy$VirtualFilterChain.doFilter(FilterChainProxy.java:374)
	at org.springframework.security.web.authentication.www.BasicAuthenticationFilter.doFilterInternal(BasicAuthenticationFilter.java:181)
	at org.springframework.web.filter.OncePerRequestFilter.doFilter(OncePerRequestFilter.java:116)
	at org.springframework.security.web.FilterChainProxy$VirtualFilterChain.doFilter(FilterChainProxy.java:374)
	at org.springframework.security.web.authentication.AbstractAuthenticationProcessingFilter.doFilter(AbstractAuthenticationProcessingFilter.java:227)
	at org.springframework.security.web.authentication.AbstractAuthenticationProcessingFilter.doFilter(AbstractAuthenticationProcessingFilter.java:221)
	at org.springframework.security.web.FilterChainProxy$VirtualFilterChain.doFilter(FilterChainProxy.java:374)
	at org.springframework.security.web.authentication.logout.LogoutFilter.doFilter(LogoutFilter.java:107)
	at org.springframework.security.web.authentication.logout.LogoutFilter.doFilter(LogoutFilter.java:93)
	at org.springframework.security.web.FilterChainProxy$VirtualFilterChain.doFilter(FilterChainProxy.java:374)
	at org.springframework.web.filter.CorsFilter.doFilterInternal(CorsFilter.java:91)
	at org.springframework.web.filter.OncePerRequestFilter.doFilter(OncePerRequestFilter.java:116)
	at org.springframework.security.web.FilterChainProxy$VirtualFilterChain.doFilter(FilterChainProxy.java:374)
	at org.springframework.security.web.header.HeaderWriterFilter.doHeadersAfter(HeaderWriterFilter.java:90)
	at org.springframework.security.web.header.HeaderWriterFilter.doFilterInternal(HeaderWriterFilter.java:75)
	at org.springframework.web.filter.OncePerRequestFilter.doFilter(OncePerRequestFilter.java:116)
	at org.springframework.security.web.FilterChainProxy$VirtualFilterChain.doFilter(FilterChainProxy.java:374)
	at org.springframework.security.web.context.SecurityContextHolderFilter.doFilter(SecurityContextHolderFilter.java:82)
	at org.springframework.security.web.context.SecurityContextHolderFilter.doFilter(SecurityContextHolderFilter.java:69)
	at org.springframework.security.web.FilterChainProxy$VirtualFilterChain.doFilter(FilterChainProxy.java:374)
	at org.springframework.security.web.context.request.async.WebAsyncManagerIntegrationFilter.doFilterInternal(WebAsyncManagerIntegrationFilter.java:62)
	at org.springframework.web.filter.OncePerRequestFilter.doFilter(OncePerRequestFilter.java:116)
	at org.springframework.security.web.FilterChainProxy$VirtualFilterChain.doFilter(FilterChainProxy.java:374)
	at org.springframework.security.web.session.DisableEncodeUrlFilter.doFilterInternal(DisableEncodeUrlFilter.java:42)
	at org.springframework.web.filter.OncePerRequestFilter.doFilter(OncePerRequestFilter.java:116)
	at org.springframework.security.web.FilterChainProxy$VirtualFilterChain.doFilter(FilterChainProxy.java:374)
	at org.springframework.security.web.FilterChainProxy.doFilterInternal(FilterChainProxy.java:233)
	at org.springframework.security.web.FilterChainProxy.doFilter(FilterChainProxy.java:191)
	at org.springframework.web.filter.CompositeFilter$VirtualFilterChain.doFilter(CompositeFilter.java:113)
	at org.springframework.web.servlet.handler.HandlerMappingIntrospector.lambda$createCacheFilter$3(HandlerMappingIntrospector.java:195)
	at org.springframework.web.filter.CompositeFilter$VirtualFilterChain.doFilter(CompositeFilter.java:113)
	at org.springframework.web.filter.CompositeFilter.doFilter(CompositeFilter.java:74)
	at org.springframework.security.config.annotation.web.configuration.WebMvcSecurityConfiguration$CompositeFilterChainProxy.doFilter(WebMvcSecurityConfiguration.java:230)
	at org.springframework.web.filter.DelegatingFilterProxy.invokeDelegate(DelegatingFilterProxy.java:352)
	at org.springframework.web.filter.DelegatingFilterProxy.doFilter(DelegatingFilterProxy.java:268)
	at org.apache.catalina.core.ApplicationFilterChain.internalDoFilter(ApplicationFilterChain.java:164)
	at org.apache.catalina.core.ApplicationFilterChain.doFilter(ApplicationFilterChain.java:140)
	at org.springframework.web.filter.RequestContextFilter.doFilterInternal(RequestContextFilter.java:100)
	at org.springframework.web.filter.OncePerRequestFilter.doFilter(OncePerRequestFilter.java:116)
	at org.apache.catalina.core.ApplicationFilterChain.internalDoFilter(ApplicationFilterChain.java:164)
	at org.apache.catalina.core.ApplicationFilterChain.doFilter(ApplicationFilterChain.java:140)
	at org.springframework.web.filter.FormContentFilter.doFilterInternal(FormContentFilter.java:93)
	at org.springframework.web.filter.OncePerRequestFilter.doFilter(OncePerRequestFilter.java:116)
	at org.apache.catalina.core.ApplicationFilterChain.internalDoFilter(ApplicationFilterChain.java:164)
	at org.apache.catalina.core.ApplicationFilterChain.doFilter(ApplicationFilterChain.java:140)
	at org.springframework.web.filter.CharacterEncodingFilter.doFilterInternal(CharacterEncodingFilter.java:201)
	at org.springframework.web.filter.OncePerRequestFilter.doFilter(OncePerRequestFilter.java:116)
	at org.apache.catalina.core.ApplicationFilterChain.internalDoFilter(ApplicationFilterChain.java:164)
	at org.apache.catalina.core.ApplicationFilterChain.doFilter(ApplicationFilterChain.java:140)
	at org.apache.catalina.core.StandardWrapperValve.invoke(StandardWrapperValve.java:167)
	at org.apache.catalina.core.StandardContextValve.invoke(StandardContextValve.java:90)
	at org.apache.catalina.authenticator.AuthenticatorBase.invoke(AuthenticatorBase.java:483)
	at org.apache.catalina.core.StandardHostValve.invoke(StandardHostValve.java:115)
	at org.apache.catalina.valves.ErrorReportValve.invoke(ErrorReportValve.java:93)
	at org.apache.catalina.core.StandardEngineValve.invoke(StandardEngineValve.java:74)
	at org.apache.catalina.connector.CoyoteAdapter.service(CoyoteAdapter.java:344)
	at org.apache.coyote.http11.Http11Processor.service(Http11Processor.java:389)
	at org.apache.coyote.AbstractProcessorLight.process(AbstractProcessorLight.java:63)
	at org.apache.coyote.AbstractProtocol$ConnectionHandler.process(AbstractProtocol.java:904)
	at org.apache.tomcat.util.net.NioEndpoint$SocketProcessor.doRun(NioEndpoint.java:1741)
	at org.apache.tomcat.util.net.SocketProcessorBase.run(SocketProcessorBase.java:52)
	at org.apache.tomcat.util.threads.ThreadPoolExecutor.runWorker(ThreadPoolExecutor.java:1190)
	at org.apache.tomcat.util.threads.ThreadPoolExecutor$Worker.run(ThreadPoolExecutor.java:659)
	at org.apache.tomcat.util.threads.TaskThread$WrappingRunnable.run(TaskThread.java:63)
	at java.base/java.lang.Thread.run(Thread.java:1583)
2024-10-29 14:43:47 - HV000001: Hibernate Validator 8.0.1.Final
2024-10-29 14:43:47 - Starting SpringThymeleafApplication using Java 21.0.4 with PID 5452 (C:\Users\fernando.correa\Documents\GitHub\workspace2023\ceasadev_2024\target\classes started by fernando.correa in C:\Users\fernando.correa\Documents\GitHub\workspace2023\ceasadev_2024)
2024-10-29 14:43:47 - No active profile set, falling back to 1 default profile: "default"
2024-10-29 14:43:48 - Devtools property defaults active! Set 'spring.devtools.add-properties' to 'false' to disable
2024-10-29 14:43:48 - For additional web related logging consider setting the 'logging.level.web' property to 'DEBUG'
2024-10-29 14:43:49 - Bootstrapping Spring Data JPA repositories in DEFAULT mode.
2024-10-29 14:43:49 - Finished Spring Data repository scanning in 108 ms. Found 16 JPA repository interfaces.
2024-10-29 14:43:50 - Tomcat initialized with port 5001 (http)
2024-10-29 14:43:50 - Initializing ProtocolHandler ["http-nio-5001"]
2024-10-29 14:43:50 - Starting service [Tomcat]
2024-10-29 14:43:50 - Starting Servlet engine: [Apache Tomcat/10.1.26]
2024-10-29 14:43:50 - Initializing Spring embedded WebApplicationContext
2024-10-29 14:43:50 - Root WebApplicationContext: initialization completed in 2258 ms
2024-10-29 14:43:50 - HHH000204: Processing PersistenceUnitInfo [name: default]
2024-10-29 14:43:51 - HHH000412: Hibernate ORM core version 6.5.2.Final
2024-10-29 14:43:51 - HHH000026: Second-level cache disabled
2024-10-29 14:43:51 - No LoadTimeWeaver setup: ignoring JPA class transformer
2024-10-29 14:43:51 - HHH90000021: Encountered deprecated setting [hibernate.temp.use_jdbc_metadata_defaults], use [hibernate.boot.allow_jdbc_metadata_access] instead
2024-10-29 14:43:51 - HHH90000025: PostgreSQLDialect does not need to be specified explicitly using 'hibernate.dialect' (remove the property setting and it will be selected by default)
2024-10-29 14:43:53 - HHH000489: No JTA platform available (set 'hibernate.transaction.jta.platform' to enable JTA platform integration)
2024-10-29 14:43:53 - HikariPool-1 - Starting...
2024-10-29 14:43:53 - HikariPool-1 - Added connection org.postgresql.jdbc.PgConnection@6220c7ff
2024-10-29 14:43:53 - HikariPool-1 - Start completed.
2024-10-29 14:43:53 - Initialized JPA EntityManagerFactory for persistence unit 'default'
2024-10-29 14:43:54 - Hibernate is in classpath; If applicable, HQL parser will be used.
2024-10-29 14:43:55 - No authentication manager set. Reauthentication of users when changing passwords will not be performed.
2024-10-29 14:43:55 - Global AuthenticationManager configured with UserDetailsService bean with name userDetaisManager
2024-10-29 14:43:56 - LiveReload server is running on port 35729
2024-10-29 14:43:56 - Starting ProtocolHandler ["http-nio-5001"]
2024-10-29 14:43:56 - Tomcat started on port 5001 (http) with context path '/'
2024-10-29 14:43:56 - Started SpringThymeleafApplication in 9.277 seconds (process running for 9.929)
2024-10-29 14:44:43 - Initializing Spring DispatcherServlet 'dispatcherServlet'
2024-10-29 14:44:43 - Initializing Servlet 'dispatcherServlet'
2024-10-29 14:44:43 - Completed initialization in 2 ms
2024-10-29 14:46:02 - Restarting due to 1 class path change (0 additions, 0 deletions, 1 modification)
2024-10-29 14:46:02 - Stopping ProtocolHandler ["http-nio-5001"]
2024-10-29 14:46:02 - Closing JPA EntityManagerFactory for persistence unit 'default'
2024-10-29 14:46:02 - HikariPool-1 - Shutdown initiated...
2024-10-29 14:46:02 - HikariPool-1 - Shutdown completed.
2024-10-29 14:46:02 - Starting SpringThymeleafApplication using Java 21.0.4 with PID 5452 (C:\Users\fernando.correa\Documents\GitHub\workspace2023\ceasadev_2024\target\classes started by fernando.correa in C:\Users\fernando.correa\Documents\GitHub\workspace2023\ceasadev_2024)
2024-10-29 14:46:02 - No active profile set, falling back to 1 default profile: "default"
2024-10-29 14:46:02 - Bootstrapping Spring Data JPA repositories in DEFAULT mode.
2024-10-29 14:46:02 - Finished Spring Data repository scanning in 48 ms. Found 16 JPA repository interfaces.
2024-10-29 14:46:02 - Tomcat initialized with port 5001 (http)
2024-10-29 14:46:02 - Initializing ProtocolHandler ["http-nio-5001"]
2024-10-29 14:46:02 - Starting service [Tomcat]
2024-10-29 14:46:02 - Starting Servlet engine: [Apache Tomcat/10.1.26]
2024-10-29 14:46:02 - Initializing Spring embedded WebApplicationContext
2024-10-29 14:46:02 - Root WebApplicationContext: initialization completed in 544 ms
2024-10-29 14:46:03 - HHH000204: Processing PersistenceUnitInfo [name: default]
2024-10-29 14:46:03 - HHH000026: Second-level cache disabled
2024-10-29 14:46:03 - No LoadTimeWeaver setup: ignoring JPA class transformer
2024-10-29 14:46:03 - HHH90000021: Encountered deprecated setting [hibernate.temp.use_jdbc_metadata_defaults], use [hibernate.boot.allow_jdbc_metadata_access] instead
2024-10-29 14:46:03 - HHH90000025: PostgreSQLDialect does not need to be specified explicitly using 'hibernate.dialect' (remove the property setting and it will be selected by default)
2024-10-29 14:46:03 - HHH000489: No JTA platform available (set 'hibernate.transaction.jta.platform' to enable JTA platform integration)
2024-10-29 14:46:03 - HikariPool-2 - Starting...
2024-10-29 14:46:03 - HikariPool-2 - Added connection org.postgresql.jdbc.PgConnection@293203da
2024-10-29 14:46:03 - HikariPool-2 - Start completed.
2024-10-29 14:46:03 - Initialized JPA EntityManagerFactory for persistence unit 'default'
2024-10-29 14:46:03 - No authentication manager set. Reauthentication of users when changing passwords will not be performed.
2024-10-29 14:46:03 - Global AuthenticationManager configured with UserDetailsService bean with name userDetaisManager
2024-10-29 14:46:04 - LiveReload server is running on port 35729
2024-10-29 14:46:04 - Starting ProtocolHandler ["http-nio-5001"]
2024-10-29 14:46:04 - Tomcat started on port 5001 (http) with context path '/'
2024-10-29 14:46:04 - Started SpringThymeleafApplication in 2.045 seconds (process running for 137.646)
2024-10-29 14:46:04 - Condition evaluation unchanged
2024-10-29 14:46:07 - Initializing Spring DispatcherServlet 'dispatcherServlet'
2024-10-29 14:46:07 - Initializing Servlet 'dispatcherServlet'
2024-10-29 14:46:07 - Completed initialization in 2 ms
2024-10-29 15:39:15 - HV000001: Hibernate Validator 8.0.1.Final
2024-10-29 15:39:15 - Starting SpringThymeleafApplication using Java 21.0.4 with PID 11840 (C:\Users\fernando.correa\Documents\GitHub\workspace2023\ceasadev_2024\target\classes started by fernando.correa in C:\Users\fernando.correa\Documents\GitHub\workspace2023\ceasadev_2024)
2024-10-29 15:39:15 - No active profile set, falling back to 1 default profile: "default"
2024-10-29 15:39:15 - Devtools property defaults active! Set 'spring.devtools.add-properties' to 'false' to disable
2024-10-29 15:39:15 - For additional web related logging consider setting the 'logging.level.web' property to 'DEBUG'
2024-10-29 15:39:16 - Bootstrapping Spring Data JPA repositories in DEFAULT mode.
2024-10-29 15:39:16 - Finished Spring Data repository scanning in 89 ms. Found 16 JPA repository interfaces.
2024-10-29 15:39:17 - Tomcat initialized with port 5001 (http)
2024-10-29 15:39:17 - Initializing ProtocolHandler ["http-nio-5001"]
2024-10-29 15:39:17 - Starting service [Tomcat]
2024-10-29 15:39:17 - Starting Servlet engine: [Apache Tomcat/10.1.26]
2024-10-29 15:39:17 - Initializing Spring embedded WebApplicationContext
2024-10-29 15:39:17 - Root WebApplicationContext: initialization completed in 1876 ms
2024-10-29 15:39:17 - HHH000204: Processing PersistenceUnitInfo [name: default]
2024-10-29 15:39:17 - HHH000412: Hibernate ORM core version 6.5.2.Final
2024-10-29 15:39:17 - HHH000026: Second-level cache disabled
2024-10-29 15:39:18 - No LoadTimeWeaver setup: ignoring JPA class transformer
2024-10-29 15:39:18 - HHH90000021: Encountered deprecated setting [hibernate.temp.use_jdbc_metadata_defaults], use [hibernate.boot.allow_jdbc_metadata_access] instead
2024-10-29 15:39:18 - HHH90000025: PostgreSQLDialect does not need to be specified explicitly using 'hibernate.dialect' (remove the property setting and it will be selected by default)
2024-10-29 15:39:19 - HHH000489: No JTA platform available (set 'hibernate.transaction.jta.platform' to enable JTA platform integration)
2024-10-29 15:39:19 - HikariPool-1 - Starting...
2024-10-29 15:39:19 - HikariPool-1 - Added connection org.postgresql.jdbc.PgConnection@40a65474
2024-10-29 15:39:19 - HikariPool-1 - Start completed.
2024-10-29 15:39:19 - Initialized JPA EntityManagerFactory for persistence unit 'default'
2024-10-29 15:39:20 - Hibernate is in classpath; If applicable, HQL parser will be used.
2024-10-29 15:39:21 - No authentication manager set. Reauthentication of users when changing passwords will not be performed.
2024-10-29 15:39:21 - Global AuthenticationManager configured with UserDetailsService bean with name userDetaisManager
2024-10-29 15:39:22 - LiveReload server is running on port 35729
2024-10-29 15:39:22 - Starting ProtocolHandler ["http-nio-5001"]
2024-10-29 15:39:22 - Tomcat started on port 5001 (http) with context path '/'
2024-10-29 15:39:22 - Started SpringThymeleafApplication in 7.541 seconds (process running for 8.165)
2024-10-29 15:39:25 - Initializing Spring DispatcherServlet 'dispatcherServlet'
2024-10-29 15:39:25 - Initializing Servlet 'dispatcherServlet'
2024-10-29 15:39:25 - Completed initialization in 1 ms
2024-10-29 15:51:50 - Restarting due to 1 class path change (0 additions, 0 deletions, 1 modification)
2024-10-29 15:51:50 - Stopping ProtocolHandler ["http-nio-5001"]
2024-10-29 15:51:50 - Closing JPA EntityManagerFactory for persistence unit 'default'
2024-10-29 15:51:50 - HikariPool-1 - Shutdown initiated...
2024-10-29 15:51:50 - HikariPool-1 - Shutdown completed.
2024-10-29 15:51:51 - Starting SpringThymeleafApplication using Java 21.0.4 with PID 11840 (C:\Users\fernando.correa\Documents\GitHub\workspace2023\ceasadev_2024\target\classes started by fernando.correa in C:\Users\fernando.correa\Documents\GitHub\workspace2023\ceasadev_2024)
2024-10-29 15:51:51 - No active profile set, falling back to 1 default profile: "default"
2024-10-29 15:51:51 - Bootstrapping Spring Data JPA repositories in DEFAULT mode.
2024-10-29 15:51:51 - Finished Spring Data repository scanning in 49 ms. Found 16 JPA repository interfaces.
2024-10-29 15:51:51 - Tomcat initialized with port 5001 (http)
2024-10-29 15:51:51 - Initializing ProtocolHandler ["http-nio-5001"]
2024-10-29 15:51:51 - Starting service [Tomcat]
2024-10-29 15:51:51 - Starting Servlet engine: [Apache Tomcat/10.1.26]
2024-10-29 15:51:51 - Initializing Spring embedded WebApplicationContext
2024-10-29 15:51:51 - Root WebApplicationContext: initialization completed in 502 ms
2024-10-29 15:51:51 - HHH000204: Processing PersistenceUnitInfo [name: default]
2024-10-29 15:51:51 - HHH000026: Second-level cache disabled
2024-10-29 15:51:51 - No LoadTimeWeaver setup: ignoring JPA class transformer
2024-10-29 15:51:51 - HHH90000021: Encountered deprecated setting [hibernate.temp.use_jdbc_metadata_defaults], use [hibernate.boot.allow_jdbc_metadata_access] instead
2024-10-29 15:51:51 - HHH90000025: PostgreSQLDialect does not need to be specified explicitly using 'hibernate.dialect' (remove the property setting and it will be selected by default)
2024-10-29 15:51:51 - HHH000489: No JTA platform available (set 'hibernate.transaction.jta.platform' to enable JTA platform integration)
2024-10-29 15:51:51 - HikariPool-2 - Starting...
2024-10-29 15:51:51 - HikariPool-2 - Added connection org.postgresql.jdbc.PgConnection@6d623ecc
2024-10-29 15:51:51 - HikariPool-2 - Start completed.
2024-10-29 15:51:52 - Initialized JPA EntityManagerFactory for persistence unit 'default'
2024-10-29 15:51:52 - No authentication manager set. Reauthentication of users when changing passwords will not be performed.
2024-10-29 15:51:52 - Global AuthenticationManager configured with UserDetailsService bean with name userDetaisManager
2024-10-29 15:51:52 - LiveReload server is running on port 35729
2024-10-29 15:51:52 - Starting ProtocolHandler ["http-nio-5001"]
2024-10-29 15:51:52 - Tomcat started on port 5001 (http) with context path '/'
2024-10-29 15:51:52 - Started SpringThymeleafApplication in 1.954 seconds (process running for 758.84)
2024-10-29 15:51:52 - Condition evaluation unchanged
2024-10-29 15:52:32 - Initializing Spring DispatcherServlet 'dispatcherServlet'
2024-10-29 15:52:32 - Initializing Servlet 'dispatcherServlet'
2024-10-29 15:52:32 - Completed initialization in 2 ms
