2025-01-16 14:07:09 - HV000001: Hibernate Validator 8.0.2.Final
2025-01-16 14:07:09 - Starting SpringThymeleafApplicationTests using Java 21.0.4 with PID 17720 (started by fernando.correa in C:\Users\fernando.correa\Documents\GitHub\workspace2023\ceasadev_2024)
2025-01-16 14:07:09 - No active profile set, falling back to 1 default profile: "default"
2025-01-16 14:07:10 - Bootstrapping Spring Data JPA repositories in DEFAULT mode.
2025-01-16 14:07:11 - Finished Spring Data repository scanning in 129 ms. Found 16 JPA repository interfaces.
2025-01-16 14:07:11 - HHH000204: Processing PersistenceUnitInfo [name: default]
2025-01-16 14:07:11 - HHH000412: Hibernate ORM core version 6.6.4.Final
2025-01-16 14:07:11 - HHH000026: Second-level cache disabled
2025-01-16 14:07:12 - No LoadTimeWeaver setup: ignoring JPA class transformer
2025-01-16 14:07:12 - HHH90000021: Encountered deprecated setting [hibernate.temp.use_jdbc_metadata_defaults], use [hibernate.boot.allow_jdbc_metadata_access] instead
2025-01-16 14:07:12 - HHH90000025: PostgreSQLDialect does not need to be specified explicitly using 'hibernate.dialect' (remove the property setting and it will be selected by default)
2025-01-16 14:07:12 - HHH10001005: Database info:
	Database JDBC URL [undefined/unknown]
	Database driver: undefined/unknown
	Database version: 12.0
	Autocommit mode: undefined/unknown
	Isolation level: <unknown>
	Minimum pool size: undefined/unknown
	Maximum pool size: undefined/unknown
2025-01-16 14:07:13 - HHH000489: No JTA platform available (set 'hibernate.transaction.jta.platform' to enable JTA platform integration)
2025-01-16 14:07:13 - HikariPool-1 - Starting...
2025-01-16 14:07:13 - HikariPool-1 - Added connection org.postgresql.jdbc.PgConnection@4778c085
2025-01-16 14:07:13 - HikariPool-1 - Start completed.
2025-01-16 14:07:14 - Initialized JPA EntityManagerFactory for persistence unit 'default'
2025-01-16 14:07:14 - Hibernate is in classpath; If applicable, HQL parser will be used.
2025-01-16 14:07:16 - No authentication manager set. Reauthentication of users when changing passwords will not be performed.
2025-01-16 14:07:16 - Global AuthenticationManager configured with UserDetailsService bean with name userDetaisManager
2025-01-16 14:07:17 - Started SpringThymeleafApplicationTests in 8.398 seconds (process running for 9.646)
2025-01-16 14:07:18 - Closing JPA EntityManagerFactory for persistence unit 'default'
2025-01-16 14:07:18 - HikariPool-1 - Shutdown initiated...
2025-01-16 14:07:18 - HikariPool-1 - Shutdown completed.
2025-01-16 14:11:18 - HV000001: Hibernate Validator 8.0.2.Final
2025-01-16 14:11:18 - Starting SpringThymeleafApplicationTests using Java 21.0.4 with PID 9580 (started by fernando.correa in C:\Users\fernando.correa\Documents\GitHub\workspace2023\ceasadev_2024)
2025-01-16 14:11:18 - No active profile set, falling back to 1 default profile: "default"
2025-01-16 14:11:19 - Bootstrapping Spring Data JPA repositories in DEFAULT mode.
2025-01-16 14:11:20 - Finished Spring Data repository scanning in 117 ms. Found 16 JPA repository interfaces.
2025-01-16 14:11:20 - HHH000204: Processing PersistenceUnitInfo [name: default]
2025-01-16 14:11:20 - HHH000412: Hibernate ORM core version 6.6.4.Final
2025-01-16 14:11:20 - HHH000026: Second-level cache disabled
2025-01-16 14:11:21 - No LoadTimeWeaver setup: ignoring JPA class transformer
2025-01-16 14:11:21 - HHH90000021: Encountered deprecated setting [hibernate.temp.use_jdbc_metadata_defaults], use [hibernate.boot.allow_jdbc_metadata_access] instead
2025-01-16 14:11:21 - HHH90000025: PostgreSQLDialect does not need to be specified explicitly using 'hibernate.dialect' (remove the property setting and it will be selected by default)
2025-01-16 14:11:21 - HHH10001005: Database info:
	Database JDBC URL [undefined/unknown]
	Database driver: undefined/unknown
	Database version: 12.0
	Autocommit mode: undefined/unknown
	Isolation level: <unknown>
	Minimum pool size: undefined/unknown
	Maximum pool size: undefined/unknown
2025-01-16 14:11:22 - HHH000489: No JTA platform available (set 'hibernate.transaction.jta.platform' to enable JTA platform integration)
2025-01-16 14:11:22 - HikariPool-1 - Starting...
2025-01-16 14:11:22 - HikariPool-1 - Added connection org.postgresql.jdbc.PgConnection@22ea09b7
2025-01-16 14:11:22 - HikariPool-1 - Start completed.
2025-01-16 14:11:23 - Initialized JPA EntityManagerFactory for persistence unit 'default'
2025-01-16 14:11:23 - Hibernate is in classpath; If applicable, HQL parser will be used.
2025-01-16 14:11:25 - No authentication manager set. Reauthentication of users when changing passwords will not be performed.
2025-01-16 14:11:25 - Global AuthenticationManager configured with UserDetailsService bean with name userDetaisManager
2025-01-16 14:11:26 - Started SpringThymeleafApplicationTests in 8.236 seconds (process running for 9.339)
2025-01-16 14:11:27 - Closing JPA EntityManagerFactory for persistence unit 'default'
2025-01-16 14:11:27 - HikariPool-1 - Shutdown initiated...
2025-01-16 14:11:27 - HikariPool-1 - Shutdown completed.
