2024-12-02 14:32:45 - HV000001: Hibernate Validator 8.0.1.Final
2024-12-02 14:32:45 - Starting SpringThymeleafApplication using Java 21.0.4 with PID 5240 (C:\Users\fernando.correa\Documents\GitHub\workspace2023\ceasadev_2024\target\classes started by fernando.correa in C:\Users\fernando.correa\Documents\GitHub\workspace2023\ceasadev_2024)
2024-12-02 14:32:45 - No active profile set, falling back to 1 default profile: "default"
2024-12-02 14:32:45 - Devtools property defaults active! Set 'spring.devtools.add-properties' to 'false' to disable
2024-12-02 14:32:45 - For additional web related logging consider setting the 'logging.level.web' property to 'DEBUG'
2024-12-02 14:32:46 - Bootstrapping Spring Data JPA repositories in DEFAULT mode.
2024-12-02 14:32:46 - Finished Spring Data repository scanning in 100 ms. Found 16 JPA repository interfaces.
2024-12-02 14:32:47 - Tomcat initialized with port 5001 (http)
2024-12-02 14:32:47 - Initializing ProtocolHandler ["http-nio-5001"]
2024-12-02 14:32:47 - Starting service [Tomcat]
2024-12-02 14:32:47 - Starting Servlet engine: [Apache Tomcat/10.1.26]
2024-12-02 14:32:47 - Initializing Spring embedded WebApplicationContext
2024-12-02 14:32:47 - Root WebApplicationContext: initialization completed in 2167 ms
2024-12-02 14:32:48 - HHH000204: Processing PersistenceUnitInfo [name: default]
2024-12-02 14:32:48 - HHH000412: Hibernate ORM core version 6.5.2.Final
2024-12-02 14:32:48 - HHH000026: Second-level cache disabled
2024-12-02 14:32:48 - No LoadTimeWeaver setup: ignoring JPA class transformer
2024-12-02 14:32:48 - HHH90000021: Encountered deprecated setting [hibernate.temp.use_jdbc_metadata_defaults], use [hibernate.boot.allow_jdbc_metadata_access] instead
2024-12-02 14:32:48 - HHH90000025: PostgreSQLDialect does not need to be specified explicitly using 'hibernate.dialect' (remove the property setting and it will be selected by default)
2024-12-02 14:32:50 - HHH000489: No JTA platform available (set 'hibernate.transaction.jta.platform' to enable JTA platform integration)
2024-12-02 14:32:50 - HikariPool-1 - Starting...
2024-12-02 14:32:50 - HikariPool-1 - Added connection org.postgresql.jdbc.PgConnection@2d173bd0
2024-12-02 14:32:50 - HikariPool-1 - Start completed.
2024-12-02 14:32:50 - Initialized JPA EntityManagerFactory for persistence unit 'default'
2024-12-02 14:32:50 - Hibernate is in classpath; If applicable, HQL parser will be used.
2024-12-02 14:32:51 - No authentication manager set. Reauthentication of users when changing passwords will not be performed.
2024-12-02 14:32:51 - Global AuthenticationManager configured with UserDetailsService bean with name userDetaisManager
2024-12-02 14:32:53 - LiveReload server is running on port 35729
2024-12-02 14:32:53 - Starting ProtocolHandler ["http-nio-5001"]
2024-12-02 14:32:53 - Tomcat started on port 5001 (http) with context path '/'
2024-12-02 14:32:53 - Started SpringThymeleafApplication in 8.799 seconds (process running for 9.436)
2024-12-02 14:33:00 - Initializing Spring DispatcherServlet 'dispatcherServlet'
2024-12-02 14:33:00 - Initializing Servlet 'dispatcherServlet'
2024-12-02 14:33:00 - Completed initialization in 1 ms
2024-12-02 14:41:47 - Restarting due to 4 class path changes (0 additions, 0 deletions, 4 modifications)
2024-12-02 14:41:47 - Stopping ProtocolHandler ["http-nio-5001"]
2024-12-02 14:41:47 - Closing JPA EntityManagerFactory for persistence unit 'default'
2024-12-02 14:41:47 - HikariPool-1 - Shutdown initiated...
2024-12-02 14:41:47 - HikariPool-1 - Shutdown completed.
2024-12-02 14:41:47 - Starting SpringThymeleafApplication using Java 21.0.4 with PID 5240 (C:\Users\fernando.correa\Documents\GitHub\workspace2023\ceasadev_2024\target\classes started by fernando.correa in C:\Users\fernando.correa\Documents\GitHub\workspace2023\ceasadev_2024)
2024-12-02 14:41:47 - No active profile set, falling back to 1 default profile: "default"
2024-12-02 14:41:48 - Bootstrapping Spring Data JPA repositories in DEFAULT mode.
2024-12-02 14:41:48 - Finished Spring Data repository scanning in 47 ms. Found 16 JPA repository interfaces.
2024-12-02 14:41:48 - Tomcat initialized with port 5001 (http)
2024-12-02 14:41:48 - Initializing ProtocolHandler ["http-nio-5001"]
2024-12-02 14:41:48 - Starting service [Tomcat]
2024-12-02 14:41:48 - Starting Servlet engine: [Apache Tomcat/10.1.26]
2024-12-02 14:41:48 - Initializing Spring embedded WebApplicationContext
2024-12-02 14:41:48 - Root WebApplicationContext: initialization completed in 492 ms
2024-12-02 14:41:48 - HHH000204: Processing PersistenceUnitInfo [name: default]
2024-12-02 14:41:48 - HHH000026: Second-level cache disabled
2024-12-02 14:41:48 - No LoadTimeWeaver setup: ignoring JPA class transformer
2024-12-02 14:41:48 - HHH90000021: Encountered deprecated setting [hibernate.temp.use_jdbc_metadata_defaults], use [hibernate.boot.allow_jdbc_metadata_access] instead
2024-12-02 14:41:48 - HHH90000025: PostgreSQLDialect does not need to be specified explicitly using 'hibernate.dialect' (remove the property setting and it will be selected by default)
2024-12-02 14:41:48 - HHH000489: No JTA platform available (set 'hibernate.transaction.jta.platform' to enable JTA platform integration)
2024-12-02 14:41:48 - HikariPool-2 - Starting...
2024-12-02 14:41:48 - HikariPool-2 - Added connection org.postgresql.jdbc.PgConnection@bac2b16
2024-12-02 14:41:48 - HikariPool-2 - Start completed.
2024-12-02 14:41:49 - Initialized JPA EntityManagerFactory for persistence unit 'default'
2024-12-02 14:41:49 - No authentication manager set. Reauthentication of users when changing passwords will not be performed.
2024-12-02 14:41:49 - Global AuthenticationManager configured with UserDetailsService bean with name userDetaisManager
2024-12-02 14:41:49 - LiveReload server is running on port 35729
2024-12-02 14:41:49 - Starting ProtocolHandler ["http-nio-5001"]
2024-12-02 14:41:49 - Tomcat started on port 5001 (http) with context path '/'
2024-12-02 14:41:49 - Started SpringThymeleafApplication in 2.002 seconds (process running for 545.961)
2024-12-02 14:41:49 - Condition evaluation unchanged
2024-12-02 14:43:15 - Initializing Spring DispatcherServlet 'dispatcherServlet'
2024-12-02 14:43:15 - Initializing Servlet 'dispatcherServlet'
2024-12-02 14:43:15 - Completed initialization in 2 ms
2024-12-02 14:47:23 - HV000001: Hibernate Validator 8.0.1.Final
2024-12-02 14:47:23 - Starting SpringThymeleafApplication using Java 21.0.4 with PID 15096 (C:\Users\fernando.correa\Documents\GitHub\workspace2023\ceasadev_2024\target\classes started by fernando.correa in C:\Users\fernando.correa\Documents\GitHub\workspace2023\ceasadev_2024)
2024-12-02 14:47:23 - No active profile set, falling back to 1 default profile: "default"
2024-12-02 14:47:23 - Devtools property defaults active! Set 'spring.devtools.add-properties' to 'false' to disable
2024-12-02 14:47:23 - For additional web related logging consider setting the 'logging.level.web' property to 'DEBUG'
2024-12-02 14:47:24 - Bootstrapping Spring Data JPA repositories in DEFAULT mode.
2024-12-02 14:47:24 - Finished Spring Data repository scanning in 100 ms. Found 16 JPA repository interfaces.
2024-12-02 14:47:25 - Tomcat initialized with port 5001 (http)
2024-12-02 14:47:25 - Initializing ProtocolHandler ["http-nio-5001"]
2024-12-02 14:47:25 - Starting service [Tomcat]
2024-12-02 14:47:25 - Starting Servlet engine: [Apache Tomcat/10.1.26]
2024-12-02 14:47:25 - Initializing Spring embedded WebApplicationContext
2024-12-02 14:47:25 - Root WebApplicationContext: initialization completed in 1908 ms
2024-12-02 14:47:25 - HHH000204: Processing PersistenceUnitInfo [name: default]
2024-12-02 14:47:25 - HHH000412: Hibernate ORM core version 6.5.2.Final
2024-12-02 14:47:25 - HHH000026: Second-level cache disabled
2024-12-02 14:47:26 - No LoadTimeWeaver setup: ignoring JPA class transformer
2024-12-02 14:47:26 - HHH90000021: Encountered deprecated setting [hibernate.temp.use_jdbc_metadata_defaults], use [hibernate.boot.allow_jdbc_metadata_access] instead
2024-12-02 14:47:26 - HHH90000025: PostgreSQLDialect does not need to be specified explicitly using 'hibernate.dialect' (remove the property setting and it will be selected by default)
2024-12-02 14:47:27 - HHH000489: No JTA platform available (set 'hibernate.transaction.jta.platform' to enable JTA platform integration)
2024-12-02 14:47:27 - HikariPool-1 - Starting...
2024-12-02 14:47:27 - HikariPool-1 - Added connection org.postgresql.jdbc.PgConnection@422c6aca
2024-12-02 14:47:27 - HikariPool-1 - Start completed.
2024-12-02 14:47:28 - Initialized JPA EntityManagerFactory for persistence unit 'default'
2024-12-02 14:47:28 - Hibernate is in classpath; If applicable, HQL parser will be used.
2024-12-02 14:47:29 - No authentication manager set. Reauthentication of users when changing passwords will not be performed.
2024-12-02 14:47:29 - Global AuthenticationManager configured with UserDetailsService bean with name userDetaisManager
2024-12-02 14:47:30 - LiveReload server is running on port 35729
2024-12-02 14:47:30 - Starting ProtocolHandler ["http-nio-5001"]
2024-12-02 14:47:30 - Tomcat started on port 5001 (http) with context path '/'
2024-12-02 14:47:30 - Started SpringThymeleafApplication in 7.754 seconds (process running for 8.344)
2024-12-02 14:47:47 - Initializing Spring DispatcherServlet 'dispatcherServlet'
2024-12-02 14:47:47 - Initializing Servlet 'dispatcherServlet'
2024-12-02 14:47:47 - Completed initialization in 2 ms
2024-12-02 14:50:22 - Warning: The following properties were not quoted:
2024-12-02 14:50:22 - Cotação faltante: LARANJA - BAIA - BAIANINHA
2024-12-02 14:50:22 - Cotação faltante: TOMATE - CAQUI - 
2024-12-02 14:50:22 - Cotação faltante: TANGERINA - POKAN - 
2024-12-02 14:50:22 - Cotação faltante: CAJU -  - 
2024-12-02 14:50:22 - Cotação faltante: PIMENTA - CUMARI - 
2024-12-02 14:50:22 - Cotação faltante: CEBOLA - AMARELA  - PARANA
2024-12-02 14:50:22 - Cotação faltante: CEBOLA - AMARELA  - RIO GRANDE DO SUL
2024-12-02 14:50:22 - Cotação faltante: COCO SECO -  - 
2024-12-02 14:50:22 - Cotação faltante: ALHO - ARGENTINO - 
2024-12-02 14:50:22 - Cotação faltante: ALHO - CHILENO - 
2024-12-02 14:50:22 - Cotação faltante: ALHO - CHILENO - 
2024-12-02 14:50:22 - Cotação faltante: UVA - PRETA - IZABEL BORDO
2024-12-02 14:50:22 - Cotação faltante: UVA - ITALIA - 
2024-12-02 14:50:22 - Cotação faltante: LARVA - VALENCIA - 
2024-12-02 14:50:22 - Cotação faltante: UVA - RED GLOBE - 
2024-12-02 14:50:22 - Cotação faltante: UVA - THOMPSON - 
2024-12-02 14:50:22 - Cotação faltante: UVA - RUBI - 
2024-12-02 14:50:22 - Cotação faltante: UVA - RED GLOBE - 
2024-12-02 14:50:22 - Cotação faltante: UVA - NIAGARA - 
2024-12-02 14:50:22 - Cotação faltante: UVA - BRASIL - 
2024-12-02 14:50:22 - Cotação faltante: TOMATE - CEREJA - 
2024-12-02 14:50:22 - Cotação faltante: TANGERINA - POKAN - 
2024-12-02 14:50:22 - Cotação faltante: TANGERINA - CRAVO - 
2024-12-02 14:50:22 - Cotação faltante: REPOLHO - VERDE - 
2024-12-02 14:50:22 - Cotação faltante: RABANETE -  - 
