2024-10-30 09:27:24 - Restarting due to 1 class path change (0 additions, 0 deletions, 1 modification)
2024-10-30 09:27:24 - Stopping ProtocolHandler ["http-nio-5001"]
2024-10-30 09:27:24 - Closing JPA EntityManagerFactory for persistence unit 'default'
2024-10-30 09:27:24 - HikariPool-2 - Shutdown initiated...
2024-10-30 09:27:24 - HikariPool-2 - Shutdown completed.
2024-10-30 09:27:24 - Starting SpringThymeleafApplication using Java 21.0.4 with PID 11840 (C:\Users\fernando.correa\Documents\GitHub\workspace2023\ceasadev_2024\target\classes started by fernando.correa in C:\Users\fernando.correa\Documents\GitHub\workspace2023\ceasadev_2024)
2024-10-30 09:27:24 - No active profile set, falling back to 1 default profile: "default"
2024-10-30 09:27:25 - Bootstrapping Spring Data JPA repositories in DEFAULT mode.
2024-10-30 09:27:25 - Finished Spring Data repository scanning in 48 ms. Found 16 JPA repository interfaces.
2024-10-30 09:27:25 - Tomcat initialized with port 5001 (http)
2024-10-30 09:27:25 - Initializing ProtocolHandler ["http-nio-5001"]
2024-10-30 09:27:25 - Starting service [Tomcat]
2024-10-30 09:27:25 - Starting Servlet engine: [Apache Tomcat/10.1.26]
2024-10-30 09:27:25 - Initializing Spring embedded WebApplicationContext
2024-10-30 09:27:25 - Root WebApplicationContext: initialization completed in 573 ms
2024-10-30 09:27:25 - HHH000204: Processing PersistenceUnitInfo [name: default]
2024-10-30 09:27:25 - HHH000026: Second-level cache disabled
2024-10-30 09:27:25 - No LoadTimeWeaver setup: ignoring JPA class transformer
2024-10-30 09:27:25 - HHH90000021: Encountered deprecated setting [hibernate.temp.use_jdbc_metadata_defaults], use [hibernate.boot.allow_jdbc_metadata_access] instead
2024-10-30 09:27:25 - HHH90000025: PostgreSQLDialect does not need to be specified explicitly using 'hibernate.dialect' (remove the property setting and it will be selected by default)
2024-10-30 09:27:25 - HHH000489: No JTA platform available (set 'hibernate.transaction.jta.platform' to enable JTA platform integration)
2024-10-30 09:27:25 - HikariPool-3 - Starting...
2024-10-30 09:27:26 - HikariPool-3 - Added connection org.postgresql.jdbc.PgConnection@7573062b
2024-10-30 09:27:26 - HikariPool-3 - Start completed.
2024-10-30 09:27:26 - Initialized JPA EntityManagerFactory for persistence unit 'default'
2024-10-30 09:27:26 - No authentication manager set. Reauthentication of users when changing passwords will not be performed.
2024-10-30 09:27:26 - Global AuthenticationManager configured with UserDetailsService bean with name userDetaisManager
2024-10-30 09:27:27 - LiveReload server is running on port 35729
2024-10-30 09:27:27 - Starting ProtocolHandler ["http-nio-5001"]
2024-10-30 09:27:27 - Tomcat started on port 5001 (http) with context path '/'
2024-10-30 09:27:27 - Started SpringThymeleafApplication in 2.282 seconds (process running for 64092.865)
2024-10-30 09:27:27 - Condition evaluation unchanged
2024-10-30 09:27:27 - Initializing Spring DispatcherServlet 'dispatcherServlet'
2024-10-30 09:27:27 - Initializing Servlet 'dispatcherServlet'
2024-10-30 09:27:27 - Completed initialization in 1 ms
2024-10-30 09:50:23 - Restarting due to 1 class path change (0 additions, 0 deletions, 1 modification)
2024-10-30 09:50:23 - Stopping ProtocolHandler ["http-nio-5001"]
2024-10-30 09:50:23 - Closing JPA EntityManagerFactory for persistence unit 'default'
2024-10-30 09:50:23 - HikariPool-3 - Shutdown initiated...
2024-10-30 09:50:23 - HikariPool-3 - Shutdown completed.
2024-10-30 09:50:24 - Starting SpringThymeleafApplication using Java 21.0.4 with PID 11840 (C:\Users\fernando.correa\Documents\GitHub\workspace2023\ceasadev_2024\target\classes started by fernando.correa in C:\Users\fernando.correa\Documents\GitHub\workspace2023\ceasadev_2024)
2024-10-30 09:50:24 - No active profile set, falling back to 1 default profile: "default"
2024-10-30 09:50:24 - Bootstrapping Spring Data JPA repositories in DEFAULT mode.
2024-10-30 09:50:24 - Finished Spring Data repository scanning in 51 ms. Found 16 JPA repository interfaces.
2024-10-30 09:50:24 - Tomcat initialized with port 5001 (http)
2024-10-30 09:50:24 - Initializing ProtocolHandler ["http-nio-5001"]
2024-10-30 09:50:24 - Starting service [Tomcat]
2024-10-30 09:50:24 - Starting Servlet engine: [Apache Tomcat/10.1.26]
2024-10-30 09:50:24 - Initializing Spring embedded WebApplicationContext
2024-10-30 09:50:24 - Root WebApplicationContext: initialization completed in 519 ms
2024-10-30 09:50:24 - HHH000204: Processing PersistenceUnitInfo [name: default]
2024-10-30 09:50:24 - HHH000026: Second-level cache disabled
2024-10-30 09:50:24 - No LoadTimeWeaver setup: ignoring JPA class transformer
2024-10-30 09:50:24 - HHH90000021: Encountered deprecated setting [hibernate.temp.use_jdbc_metadata_defaults], use [hibernate.boot.allow_jdbc_metadata_access] instead
2024-10-30 09:50:24 - HHH90000025: PostgreSQLDialect does not need to be specified explicitly using 'hibernate.dialect' (remove the property setting and it will be selected by default)
2024-10-30 09:50:24 - HHH000489: No JTA platform available (set 'hibernate.transaction.jta.platform' to enable JTA platform integration)
2024-10-30 09:50:24 - HikariPool-4 - Starting...
2024-10-30 09:50:25 - HikariPool-4 - Added connection org.postgresql.jdbc.PgConnection@7de9adf4
2024-10-30 09:50:25 - HikariPool-4 - Start completed.
2024-10-30 09:50:25 - Initialized JPA EntityManagerFactory for persistence unit 'default'
2024-10-30 09:50:25 - No authentication manager set. Reauthentication of users when changing passwords will not be performed.
2024-10-30 09:50:25 - Global AuthenticationManager configured with UserDetailsService bean with name userDetaisManager
2024-10-30 09:50:26 - LiveReload server is running on port 35729
2024-10-30 09:50:26 - Starting ProtocolHandler ["http-nio-5001"]
2024-10-30 09:50:26 - Tomcat started on port 5001 (http) with context path '/'
2024-10-30 09:50:26 - Started SpringThymeleafApplication in 2.107 seconds (process running for 65471.87)
2024-10-30 09:50:26 - Condition evaluation unchanged
2024-10-30 09:50:26 - Initializing Spring DispatcherServlet 'dispatcherServlet'
2024-10-30 09:50:26 - Initializing Servlet 'dispatcherServlet'
2024-10-30 09:50:26 - Completed initialization in 1 ms
2024-10-30 10:01:46 - Restarting due to 1 class path change (0 additions, 0 deletions, 1 modification)
2024-10-30 10:01:46 - Stopping ProtocolHandler ["http-nio-5001"]
2024-10-30 10:01:46 - Closing JPA EntityManagerFactory for persistence unit 'default'
2024-10-30 10:01:46 - HikariPool-4 - Shutdown initiated...
2024-10-30 10:01:46 - HikariPool-4 - Shutdown completed.
2024-10-30 10:01:46 - Starting SpringThymeleafApplication using Java 21.0.4 with PID 11840 (C:\Users\fernando.correa\Documents\GitHub\workspace2023\ceasadev_2024\target\classes started by fernando.correa in C:\Users\fernando.correa\Documents\GitHub\workspace2023\ceasadev_2024)
2024-10-30 10:01:46 - No active profile set, falling back to 1 default profile: "default"
2024-10-30 10:01:46 - Bootstrapping Spring Data JPA repositories in DEFAULT mode.
2024-10-30 10:01:46 - Finished Spring Data repository scanning in 42 ms. Found 16 JPA repository interfaces.
2024-10-30 10:01:46 - Tomcat initialized with port 5001 (http)
2024-10-30 10:01:46 - Initializing ProtocolHandler ["http-nio-5001"]
2024-10-30 10:01:46 - Starting service [Tomcat]
2024-10-30 10:01:46 - Starting Servlet engine: [Apache Tomcat/10.1.26]
2024-10-30 10:01:47 - Initializing Spring embedded WebApplicationContext
2024-10-30 10:01:47 - Root WebApplicationContext: initialization completed in 391 ms
2024-10-30 10:01:47 - HHH000204: Processing PersistenceUnitInfo [name: default]
2024-10-30 10:01:47 - HHH000026: Second-level cache disabled
2024-10-30 10:01:47 - No LoadTimeWeaver setup: ignoring JPA class transformer
2024-10-30 10:01:47 - HHH90000021: Encountered deprecated setting [hibernate.temp.use_jdbc_metadata_defaults], use [hibernate.boot.allow_jdbc_metadata_access] instead
2024-10-30 10:01:47 - HHH90000025: PostgreSQLDialect does not need to be specified explicitly using 'hibernate.dialect' (remove the property setting and it will be selected by default)
2024-10-30 10:01:47 - HHH000489: No JTA platform available (set 'hibernate.transaction.jta.platform' to enable JTA platform integration)
2024-10-30 10:01:47 - HikariPool-5 - Starting...
2024-10-30 10:01:47 - HikariPool-5 - Added connection org.postgresql.jdbc.PgConnection@2959a6cd
2024-10-30 10:01:47 - HikariPool-5 - Start completed.
2024-10-30 10:01:47 - Initialized JPA EntityManagerFactory for persistence unit 'default'
2024-10-30 10:01:47 - No authentication manager set. Reauthentication of users when changing passwords will not be performed.
2024-10-30 10:01:47 - Global AuthenticationManager configured with UserDetailsService bean with name userDetaisManager
2024-10-30 10:01:47 - Exception encountered during context initialization - cancelling refresh attempt: org.springframework.beans.factory.BeanCreationException: Error creating bean with name 'org.springframework.security.config.annotation.web.configuration.WebSecurityConfiguration': Injection of autowired dependencies failed
2024-10-30 10:01:47 - Closing JPA EntityManagerFactory for persistence unit 'default'
2024-10-30 10:01:47 - HikariPool-5 - Shutdown initiated...
2024-10-30 10:01:48 - HikariPool-5 - Shutdown completed.
2024-10-30 10:01:48 - Stopping service [Tomcat]
2024-10-30 10:01:48 - 

Error starting ApplicationContext. To display the condition evaluation report re-run your application with 'debug' enabled.
2024-10-30 10:01:48 - Application run failed
org.springframework.beans.factory.BeanCreationException: Error creating bean with name 'org.springframework.security.config.annotation.web.configuration.WebSecurityConfiguration': Injection of autowired dependencies failed
	at org.springframework.beans.factory.annotation.AutowiredAnnotationBeanPostProcessor.postProcessProperties(AutowiredAnnotationBeanPostProcessor.java:514)
	at org.springframework.beans.factory.support.AbstractAutowireCapableBeanFactory.populateBean(AbstractAutowireCapableBeanFactory.java:1439)
	at org.springframework.beans.factory.support.AbstractAutowireCapableBeanFactory.doCreateBean(AbstractAutowireCapableBeanFactory.java:599)
	at org.springframework.beans.factory.support.AbstractAutowireCapableBeanFactory.createBean(AbstractAutowireCapableBeanFactory.java:522)
	at org.springframework.beans.factory.support.AbstractBeanFactory.lambda$doGetBean$0(AbstractBeanFactory.java:337)
	at org.springframework.beans.factory.support.DefaultSingletonBeanRegistry.getSingleton(DefaultSingletonBeanRegistry.java:234)
	at org.springframework.beans.factory.support.AbstractBeanFactory.doGetBean(AbstractBeanFactory.java:335)
	at org.springframework.beans.factory.support.AbstractBeanFactory.getBean(AbstractBeanFactory.java:200)
	at org.springframework.beans.factory.support.DefaultListableBeanFactory.preInstantiateSingletons(DefaultListableBeanFactory.java:975)
	at org.springframework.context.support.AbstractApplicationContext.finishBeanFactoryInitialization(AbstractApplicationContext.java:971)
	at org.springframework.context.support.AbstractApplicationContext.refresh(AbstractApplicationContext.java:625)
	at org.springframework.boot.web.servlet.context.ServletWebServerApplicationContext.refresh(ServletWebServerApplicationContext.java:146)
	at org.springframework.boot.SpringApplication.refresh(SpringApplication.java:754)
	at org.springframework.boot.SpringApplication.refreshContext(SpringApplication.java:456)
	at org.springframework.boot.SpringApplication.run(SpringApplication.java:335)
	at org.springframework.boot.SpringApplication.run(SpringApplication.java:1363)
	at org.springframework.boot.SpringApplication.run(SpringApplication.java:1352)
	at com.flc.springthymeleaf.SpringThymeleafApplication.main(SpringThymeleafApplication.java:10)
	at java.base/jdk.internal.reflect.DirectMethodHandleAccessor.invoke(DirectMethodHandleAccessor.java:103)
	at java.base/java.lang.reflect.Method.invoke(Method.java:580)
	at org.springframework.boot.devtools.restart.RestartLauncher.run(RestartLauncher.java:50)
Caused by: java.lang.RuntimeException: Could not postProcess org.springframework.security.config.annotation.web.builders.WebSecurity@7300dfd1 of type class org.springframework.security.config.annotation.web.builders.WebSecurity
	at org.springframework.security.config.annotation.configuration.AutowireBeanFactoryObjectPostProcessor.postProcess(AutowireBeanFactoryObjectPostProcessor.java:71)
	at org.springframework.security.config.annotation.web.configuration.WebSecurityConfiguration.setFilterChainProxySecurityConfigurer(WebSecurityConfiguration.java:148)
	at java.base/jdk.internal.reflect.DirectMethodHandleAccessor.invoke(DirectMethodHandleAccessor.java:103)
	at java.base/java.lang.reflect.Method.invoke(Method.java:580)
	at org.springframework.beans.factory.annotation.AutowiredAnnotationBeanPostProcessor$AutowiredMethodElement.inject(AutowiredAnnotationBeanPostProcessor.java:853)
	at org.springframework.beans.factory.annotation.InjectionMetadata.inject(InjectionMetadata.java:145)
	at org.springframework.beans.factory.annotation.AutowiredAnnotationBeanPostProcessor.postProcessProperties(AutowiredAnnotationBeanPostProcessor.java:508)
	... 20 common frames omitted
Caused by: org.springframework.beans.factory.BeanCreationException: Error creating bean with name 'mvcHandlerMappingIntrospectorRequestTransformer': Cannot resolve reference to bean 'mvcHandlerMappingIntrospector' while setting constructor argument
	at org.springframework.beans.factory.support.BeanDefinitionValueResolver.resolveReference(BeanDefinitionValueResolver.java:377)
	at org.springframework.beans.factory.support.BeanDefinitionValueResolver.resolveValueIfNecessary(BeanDefinitionValueResolver.java:135)
	at org.springframework.beans.factory.support.ConstructorResolver.resolveConstructorArguments(ConstructorResolver.java:682)
	at org.springframework.beans.factory.support.ConstructorResolver.autowireConstructor(ConstructorResolver.java:203)
	at org.springframework.beans.factory.support.AbstractAutowireCapableBeanFactory.autowireConstructor(AbstractAutowireCapableBeanFactory.java:1375)
	at org.springframework.beans.factory.support.AbstractAutowireCapableBeanFactory.createBeanInstance(AbstractAutowireCapableBeanFactory.java:1212)
	at org.springframework.beans.factory.support.AbstractAutowireCapableBeanFactory.doCreateBean(AbstractAutowireCapableBeanFactory.java:562)
	at org.springframework.beans.factory.support.AbstractAutowireCapableBeanFactory.createBean(AbstractAutowireCapableBeanFactory.java:522)
	at org.springframework.beans.factory.support.AbstractBeanFactory.lambda$doGetBean$0(AbstractBeanFactory.java:337)
	at org.springframework.beans.factory.support.DefaultSingletonBeanRegistry.getSingleton(DefaultSingletonBeanRegistry.java:234)
	at org.springframework.beans.factory.support.AbstractBeanFactory.doGetBean(AbstractBeanFactory.java:335)
	at org.springframework.beans.factory.support.AbstractBeanFactory.getBean(AbstractBeanFactory.java:225)
	at org.springframework.beans.factory.support.DefaultListableBeanFactory.resolveNamedBean(DefaultListableBeanFactory.java:1323)
	at org.springframework.beans.factory.support.DefaultListableBeanFactory.resolveNamedBean(DefaultListableBeanFactory.java:1284)
	at org.springframework.beans.factory.support.DefaultListableBeanFactory.resolveBean(DefaultListableBeanFactory.java:486)
	at org.springframework.beans.factory.support.DefaultListableBeanFactory$1.getIfUnique(DefaultListableBeanFactory.java:438)
	at org.springframework.security.config.annotation.web.builders.WebSecurity.setApplicationContext(WebSecurity.java:397)
	at org.springframework.context.support.ApplicationContextAwareProcessor.invokeAwareInterfaces(ApplicationContextAwareProcessor.java:110)
	at org.springframework.context.support.ApplicationContextAwareProcessor.postProcessBeforeInitialization(ApplicationContextAwareProcessor.java:85)
	at org.springframework.beans.factory.support.AbstractAutowireCapableBeanFactory.applyBeanPostProcessorsBeforeInitialization(AbstractAutowireCapableBeanFactory.java:422)
	at org.springframework.beans.factory.support.AbstractAutowireCapableBeanFactory.initializeBean(AbstractAutowireCapableBeanFactory.java:1798)
	at org.springframework.beans.factory.support.AbstractAutowireCapableBeanFactory.initializeBean(AbstractAutowireCapableBeanFactory.java:412)
	at org.springframework.security.config.annotation.configuration.AutowireBeanFactoryObjectPostProcessor.initializeBeanIfNeeded(AutowireBeanFactoryObjectPostProcessor.java:98)
	at org.springframework.security.config.annotation.configuration.AutowireBeanFactoryObjectPostProcessor.postProcess(AutowireBeanFactoryObjectPostProcessor.java:67)
	... 26 common frames omitted
Caused by: org.springframework.beans.factory.BeanCreationException: Error creating bean with name 'mvcHandlerMappingIntrospector' defined in class path resource [org/springframework/boot/autoconfigure/web/servlet/WebMvcAutoConfiguration$EnableWebMvcConfiguration.class]: Error creating bean with name 'requestMappingHandlerMapping' defined in class path resource [org/springframework/boot/autoconfigure/web/servlet/WebMvcAutoConfiguration$EnableWebMvcConfiguration.class]: Ambiguous mapping. Cannot map 'produtoController' method 
com.flc.springthymeleaf.web.ProdutoController#mostrarGraficoProdutos(LocalDate, LocalDate, Model)
to {GET [/]}: There is already 'homeController' bean method
com.flc.springthymeleaf.web.HomeController#pageStart(Model) mapped.
	at org.springframework.beans.factory.support.AbstractAutowireCapableBeanFactory.initializeBean(AbstractAutowireCapableBeanFactory.java:1806)
	at org.springframework.beans.factory.support.AbstractAutowireCapableBeanFactory.doCreateBean(AbstractAutowireCapableBeanFactory.java:600)
	at org.springframework.beans.factory.support.AbstractAutowireCapableBeanFactory.createBean(AbstractAutowireCapableBeanFactory.java:522)
	at org.springframework.beans.factory.support.AbstractBeanFactory.lambda$doGetBean$0(AbstractBeanFactory.java:337)
	at org.springframework.beans.factory.support.DefaultSingletonBeanRegistry.getSingleton(DefaultSingletonBeanRegistry.java:234)
	at org.springframework.beans.factory.support.AbstractBeanFactory.doGetBean(AbstractBeanFactory.java:335)
	at org.springframework.beans.factory.support.AbstractBeanFactory.getBean(AbstractBeanFactory.java:200)
	at org.springframework.beans.factory.support.BeanDefinitionValueResolver.resolveReference(BeanDefinitionValueResolver.java:365)
	... 49 common frames omitted
Caused by: org.springframework.beans.factory.BeanCreationException: Error creating bean with name 'requestMappingHandlerMapping' defined in class path resource [org/springframework/boot/autoconfigure/web/servlet/WebMvcAutoConfiguration$EnableWebMvcConfiguration.class]: Ambiguous mapping. Cannot map 'produtoController' method 
com.flc.springthymeleaf.web.ProdutoController#mostrarGraficoProdutos(LocalDate, LocalDate, Model)
to {GET [/]}: There is already 'homeController' bean method
com.flc.springthymeleaf.web.HomeController#pageStart(Model) mapped.
	at org.springframework.beans.factory.support.AbstractAutowireCapableBeanFactory.initializeBean(AbstractAutowireCapableBeanFactory.java:1806)
	at org.springframework.beans.factory.support.AbstractAutowireCapableBeanFactory.doCreateBean(AbstractAutowireCapableBeanFactory.java:600)
	at org.springframework.beans.factory.support.AbstractAutowireCapableBeanFactory.createBean(AbstractAutowireCapableBeanFactory.java:522)
	at org.springframework.beans.factory.support.AbstractBeanFactory.lambda$doGetBean$0(AbstractBeanFactory.java:337)
	at org.springframework.beans.factory.support.DefaultSingletonBeanRegistry.getSingleton(DefaultSingletonBeanRegistry.java:234)
	at org.springframework.beans.factory.support.AbstractBeanFactory.doGetBean(AbstractBeanFactory.java:335)
	at org.springframework.beans.factory.support.AbstractBeanFactory.getBean(AbstractBeanFactory.java:200)
	at org.springframework.beans.factory.support.DefaultListableBeanFactory.getBeansOfType(DefaultListableBeanFactory.java:665)
	at org.springframework.context.support.AbstractApplicationContext.getBeansOfType(AbstractApplicationContext.java:1397)
	at org.springframework.beans.factory.BeanFactoryUtils.beansOfTypeIncludingAncestors(BeanFactoryUtils.java:368)
	at org.springframework.web.servlet.handler.HandlerMappingIntrospector.initHandlerMappings(HandlerMappingIntrospector.java:130)
	at org.springframework.web.servlet.handler.HandlerMappingIntrospector.afterPropertiesSet(HandlerMappingIntrospector.java:118)
	at org.springframework.beans.factory.support.AbstractAutowireCapableBeanFactory.invokeInitMethods(AbstractAutowireCapableBeanFactory.java:1853)
	at org.springframework.beans.factory.support.AbstractAutowireCapableBeanFactory.initializeBean(AbstractAutowireCapableBeanFactory.java:1802)
	... 56 common frames omitted
Caused by: java.lang.IllegalStateException: Ambiguous mapping. Cannot map 'produtoController' method 
com.flc.springthymeleaf.web.ProdutoController#mostrarGraficoProdutos(LocalDate, LocalDate, Model)
to {GET [/]}: There is already 'homeController' bean method
com.flc.springthymeleaf.web.HomeController#pageStart(Model) mapped.
	at org.springframework.web.servlet.handler.AbstractHandlerMethodMapping$MappingRegistry.validateMethodMapping(AbstractHandlerMethodMapping.java:674)
	at org.springframework.web.servlet.handler.AbstractHandlerMethodMapping$MappingRegistry.register(AbstractHandlerMethodMapping.java:636)
	at org.springframework.web.servlet.handler.AbstractHandlerMethodMapping.registerHandlerMethod(AbstractHandlerMethodMapping.java:331)
	at org.springframework.web.servlet.mvc.method.annotation.RequestMappingHandlerMapping.registerHandlerMethod(RequestMappingHandlerMapping.java:508)
	at org.springframework.web.servlet.mvc.method.annotation.RequestMappingHandlerMapping.registerHandlerMethod(RequestMappingHandlerMapping.java:84)
	at org.springframework.web.servlet.handler.AbstractHandlerMethodMapping.lambda$detectHandlerMethods$2(AbstractHandlerMethodMapping.java:298)
	at java.base/java.util.LinkedHashMap.forEach(LinkedHashMap.java:986)
	at org.springframework.web.servlet.handler.AbstractHandlerMethodMapping.detectHandlerMethods(AbstractHandlerMethodMapping.java:296)
	at org.springframework.web.servlet.handler.AbstractHandlerMethodMapping.processCandidateBean(AbstractHandlerMethodMapping.java:265)
	at org.springframework.web.servlet.handler.AbstractHandlerMethodMapping.initHandlerMethods(AbstractHandlerMethodMapping.java:224)
	at org.springframework.web.servlet.handler.AbstractHandlerMethodMapping.afterPropertiesSet(AbstractHandlerMethodMapping.java:212)
	at org.springframework.web.servlet.mvc.method.annotation.RequestMappingHandlerMapping.afterPropertiesSet(RequestMappingHandlerMapping.java:239)
	at org.springframework.beans.factory.support.AbstractAutowireCapableBeanFactory.invokeInitMethods(AbstractAutowireCapableBeanFactory.java:1853)
	at org.springframework.beans.factory.support.AbstractAutowireCapableBeanFactory.initializeBean(AbstractAutowireCapableBeanFactory.java:1802)
	... 69 common frames omitted
2024-10-30 10:01:57 - Starting SpringThymeleafApplication using Java 21.0.4 with PID 11840 (C:\Users\fernando.correa\Documents\GitHub\workspace2023\ceasadev_2024\target\classes started by fernando.correa in C:\Users\fernando.correa\Documents\GitHub\workspace2023\ceasadev_2024)
2024-10-30 10:01:57 - No active profile set, falling back to 1 default profile: "default"
2024-10-30 10:01:57 - Bootstrapping Spring Data JPA repositories in DEFAULT mode.
2024-10-30 10:01:57 - Finished Spring Data repository scanning in 41 ms. Found 16 JPA repository interfaces.
2024-10-30 10:01:57 - Tomcat initialized with port 5001 (http)
2024-10-30 10:01:57 - Initializing ProtocolHandler ["http-nio-5001"]
2024-10-30 10:01:57 - Starting service [Tomcat]
2024-10-30 10:01:57 - Starting Servlet engine: [Apache Tomcat/10.1.26]
2024-10-30 10:01:58 - Initializing Spring embedded WebApplicationContext
2024-10-30 10:01:58 - Root WebApplicationContext: initialization completed in 372 ms
2024-10-30 10:01:58 - HHH000204: Processing PersistenceUnitInfo [name: default]
2024-10-30 10:01:58 - HHH000026: Second-level cache disabled
2024-10-30 10:01:58 - No LoadTimeWeaver setup: ignoring JPA class transformer
2024-10-30 10:01:58 - HHH90000021: Encountered deprecated setting [hibernate.temp.use_jdbc_metadata_defaults], use [hibernate.boot.allow_jdbc_metadata_access] instead
2024-10-30 10:01:58 - HHH90000025: PostgreSQLDialect does not need to be specified explicitly using 'hibernate.dialect' (remove the property setting and it will be selected by default)
2024-10-30 10:01:58 - HHH000489: No JTA platform available (set 'hibernate.transaction.jta.platform' to enable JTA platform integration)
2024-10-30 10:01:58 - HikariPool-6 - Starting...
2024-10-30 10:01:58 - HikariPool-6 - Added connection org.postgresql.jdbc.PgConnection@3e784309
2024-10-30 10:01:58 - HikariPool-6 - Start completed.
2024-10-30 10:01:58 - Initialized JPA EntityManagerFactory for persistence unit 'default'
2024-10-30 10:01:58 - No authentication manager set. Reauthentication of users when changing passwords will not be performed.
2024-10-30 10:01:58 - Global AuthenticationManager configured with UserDetailsService bean with name userDetaisManager
2024-10-30 10:01:59 - LiveReload server is running on port 35729
2024-10-30 10:01:59 - Starting ProtocolHandler ["http-nio-5001"]
2024-10-30 10:01:59 - Tomcat started on port 5001 (http) with context path '/'
2024-10-30 10:01:59 - Started SpringThymeleafApplication in 1.569 seconds (process running for 66164.925)
2024-10-30 10:01:59 - Condition evaluation unchanged
2024-10-30 10:01:59 - Initializing Spring DispatcherServlet 'dispatcherServlet'
2024-10-30 10:01:59 - Initializing Servlet 'dispatcherServlet'
2024-10-30 10:01:59 - Completed initialization in 0 ms
2024-10-30 10:02:38 - Restarting due to 1 class path change (0 additions, 0 deletions, 1 modification)
2024-10-30 10:02:38 - Stopping ProtocolHandler ["http-nio-5001"]
2024-10-30 10:02:38 - Closing JPA EntityManagerFactory for persistence unit 'default'
2024-10-30 10:02:38 - HikariPool-6 - Shutdown initiated...
2024-10-30 10:02:38 - HikariPool-6 - Shutdown completed.
2024-10-30 10:02:39 - Starting SpringThymeleafApplication using Java 21.0.4 with PID 11840 (C:\Users\fernando.correa\Documents\GitHub\workspace2023\ceasadev_2024\target\classes started by fernando.correa in C:\Users\fernando.correa\Documents\GitHub\workspace2023\ceasadev_2024)
2024-10-30 10:02:39 - No active profile set, falling back to 1 default profile: "default"
2024-10-30 10:02:39 - Bootstrapping Spring Data JPA repositories in DEFAULT mode.
2024-10-30 10:02:39 - Finished Spring Data repository scanning in 40 ms. Found 16 JPA repository interfaces.
2024-10-30 10:02:39 - Tomcat initialized with port 5001 (http)
2024-10-30 10:02:39 - Initializing ProtocolHandler ["http-nio-5001"]
2024-10-30 10:02:39 - Starting service [Tomcat]
2024-10-30 10:02:39 - Starting Servlet engine: [Apache Tomcat/10.1.26]
2024-10-30 10:02:39 - Initializing Spring embedded WebApplicationContext
2024-10-30 10:02:39 - Root WebApplicationContext: initialization completed in 378 ms
2024-10-30 10:02:39 - HHH000204: Processing PersistenceUnitInfo [name: default]
2024-10-30 10:02:39 - HHH000026: Second-level cache disabled
2024-10-30 10:02:39 - No LoadTimeWeaver setup: ignoring JPA class transformer
2024-10-30 10:02:39 - HHH90000021: Encountered deprecated setting [hibernate.temp.use_jdbc_metadata_defaults], use [hibernate.boot.allow_jdbc_metadata_access] instead
2024-10-30 10:02:39 - HHH90000025: PostgreSQLDialect does not need to be specified explicitly using 'hibernate.dialect' (remove the property setting and it will be selected by default)
2024-10-30 10:02:39 - HHH000489: No JTA platform available (set 'hibernate.transaction.jta.platform' to enable JTA platform integration)
2024-10-30 10:02:39 - HikariPool-7 - Starting...
2024-10-30 10:02:39 - HikariPool-7 - Added connection org.postgresql.jdbc.PgConnection@242a220d
2024-10-30 10:02:39 - HikariPool-7 - Start completed.
2024-10-30 10:02:40 - Initialized JPA EntityManagerFactory for persistence unit 'default'
2024-10-30 10:02:40 - No authentication manager set. Reauthentication of users when changing passwords will not be performed.
2024-10-30 10:02:40 - Global AuthenticationManager configured with UserDetailsService bean with name userDetaisManager
2024-10-30 10:02:40 - LiveReload server is running on port 35729
2024-10-30 10:02:40 - Starting ProtocolHandler ["http-nio-5001"]
2024-10-30 10:02:40 - Tomcat started on port 5001 (http) with context path '/'
2024-10-30 10:02:40 - Started SpringThymeleafApplication in 1.527 seconds (process running for 66206.31)
2024-10-30 10:02:40 - Condition evaluation unchanged
2024-10-30 10:04:46 - Initializing Spring DispatcherServlet 'dispatcherServlet'
2024-10-30 10:04:46 - Initializing Servlet 'dispatcherServlet'
2024-10-30 10:04:46 - Completed initialization in 1 ms
2024-10-30 10:05:36 - Resolved [org.springframework.web.method.annotation.MethodArgumentTypeMismatchException: Failed to convert value of type 'java.lang.String' to required type 'java.lang.Integer'; For input string: "graficos1"]
2024-10-30 10:05:39 - Resolved [org.springframework.web.method.annotation.MethodArgumentTypeMismatchException: Failed to convert value of type 'java.lang.String' to required type 'java.lang.Integer'; For input string: "graficos1"]
2024-10-30 10:05:58 - Resolved [org.springframework.web.method.annotation.MethodArgumentTypeMismatchException: Failed to convert value of type 'java.lang.String' to required type 'java.lang.Integer'; For input string: "graficos1"]
2024-10-30 10:06:16 - Restarting due to 1 class path change (0 additions, 0 deletions, 1 modification)
2024-10-30 10:06:16 - Stopping ProtocolHandler ["http-nio-5001"]
2024-10-30 10:06:16 - Closing JPA EntityManagerFactory for persistence unit 'default'
2024-10-30 10:06:16 - HikariPool-7 - Shutdown initiated...
2024-10-30 10:06:16 - HikariPool-7 - Shutdown completed.
2024-10-30 10:06:16 - Starting SpringThymeleafApplication using Java 21.0.4 with PID 11840 (C:\Users\fernando.correa\Documents\GitHub\workspace2023\ceasadev_2024\target\classes started by fernando.correa in C:\Users\fernando.correa\Documents\GitHub\workspace2023\ceasadev_2024)
2024-10-30 10:06:16 - No active profile set, falling back to 1 default profile: "default"
2024-10-30 10:06:16 - Bootstrapping Spring Data JPA repositories in DEFAULT mode.
2024-10-30 10:06:16 - Finished Spring Data repository scanning in 34 ms. Found 16 JPA repository interfaces.
2024-10-30 10:06:16 - Tomcat initialized with port 5001 (http)
2024-10-30 10:06:16 - Initializing ProtocolHandler ["http-nio-5001"]
2024-10-30 10:06:16 - Starting service [Tomcat]
2024-10-30 10:06:16 - Starting Servlet engine: [Apache Tomcat/10.1.26]
2024-10-30 10:06:16 - Initializing Spring embedded WebApplicationContext
2024-10-30 10:06:16 - Root WebApplicationContext: initialization completed in 328 ms
2024-10-30 10:06:16 - HHH000204: Processing PersistenceUnitInfo [name: default]
2024-10-30 10:06:16 - HHH000026: Second-level cache disabled
2024-10-30 10:06:16 - No LoadTimeWeaver setup: ignoring JPA class transformer
2024-10-30 10:06:16 - HHH90000021: Encountered deprecated setting [hibernate.temp.use_jdbc_metadata_defaults], use [hibernate.boot.allow_jdbc_metadata_access] instead
2024-10-30 10:06:16 - HHH90000025: PostgreSQLDialect does not need to be specified explicitly using 'hibernate.dialect' (remove the property setting and it will be selected by default)
2024-10-30 10:06:17 - HHH000489: No JTA platform available (set 'hibernate.transaction.jta.platform' to enable JTA platform integration)
2024-10-30 10:06:17 - HikariPool-8 - Starting...
2024-10-30 10:06:17 - HikariPool-8 - Added connection org.postgresql.jdbc.PgConnection@348fa7f6
2024-10-30 10:06:17 - HikariPool-8 - Start completed.
2024-10-30 10:06:17 - Initialized JPA EntityManagerFactory for persistence unit 'default'
2024-10-30 10:06:17 - No authentication manager set. Reauthentication of users when changing passwords will not be performed.
2024-10-30 10:06:17 - Global AuthenticationManager configured with UserDetailsService bean with name userDetaisManager
2024-10-30 10:06:17 - LiveReload server is running on port 35729
2024-10-30 10:06:17 - Starting ProtocolHandler ["http-nio-5001"]
2024-10-30 10:06:17 - Tomcat started on port 5001 (http) with context path '/'
2024-10-30 10:06:17 - Started SpringThymeleafApplication in 1.421 seconds (process running for 66423.703)
2024-10-30 10:06:17 - Condition evaluation unchanged
2024-10-30 10:06:32 - Initializing Spring DispatcherServlet 'dispatcherServlet'
2024-10-30 10:06:32 - Initializing Servlet 'dispatcherServlet'
2024-10-30 10:06:32 - Completed initialization in 1 ms
2024-10-30 10:06:32 - Resolved [org.springframework.web.method.annotation.MethodArgumentTypeMismatchException: Failed to convert value of type 'java.lang.String' to required type 'java.lang.Integer'; For input string: "graficos1"]
2024-10-30 10:06:52 - Resolved [org.springframework.web.method.annotation.MethodArgumentTypeMismatchException: Failed to convert value of type 'java.lang.String' to required type 'java.lang.Integer'; For input string: "graficos1"]
2024-10-30 10:30:09 - HV000001: Hibernate Validator 8.0.1.Final
2024-10-30 10:30:09 - Starting SpringThymeleafApplicationTests using Java 21.0.4 with PID 20096 (started by fernando.correa in C:\Users\fernando.correa\Documents\GitHub\workspace2023\ceasadev_2024)
2024-10-30 10:30:09 - No active profile set, falling back to 1 default profile: "default"
2024-10-30 10:30:11 - Bootstrapping Spring Data JPA repositories in DEFAULT mode.
2024-10-30 10:30:11 - Finished Spring Data repository scanning in 125 ms. Found 16 JPA repository interfaces.
2024-10-30 10:30:12 - HHH000204: Processing PersistenceUnitInfo [name: default]
2024-10-30 10:30:12 - HHH000412: Hibernate ORM core version 6.5.2.Final
2024-10-30 10:30:12 - HHH000026: Second-level cache disabled
2024-10-30 10:30:12 - No LoadTimeWeaver setup: ignoring JPA class transformer
2024-10-30 10:30:12 - HHH90000021: Encountered deprecated setting [hibernate.temp.use_jdbc_metadata_defaults], use [hibernate.boot.allow_jdbc_metadata_access] instead
2024-10-30 10:30:12 - HHH90000025: PostgreSQLDialect does not need to be specified explicitly using 'hibernate.dialect' (remove the property setting and it will be selected by default)
2024-10-30 10:30:13 - HHH000489: No JTA platform available (set 'hibernate.transaction.jta.platform' to enable JTA platform integration)
2024-10-30 10:30:14 - HikariPool-1 - Starting...
2024-10-30 10:30:14 - HikariPool-1 - Added connection org.postgresql.jdbc.PgConnection@3f31cf8f
2024-10-30 10:30:14 - HikariPool-1 - Start completed.
2024-10-30 10:30:14 - Initialized JPA EntityManagerFactory for persistence unit 'default'
2024-10-30 10:30:14 - Hibernate is in classpath; If applicable, HQL parser will be used.
2024-10-30 10:30:15 - No authentication manager set. Reauthentication of users when changing passwords will not be performed.
2024-10-30 10:30:16 - Global AuthenticationManager configured with UserDetailsService bean with name userDetaisManager
2024-10-30 10:30:17 - Started SpringThymeleafApplicationTests in 7.716 seconds (process running for 8.744)
2024-10-30 10:30:17 - Closing JPA EntityManagerFactory for persistence unit 'default'
2024-10-30 10:30:17 - HikariPool-1 - Shutdown initiated...
2024-10-30 10:30:17 - HikariPool-1 - Shutdown completed.
2024-10-30 14:00:03 - HV000001: Hibernate Validator 8.0.1.Final
2024-10-30 14:00:03 - Starting SpringThymeleafApplicationTests using Java 21.0.4 with PID 15112 (started by fernando.correa in C:\Users\fernando.correa\Documents\GitHub\workspace2023\ceasadev_2024)
2024-10-30 14:00:03 - No active profile set, falling back to 1 default profile: "default"
2024-10-30 14:00:04 - Bootstrapping Spring Data JPA repositories in DEFAULT mode.
2024-10-30 14:00:04 - Finished Spring Data repository scanning in 99 ms. Found 16 JPA repository interfaces.
2024-10-30 14:00:05 - HHH000204: Processing PersistenceUnitInfo [name: default]
2024-10-30 14:00:05 - HHH000412: Hibernate ORM core version 6.5.2.Final
2024-10-30 14:00:05 - HHH000026: Second-level cache disabled
2024-10-30 14:00:05 - No LoadTimeWeaver setup: ignoring JPA class transformer
2024-10-30 14:00:05 - HHH90000021: Encountered deprecated setting [hibernate.temp.use_jdbc_metadata_defaults], use [hibernate.boot.allow_jdbc_metadata_access] instead
2024-10-30 14:00:05 - HHH90000025: PostgreSQLDialect does not need to be specified explicitly using 'hibernate.dialect' (remove the property setting and it will be selected by default)
2024-10-30 14:00:06 - HHH000489: No JTA platform available (set 'hibernate.transaction.jta.platform' to enable JTA platform integration)
2024-10-30 14:00:07 - HikariPool-1 - Starting...
2024-10-30 14:00:07 - HikariPool-1 - Added connection org.postgresql.jdbc.PgConnection@533690d
2024-10-30 14:00:07 - HikariPool-1 - Start completed.
2024-10-30 14:00:07 - Initialized JPA EntityManagerFactory for persistence unit 'default'
2024-10-30 14:00:07 - Hibernate is in classpath; If applicable, HQL parser will be used.
2024-10-30 14:00:08 - No authentication manager set. Reauthentication of users when changing passwords will not be performed.
2024-10-30 14:00:08 - Global AuthenticationManager configured with UserDetailsService bean with name userDetaisManager
2024-10-30 14:00:10 - Started SpringThymeleafApplicationTests in 6.804 seconds (process running for 7.786)
2024-10-30 14:00:10 - Closing JPA EntityManagerFactory for persistence unit 'default'
2024-10-30 14:00:10 - HikariPool-1 - Shutdown initiated...
2024-10-30 14:00:10 - HikariPool-1 - Shutdown completed.
