2024-11-17 11:56:27 - HV000001: Hibernate Validator 8.0.1.Final
2024-11-17 11:56:27 - Starting SpringThymeleafApplication using Java 21.0.4 with PID 16292 (C:\Users\fernando.correa\Documents\GitHub\workspace2023\ceasadev_2024\target\classes started by fernando.correa in C:\Users\fernando.correa\Documents\GitHub\workspace2023\ceasadev_2024)
2024-11-17 11:56:27 - No active profile set, falling back to 1 default profile: "default"
2024-11-17 11:56:28 - Devtools property defaults active! Set 'spring.devtools.add-properties' to 'false' to disable
2024-11-17 11:56:28 - For additional web related logging consider setting the 'logging.level.web' property to 'DEBUG'
2024-11-17 11:56:29 - Bootstrapping Spring Data JPA repositories in DEFAULT mode.
2024-11-17 11:56:29 - Finished Spring Data repository scanning in 100 ms. Found 16 JPA repository interfaces.
2024-11-17 11:56:30 - Tomcat initialized with port 5001 (http)
2024-11-17 11:56:30 - Initializing ProtocolHandler ["http-nio-5001"]
2024-11-17 11:56:30 - Starting service [Tomcat]
2024-11-17 11:56:30 - Starting Servlet engine: [Apache Tomcat/10.1.26]
2024-11-17 11:56:30 - Initializing Spring embedded WebApplicationContext
2024-11-17 11:56:30 - Root WebApplicationContext: initialization completed in 2042 ms
2024-11-17 11:56:30 - HHH000204: Processing PersistenceUnitInfo [name: default]
2024-11-17 11:56:30 - HHH000412: Hibernate ORM core version 6.5.2.Final
2024-11-17 11:56:30 - HHH000026: Second-level cache disabled
2024-11-17 11:56:30 - No LoadTimeWeaver setup: ignoring JPA class transformer
2024-11-17 11:56:30 - HHH90000021: Encountered deprecated setting [hibernate.temp.use_jdbc_metadata_defaults], use [hibernate.boot.allow_jdbc_metadata_access] instead
2024-11-17 11:56:30 - HHH90000025: PostgreSQLDialect does not need to be specified explicitly using 'hibernate.dialect' (remove the property setting and it will be selected by default)
2024-11-17 11:56:32 - HHH000489: No JTA platform available (set 'hibernate.transaction.jta.platform' to enable JTA platform integration)
2024-11-17 11:56:32 - HikariPool-1 - Starting...
2024-11-17 11:56:32 - HikariPool-1 - Added connection org.postgresql.jdbc.PgConnection@492d12a1
2024-11-17 11:56:32 - HikariPool-1 - Start completed.
2024-11-17 11:56:32 - Initialized JPA EntityManagerFactory for persistence unit 'default'
2024-11-17 11:56:33 - Hibernate is in classpath; If applicable, HQL parser will be used.
2024-11-17 11:56:34 - No authentication manager set. Reauthentication of users when changing passwords will not be performed.
2024-11-17 11:56:34 - Global AuthenticationManager configured with UserDetailsService bean with name userDetaisManager
2024-11-17 11:56:35 - LiveReload server is running on port 35729
2024-11-17 11:56:35 - Starting ProtocolHandler ["http-nio-5001"]
2024-11-17 11:56:35 - Tomcat started on port 5001 (http) with context path '/'
2024-11-17 11:56:35 - Started SpringThymeleafApplication in 8.125 seconds (process running for 8.795)
2024-11-17 11:58:25 - Initializing Spring DispatcherServlet 'dispatcherServlet'
2024-11-17 11:58:25 - Initializing Servlet 'dispatcherServlet'
2024-11-17 11:58:25 - Completed initialization in 1 ms
