2024-12-03 15:51:17 - HV000001: Hibernate Validator 8.0.1.Final
2024-12-03 15:51:17 - Starting SpringThymeleafApplication using Java 21.0.4 with PID 6968 (C:\Users\fernando.correa\Documents\GitHub\workspace2023\ceasadev_2024\target\classes started by fernando.correa in C:\Users\fernando.correa\Documents\GitHub\workspace2023\ceasadev_2024)
2024-12-03 15:51:17 - No active profile set, falling back to 1 default profile: "default"
2024-12-03 15:51:17 - Devtools property defaults active! Set 'spring.devtools.add-properties' to 'false' to disable
2024-12-03 15:51:17 - For additional web related logging consider setting the 'logging.level.web' property to 'DEBUG'
2024-12-03 15:51:18 - Bootstrapping Spring Data JPA repositories in DEFAULT mode.
2024-12-03 15:51:18 - Finished Spring Data repository scanning in 104 ms. Found 16 JPA repository interfaces.
2024-12-03 15:51:19 - Tomcat initialized with port 5001 (http)
2024-12-03 15:51:19 - Initializing ProtocolHandler ["http-nio-5001"]
2024-12-03 15:51:19 - Starting service [Tomcat]
2024-12-03 15:51:19 - Starting Servlet engine: [Apache Tomcat/10.1.26]
2024-12-03 15:51:19 - Initializing Spring embedded WebApplicationContext
2024-12-03 15:51:19 - Root WebApplicationContext: initialization completed in 2082 ms
2024-12-03 15:51:19 - HHH000204: Processing PersistenceUnitInfo [name: default]
2024-12-03 15:51:19 - HHH000412: Hibernate ORM core version 6.5.2.Final
2024-12-03 15:51:19 - HHH000026: Second-level cache disabled
2024-12-03 15:51:20 - No LoadTimeWeaver setup: ignoring JPA class transformer
2024-12-03 15:51:20 - HHH90000021: Encountered deprecated setting [hibernate.temp.use_jdbc_metadata_defaults], use [hibernate.boot.allow_jdbc_metadata_access] instead
2024-12-03 15:51:20 - HHH90000025: PostgreSQLDialect does not need to be specified explicitly using 'hibernate.dialect' (remove the property setting and it will be selected by default)
2024-12-03 15:51:21 - HHH000489: No JTA platform available (set 'hibernate.transaction.jta.platform' to enable JTA platform integration)
2024-12-03 15:51:21 - HikariPool-1 - Starting...
2024-12-03 15:51:21 - HikariPool-1 - Added connection org.postgresql.jdbc.PgConnection@36daa3ec
2024-12-03 15:51:21 - HikariPool-1 - Start completed.
2024-12-03 15:51:22 - Initialized JPA EntityManagerFactory for persistence unit 'default'
2024-12-03 15:51:22 - Hibernate is in classpath; If applicable, HQL parser will be used.
2024-12-03 15:51:23 - No authentication manager set. Reauthentication of users when changing passwords will not be performed.
2024-12-03 15:51:23 - Global AuthenticationManager configured with UserDetailsService bean with name userDetaisManager
2024-12-03 15:51:24 - LiveReload server is running on port 35729
2024-12-03 15:51:24 - Starting ProtocolHandler ["http-nio-5001"]
2024-12-03 15:51:24 - Tomcat started on port 5001 (http) with context path '/'
2024-12-03 15:51:24 - Started SpringThymeleafApplication in 8.431 seconds (process running for 9.037)
2024-12-03 15:51:33 - Initializing Spring DispatcherServlet 'dispatcherServlet'
2024-12-03 15:51:33 - Initializing Servlet 'dispatcherServlet'
2024-12-03 15:51:33 - Completed initialization in 2 ms
2024-12-03 19:48:07 - HV000001: Hibernate Validator 8.0.1.Final
2024-12-03 19:48:07 - Starting SpringThymeleafApplicationTests using Java 21.0.4 with PID 20628 (started by fernando.correa in C:\Users\fernando.correa\Documents\GitHub\workspace2023\ceasadev_2024)
2024-12-03 19:48:07 - No active profile set, falling back to 1 default profile: "default"
2024-12-03 19:48:08 - Bootstrapping Spring Data JPA repositories in DEFAULT mode.
2024-12-03 19:48:09 - Finished Spring Data repository scanning in 108 ms. Found 16 JPA repository interfaces.
2024-12-03 19:48:09 - HHH000204: Processing PersistenceUnitInfo [name: default]
2024-12-03 19:48:09 - HHH000412: Hibernate ORM core version 6.5.2.Final
2024-12-03 19:48:09 - HHH000026: Second-level cache disabled
2024-12-03 19:48:10 - No LoadTimeWeaver setup: ignoring JPA class transformer
2024-12-03 19:48:10 - HHH90000021: Encountered deprecated setting [hibernate.temp.use_jdbc_metadata_defaults], use [hibernate.boot.allow_jdbc_metadata_access] instead
2024-12-03 19:48:10 - HHH90000025: PostgreSQLDialect does not need to be specified explicitly using 'hibernate.dialect' (remove the property setting and it will be selected by default)
2024-12-03 19:48:11 - HHH000489: No JTA platform available (set 'hibernate.transaction.jta.platform' to enable JTA platform integration)
2024-12-03 19:48:11 - HikariPool-1 - Starting...
2024-12-03 19:48:11 - HikariPool-1 - Added connection org.postgresql.jdbc.PgConnection@4468ced2
2024-12-03 19:48:11 - HikariPool-1 - Start completed.
2024-12-03 19:48:12 - Initialized JPA EntityManagerFactory for persistence unit 'default'
2024-12-03 19:48:12 - Hibernate is in classpath; If applicable, HQL parser will be used.
2024-12-03 19:48:13 - No authentication manager set. Reauthentication of users when changing passwords will not be performed.
2024-12-03 19:48:13 - Global AuthenticationManager configured with UserDetailsService bean with name userDetaisManager
2024-12-03 19:48:14 - Started SpringThymeleafApplicationTests in 6.906 seconds (process running for 8.003)
2024-12-03 19:48:15 - Closing JPA EntityManagerFactory for persistence unit 'default'
2024-12-03 19:48:15 - HikariPool-1 - Shutdown initiated...
2024-12-03 19:48:15 - HikariPool-1 - Shutdown completed.
