2024-08-03 23:45:20 - Starting SpringThymeleafApplication using Java 17.0.7 with PID 19816 (C:\Users\fernando.correa\Documents\GitHub\workspace2023\app-devceasa01.2003\target\classes started by fernando.correa in C:\Users\fernando.correa\Documents\GitHub\workspace2023\app-devceasa01.2003)
2024-08-03 23:45:20 - No active profile set, falling back to 1 default profile: "default"
2024-08-03 23:45:20 - Multiple Spring Data modules found, entering strict repository configuration mode
2024-08-03 23:45:20 - Bootstrapping Spring Data JDBC repositories in DEFAULT mode.
2024-08-03 23:45:20 - Spring Data JDBC - Could not safely identify store assignment for repository candidate interface com.flc.springthymeleaf.repository.AuditLogRepository; If you want this repository to be a JDBC repository, consider annotating your entities with one of these annotations: org.springframework.data.relational.core.mapping.Table.
2024-08-03 23:45:20 - Spring Data JDBC - Could not safely identify store assignment for repository candidate interface com.flc.springthymeleaf.repository.AuthorityRepository; If you want this repository to be a JDBC repository, consider annotating your entities with one of these annotations: org.springframework.data.relational.core.mapping.Table.
2024-08-03 23:45:20 - Spring Data JDBC - Could not safely identify store assignment for repository candidate interface com.flc.springthymeleaf.repository.CotacaoRepository; If you want this repository to be a JDBC repository, consider annotating your entities with one of these annotations: org.springframework.data.relational.core.mapping.Table.
2024-08-03 23:45:20 - Spring Data JDBC - Could not safely identify store assignment for repository candidate interface com.flc.springthymeleaf.repository.FeiraRepository; If you want this repository to be a JDBC repository, consider annotating your entities with one of these annotations: org.springframework.data.relational.core.mapping.Table.
2024-08-03 23:45:20 - Spring Data JDBC - Could not safely identify store assignment for repository candidate interface com.flc.springthymeleaf.repository.GrupoRepository; If you want this repository to be a JDBC repository, consider annotating your entities with one of these annotations: org.springframework.data.relational.core.mapping.Table.
2024-08-03 23:45:20 - Spring Data JDBC - Could not safely identify store assignment for repository candidate interface com.flc.springthymeleaf.repository.ItemDeNotaRepository; If you want this repository to be a JDBC repository, consider annotating your entities with one of these annotations: org.springframework.data.relational.core.mapping.Table.
2024-08-03 23:45:20 - Spring Data JDBC - Could not safely identify store assignment for repository candidate interface com.flc.springthymeleaf.repository.ItemNotaFiscalRepository; If you want this repository to be a JDBC repository, consider annotating your entities with one of these annotations: org.springframework.data.relational.core.mapping.Table.
2024-08-03 23:45:20 - Spring Data JDBC - Could not safely identify store assignment for repository candidate interface com.flc.springthymeleaf.repository.MercadoRepository; If you want this repository to be a JDBC repository, consider annotating your entities with one of these annotations: org.springframework.data.relational.core.mapping.Table.
2024-08-03 23:45:20 - Spring Data JDBC - Could not safely identify store assignment for repository candidate interface com.flc.springthymeleaf.repository.MunicipioRepository; If you want this repository to be a JDBC repository, consider annotating your entities with one of these annotations: org.springframework.data.relational.core.mapping.Table.
2024-08-03 23:45:20 - Spring Data JDBC - Could not safely identify store assignment for repository candidate interface com.flc.springthymeleaf.repository.NotaFiscalRepository; If you want this repository to be a JDBC repository, consider annotating your entities with one of these annotations: org.springframework.data.relational.core.mapping.Table.
2024-08-03 23:45:20 - Spring Data JDBC - Could not safely identify store assignment for repository candidate interface com.flc.springthymeleaf.repository.NotaRepository; If you want this repository to be a JDBC repository, consider annotating your entities with one of these annotations: org.springframework.data.relational.core.mapping.Table.
2024-08-03 23:45:20 - Spring Data JDBC - Could not safely identify store assignment for repository candidate interface com.flc.springthymeleaf.repository.PermissionarioRepository; If you want this repository to be a JDBC repository, consider annotating your entities with one of these annotations: org.springframework.data.relational.core.mapping.Table.
2024-08-03 23:45:20 - Spring Data JDBC - Could not safely identify store assignment for repository candidate interface com.flc.springthymeleaf.repository.ProdutoRepository; If you want this repository to be a JDBC repository, consider annotating your entities with one of these annotations: org.springframework.data.relational.core.mapping.Table.
2024-08-03 23:45:20 - Spring Data JDBC - Could not safely identify store assignment for repository candidate interface com.flc.springthymeleaf.repository.PropriedadeRepository; If you want this repository to be a JDBC repository, consider annotating your entities with one of these annotations: org.springframework.data.relational.core.mapping.Table.
2024-08-03 23:45:20 - Spring Data JDBC - Could not safely identify store assignment for repository candidate interface com.flc.springthymeleaf.repository.SubgrupoRepository; If you want this repository to be a JDBC repository, consider annotating your entities with one of these annotations: org.springframework.data.relational.core.mapping.Table.
2024-08-03 23:45:20 - Spring Data JDBC - Could not safely identify store assignment for repository candidate interface com.flc.springthymeleaf.repository.UserRepository; If you want this repository to be a JDBC repository, consider annotating your entities with one of these annotations: org.springframework.data.relational.core.mapping.Table.
2024-08-03 23:45:20 - Finished Spring Data repository scanning in 35 ms. Found 0 JDBC repository interfaces.
2024-08-03 23:45:20 - Multiple Spring Data modules found, entering strict repository configuration mode
2024-08-03 23:45:20 - Bootstrapping Spring Data JPA repositories in DEFAULT mode.
2024-08-03 23:45:20 - Finished Spring Data repository scanning in 26 ms. Found 16 JPA repository interfaces.
2024-08-03 23:45:20 - Tomcat initialized with port(s): 5001 (http)
2024-08-03 23:45:20 - Starting service [Tomcat]
2024-08-03 23:45:20 - Starting Servlet engine: [Apache Tomcat/10.1.15]
2024-08-03 23:45:20 - Initializing Spring embedded WebApplicationContext
2024-08-03 23:45:20 - Root WebApplicationContext: initialization completed in 405 ms
2024-08-03 23:45:20 - HHH000204: Processing PersistenceUnitInfo [name: default]
2024-08-03 23:45:20 - HHH90000025: PostgreSQLDialect does not need to be specified explicitly using 'hibernate.dialect' (remove the property setting and it will be selected by default)
2024-08-03 23:45:20 - No LoadTimeWeaver setup: ignoring JPA class transformer
2024-08-03 23:45:20 - HHH000489: No JTA platform available (set 'hibernate.transaction.jta.platform' to enable JTA platform integration)
2024-08-03 23:45:20 - HikariPool-4 - Starting...
2024-08-03 23:45:21 - HikariPool-4 - Added connection org.postgresql.jdbc.PgConnection@73dc3fed
2024-08-03 23:45:21 - HikariPool-4 - Start completed.
2024-08-03 23:45:21 - Initialized JPA EntityManagerFactory for persistence unit 'default'
2024-08-03 23:45:21 - No authentication manager set. Reauthentication of users when changing passwords will not be performed.
2024-08-03 23:45:21 - Will secure any request with [org.springframework.security.web.session.DisableEncodeUrlFilter@284d144e, org.springframework.security.web.context.request.async.WebAsyncManagerIntegrationFilter@6639292, org.springframework.security.web.context.SecurityContextHolderFilter@19684a5e, org.springframework.security.web.header.HeaderWriterFilter@17469c90, org.springframework.security.web.authentication.logout.LogoutFilter@b0c370e, org.springframework.security.web.authentication.UsernamePasswordAuthenticationFilter@42a5bb47, org.springframework.security.web.authentication.www.BasicAuthenticationFilter@287b405a, org.springframework.security.web.savedrequest.RequestCacheAwareFilter@20d8f7c4, org.springframework.security.web.servletapi.SecurityContextHolderAwareRequestFilter@736c0d16, org.springframework.security.web.authentication.AnonymousAuthenticationFilter@69736e9a, org.springframework.security.web.access.ExceptionTranslationFilter@1ba909c0, org.springframework.security.web.access.intercept.AuthorizationFilter@7f9a3356]
2024-08-03 23:45:21 - LiveReload server is running on port 35729
2024-08-03 23:45:21 - Tomcat started on port(s): 5001 (http) with context path ''
2024-08-03 23:45:21 - Started SpringThymeleafApplication in 1.439 seconds (process running for 257.031)
2024-08-03 23:45:21 - Condition evaluation unchanged
2024-08-03 23:49:20 - Initializing Spring DispatcherServlet 'dispatcherServlet'
2024-08-03 23:49:20 - Initializing Servlet 'dispatcherServlet'
2024-08-03 23:49:20 - Completed initialization in 2 ms
2024-08-03 23:49:34 - Recebido propriedadeId: 92, data: 2024-08-03
2024-08-03 23:49:34 - Último Valor Comum: 12.22
2024-08-03 23:49:34 - Última cotação: com.flc.springthymeleaf.domain.Cotacao@33307131
2024-08-03 23:49:34 - Última cotação - PrecoMinimo: 11.11
2024-08-03 23:49:34 - Última cotação - PrecoMedio: 12.22
2024-08-03 23:49:34 - Última cotação - PrecoMaximo: 13.33
2024-08-03 23:49:34 - Última cotação - ValorComum: 12.22
2024-08-03 23:49:34 - Última cotação - Valor1: 200.000
2024-08-03 23:49:34 - Última cotação - Valor2: 220.00
2024-08-03 23:49:34 - Última cotação - Valor3: 220.00
2024-08-03 23:49:34 - Última cotação - Valor4: 240.00
2024-08-03 23:49:34 - Última cotação - Valor5: null
2024-08-03 23:49:34 - Última cotação - Valor6: null
2024-08-03 23:49:34 - Última cotação - Valor7: null
2024-08-03 23:49:34 - Última cotação - Valor8: null
2024-08-03 23:49:34 - Última cotação - Valor9: null
2024-08-03 23:49:34 - Última cotação - Valor10: null
2024-08-03 23:49:34 - Propriedade selecionada: com.flc.springthymeleaf.domain.Propriedade@4bc6d60a
2024-08-03 23:49:34 - Cotação atual - PrecoMinimo: 11.11
2024-08-03 23:49:34 - Cotação atual - PrecoMedio: 12.22
2024-08-03 23:49:34 - Cotação atual - PrecoMaximo: 13.33
2024-08-03 23:49:34 - Cotação atual - ValorComum: 12.22
2024-08-03 23:49:34 - Cotação atual - Valor1: 200.000
2024-08-03 23:49:34 - Cotação atual - Valor2: 220.00
2024-08-03 23:49:34 - Cotação atual - Valor3: 220.00
2024-08-03 23:49:34 - Cotação atual - Valor4: 240.00
2024-08-03 23:49:34 - Cotação atual - Valor5: null
2024-08-03 23:49:34 - Cotação atual - Valor6: null
2024-08-03 23:49:34 - Cotação atual - Valor7: null
2024-08-03 23:49:34 - Cotação atual - Valor8: null
2024-08-03 23:49:34 - Cotação atual - Valor9: null
2024-08-03 23:49:34 - Cotação atual - Valor10: null
2024-08-03 23:49:42 - Salvando cotação: com.flc.springthymeleaf.domain.Cotacao@44e5cf6a
2024-08-03 23:49:42 - Propriedade: com.flc.springthymeleaf.domain.Propriedade@5972403d
2024-08-03 23:49:42 - Valor Comum anterior: 12.22
2024-08-03 23:49:42 - Valor Comum atual: 12.22
2024-08-03 23:49:48 - Recebido propriedadeId: 92, data: 2024-08-03
2024-08-03 23:49:48 - Último Valor Comum: 12.22
2024-08-03 23:49:48 - Última cotação: com.flc.springthymeleaf.domain.Cotacao@2e0774bb
2024-08-03 23:49:48 - Última cotação - PrecoMinimo: 11.11
2024-08-03 23:49:48 - Última cotação - PrecoMedio: 12.22
2024-08-03 23:49:48 - Última cotação - PrecoMaximo: 13.33
2024-08-03 23:49:48 - Última cotação - ValorComum: 12.22
2024-08-03 23:49:48 - Última cotação - Valor1: 200.000
2024-08-03 23:49:48 - Última cotação - Valor2: 220.00
2024-08-03 23:49:48 - Última cotação - Valor3: 220.00
2024-08-03 23:49:48 - Última cotação - Valor4: 240.00
2024-08-03 23:49:48 - Última cotação - Valor5: null
2024-08-03 23:49:48 - Última cotação - Valor6: null
2024-08-03 23:49:48 - Última cotação - Valor7: null
2024-08-03 23:49:48 - Última cotação - Valor8: null
2024-08-03 23:49:48 - Última cotação - Valor9: null
2024-08-03 23:49:48 - Última cotação - Valor10: null
2024-08-03 23:49:48 - Propriedade selecionada: com.flc.springthymeleaf.domain.Propriedade@44ffefc8
2024-08-03 23:49:48 - Cotação atual - PrecoMinimo: 11.11
2024-08-03 23:49:48 - Cotação atual - PrecoMedio: 12.22
2024-08-03 23:49:48 - Cotação atual - PrecoMaximo: 13.33
2024-08-03 23:49:48 - Cotação atual - ValorComum: 12.22
2024-08-03 23:49:48 - Cotação atual - Valor1: 200.000
2024-08-03 23:49:48 - Cotação atual - Valor2: 220.00
2024-08-03 23:49:48 - Cotação atual - Valor3: 220.00
2024-08-03 23:49:48 - Cotação atual - Valor4: 240.00
2024-08-03 23:49:48 - Cotação atual - Valor5: null
2024-08-03 23:49:48 - Cotação atual - Valor6: null
2024-08-03 23:49:48 - Cotação atual - Valor7: null
2024-08-03 23:49:48 - Cotação atual - Valor8: null
2024-08-03 23:49:48 - Cotação atual - Valor9: null
2024-08-03 23:49:48 - Cotação atual - Valor10: null
2024-08-03 23:49:50 - Salvando cotação: com.flc.springthymeleaf.domain.Cotacao@9c13bd0
2024-08-03 23:49:50 - Propriedade: com.flc.springthymeleaf.domain.Propriedade@6e93fd76
2024-08-03 23:49:50 - Valor Comum anterior: 12.22
2024-08-03 23:49:50 - Valor Comum atual: 12.22
2024-08-03 23:50:41 - Recebido propriedadeId: 496, data: 2024-08-03
2024-08-03 23:50:41 - Último Valor Comum: 9.00
2024-08-03 23:50:41 - Última cotação: com.flc.springthymeleaf.domain.Cotacao@ccc644e
2024-08-03 23:50:41 - Última cotação - PrecoMinimo: 8.00
2024-08-03 23:50:41 - Última cotação - PrecoMedio: 9.00
2024-08-03 23:50:41 - Última cotação - PrecoMaximo: 10.00
2024-08-03 23:50:41 - Última cotação - ValorComum: 9.00
2024-08-03 23:50:41 - Última cotação - Valor1: 80.000
2024-08-03 23:50:41 - Última cotação - Valor2: 90.00
2024-08-03 23:50:41 - Última cotação - Valor3: 90.00
2024-08-03 23:50:41 - Última cotação - Valor4: 100.00
2024-08-03 23:50:41 - Última cotação - Valor5: null
2024-08-03 23:50:41 - Última cotação - Valor6: null
2024-08-03 23:50:41 - Última cotação - Valor7: null
2024-08-03 23:50:41 - Última cotação - Valor8: null
2024-08-03 23:50:41 - Última cotação - Valor9: null
2024-08-03 23:50:41 - Última cotação - Valor10: null
2024-08-03 23:50:41 - Propriedade selecionada: com.flc.springthymeleaf.domain.Propriedade@e9e4c46
2024-08-03 23:50:41 - Cotação atual - PrecoMinimo: 8.00
2024-08-03 23:50:41 - Cotação atual - PrecoMedio: 9.00
2024-08-03 23:50:41 - Cotação atual - PrecoMaximo: 10.00
2024-08-03 23:50:41 - Cotação atual - ValorComum: 9.00
2024-08-03 23:50:41 - Cotação atual - Valor1: 80.000
2024-08-03 23:50:41 - Cotação atual - Valor2: 90.00
2024-08-03 23:50:41 - Cotação atual - Valor3: 90.00
2024-08-03 23:50:41 - Cotação atual - Valor4: 100.00
2024-08-03 23:50:41 - Cotação atual - Valor5: null
2024-08-03 23:50:41 - Cotação atual - Valor6: null
2024-08-03 23:50:41 - Cotação atual - Valor7: null
2024-08-03 23:50:41 - Cotação atual - Valor8: null
2024-08-03 23:50:41 - Cotação atual - Valor9: null
2024-08-03 23:50:41 - Cotação atual - Valor10: null
2024-08-03 23:51:12 - Salvando cotação: com.flc.springthymeleaf.domain.Cotacao@724d4b3b
2024-08-03 23:51:12 - Propriedade: com.flc.springthymeleaf.domain.Propriedade@7d6bad0d
2024-08-03 23:51:12 - Valor Comum anterior: 9.00
2024-08-03 23:51:12 - Valor Comum atual: 8.00
2024-08-03 23:52:00 - Recebido propriedadeId: 498, data: 2024-08-03
2024-08-03 23:52:00 - Último Valor Comum: 9.50
2024-08-03 23:52:00 - Última cotação: com.flc.springthymeleaf.domain.Cotacao@718b2f1
2024-08-03 23:52:00 - Última cotação - PrecoMinimo: 9.00
2024-08-03 23:52:00 - Última cotação - PrecoMedio: 12.00
2024-08-03 23:52:00 - Última cotação - PrecoMaximo: 20.00
2024-08-03 23:52:00 - Última cotação - ValorComum: 9.50
2024-08-03 23:52:00 - Última cotação - Valor1: 90.000
2024-08-03 23:52:00 - Última cotação - Valor2: 95.00
2024-08-03 23:52:00 - Última cotação - Valor3: 200.00
2024-08-03 23:52:00 - Última cotação - Valor4: 95.00
2024-08-03 23:52:00 - Última cotação - Valor5: null
2024-08-03 23:52:00 - Última cotação - Valor6: null
2024-08-03 23:52:00 - Última cotação - Valor7: null
2024-08-03 23:52:00 - Última cotação - Valor8: null
2024-08-03 23:52:00 - Última cotação - Valor9: null
2024-08-03 23:52:00 - Última cotação - Valor10: null
2024-08-03 23:52:00 - Propriedade selecionada: com.flc.springthymeleaf.domain.Propriedade@2262f811
2024-08-03 23:52:00 - Cotação atual - PrecoMinimo: 9.00
2024-08-03 23:52:00 - Cotação atual - PrecoMedio: 12.00
2024-08-03 23:52:00 - Cotação atual - PrecoMaximo: 20.00
2024-08-03 23:52:00 - Cotação atual - ValorComum: 9.50
2024-08-03 23:52:00 - Cotação atual - Valor1: 90.000
2024-08-03 23:52:00 - Cotação atual - Valor2: 95.00
2024-08-03 23:52:00 - Cotação atual - Valor3: 200.00
2024-08-03 23:52:00 - Cotação atual - Valor4: 95.00
2024-08-03 23:52:00 - Cotação atual - Valor5: null
2024-08-03 23:52:00 - Cotação atual - Valor6: null
2024-08-03 23:52:00 - Cotação atual - Valor7: null
2024-08-03 23:52:00 - Cotação atual - Valor8: null
2024-08-03 23:52:00 - Cotação atual - Valor9: null
2024-08-03 23:52:00 - Cotação atual - Valor10: null
2024-08-03 23:52:05 - Salvando cotação: com.flc.springthymeleaf.domain.Cotacao@69e5b781
2024-08-03 23:52:05 - Propriedade: com.flc.springthymeleaf.domain.Propriedade@619ebc5
2024-08-03 23:52:05 - Valor Comum anterior: 9.50
2024-08-03 23:52:05 - Valor Comum atual: 9.50
2024-08-03 23:53:23 - Recebido propriedadeId: 95, data: 2024-08-03
2024-08-03 23:53:23 - Último Valor Comum: 8.06
2024-08-03 23:53:23 - Última cotação: com.flc.springthymeleaf.domain.Cotacao@356c6333
2024-08-03 23:53:23 - Última cotação - PrecoMinimo: 7.78
2024-08-03 23:53:23 - Última cotação - PrecoMedio: 8.26
2024-08-03 23:53:23 - Última cotação - PrecoMaximo: 9.17
2024-08-03 23:53:23 - Última cotação - ValorComum: 8.06
2024-08-03 23:53:23 - Última cotação - Valor1: 140.000
2024-08-03 23:53:23 - Última cotação - Valor2: 145.00
2024-08-03 23:53:23 - Última cotação - Valor3: 145.00
2024-08-03 23:53:23 - Última cotação - Valor4: 165.00
2024-08-03 23:53:23 - Última cotação - Valor5: null
2024-08-03 23:53:23 - Última cotação - Valor6: null
2024-08-03 23:53:23 - Última cotação - Valor7: null
2024-08-03 23:53:23 - Última cotação - Valor8: null
2024-08-03 23:53:23 - Última cotação - Valor9: null
2024-08-03 23:53:23 - Última cotação - Valor10: null
2024-08-03 23:53:23 - Propriedade selecionada: com.flc.springthymeleaf.domain.Propriedade@4d4d0eea
2024-08-03 23:53:23 - Cotação atual - PrecoMinimo: 7.78
2024-08-03 23:53:23 - Cotação atual - PrecoMedio: 8.26
2024-08-03 23:53:23 - Cotação atual - PrecoMaximo: 9.17
2024-08-03 23:53:23 - Cotação atual - ValorComum: 8.06
2024-08-03 23:53:23 - Cotação atual - Valor1: 140.000
2024-08-03 23:53:23 - Cotação atual - Valor2: 145.00
2024-08-03 23:53:23 - Cotação atual - Valor3: 145.00
2024-08-03 23:53:23 - Cotação atual - Valor4: 165.00
2024-08-03 23:53:23 - Cotação atual - Valor5: null
2024-08-03 23:53:23 - Cotação atual - Valor6: null
2024-08-03 23:53:23 - Cotação atual - Valor7: null
2024-08-03 23:53:23 - Cotação atual - Valor8: null
2024-08-03 23:53:23 - Cotação atual - Valor9: null
2024-08-03 23:53:23 - Cotação atual - Valor10: null
2024-08-03 23:53:53 - Salvando cotação: com.flc.springthymeleaf.domain.Cotacao@208510da
2024-08-03 23:53:53 - Propriedade: com.flc.springthymeleaf.domain.Propriedade@14d57714
2024-08-03 23:53:53 - Valor Comum anterior: 8.06
2024-08-03 23:53:53 - Valor Comum atual: 8.28
2024-08-03 23:54:21 - Application shutdown requested.
2024-08-03 23:54:21 - Stopping service [Tomcat]
2024-08-03 23:54:21 - Destroying Spring FrameworkServlet 'dispatcherServlet'
2024-08-03 23:54:21 - Closing JPA EntityManagerFactory for persistence unit 'default'
2024-08-03 23:54:21 - HikariPool-4 - Shutdown initiated...
2024-08-03 23:54:21 - HikariPool-4 - Shutdown completed.
2024-08-03 23:55:55 - HV000001: Hibernate Validator 8.0.1.Final
2024-08-03 23:55:55 - Starting SpringThymeleafApplication using Java 17.0.7 with PID 10204 (C:\Users\fernando.correa\Documents\GitHub\workspace2023\app-devceasa01.2003\target\classes started by fernando.correa in C:\Users\fernando.correa\Documents\GitHub\workspace2023\app-devceasa01.2003)
2024-08-03 23:55:55 - No active profile set, falling back to 1 default profile: "default"
2024-08-03 23:55:55 - Devtools property defaults active! Set 'spring.devtools.add-properties' to 'false' to disable
2024-08-03 23:55:55 - For additional web related logging consider setting the 'logging.level.web' property to 'DEBUG'
2024-08-03 23:55:55 - Multiple Spring Data modules found, entering strict repository configuration mode
2024-08-03 23:55:55 - Bootstrapping Spring Data JDBC repositories in DEFAULT mode.
2024-08-03 23:55:55 - Spring Data JDBC - Could not safely identify store assignment for repository candidate interface com.flc.springthymeleaf.repository.AuditLogRepository; If you want this repository to be a JDBC repository, consider annotating your entities with one of these annotations: org.springframework.data.relational.core.mapping.Table.
2024-08-03 23:55:55 - Spring Data JDBC - Could not safely identify store assignment for repository candidate interface com.flc.springthymeleaf.repository.AuthorityRepository; If you want this repository to be a JDBC repository, consider annotating your entities with one of these annotations: org.springframework.data.relational.core.mapping.Table.
2024-08-03 23:55:55 - Spring Data JDBC - Could not safely identify store assignment for repository candidate interface com.flc.springthymeleaf.repository.CotacaoRepository; If you want this repository to be a JDBC repository, consider annotating your entities with one of these annotations: org.springframework.data.relational.core.mapping.Table.
2024-08-03 23:55:55 - Spring Data JDBC - Could not safely identify store assignment for repository candidate interface com.flc.springthymeleaf.repository.FeiraRepository; If you want this repository to be a JDBC repository, consider annotating your entities with one of these annotations: org.springframework.data.relational.core.mapping.Table.
2024-08-03 23:55:55 - Spring Data JDBC - Could not safely identify store assignment for repository candidate interface com.flc.springthymeleaf.repository.GrupoRepository; If you want this repository to be a JDBC repository, consider annotating your entities with one of these annotations: org.springframework.data.relational.core.mapping.Table.
2024-08-03 23:55:55 - Spring Data JDBC - Could not safely identify store assignment for repository candidate interface com.flc.springthymeleaf.repository.ItemDeNotaRepository; If you want this repository to be a JDBC repository, consider annotating your entities with one of these annotations: org.springframework.data.relational.core.mapping.Table.
2024-08-03 23:55:55 - Spring Data JDBC - Could not safely identify store assignment for repository candidate interface com.flc.springthymeleaf.repository.ItemNotaFiscalRepository; If you want this repository to be a JDBC repository, consider annotating your entities with one of these annotations: org.springframework.data.relational.core.mapping.Table.
2024-08-03 23:55:55 - Spring Data JDBC - Could not safely identify store assignment for repository candidate interface com.flc.springthymeleaf.repository.MercadoRepository; If you want this repository to be a JDBC repository, consider annotating your entities with one of these annotations: org.springframework.data.relational.core.mapping.Table.
2024-08-03 23:55:55 - Spring Data JDBC - Could not safely identify store assignment for repository candidate interface com.flc.springthymeleaf.repository.MunicipioRepository; If you want this repository to be a JDBC repository, consider annotating your entities with one of these annotations: org.springframework.data.relational.core.mapping.Table.
2024-08-03 23:55:55 - Spring Data JDBC - Could not safely identify store assignment for repository candidate interface com.flc.springthymeleaf.repository.NotaFiscalRepository; If you want this repository to be a JDBC repository, consider annotating your entities with one of these annotations: org.springframework.data.relational.core.mapping.Table.
2024-08-03 23:55:55 - Spring Data JDBC - Could not safely identify store assignment for repository candidate interface com.flc.springthymeleaf.repository.NotaRepository; If you want this repository to be a JDBC repository, consider annotating your entities with one of these annotations: org.springframework.data.relational.core.mapping.Table.
2024-08-03 23:55:55 - Spring Data JDBC - Could not safely identify store assignment for repository candidate interface com.flc.springthymeleaf.repository.PermissionarioRepository; If you want this repository to be a JDBC repository, consider annotating your entities with one of these annotations: org.springframework.data.relational.core.mapping.Table.
2024-08-03 23:55:55 - Spring Data JDBC - Could not safely identify store assignment for repository candidate interface com.flc.springthymeleaf.repository.ProdutoRepository; If you want this repository to be a JDBC repository, consider annotating your entities with one of these annotations: org.springframework.data.relational.core.mapping.Table.
2024-08-03 23:55:55 - Spring Data JDBC - Could not safely identify store assignment for repository candidate interface com.flc.springthymeleaf.repository.PropriedadeRepository; If you want this repository to be a JDBC repository, consider annotating your entities with one of these annotations: org.springframework.data.relational.core.mapping.Table.
2024-08-03 23:55:55 - Spring Data JDBC - Could not safely identify store assignment for repository candidate interface com.flc.springthymeleaf.repository.SubgrupoRepository; If you want this repository to be a JDBC repository, consider annotating your entities with one of these annotations: org.springframework.data.relational.core.mapping.Table.
2024-08-03 23:55:55 - Spring Data JDBC - Could not safely identify store assignment for repository candidate interface com.flc.springthymeleaf.repository.UserRepository; If you want this repository to be a JDBC repository, consider annotating your entities with one of these annotations: org.springframework.data.relational.core.mapping.Table.
2024-08-03 23:55:55 - Finished Spring Data repository scanning in 53 ms. Found 0 JDBC repository interfaces.
2024-08-03 23:55:56 - Multiple Spring Data modules found, entering strict repository configuration mode
2024-08-03 23:55:56 - Bootstrapping Spring Data JPA repositories in DEFAULT mode.
2024-08-03 23:55:56 - Finished Spring Data repository scanning in 42 ms. Found 16 JPA repository interfaces.
2024-08-03 23:55:56 - Tomcat initialized with port(s): 5001 (http)
2024-08-03 23:55:56 - Initializing ProtocolHandler ["http-nio-5001"]
2024-08-03 23:55:56 - Starting service [Tomcat]
2024-08-03 23:55:56 - Starting Servlet engine: [Apache Tomcat/10.1.15]
2024-08-03 23:55:56 - Initializing Spring embedded WebApplicationContext
2024-08-03 23:55:56 - Root WebApplicationContext: initialization completed in 1402 ms
2024-08-03 23:55:56 - HHH000204: Processing PersistenceUnitInfo [name: default]
2024-08-03 23:55:56 - HHH000412: Hibernate ORM core version 6.2.13.Final
2024-08-03 23:55:56 - HHH000406: Using bytecode reflection optimizer
2024-08-03 23:55:57 - HHH90000025: PostgreSQLDialect does not need to be specified explicitly using 'hibernate.dialect' (remove the property setting and it will be selected by default)
2024-08-03 23:55:57 - No LoadTimeWeaver setup: ignoring JPA class transformer
2024-08-03 23:55:58 - HHH000489: No JTA platform available (set 'hibernate.transaction.jta.platform' to enable JTA platform integration)
2024-08-03 23:55:58 - HikariPool-1 - Starting...
2024-08-03 23:55:58 - HikariPool-1 - Added connection org.postgresql.jdbc.PgConnection@71a06491
2024-08-03 23:55:58 - HikariPool-1 - Start completed.
2024-08-03 23:55:58 - Initialized JPA EntityManagerFactory for persistence unit 'default'
2024-08-03 23:55:58 - Hibernate is in classpath; If applicable, HQL parser will be used.
2024-08-03 23:55:59 - No authentication manager set. Reauthentication of users when changing passwords will not be performed.
2024-08-03 23:55:59 - Will secure any request with [org.springframework.security.web.session.DisableEncodeUrlFilter@1bc969df, org.springframework.security.web.context.request.async.WebAsyncManagerIntegrationFilter@f951d96, org.springframework.security.web.context.SecurityContextHolderFilter@68be6ee7, org.springframework.security.web.header.HeaderWriterFilter@123668d1, org.springframework.security.web.authentication.logout.LogoutFilter@79d8dbfc, org.springframework.security.web.authentication.UsernamePasswordAuthenticationFilter@22c2b978, org.springframework.security.web.authentication.www.BasicAuthenticationFilter@3bdf694b, org.springframework.security.web.savedrequest.RequestCacheAwareFilter@2b2008cf, org.springframework.security.web.servletapi.SecurityContextHolderAwareRequestFilter@2b55bd28, org.springframework.security.web.authentication.AnonymousAuthenticationFilter@4fc0a81e, org.springframework.security.web.access.ExceptionTranslationFilter@7371fdce, org.springframework.security.web.access.intercept.AuthorizationFilter@5e297827]
2024-08-03 23:56:00 - LiveReload server is running on port 35729
2024-08-03 23:56:00 - Starting ProtocolHandler ["http-nio-5001"]
2024-08-03 23:56:00 - Tomcat started on port(s): 5001 (http) with context path ''
2024-08-03 23:56:00 - Started SpringThymeleafApplication in 5.501 seconds (process running for 6.209)
2024-08-03 23:57:05 - Initializing Spring DispatcherServlet 'dispatcherServlet'
2024-08-03 23:57:05 - Initializing Servlet 'dispatcherServlet'
2024-08-03 23:57:05 - Completed initialization in 1 ms
2024-08-03 23:59:44 - Recebido propriedadeId: 458, data: 2024-08-03
2024-08-03 23:59:44 - Último Valor Comum: 60.00
2024-08-03 23:59:44 - Última cotação: com.flc.springthymeleaf.domain.Cotacao@38fc9e4a
2024-08-03 23:59:44 - Última cotação - PrecoMinimo: 50.00
2024-08-03 23:59:44 - Última cotação - PrecoMedio: 60.00
2024-08-03 23:59:44 - Última cotação - PrecoMaximo: 70.00
2024-08-03 23:59:44 - Última cotação - ValorComum: 60.00
2024-08-03 23:59:44 - Última cotação - Valor1: 250.000
2024-08-03 23:59:44 - Última cotação - Valor2: 300.00
2024-08-03 23:59:44 - Última cotação - Valor3: 350.00
2024-08-03 23:59:44 - Última cotação - Valor4: 300.00
2024-08-03 23:59:44 - Última cotação - Valor5: null
2024-08-03 23:59:44 - Última cotação - Valor6: null
2024-08-03 23:59:44 - Última cotação - Valor7: null
2024-08-03 23:59:44 - Última cotação - Valor8: null
2024-08-03 23:59:44 - Última cotação - Valor9: null
2024-08-03 23:59:44 - Última cotação - Valor10: null
2024-08-03 23:59:44 - Propriedade selecionada: com.flc.springthymeleaf.domain.Propriedade@6f2e09f8
2024-08-03 23:59:44 - Cotação atual - PrecoMinimo: 50.00
2024-08-03 23:59:44 - Cotação atual - PrecoMedio: 60.00
2024-08-03 23:59:44 - Cotação atual - PrecoMaximo: 70.00
2024-08-03 23:59:44 - Cotação atual - ValorComum: 60.00
2024-08-03 23:59:44 - Cotação atual - Valor1: 250.000
2024-08-03 23:59:44 - Cotação atual - Valor2: 300.00
2024-08-03 23:59:44 - Cotação atual - Valor3: 350.00
2024-08-03 23:59:44 - Cotação atual - Valor4: 300.00
2024-08-03 23:59:44 - Cotação atual - Valor5: null
2024-08-03 23:59:44 - Cotação atual - Valor6: null
2024-08-03 23:59:44 - Cotação atual - Valor7: null
2024-08-03 23:59:44 - Cotação atual - Valor8: null
2024-08-03 23:59:44 - Cotação atual - Valor9: null
2024-08-03 23:59:44 - Cotação atual - Valor10: null
2024-08-03 23:59:54 - Salvando cotação: com.flc.springthymeleaf.domain.Cotacao@5e9140ce
2024-08-03 23:59:55 - Propriedade: com.flc.springthymeleaf.domain.Propriedade@29112c86
2024-08-03 23:59:55 - Valor Comum anterior: 60.00
2024-08-03 23:59:55 - Valor Comum atual: 60.00
