2024-08-26 07:59:10 - Cotação faltante: BATATA - INGLESA
2024-08-26 08:03:12 - Cotação faltante: BATATA - INGLESA
2024-08-26 08:03:24 - Cotação faltante: BATATA - INGLESA
2024-08-26 08:07:22 - HV000001: Hibernate Validator 8.0.1.Final
2024-08-26 08:07:22 - Starting SpringThymeleafApplication using Java 21.0.4 with PID 20932 (C:\Users\fernando.correa\Documents\GitHub\workspace2023\ceasadev_2024\target\classes started by fernando.correa in C:\Users\fernando.correa\Documents\GitHub\workspace2023\ceasadev_2024)
2024-08-26 08:07:22 - No active profile set, falling back to 1 default profile: "default"
2024-08-26 08:07:22 - Devtools property defaults active! Set 'spring.devtools.add-properties' to 'false' to disable
2024-08-26 08:07:22 - For additional web related logging consider setting the 'logging.level.web' property to 'DEBUG'
2024-08-26 08:07:23 - Bootstrapping Spring Data JPA repositories in DEFAULT mode.
2024-08-26 08:07:23 - Finished Spring Data repository scanning in 91 ms. Found 15 JPA repository interfaces.
2024-08-26 08:07:24 - Tomcat initialized with port 5001 (http)
2024-08-26 08:07:24 - Initializing ProtocolHandler ["http-nio-5001"]
2024-08-26 08:07:24 - Starting service [Tomcat]
2024-08-26 08:07:24 - Starting Servlet engine: [Apache Tomcat/10.1.26]
2024-08-26 08:07:24 - Initializing Spring embedded WebApplicationContext
2024-08-26 08:07:24 - Root WebApplicationContext: initialization completed in 1800 ms
2024-08-26 08:07:24 - HHH000204: Processing PersistenceUnitInfo [name: default]
2024-08-26 08:07:24 - HHH000412: Hibernate ORM core version 6.5.2.Final
2024-08-26 08:07:24 - HHH000026: Second-level cache disabled
2024-08-26 08:07:25 - No LoadTimeWeaver setup: ignoring JPA class transformer
2024-08-26 08:07:25 - HHH90000021: Encountered deprecated setting [hibernate.temp.use_jdbc_metadata_defaults], use [hibernate.boot.allow_jdbc_metadata_access] instead
2024-08-26 08:07:25 - HHH90000025: PostgreSQLDialect does not need to be specified explicitly using 'hibernate.dialect' (remove the property setting and it will be selected by default)
2024-08-26 08:07:26 - HHH000489: No JTA platform available (set 'hibernate.transaction.jta.platform' to enable JTA platform integration)
2024-08-26 08:07:26 - HikariPool-1 - Starting...
2024-08-26 08:07:26 - HikariPool-1 - Added connection org.postgresql.jdbc.PgConnection@32cf4c5f
2024-08-26 08:07:26 - HikariPool-1 - Start completed.
2024-08-26 08:07:26 - Initialized JPA EntityManagerFactory for persistence unit 'default'
2024-08-26 08:07:27 - Hibernate is in classpath; If applicable, HQL parser will be used.
2024-08-26 08:07:28 - No authentication manager set. Reauthentication of users when changing passwords will not be performed.
2024-08-26 08:07:28 - Global AuthenticationManager configured with UserDetailsService bean with name userDetaisManager
2024-08-26 08:07:29 - LiveReload server is running on port 35729
2024-08-26 08:07:29 - Starting ProtocolHandler ["http-nio-5001"]
2024-08-26 08:07:29 - Tomcat started on port 5001 (http) with context path '/'
2024-08-26 08:07:29 - Started SpringThymeleafApplication in 7.197 seconds (process running for 7.832)
2024-08-26 08:07:36 - Initializing Spring DispatcherServlet 'dispatcherServlet'
2024-08-26 08:07:36 - Initializing Servlet 'dispatcherServlet'
2024-08-26 08:07:36 - Completed initialization in 1 ms
2024-08-26 08:07:48 - [THYMELEAF][http-nio-5001-exec-6] Exception processing template "feira/feira_cadastro": An error happened during template parsing (template: "class path resource [templates/feira/feira_cadastro.html]")
org.thymeleaf.exceptions.TemplateInputException: An error happened during template parsing (template: "class path resource [templates/feira/feira_cadastro.html]")
	at org.thymeleaf.templateparser.markup.AbstractMarkupTemplateParser.parse(AbstractMarkupTemplateParser.java:241)
	at org.thymeleaf.templateparser.markup.AbstractMarkupTemplateParser.parseStandalone(AbstractMarkupTemplateParser.java:100)
	at org.thymeleaf.engine.TemplateManager.parseAndProcess(TemplateManager.java:666)
	at org.thymeleaf.TemplateEngine.process(TemplateEngine.java:1103)
	at org.thymeleaf.TemplateEngine.process(TemplateEngine.java:1077)
	at org.thymeleaf.spring6.view.ThymeleafView.renderFragment(ThymeleafView.java:372)
	at org.thymeleaf.spring6.view.ThymeleafView.render(ThymeleafView.java:192)
	at org.springframework.web.servlet.DispatcherServlet.render(DispatcherServlet.java:1431)
	at org.springframework.web.servlet.DispatcherServlet.processDispatchResult(DispatcherServlet.java:1167)
	at org.springframework.web.servlet.DispatcherServlet.doDispatch(DispatcherServlet.java:1106)
	at org.springframework.web.servlet.DispatcherServlet.doService(DispatcherServlet.java:979)
	at org.springframework.web.servlet.FrameworkServlet.processRequest(FrameworkServlet.java:1014)
	at org.springframework.web.servlet.FrameworkServlet.doGet(FrameworkServlet.java:903)
	at jakarta.servlet.http.HttpServlet.service(HttpServlet.java:564)
	at org.springframework.web.servlet.FrameworkServlet.service(FrameworkServlet.java:885)
	at jakarta.servlet.http.HttpServlet.service(HttpServlet.java:658)
	at org.apache.catalina.core.ApplicationFilterChain.internalDoFilter(ApplicationFilterChain.java:195)
	at org.apache.catalina.core.ApplicationFilterChain.doFilter(ApplicationFilterChain.java:140)
	at org.apache.tomcat.websocket.server.WsFilter.doFilter(WsFilter.java:51)
	at org.apache.catalina.core.ApplicationFilterChain.internalDoFilter(ApplicationFilterChain.java:164)
	at org.apache.catalina.core.ApplicationFilterChain.doFilter(ApplicationFilterChain.java:140)
	at org.springframework.web.filter.CompositeFilter$VirtualFilterChain.doFilter(CompositeFilter.java:108)
	at org.springframework.security.web.FilterChainProxy.lambda$doFilterInternal$3(FilterChainProxy.java:231)
	at org.springframework.security.web.FilterChainProxy$VirtualFilterChain.doFilter(FilterChainProxy.java:365)
	at org.springframework.security.web.access.intercept.AuthorizationFilter.doFilter(AuthorizationFilter.java:100)
	at org.springframework.security.web.FilterChainProxy$VirtualFilterChain.doFilter(FilterChainProxy.java:374)
	at org.springframework.security.web.access.ExceptionTranslationFilter.doFilter(ExceptionTranslationFilter.java:126)
	at org.springframework.security.web.access.ExceptionTranslationFilter.doFilter(ExceptionTranslationFilter.java:120)
	at org.springframework.security.web.FilterChainProxy$VirtualFilterChain.doFilter(FilterChainProxy.java:374)
	at org.springframework.security.web.authentication.AnonymousAuthenticationFilter.doFilter(AnonymousAuthenticationFilter.java:100)
	at org.springframework.security.web.FilterChainProxy$VirtualFilterChain.doFilter(FilterChainProxy.java:374)
	at org.springframework.security.web.servletapi.SecurityContextHolderAwareRequestFilter.doFilter(SecurityContextHolderAwareRequestFilter.java:179)
	at org.springframework.security.web.FilterChainProxy$VirtualFilterChain.doFilter(FilterChainProxy.java:374)
	at org.springframework.security.web.savedrequest.RequestCacheAwareFilter.doFilter(RequestCacheAwareFilter.java:63)
	at org.springframework.security.web.FilterChainProxy$VirtualFilterChain.doFilter(FilterChainProxy.java:374)
	at org.springframework.security.web.authentication.www.BasicAuthenticationFilter.doFilterInternal(BasicAuthenticationFilter.java:181)
	at org.springframework.web.filter.OncePerRequestFilter.doFilter(OncePerRequestFilter.java:116)
	at org.springframework.security.web.FilterChainProxy$VirtualFilterChain.doFilter(FilterChainProxy.java:374)
	at org.springframework.security.web.authentication.AbstractAuthenticationProcessingFilter.doFilter(AbstractAuthenticationProcessingFilter.java:227)
	at org.springframework.security.web.authentication.AbstractAuthenticationProcessingFilter.doFilter(AbstractAuthenticationProcessingFilter.java:221)
	at org.springframework.security.web.FilterChainProxy$VirtualFilterChain.doFilter(FilterChainProxy.java:374)
	at org.springframework.security.web.authentication.logout.LogoutFilter.doFilter(LogoutFilter.java:107)
	at org.springframework.security.web.authentication.logout.LogoutFilter.doFilter(LogoutFilter.java:93)
	at org.springframework.security.web.FilterChainProxy$VirtualFilterChain.doFilter(FilterChainProxy.java:374)
	at org.springframework.web.filter.CorsFilter.doFilterInternal(CorsFilter.java:91)
	at org.springframework.web.filter.OncePerRequestFilter.doFilter(OncePerRequestFilter.java:116)
	at org.springframework.security.web.FilterChainProxy$VirtualFilterChain.doFilter(FilterChainProxy.java:374)
	at org.springframework.security.web.header.HeaderWriterFilter.doHeadersAfter(HeaderWriterFilter.java:90)
	at org.springframework.security.web.header.HeaderWriterFilter.doFilterInternal(HeaderWriterFilter.java:75)
	at org.springframework.web.filter.OncePerRequestFilter.doFilter(OncePerRequestFilter.java:116)
	at org.springframework.security.web.FilterChainProxy$VirtualFilterChain.doFilter(FilterChainProxy.java:374)
	at org.springframework.security.web.context.SecurityContextHolderFilter.doFilter(SecurityContextHolderFilter.java:82)
	at org.springframework.security.web.context.SecurityContextHolderFilter.doFilter(SecurityContextHolderFilter.java:69)
	at org.springframework.security.web.FilterChainProxy$VirtualFilterChain.doFilter(FilterChainProxy.java:374)
	at org.springframework.security.web.context.request.async.WebAsyncManagerIntegrationFilter.doFilterInternal(WebAsyncManagerIntegrationFilter.java:62)
	at org.springframework.web.filter.OncePerRequestFilter.doFilter(OncePerRequestFilter.java:116)
	at org.springframework.security.web.FilterChainProxy$VirtualFilterChain.doFilter(FilterChainProxy.java:374)
	at org.springframework.security.web.session.DisableEncodeUrlFilter.doFilterInternal(DisableEncodeUrlFilter.java:42)
	at org.springframework.web.filter.OncePerRequestFilter.doFilter(OncePerRequestFilter.java:116)
	at org.springframework.security.web.FilterChainProxy$VirtualFilterChain.doFilter(FilterChainProxy.java:374)
	at org.springframework.security.web.FilterChainProxy.doFilterInternal(FilterChainProxy.java:233)
	at org.springframework.security.web.FilterChainProxy.doFilter(FilterChainProxy.java:191)
	at org.springframework.web.filter.CompositeFilter$VirtualFilterChain.doFilter(CompositeFilter.java:113)
	at org.springframework.web.servlet.handler.HandlerMappingIntrospector.lambda$createCacheFilter$3(HandlerMappingIntrospector.java:195)
	at org.springframework.web.filter.CompositeFilter$VirtualFilterChain.doFilter(CompositeFilter.java:113)
	at org.springframework.web.filter.CompositeFilter.doFilter(CompositeFilter.java:74)
	at org.springframework.security.config.annotation.web.configuration.WebMvcSecurityConfiguration$CompositeFilterChainProxy.doFilter(WebMvcSecurityConfiguration.java:230)
	at org.springframework.web.filter.DelegatingFilterProxy.invokeDelegate(DelegatingFilterProxy.java:352)
	at org.springframework.web.filter.DelegatingFilterProxy.doFilter(DelegatingFilterProxy.java:268)
	at org.apache.catalina.core.ApplicationFilterChain.internalDoFilter(ApplicationFilterChain.java:164)
	at org.apache.catalina.core.ApplicationFilterChain.doFilter(ApplicationFilterChain.java:140)
	at org.springframework.web.filter.RequestContextFilter.doFilterInternal(RequestContextFilter.java:100)
	at org.springframework.web.filter.OncePerRequestFilter.doFilter(OncePerRequestFilter.java:116)
	at org.apache.catalina.core.ApplicationFilterChain.internalDoFilter(ApplicationFilterChain.java:164)
	at org.apache.catalina.core.ApplicationFilterChain.doFilter(ApplicationFilterChain.java:140)
	at org.springframework.web.filter.FormContentFilter.doFilterInternal(FormContentFilter.java:93)
	at org.springframework.web.filter.OncePerRequestFilter.doFilter(OncePerRequestFilter.java:116)
	at org.apache.catalina.core.ApplicationFilterChain.internalDoFilter(ApplicationFilterChain.java:164)
	at org.apache.catalina.core.ApplicationFilterChain.doFilter(ApplicationFilterChain.java:140)
	at org.springframework.web.filter.CharacterEncodingFilter.doFilterInternal(CharacterEncodingFilter.java:201)
	at org.springframework.web.filter.OncePerRequestFilter.doFilter(OncePerRequestFilter.java:116)
	at org.apache.catalina.core.ApplicationFilterChain.internalDoFilter(ApplicationFilterChain.java:164)
	at org.apache.catalina.core.ApplicationFilterChain.doFilter(ApplicationFilterChain.java:140)
	at org.apache.catalina.core.StandardWrapperValve.invoke(StandardWrapperValve.java:167)
	at org.apache.catalina.core.StandardContextValve.invoke(StandardContextValve.java:90)
	at org.apache.catalina.authenticator.AuthenticatorBase.invoke(AuthenticatorBase.java:483)
	at org.apache.catalina.core.StandardHostValve.invoke(StandardHostValve.java:115)
	at org.apache.catalina.valves.ErrorReportValve.invoke(ErrorReportValve.java:93)
	at org.apache.catalina.core.StandardEngineValve.invoke(StandardEngineValve.java:74)
	at org.apache.catalina.connector.CoyoteAdapter.service(CoyoteAdapter.java:344)
	at org.apache.coyote.http11.Http11Processor.service(Http11Processor.java:389)
	at org.apache.coyote.AbstractProcessorLight.process(AbstractProcessorLight.java:63)
	at org.apache.coyote.AbstractProtocol$ConnectionHandler.process(AbstractProtocol.java:904)
	at org.apache.tomcat.util.net.NioEndpoint$SocketProcessor.doRun(NioEndpoint.java:1741)
	at org.apache.tomcat.util.net.SocketProcessorBase.run(SocketProcessorBase.java:52)
	at org.apache.tomcat.util.threads.ThreadPoolExecutor.runWorker(ThreadPoolExecutor.java:1190)
	at org.apache.tomcat.util.threads.ThreadPoolExecutor$Worker.run(ThreadPoolExecutor.java:659)
	at org.apache.tomcat.util.threads.TaskThread$WrappingRunnable.run(TaskThread.java:63)
	at java.base/java.lang.Thread.run(Thread.java:1583)
Caused by: org.attoparser.ParseException: Could not parse as expression: "#missingPropertiesModal" (template: "feira/feira_cadastro" - line 114, col 61)
	at org.attoparser.MarkupParser.parseDocument(MarkupParser.java:393)
	at org.attoparser.MarkupParser.parse(MarkupParser.java:257)
	at org.thymeleaf.templateparser.markup.AbstractMarkupTemplateParser.parse(AbstractMarkupTemplateParser.java:230)
	... 98 common frames omitted
Caused by: org.thymeleaf.exceptions.TemplateProcessingException: Could not parse as expression: "#missingPropertiesModal" (template: "feira/feira_cadastro" - line 114, col 61)
	at org.thymeleaf.standard.expression.StandardExpressionParser.parseExpression(StandardExpressionParser.java:131)
	at org.thymeleaf.standard.expression.StandardExpressionParser.parseExpression(StandardExpressionParser.java:62)
	at org.thymeleaf.standard.expression.StandardExpressionParser.parseExpression(StandardExpressionParser.java:44)
	at org.thymeleaf.standard.processor.StandardDefaultAttributesTagProcessor.processDefaultAttribute(StandardDefaultAttributesTagProcessor.java:148)
	at org.thymeleaf.standard.processor.StandardDefaultAttributesTagProcessor.process(StandardDefaultAttributesTagProcessor.java:98)
	at org.thymeleaf.util.ProcessorConfigurationUtils$ElementTagProcessorWrapper.process(ProcessorConfigurationUtils.java:633)
	at org.thymeleaf.engine.ProcessorTemplateHandler.handleOpenElement(ProcessorTemplateHandler.java:1314)
	at org.thymeleaf.engine.OpenElementTag.beHandled(OpenElementTag.java:205)
	at org.thymeleaf.engine.Model.process(Model.java:282)
	at org.thymeleaf.engine.Model.process(Model.java:290)
	at org.thymeleaf.engine.IteratedGatheringModelProcessable.processIterationModel(IteratedGatheringModelProcessable.java:368)
	at org.thymeleaf.engine.IteratedGatheringModelProcessable.process(IteratedGatheringModelProcessable.java:222)
	at org.thymeleaf.engine.ProcessorTemplateHandler.handleCloseElement(ProcessorTemplateHandler.java:1640)
	at org.thymeleaf.engine.TemplateHandlerAdapterMarkupHandler.handleCloseElementEnd(TemplateHandlerAdapterMarkupHandler.java:388)
	at org.thymeleaf.templateparser.markup.InlinedOutputExpressionMarkupHandler$InlineMarkupAdapterPreProcessorHandler.handleCloseElementEnd(InlinedOutputExpressionMarkupHandler.java:322)
	at org.thymeleaf.standard.inline.OutputExpressionInlinePreProcessorHandler.handleCloseElementEnd(OutputExpressionInlinePreProcessorHandler.java:220)
	at org.thymeleaf.templateparser.markup.InlinedOutputExpressionMarkupHandler.handleCloseElementEnd(InlinedOutputExpressionMarkupHandler.java:164)
	at org.attoparser.HtmlElement.handleCloseElementEnd(HtmlElement.java:169)
	at org.attoparser.HtmlMarkupHandler.handleCloseElementEnd(HtmlMarkupHandler.java:412)
	at org.attoparser.MarkupEventProcessorHandler.handleCloseElementEnd(MarkupEventProcessorHandler.java:473)
	at org.attoparser.ParsingElementMarkupUtil.parseCloseElement(ParsingElementMarkupUtil.java:201)
	at org.attoparser.MarkupParser.parseBuffer(MarkupParser.java:725)
	at org.attoparser.MarkupParser.parseDocument(MarkupParser.java:301)
	... 100 common frames omitted
2024-08-26 08:07:48 - Servlet.service() for servlet [dispatcherServlet] in context with path [] threw exception [Request processing failed: org.thymeleaf.exceptions.TemplateInputException: An error happened during template parsing (template: "class path resource [templates/feira/feira_cadastro.html]")] with root cause
org.thymeleaf.exceptions.TemplateProcessingException: Could not parse as expression: "#missingPropertiesModal" (template: "feira/feira_cadastro" - line 114, col 61)
	at org.thymeleaf.standard.expression.StandardExpressionParser.parseExpression(StandardExpressionParser.java:131)
	at org.thymeleaf.standard.expression.StandardExpressionParser.parseExpression(StandardExpressionParser.java:62)
	at org.thymeleaf.standard.expression.StandardExpressionParser.parseExpression(StandardExpressionParser.java:44)
	at org.thymeleaf.standard.processor.StandardDefaultAttributesTagProcessor.processDefaultAttribute(StandardDefaultAttributesTagProcessor.java:148)
	at org.thymeleaf.standard.processor.StandardDefaultAttributesTagProcessor.process(StandardDefaultAttributesTagProcessor.java:98)
	at org.thymeleaf.util.ProcessorConfigurationUtils$ElementTagProcessorWrapper.process(ProcessorConfigurationUtils.java:633)
	at org.thymeleaf.engine.ProcessorTemplateHandler.handleOpenElement(ProcessorTemplateHandler.java:1314)
	at org.thymeleaf.engine.OpenElementTag.beHandled(OpenElementTag.java:205)
	at org.thymeleaf.engine.Model.process(Model.java:282)
	at org.thymeleaf.engine.Model.process(Model.java:290)
	at org.thymeleaf.engine.IteratedGatheringModelProcessable.processIterationModel(IteratedGatheringModelProcessable.java:368)
	at org.thymeleaf.engine.IteratedGatheringModelProcessable.process(IteratedGatheringModelProcessable.java:222)
	at org.thymeleaf.engine.ProcessorTemplateHandler.handleCloseElement(ProcessorTemplateHandler.java:1640)
	at org.thymeleaf.engine.TemplateHandlerAdapterMarkupHandler.handleCloseElementEnd(TemplateHandlerAdapterMarkupHandler.java:388)
	at org.thymeleaf.templateparser.markup.InlinedOutputExpressionMarkupHandler$InlineMarkupAdapterPreProcessorHandler.handleCloseElementEnd(InlinedOutputExpressionMarkupHandler.java:322)
	at org.thymeleaf.standard.inline.OutputExpressionInlinePreProcessorHandler.handleCloseElementEnd(OutputExpressionInlinePreProcessorHandler.java:220)
	at org.thymeleaf.templateparser.markup.InlinedOutputExpressionMarkupHandler.handleCloseElementEnd(InlinedOutputExpressionMarkupHandler.java:164)
	at org.attoparser.HtmlElement.handleCloseElementEnd(HtmlElement.java:169)
	at org.attoparser.HtmlMarkupHandler.handleCloseElementEnd(HtmlMarkupHandler.java:412)
	at org.attoparser.MarkupEventProcessorHandler.handleCloseElementEnd(MarkupEventProcessorHandler.java:473)
	at org.attoparser.ParsingElementMarkupUtil.parseCloseElement(ParsingElementMarkupUtil.java:201)
	at org.attoparser.MarkupParser.parseBuffer(MarkupParser.java:725)
	at org.attoparser.MarkupParser.parseDocument(MarkupParser.java:301)
	at org.attoparser.MarkupParser.parse(MarkupParser.java:257)
	at org.thymeleaf.templateparser.markup.AbstractMarkupTemplateParser.parse(AbstractMarkupTemplateParser.java:230)
	at org.thymeleaf.templateparser.markup.AbstractMarkupTemplateParser.parseStandalone(AbstractMarkupTemplateParser.java:100)
	at org.thymeleaf.engine.TemplateManager.parseAndProcess(TemplateManager.java:666)
	at org.thymeleaf.TemplateEngine.process(TemplateEngine.java:1103)
	at org.thymeleaf.TemplateEngine.process(TemplateEngine.java:1077)
	at org.thymeleaf.spring6.view.ThymeleafView.renderFragment(ThymeleafView.java:372)
	at org.thymeleaf.spring6.view.ThymeleafView.render(ThymeleafView.java:192)
	at org.springframework.web.servlet.DispatcherServlet.render(DispatcherServlet.java:1431)
	at org.springframework.web.servlet.DispatcherServlet.processDispatchResult(DispatcherServlet.java:1167)
	at org.springframework.web.servlet.DispatcherServlet.doDispatch(DispatcherServlet.java:1106)
	at org.springframework.web.servlet.DispatcherServlet.doService(DispatcherServlet.java:979)
	at org.springframework.web.servlet.FrameworkServlet.processRequest(FrameworkServlet.java:1014)
	at org.springframework.web.servlet.FrameworkServlet.doGet(FrameworkServlet.java:903)
	at jakarta.servlet.http.HttpServlet.service(HttpServlet.java:564)
	at org.springframework.web.servlet.FrameworkServlet.service(FrameworkServlet.java:885)
	at jakarta.servlet.http.HttpServlet.service(HttpServlet.java:658)
	at org.apache.catalina.core.ApplicationFilterChain.internalDoFilter(ApplicationFilterChain.java:195)
	at org.apache.catalina.core.ApplicationFilterChain.doFilter(ApplicationFilterChain.java:140)
	at org.apache.tomcat.websocket.server.WsFilter.doFilter(WsFilter.java:51)
	at org.apache.catalina.core.ApplicationFilterChain.internalDoFilter(ApplicationFilterChain.java:164)
	at org.apache.catalina.core.ApplicationFilterChain.doFilter(ApplicationFilterChain.java:140)
	at org.springframework.web.filter.CompositeFilter$VirtualFilterChain.doFilter(CompositeFilter.java:108)
	at org.springframework.security.web.FilterChainProxy.lambda$doFilterInternal$3(FilterChainProxy.java:231)
	at org.springframework.security.web.FilterChainProxy$VirtualFilterChain.doFilter(FilterChainProxy.java:365)
	at org.springframework.security.web.access.intercept.AuthorizationFilter.doFilter(AuthorizationFilter.java:100)
	at org.springframework.security.web.FilterChainProxy$VirtualFilterChain.doFilter(FilterChainProxy.java:374)
	at org.springframework.security.web.access.ExceptionTranslationFilter.doFilter(ExceptionTranslationFilter.java:126)
	at org.springframework.security.web.access.ExceptionTranslationFilter.doFilter(ExceptionTranslationFilter.java:120)
	at org.springframework.security.web.FilterChainProxy$VirtualFilterChain.doFilter(FilterChainProxy.java:374)
	at org.springframework.security.web.authentication.AnonymousAuthenticationFilter.doFilter(AnonymousAuthenticationFilter.java:100)
	at org.springframework.security.web.FilterChainProxy$VirtualFilterChain.doFilter(FilterChainProxy.java:374)
	at org.springframework.security.web.servletapi.SecurityContextHolderAwareRequestFilter.doFilter(SecurityContextHolderAwareRequestFilter.java:179)
	at org.springframework.security.web.FilterChainProxy$VirtualFilterChain.doFilter(FilterChainProxy.java:374)
	at org.springframework.security.web.savedrequest.RequestCacheAwareFilter.doFilter(RequestCacheAwareFilter.java:63)
	at org.springframework.security.web.FilterChainProxy$VirtualFilterChain.doFilter(FilterChainProxy.java:374)
	at org.springframework.security.web.authentication.www.BasicAuthenticationFilter.doFilterInternal(BasicAuthenticationFilter.java:181)
	at org.springframework.web.filter.OncePerRequestFilter.doFilter(OncePerRequestFilter.java:116)
	at org.springframework.security.web.FilterChainProxy$VirtualFilterChain.doFilter(FilterChainProxy.java:374)
	at org.springframework.security.web.authentication.AbstractAuthenticationProcessingFilter.doFilter(AbstractAuthenticationProcessingFilter.java:227)
	at org.springframework.security.web.authentication.AbstractAuthenticationProcessingFilter.doFilter(AbstractAuthenticationProcessingFilter.java:221)
	at org.springframework.security.web.FilterChainProxy$VirtualFilterChain.doFilter(FilterChainProxy.java:374)
	at org.springframework.security.web.authentication.logout.LogoutFilter.doFilter(LogoutFilter.java:107)
	at org.springframework.security.web.authentication.logout.LogoutFilter.doFilter(LogoutFilter.java:93)
	at org.springframework.security.web.FilterChainProxy$VirtualFilterChain.doFilter(FilterChainProxy.java:374)
	at org.springframework.web.filter.CorsFilter.doFilterInternal(CorsFilter.java:91)
	at org.springframework.web.filter.OncePerRequestFilter.doFilter(OncePerRequestFilter.java:116)
	at org.springframework.security.web.FilterChainProxy$VirtualFilterChain.doFilter(FilterChainProxy.java:374)
	at org.springframework.security.web.header.HeaderWriterFilter.doHeadersAfter(HeaderWriterFilter.java:90)
	at org.springframework.security.web.header.HeaderWriterFilter.doFilterInternal(HeaderWriterFilter.java:75)
	at org.springframework.web.filter.OncePerRequestFilter.doFilter(OncePerRequestFilter.java:116)
	at org.springframework.security.web.FilterChainProxy$VirtualFilterChain.doFilter(FilterChainProxy.java:374)
	at org.springframework.security.web.context.SecurityContextHolderFilter.doFilter(SecurityContextHolderFilter.java:82)
	at org.springframework.security.web.context.SecurityContextHolderFilter.doFilter(SecurityContextHolderFilter.java:69)
	at org.springframework.security.web.FilterChainProxy$VirtualFilterChain.doFilter(FilterChainProxy.java:374)
	at org.springframework.security.web.context.request.async.WebAsyncManagerIntegrationFilter.doFilterInternal(WebAsyncManagerIntegrationFilter.java:62)
	at org.springframework.web.filter.OncePerRequestFilter.doFilter(OncePerRequestFilter.java:116)
	at org.springframework.security.web.FilterChainProxy$VirtualFilterChain.doFilter(FilterChainProxy.java:374)
	at org.springframework.security.web.session.DisableEncodeUrlFilter.doFilterInternal(DisableEncodeUrlFilter.java:42)
	at org.springframework.web.filter.OncePerRequestFilter.doFilter(OncePerRequestFilter.java:116)
	at org.springframework.security.web.FilterChainProxy$VirtualFilterChain.doFilter(FilterChainProxy.java:374)
	at org.springframework.security.web.FilterChainProxy.doFilterInternal(FilterChainProxy.java:233)
	at org.springframework.security.web.FilterChainProxy.doFilter(FilterChainProxy.java:191)
	at org.springframework.web.filter.CompositeFilter$VirtualFilterChain.doFilter(CompositeFilter.java:113)
	at org.springframework.web.servlet.handler.HandlerMappingIntrospector.lambda$createCacheFilter$3(HandlerMappingIntrospector.java:195)
	at org.springframework.web.filter.CompositeFilter$VirtualFilterChain.doFilter(CompositeFilter.java:113)
	at org.springframework.web.filter.CompositeFilter.doFilter(CompositeFilter.java:74)
	at org.springframework.security.config.annotation.web.configuration.WebMvcSecurityConfiguration$CompositeFilterChainProxy.doFilter(WebMvcSecurityConfiguration.java:230)
	at org.springframework.web.filter.DelegatingFilterProxy.invokeDelegate(DelegatingFilterProxy.java:352)
	at org.springframework.web.filter.DelegatingFilterProxy.doFilter(DelegatingFilterProxy.java:268)
	at org.apache.catalina.core.ApplicationFilterChain.internalDoFilter(ApplicationFilterChain.java:164)
	at org.apache.catalina.core.ApplicationFilterChain.doFilter(ApplicationFilterChain.java:140)
	at org.springframework.web.filter.RequestContextFilter.doFilterInternal(RequestContextFilter.java:100)
	at org.springframework.web.filter.OncePerRequestFilter.doFilter(OncePerRequestFilter.java:116)
	at org.apache.catalina.core.ApplicationFilterChain.internalDoFilter(ApplicationFilterChain.java:164)
	at org.apache.catalina.core.ApplicationFilterChain.doFilter(ApplicationFilterChain.java:140)
	at org.springframework.web.filter.FormContentFilter.doFilterInternal(FormContentFilter.java:93)
	at org.springframework.web.filter.OncePerRequestFilter.doFilter(OncePerRequestFilter.java:116)
	at org.apache.catalina.core.ApplicationFilterChain.internalDoFilter(ApplicationFilterChain.java:164)
	at org.apache.catalina.core.ApplicationFilterChain.doFilter(ApplicationFilterChain.java:140)
	at org.springframework.web.filter.CharacterEncodingFilter.doFilterInternal(CharacterEncodingFilter.java:201)
	at org.springframework.web.filter.OncePerRequestFilter.doFilter(OncePerRequestFilter.java:116)
	at org.apache.catalina.core.ApplicationFilterChain.internalDoFilter(ApplicationFilterChain.java:164)
	at org.apache.catalina.core.ApplicationFilterChain.doFilter(ApplicationFilterChain.java:140)
	at org.apache.catalina.core.StandardWrapperValve.invoke(StandardWrapperValve.java:167)
	at org.apache.catalina.core.StandardContextValve.invoke(StandardContextValve.java:90)
	at org.apache.catalina.authenticator.AuthenticatorBase.invoke(AuthenticatorBase.java:483)
	at org.apache.catalina.core.StandardHostValve.invoke(StandardHostValve.java:115)
	at org.apache.catalina.valves.ErrorReportValve.invoke(ErrorReportValve.java:93)
	at org.apache.catalina.core.StandardEngineValve.invoke(StandardEngineValve.java:74)
	at org.apache.catalina.connector.CoyoteAdapter.service(CoyoteAdapter.java:344)
	at org.apache.coyote.http11.Http11Processor.service(Http11Processor.java:389)
	at org.apache.coyote.AbstractProcessorLight.process(AbstractProcessorLight.java:63)
	at org.apache.coyote.AbstractProtocol$ConnectionHandler.process(AbstractProtocol.java:904)
	at org.apache.tomcat.util.net.NioEndpoint$SocketProcessor.doRun(NioEndpoint.java:1741)
	at org.apache.tomcat.util.net.SocketProcessorBase.run(SocketProcessorBase.java:52)
	at org.apache.tomcat.util.threads.ThreadPoolExecutor.runWorker(ThreadPoolExecutor.java:1190)
	at org.apache.tomcat.util.threads.ThreadPoolExecutor$Worker.run(ThreadPoolExecutor.java:659)
	at org.apache.tomcat.util.threads.TaskThread$WrappingRunnable.run(TaskThread.java:63)
	at java.base/java.lang.Thread.run(Thread.java:1583)
2024-08-26 08:10:23 - HV000001: Hibernate Validator 8.0.1.Final
2024-08-26 08:10:23 - Starting SpringThymeleafApplication using Java 21.0.4 with PID 18464 (C:\Users\fernando.correa\Documents\GitHub\workspace2023\ceasadev_2024\target\classes started by fernando.correa in C:\Users\fernando.correa\Documents\GitHub\workspace2023\ceasadev_2024)
2024-08-26 08:10:23 - No active profile set, falling back to 1 default profile: "default"
2024-08-26 08:10:23 - Devtools property defaults active! Set 'spring.devtools.add-properties' to 'false' to disable
2024-08-26 08:10:23 - For additional web related logging consider setting the 'logging.level.web' property to 'DEBUG'
2024-08-26 08:10:24 - Bootstrapping Spring Data JPA repositories in DEFAULT mode.
2024-08-26 08:10:24 - Finished Spring Data repository scanning in 89 ms. Found 15 JPA repository interfaces.
2024-08-26 08:10:25 - Tomcat initialized with port 5001 (http)
2024-08-26 08:10:25 - Initializing ProtocolHandler ["http-nio-5001"]
2024-08-26 08:10:25 - Starting service [Tomcat]
2024-08-26 08:10:25 - Starting Servlet engine: [Apache Tomcat/10.1.26]
2024-08-26 08:10:25 - Initializing Spring embedded WebApplicationContext
2024-08-26 08:10:25 - Root WebApplicationContext: initialization completed in 1762 ms
2024-08-26 08:10:25 - HHH000204: Processing PersistenceUnitInfo [name: default]
2024-08-26 08:10:25 - HHH000412: Hibernate ORM core version 6.5.2.Final
2024-08-26 08:10:25 - HHH000026: Second-level cache disabled
2024-08-26 08:10:25 - No LoadTimeWeaver setup: ignoring JPA class transformer
2024-08-26 08:10:25 - HHH90000021: Encountered deprecated setting [hibernate.temp.use_jdbc_metadata_defaults], use [hibernate.boot.allow_jdbc_metadata_access] instead
2024-08-26 08:10:25 - HHH90000025: PostgreSQLDialect does not need to be specified explicitly using 'hibernate.dialect' (remove the property setting and it will be selected by default)
2024-08-26 08:10:26 - HHH000489: No JTA platform available (set 'hibernate.transaction.jta.platform' to enable JTA platform integration)
2024-08-26 08:10:27 - HikariPool-1 - Starting...
2024-08-26 08:10:27 - HikariPool-1 - Added connection org.postgresql.jdbc.PgConnection@7cd68c3f
2024-08-26 08:10:27 - HikariPool-1 - Start completed.
2024-08-26 08:10:27 - Initialized JPA EntityManagerFactory for persistence unit 'default'
2024-08-26 08:10:27 - Hibernate is in classpath; If applicable, HQL parser will be used.
2024-08-26 08:10:28 - No authentication manager set. Reauthentication of users when changing passwords will not be performed.
2024-08-26 08:10:28 - Global AuthenticationManager configured with UserDetailsService bean with name userDetaisManager
2024-08-26 08:10:29 - LiveReload server is running on port 35729
2024-08-26 08:10:29 - Starting ProtocolHandler ["http-nio-5001"]
2024-08-26 08:10:29 - Tomcat started on port 5001 (http) with context path '/'
2024-08-26 08:10:29 - Started SpringThymeleafApplication in 6.643 seconds (process running for 7.244)
2024-08-26 08:10:53 - Initializing Spring DispatcherServlet 'dispatcherServlet'
2024-08-26 08:10:53 - Initializing Servlet 'dispatcherServlet'
2024-08-26 08:10:53 - Completed initialization in 2 ms
2024-08-26 08:32:23 - Restarting due to 1 class path change (0 additions, 0 deletions, 1 modification)
2024-08-26 08:32:23 - Stopping ProtocolHandler ["http-nio-5001"]
2024-08-26 08:32:24 - Closing JPA EntityManagerFactory for persistence unit 'default'
2024-08-26 08:32:24 - HikariPool-1 - Shutdown initiated...
2024-08-26 08:32:24 - HikariPool-1 - Shutdown completed.
2024-08-26 08:32:24 - Starting SpringThymeleafApplication using Java 21.0.4 with PID 18464 (C:\Users\fernando.correa\Documents\GitHub\workspace2023\ceasadev_2024\target\classes started by fernando.correa in C:\Users\fernando.correa\Documents\GitHub\workspace2023\ceasadev_2024)
2024-08-26 08:32:24 - No active profile set, falling back to 1 default profile: "default"
2024-08-26 08:32:24 - Bootstrapping Spring Data JPA repositories in DEFAULT mode.
2024-08-26 08:32:24 - Finished Spring Data repository scanning in 41 ms. Found 15 JPA repository interfaces.
2024-08-26 08:32:24 - Tomcat initialized with port 5001 (http)
2024-08-26 08:32:24 - Initializing ProtocolHandler ["http-nio-5001"]
2024-08-26 08:32:24 - Starting service [Tomcat]
2024-08-26 08:32:24 - Starting Servlet engine: [Apache Tomcat/10.1.26]
2024-08-26 08:32:24 - Initializing Spring embedded WebApplicationContext
2024-08-26 08:32:24 - Root WebApplicationContext: initialization completed in 435 ms
2024-08-26 08:32:24 - HHH000204: Processing PersistenceUnitInfo [name: default]
2024-08-26 08:32:24 - HHH000026: Second-level cache disabled
2024-08-26 08:32:24 - No LoadTimeWeaver setup: ignoring JPA class transformer
2024-08-26 08:32:24 - HHH90000021: Encountered deprecated setting [hibernate.temp.use_jdbc_metadata_defaults], use [hibernate.boot.allow_jdbc_metadata_access] instead
2024-08-26 08:32:24 - HHH90000025: PostgreSQLDialect does not need to be specified explicitly using 'hibernate.dialect' (remove the property setting and it will be selected by default)
2024-08-26 08:32:24 - HHH000489: No JTA platform available (set 'hibernate.transaction.jta.platform' to enable JTA platform integration)
2024-08-26 08:32:24 - HikariPool-2 - Starting...
2024-08-26 08:32:25 - HikariPool-2 - Added connection org.postgresql.jdbc.PgConnection@37b32515
2024-08-26 08:32:25 - HikariPool-2 - Start completed.
2024-08-26 08:32:25 - Initialized JPA EntityManagerFactory for persistence unit 'default'
2024-08-26 08:32:25 - No authentication manager set. Reauthentication of users when changing passwords will not be performed.
2024-08-26 08:32:25 - Global AuthenticationManager configured with UserDetailsService bean with name userDetaisManager
2024-08-26 08:32:25 - LiveReload server is running on port 35729
2024-08-26 08:32:25 - Starting ProtocolHandler ["http-nio-5001"]
2024-08-26 08:32:25 - Tomcat started on port 5001 (http) with context path '/'
2024-08-26 08:32:25 - Started SpringThymeleafApplication in 1.47 seconds (process running for 1323.542)
2024-08-26 08:32:25 - Condition evaluation unchanged
2024-08-26 08:33:46 - Restarting due to 1 class path change (0 additions, 0 deletions, 1 modification)
2024-08-26 08:33:46 - Stopping ProtocolHandler ["http-nio-5001"]
2024-08-26 08:33:46 - Closing JPA EntityManagerFactory for persistence unit 'default'
2024-08-26 08:33:46 - HikariPool-2 - Shutdown initiated...
2024-08-26 08:33:46 - HikariPool-2 - Shutdown completed.
2024-08-26 08:33:46 - Starting SpringThymeleafApplication using Java 21.0.4 with PID 18464 (C:\Users\fernando.correa\Documents\GitHub\workspace2023\ceasadev_2024\target\classes started by fernando.correa in C:\Users\fernando.correa\Documents\GitHub\workspace2023\ceasadev_2024)
2024-08-26 08:33:46 - No active profile set, falling back to 1 default profile: "default"
2024-08-26 08:33:47 - Bootstrapping Spring Data JPA repositories in DEFAULT mode.
2024-08-26 08:33:47 - Finished Spring Data repository scanning in 45 ms. Found 15 JPA repository interfaces.
2024-08-26 08:33:47 - Tomcat initialized with port 5001 (http)
2024-08-26 08:33:47 - Initializing ProtocolHandler ["http-nio-5001"]
2024-08-26 08:33:47 - Starting service [Tomcat]
2024-08-26 08:33:47 - Starting Servlet engine: [Apache Tomcat/10.1.26]
2024-08-26 08:33:47 - Initializing Spring embedded WebApplicationContext
2024-08-26 08:33:47 - Root WebApplicationContext: initialization completed in 434 ms
2024-08-26 08:33:47 - HHH000204: Processing PersistenceUnitInfo [name: default]
2024-08-26 08:33:47 - HHH000026: Second-level cache disabled
2024-08-26 08:33:47 - No LoadTimeWeaver setup: ignoring JPA class transformer
2024-08-26 08:33:47 - HHH90000021: Encountered deprecated setting [hibernate.temp.use_jdbc_metadata_defaults], use [hibernate.boot.allow_jdbc_metadata_access] instead
2024-08-26 08:33:47 - HHH90000025: PostgreSQLDialect does not need to be specified explicitly using 'hibernate.dialect' (remove the property setting and it will be selected by default)
2024-08-26 08:33:47 - HHH000489: No JTA platform available (set 'hibernate.transaction.jta.platform' to enable JTA platform integration)
2024-08-26 08:33:47 - HikariPool-3 - Starting...
2024-08-26 08:33:47 - HikariPool-3 - Added connection org.postgresql.jdbc.PgConnection@1df147b5
2024-08-26 08:33:47 - HikariPool-3 - Start completed.
2024-08-26 08:33:47 - Initialized JPA EntityManagerFactory for persistence unit 'default'
2024-08-26 08:33:48 - No authentication manager set. Reauthentication of users when changing passwords will not be performed.
2024-08-26 08:33:48 - Global AuthenticationManager configured with UserDetailsService bean with name userDetaisManager
2024-08-26 08:33:48 - LiveReload server is running on port 35729
2024-08-26 08:33:48 - Starting ProtocolHandler ["http-nio-5001"]
2024-08-26 08:33:48 - Tomcat started on port 5001 (http) with context path '/'
2024-08-26 08:33:48 - Started SpringThymeleafApplication in 1.39 seconds (process running for 1406.239)
2024-08-26 08:33:48 - Condition evaluation unchanged
2024-08-26 08:33:54 - Initializing Spring DispatcherServlet 'dispatcherServlet'
2024-08-26 08:33:54 - Initializing Servlet 'dispatcherServlet'
2024-08-26 08:33:54 - Completed initialization in 1 ms
2024-08-26 08:34:30 - Restarting due to 1 class path change (0 additions, 0 deletions, 1 modification)
2024-08-26 08:34:30 - Stopping ProtocolHandler ["http-nio-5001"]
2024-08-26 08:34:30 - Closing JPA EntityManagerFactory for persistence unit 'default'
2024-08-26 08:34:30 - HikariPool-3 - Shutdown initiated...
2024-08-26 08:34:30 - HikariPool-3 - Shutdown completed.
2024-08-26 08:34:30 - Starting SpringThymeleafApplication using Java 21.0.4 with PID 18464 (C:\Users\fernando.correa\Documents\GitHub\workspace2023\ceasadev_2024\target\classes started by fernando.correa in C:\Users\fernando.correa\Documents\GitHub\workspace2023\ceasadev_2024)
2024-08-26 08:34:30 - No active profile set, falling back to 1 default profile: "default"
2024-08-26 08:34:30 - Bootstrapping Spring Data JPA repositories in DEFAULT mode.
2024-08-26 08:34:30 - Finished Spring Data repository scanning in 38 ms. Found 15 JPA repository interfaces.
2024-08-26 08:34:30 - Tomcat initialized with port 5001 (http)
2024-08-26 08:34:30 - Initializing ProtocolHandler ["http-nio-5001"]
2024-08-26 08:34:30 - Starting service [Tomcat]
2024-08-26 08:34:30 - Starting Servlet engine: [Apache Tomcat/10.1.26]
2024-08-26 08:34:30 - Initializing Spring embedded WebApplicationContext
2024-08-26 08:34:30 - Root WebApplicationContext: initialization completed in 380 ms
2024-08-26 08:34:30 - HHH000204: Processing PersistenceUnitInfo [name: default]
2024-08-26 08:34:30 - HHH000026: Second-level cache disabled
2024-08-26 08:34:30 - No LoadTimeWeaver setup: ignoring JPA class transformer
2024-08-26 08:34:30 - HHH90000021: Encountered deprecated setting [hibernate.temp.use_jdbc_metadata_defaults], use [hibernate.boot.allow_jdbc_metadata_access] instead
2024-08-26 08:34:30 - HHH90000025: PostgreSQLDialect does not need to be specified explicitly using 'hibernate.dialect' (remove the property setting and it will be selected by default)
2024-08-26 08:34:30 - HHH000489: No JTA platform available (set 'hibernate.transaction.jta.platform' to enable JTA platform integration)
2024-08-26 08:34:30 - HikariPool-4 - Starting...
2024-08-26 08:34:31 - HikariPool-4 - Added connection org.postgresql.jdbc.PgConnection@71ec948a
2024-08-26 08:34:31 - HikariPool-4 - Start completed.
2024-08-26 08:34:31 - Initialized JPA EntityManagerFactory for persistence unit 'default'
2024-08-26 08:34:31 - No authentication manager set. Reauthentication of users when changing passwords will not be performed.
2024-08-26 08:34:31 - Global AuthenticationManager configured with UserDetailsService bean with name userDetaisManager
2024-08-26 08:34:31 - LiveReload server is running on port 35729
2024-08-26 08:34:31 - Starting ProtocolHandler ["http-nio-5001"]
2024-08-26 08:34:31 - Tomcat started on port 5001 (http) with context path '/'
2024-08-26 08:34:31 - Started SpringThymeleafApplication in 1.242 seconds (process running for 1449.532)
2024-08-26 08:34:31 - Condition evaluation unchanged
2024-08-26 08:47:58 - Restarting due to 1 class path change (0 additions, 0 deletions, 1 modification)
2024-08-26 08:47:58 - Stopping ProtocolHandler ["http-nio-5001"]
2024-08-26 08:47:58 - Closing JPA EntityManagerFactory for persistence unit 'default'
2024-08-26 08:47:58 - HikariPool-4 - Shutdown initiated...
2024-08-26 08:47:58 - HikariPool-4 - Shutdown completed.
2024-08-26 08:47:58 - Starting SpringThymeleafApplication using Java 21.0.4 with PID 18464 (C:\Users\fernando.correa\Documents\GitHub\workspace2023\ceasadev_2024\target\classes started by fernando.correa in C:\Users\fernando.correa\Documents\GitHub\workspace2023\ceasadev_2024)
2024-08-26 08:47:58 - No active profile set, falling back to 1 default profile: "default"
2024-08-26 08:47:58 - Bootstrapping Spring Data JPA repositories in DEFAULT mode.
2024-08-26 08:47:58 - Finished Spring Data repository scanning in 37 ms. Found 15 JPA repository interfaces.
2024-08-26 08:47:59 - Tomcat initialized with port 5001 (http)
2024-08-26 08:47:59 - Initializing ProtocolHandler ["http-nio-5001"]
2024-08-26 08:47:59 - Starting service [Tomcat]
2024-08-26 08:47:59 - Starting Servlet engine: [Apache Tomcat/10.1.26]
2024-08-26 08:47:59 - Initializing Spring embedded WebApplicationContext
2024-08-26 08:47:59 - Root WebApplicationContext: initialization completed in 347 ms
2024-08-26 08:47:59 - HHH000204: Processing PersistenceUnitInfo [name: default]
2024-08-26 08:47:59 - HHH000026: Second-level cache disabled
2024-08-26 08:47:59 - No LoadTimeWeaver setup: ignoring JPA class transformer
2024-08-26 08:47:59 - HHH90000021: Encountered deprecated setting [hibernate.temp.use_jdbc_metadata_defaults], use [hibernate.boot.allow_jdbc_metadata_access] instead
2024-08-26 08:47:59 - HHH90000025: PostgreSQLDialect does not need to be specified explicitly using 'hibernate.dialect' (remove the property setting and it will be selected by default)
2024-08-26 08:47:59 - HHH000489: No JTA platform available (set 'hibernate.transaction.jta.platform' to enable JTA platform integration)
2024-08-26 08:47:59 - HikariPool-5 - Starting...
2024-08-26 08:47:59 - HikariPool-5 - Added connection org.postgresql.jdbc.PgConnection@26e38b59
2024-08-26 08:47:59 - HikariPool-5 - Start completed.
2024-08-26 08:47:59 - Initialized JPA EntityManagerFactory for persistence unit 'default'
2024-08-26 08:47:59 - No authentication manager set. Reauthentication of users when changing passwords will not be performed.
2024-08-26 08:47:59 - Global AuthenticationManager configured with UserDetailsService bean with name userDetaisManager
2024-08-26 08:47:59 - LiveReload server is running on port 35729
2024-08-26 08:47:59 - Starting ProtocolHandler ["http-nio-5001"]
2024-08-26 08:47:59 - Tomcat started on port 5001 (http) with context path '/'
2024-08-26 08:47:59 - Started SpringThymeleafApplication in 1.314 seconds (process running for 2257.957)
2024-08-26 08:47:59 - Condition evaluation unchanged
2024-08-26 08:48:13 - Restarting due to 1 class path change (0 additions, 0 deletions, 1 modification)
2024-08-26 08:48:13 - Stopping ProtocolHandler ["http-nio-5001"]
2024-08-26 08:48:13 - Closing JPA EntityManagerFactory for persistence unit 'default'
2024-08-26 08:48:13 - HikariPool-5 - Shutdown initiated...
2024-08-26 08:48:13 - HikariPool-5 - Shutdown completed.
2024-08-26 08:48:13 - Starting SpringThymeleafApplication using Java 21.0.4 with PID 18464 (C:\Users\fernando.correa\Documents\GitHub\workspace2023\ceasadev_2024\target\classes started by fernando.correa in C:\Users\fernando.correa\Documents\GitHub\workspace2023\ceasadev_2024)
2024-08-26 08:48:13 - No active profile set, falling back to 1 default profile: "default"
2024-08-26 08:48:13 - Bootstrapping Spring Data JPA repositories in DEFAULT mode.
2024-08-26 08:48:13 - Finished Spring Data repository scanning in 38 ms. Found 15 JPA repository interfaces.
2024-08-26 08:48:13 - Tomcat initialized with port 5001 (http)
2024-08-26 08:48:13 - Initializing ProtocolHandler ["http-nio-5001"]
2024-08-26 08:48:13 - Starting service [Tomcat]
2024-08-26 08:48:13 - Starting Servlet engine: [Apache Tomcat/10.1.26]
2024-08-26 08:48:13 - Initializing Spring embedded WebApplicationContext
2024-08-26 08:48:13 - Root WebApplicationContext: initialization completed in 347 ms
2024-08-26 08:48:13 - HHH000204: Processing PersistenceUnitInfo [name: default]
2024-08-26 08:48:13 - HHH000026: Second-level cache disabled
2024-08-26 08:48:13 - No LoadTimeWeaver setup: ignoring JPA class transformer
2024-08-26 08:48:13 - HHH90000021: Encountered deprecated setting [hibernate.temp.use_jdbc_metadata_defaults], use [hibernate.boot.allow_jdbc_metadata_access] instead
2024-08-26 08:48:13 - HHH90000025: PostgreSQLDialect does not need to be specified explicitly using 'hibernate.dialect' (remove the property setting and it will be selected by default)
2024-08-26 08:48:13 - HHH000489: No JTA platform available (set 'hibernate.transaction.jta.platform' to enable JTA platform integration)
2024-08-26 08:48:13 - HikariPool-6 - Starting...
2024-08-26 08:48:13 - HikariPool-6 - Added connection org.postgresql.jdbc.PgConnection@47306638
2024-08-26 08:48:13 - HikariPool-6 - Start completed.
2024-08-26 08:48:14 - Initialized JPA EntityManagerFactory for persistence unit 'default'
2024-08-26 08:48:14 - No authentication manager set. Reauthentication of users when changing passwords will not be performed.
2024-08-26 08:48:14 - Global AuthenticationManager configured with UserDetailsService bean with name userDetaisManager
2024-08-26 08:48:14 - LiveReload server is running on port 35729
2024-08-26 08:48:14 - Starting ProtocolHandler ["http-nio-5001"]
2024-08-26 08:48:14 - Tomcat started on port 5001 (http) with context path '/'
2024-08-26 08:48:14 - Started SpringThymeleafApplication in 1.21 seconds (process running for 2272.403)
2024-08-26 08:48:14 - Condition evaluation unchanged
2024-08-26 08:53:15 - Initializing Spring DispatcherServlet 'dispatcherServlet'
2024-08-26 08:53:15 - Initializing Servlet 'dispatcherServlet'
2024-08-26 08:53:15 - Completed initialization in 1 ms
2024-08-26 08:53:24 - Cotação faltante: BATATA - INGLESA
2024-08-26 08:53:57 - Cotação faltante: BATATA - INGLESA
2024-08-26 08:54:45 - Cotação faltante: BATATA - INGLESA
2024-08-26 12:06:39 - Cotação faltante: BATATA - INGLESA
2024-08-26 13:51:29 - Recebido propriedadeId em cotacoes/cadastrar: 422
2024-08-26 13:51:29 - Propriedade selecionada: CAJU CAJ B 
2024-08-26 13:52:08 - Recebido propriedadeId em cotacoes/cadastrar: 422
2024-08-26 13:52:08 - Propriedade selecionada: CAJU CAJ B 
2024-08-26 13:52:17 - Recebido propriedadeId em cotacoes/cadastrar: 162
2024-08-26 13:52:17 - Último Valor Comum: 11.00
2024-08-26 13:52:17 - Última cotação: com.flc.springthymeleaf.domain.Cotacao@40dc35ae
2024-08-26 13:52:17 - Última cotação - PrecoMinimo: 10.00
2024-08-26 13:52:17 - Última cotação - PrecoMedio: 11.00
2024-08-26 13:52:17 - Última cotação - PrecoMaximo: 12.00
2024-08-26 13:52:17 - Última cotação - ValorComum: 11.00
2024-08-26 13:52:17 - Última cotação - Valor1: 100.00
2024-08-26 13:52:17 - Última cotação - Valor2: 110.00
2024-08-26 13:52:17 - Última cotação - Valor3: 110.00
2024-08-26 13:52:17 - Última cotação - Valor4: 120.00
2024-08-26 13:52:17 - Última cotação - Valor5: null
2024-08-26 13:52:17 - Última cotação - Valor6: null
2024-08-26 13:52:17 - Última cotação - Valor7: null
2024-08-26 13:52:17 - Última cotação - Valor8: null
2024-08-26 13:52:17 - Última cotação - Valor9: null
2024-08-26 13:52:17 - Última cotação - Valor10: null
2024-08-26 13:52:17 - Propriedade selecionada: UVA UVASA BRASIL
2024-08-26 14:07:49 - Restarting due to 1 class path change (0 additions, 0 deletions, 1 modification)
2024-08-26 14:07:49 - Stopping ProtocolHandler ["http-nio-5001"]
2024-08-26 14:07:49 - Closing JPA EntityManagerFactory for persistence unit 'default'
2024-08-26 14:07:49 - HikariPool-6 - Shutdown initiated...
2024-08-26 14:07:49 - HikariPool-6 - Shutdown completed.
2024-08-26 14:07:49 - Starting SpringThymeleafApplication using Java 21.0.4 with PID 18464 (C:\Users\fernando.correa\Documents\GitHub\workspace2023\ceasadev_2024\target\classes started by fernando.correa in C:\Users\fernando.correa\Documents\GitHub\workspace2023\ceasadev_2024)
2024-08-26 14:07:49 - No active profile set, falling back to 1 default profile: "default"
2024-08-26 14:07:49 - Bootstrapping Spring Data JPA repositories in DEFAULT mode.
2024-08-26 14:07:49 - Finished Spring Data repository scanning in 51 ms. Found 15 JPA repository interfaces.
2024-08-26 14:07:49 - Tomcat initialized with port 5001 (http)
2024-08-26 14:07:49 - Initializing ProtocolHandler ["http-nio-5001"]
2024-08-26 14:07:49 - Starting service [Tomcat]
2024-08-26 14:07:49 - Starting Servlet engine: [Apache Tomcat/10.1.26]
2024-08-26 14:07:49 - Initializing Spring embedded WebApplicationContext
2024-08-26 14:07:49 - Root WebApplicationContext: initialization completed in 602 ms
2024-08-26 14:07:49 - HHH000204: Processing PersistenceUnitInfo [name: default]
2024-08-26 14:07:49 - HHH000026: Second-level cache disabled
2024-08-26 14:07:49 - No LoadTimeWeaver setup: ignoring JPA class transformer
2024-08-26 14:07:49 - HHH90000021: Encountered deprecated setting [hibernate.temp.use_jdbc_metadata_defaults], use [hibernate.boot.allow_jdbc_metadata_access] instead
2024-08-26 14:07:49 - HHH90000025: PostgreSQLDialect does not need to be specified explicitly using 'hibernate.dialect' (remove the property setting and it will be selected by default)
2024-08-26 14:07:50 - HHH000489: No JTA platform available (set 'hibernate.transaction.jta.platform' to enable JTA platform integration)
2024-08-26 14:07:50 - HikariPool-7 - Starting...
2024-08-26 14:07:50 - HikariPool-7 - Added connection org.postgresql.jdbc.PgConnection@17545e72
2024-08-26 14:07:50 - HikariPool-7 - Start completed.
2024-08-26 14:07:50 - Initialized JPA EntityManagerFactory for persistence unit 'default'
2024-08-26 14:07:50 - No authentication manager set. Reauthentication of users when changing passwords will not be performed.
2024-08-26 14:07:50 - Global AuthenticationManager configured with UserDetailsService bean with name userDetaisManager
2024-08-26 14:07:50 - LiveReload server is running on port 35729
2024-08-26 14:07:50 - Starting ProtocolHandler ["http-nio-5001"]
2024-08-26 14:07:50 - Tomcat started on port 5001 (http) with context path '/'
2024-08-26 14:07:50 - Started SpringThymeleafApplication in 1.865 seconds (process running for 21448.923)
2024-08-26 14:07:50 - Condition evaluation unchanged
2024-08-26 14:16:11 - Restarting due to 1 class path change (0 additions, 0 deletions, 1 modification)
2024-08-26 14:16:11 - Stopping ProtocolHandler ["http-nio-5001"]
2024-08-26 14:16:11 - Closing JPA EntityManagerFactory for persistence unit 'default'
2024-08-26 14:16:11 - HikariPool-7 - Shutdown initiated...
2024-08-26 14:16:11 - HikariPool-7 - Shutdown completed.
2024-08-26 14:16:11 - Starting SpringThymeleafApplication using Java 21.0.4 with PID 18464 (C:\Users\fernando.correa\Documents\GitHub\workspace2023\ceasadev_2024\target\classes started by fernando.correa in C:\Users\fernando.correa\Documents\GitHub\workspace2023\ceasadev_2024)
2024-08-26 14:16:11 - No active profile set, falling back to 1 default profile: "default"
2024-08-26 14:16:12 - Bootstrapping Spring Data JPA repositories in DEFAULT mode.
2024-08-26 14:16:12 - Finished Spring Data repository scanning in 40 ms. Found 15 JPA repository interfaces.
2024-08-26 14:16:12 - Tomcat initialized with port 5001 (http)
2024-08-26 14:16:12 - Initializing ProtocolHandler ["http-nio-5001"]
2024-08-26 14:16:12 - Starting service [Tomcat]
2024-08-26 14:16:12 - Starting Servlet engine: [Apache Tomcat/10.1.26]
2024-08-26 14:16:12 - Initializing Spring embedded WebApplicationContext
2024-08-26 14:16:12 - Root WebApplicationContext: initialization completed in 396 ms
2024-08-26 14:16:12 - HHH000204: Processing PersistenceUnitInfo [name: default]
2024-08-26 14:16:12 - HHH000026: Second-level cache disabled
2024-08-26 14:16:12 - No LoadTimeWeaver setup: ignoring JPA class transformer
2024-08-26 14:16:12 - HHH90000021: Encountered deprecated setting [hibernate.temp.use_jdbc_metadata_defaults], use [hibernate.boot.allow_jdbc_metadata_access] instead
2024-08-26 14:16:12 - HHH90000025: PostgreSQLDialect does not need to be specified explicitly using 'hibernate.dialect' (remove the property setting and it will be selected by default)
2024-08-26 14:16:12 - HHH000489: No JTA platform available (set 'hibernate.transaction.jta.platform' to enable JTA platform integration)
2024-08-26 14:16:12 - HikariPool-8 - Starting...
2024-08-26 14:16:12 - HikariPool-8 - Added connection org.postgresql.jdbc.PgConnection@1db6397a
2024-08-26 14:16:12 - HikariPool-8 - Start completed.
2024-08-26 14:16:12 - Initialized JPA EntityManagerFactory for persistence unit 'default'
2024-08-26 14:16:12 - No authentication manager set. Reauthentication of users when changing passwords will not be performed.
2024-08-26 14:16:12 - Global AuthenticationManager configured with UserDetailsService bean with name userDetaisManager
2024-08-26 14:16:13 - LiveReload server is running on port 35729
2024-08-26 14:16:13 - Starting ProtocolHandler ["http-nio-5001"]
2024-08-26 14:16:13 - Tomcat started on port 5001 (http) with context path '/'
2024-08-26 14:16:13 - Started SpringThymeleafApplication in 1.284 seconds (process running for 21951.028)
2024-08-26 14:16:13 - Condition evaluation unchanged
2024-08-26 14:17:49 - Initializing Spring DispatcherServlet 'dispatcherServlet'
2024-08-26 14:17:49 - Initializing Servlet 'dispatcherServlet'
2024-08-26 14:17:49 - Completed initialization in 1 ms
2024-08-26 14:17:58 - Warning: The following properties were not quoted:
2024-08-26 14:17:58 - Cotação faltante: BATATA - INGLESA - ASTERIX
2024-08-26 14:19:17 - Warning: The following properties were not quoted:
2024-08-26 14:19:17 - Cotação faltante: BATATA - INGLESA - ASTERIX
2024-08-26 14:19:22 - Warning: The following properties were not quoted:
2024-08-26 14:19:22 - Cotação faltante: BATATA - INGLESA - ASTERIX
2024-08-26 14:20:17 - Warning: The following properties were not quoted:
2024-08-26 14:20:17 - Cotação faltante: BATATA - INGLESA - ASTERIX
2024-08-26 14:22:05 - Restarting due to 1 class path change (0 additions, 0 deletions, 1 modification)
2024-08-26 14:22:05 - Stopping ProtocolHandler ["http-nio-5001"]
2024-08-26 14:22:05 - Closing JPA EntityManagerFactory for persistence unit 'default'
2024-08-26 14:22:05 - HikariPool-8 - Shutdown initiated...
2024-08-26 14:22:05 - HikariPool-8 - Shutdown completed.
2024-08-26 14:22:05 - Starting SpringThymeleafApplication using Java 21.0.4 with PID 18464 (C:\Users\fernando.correa\Documents\GitHub\workspace2023\ceasadev_2024\target\classes started by fernando.correa in C:\Users\fernando.correa\Documents\GitHub\workspace2023\ceasadev_2024)
2024-08-26 14:22:05 - No active profile set, falling back to 1 default profile: "default"
2024-08-26 14:22:05 - Bootstrapping Spring Data JPA repositories in DEFAULT mode.
2024-08-26 14:22:05 - Finished Spring Data repository scanning in 54 ms. Found 15 JPA repository interfaces.
2024-08-26 14:22:05 - Tomcat initialized with port 5001 (http)
2024-08-26 14:22:05 - Initializing ProtocolHandler ["http-nio-5001"]
2024-08-26 14:22:05 - Starting service [Tomcat]
2024-08-26 14:22:05 - Starting Servlet engine: [Apache Tomcat/10.1.26]
2024-08-26 14:22:05 - Initializing Spring embedded WebApplicationContext
2024-08-26 14:22:05 - Root WebApplicationContext: initialization completed in 418 ms
2024-08-26 14:22:05 - HHH000204: Processing PersistenceUnitInfo [name: default]
2024-08-26 14:22:05 - HHH000026: Second-level cache disabled
2024-08-26 14:22:05 - No LoadTimeWeaver setup: ignoring JPA class transformer
2024-08-26 14:22:05 - HHH90000021: Encountered deprecated setting [hibernate.temp.use_jdbc_metadata_defaults], use [hibernate.boot.allow_jdbc_metadata_access] instead
2024-08-26 14:22:05 - HHH90000025: PostgreSQLDialect does not need to be specified explicitly using 'hibernate.dialect' (remove the property setting and it will be selected by default)
2024-08-26 14:22:06 - HHH000489: No JTA platform available (set 'hibernate.transaction.jta.platform' to enable JTA platform integration)
2024-08-26 14:22:06 - HikariPool-9 - Starting...
2024-08-26 14:22:06 - HikariPool-9 - Added connection org.postgresql.jdbc.PgConnection@6ae1b88f
2024-08-26 14:22:06 - HikariPool-9 - Start completed.
2024-08-26 14:22:06 - Initialized JPA EntityManagerFactory for persistence unit 'default'
2024-08-26 14:22:06 - No authentication manager set. Reauthentication of users when changing passwords will not be performed.
2024-08-26 14:22:06 - Global AuthenticationManager configured with UserDetailsService bean with name userDetaisManager
2024-08-26 14:22:06 - LiveReload server is running on port 35729
2024-08-26 14:22:06 - Starting ProtocolHandler ["http-nio-5001"]
2024-08-26 14:22:06 - Tomcat started on port 5001 (http) with context path '/'
2024-08-26 14:22:06 - Started SpringThymeleafApplication in 1.225 seconds (process running for 22304.633)
2024-08-26 14:22:06 - Condition evaluation unchanged
2024-08-26 14:22:06 - Initializing Spring DispatcherServlet 'dispatcherServlet'
2024-08-26 14:22:06 - Initializing Servlet 'dispatcherServlet'
2024-08-26 14:22:06 - Completed initialization in 1 ms
2024-08-26 14:22:08 - Warning: The following properties were not quoted:
2024-08-26 14:22:08 - Cotação faltante: BATATA - INGLESA - ASTERIX
2024-08-26 14:22:35 - Restarting due to 1 class path change (0 additions, 0 deletions, 1 modification)
2024-08-26 14:22:35 - Stopping ProtocolHandler ["http-nio-5001"]
2024-08-26 14:22:35 - Closing JPA EntityManagerFactory for persistence unit 'default'
2024-08-26 14:22:35 - HikariPool-9 - Shutdown initiated...
2024-08-26 14:22:35 - HikariPool-9 - Shutdown completed.
2024-08-26 14:22:35 - Starting SpringThymeleafApplication using Java 21.0.4 with PID 18464 (C:\Users\fernando.correa\Documents\GitHub\workspace2023\ceasadev_2024\target\classes started by fernando.correa in C:\Users\fernando.correa\Documents\GitHub\workspace2023\ceasadev_2024)
2024-08-26 14:22:35 - No active profile set, falling back to 1 default profile: "default"
2024-08-26 14:22:35 - Bootstrapping Spring Data JPA repositories in DEFAULT mode.
2024-08-26 14:22:35 - Finished Spring Data repository scanning in 39 ms. Found 15 JPA repository interfaces.
2024-08-26 14:22:35 - Tomcat initialized with port 5001 (http)
2024-08-26 14:22:35 - Initializing ProtocolHandler ["http-nio-5001"]
2024-08-26 14:22:35 - Starting service [Tomcat]
2024-08-26 14:22:35 - Starting Servlet engine: [Apache Tomcat/10.1.26]
2024-08-26 14:22:35 - Initializing Spring embedded WebApplicationContext
2024-08-26 14:22:35 - Root WebApplicationContext: initialization completed in 368 ms
2024-08-26 14:22:35 - HHH000204: Processing PersistenceUnitInfo [name: default]
2024-08-26 14:22:35 - HHH000026: Second-level cache disabled
2024-08-26 14:22:35 - No LoadTimeWeaver setup: ignoring JPA class transformer
2024-08-26 14:22:35 - HHH90000021: Encountered deprecated setting [hibernate.temp.use_jdbc_metadata_defaults], use [hibernate.boot.allow_jdbc_metadata_access] instead
2024-08-26 14:22:35 - HHH90000025: PostgreSQLDialect does not need to be specified explicitly using 'hibernate.dialect' (remove the property setting and it will be selected by default)
2024-08-26 14:22:35 - HHH000489: No JTA platform available (set 'hibernate.transaction.jta.platform' to enable JTA platform integration)
2024-08-26 14:22:35 - HikariPool-10 - Starting...
2024-08-26 14:22:35 - HikariPool-10 - Added connection org.postgresql.jdbc.PgConnection@1f1b85ac
2024-08-26 14:22:35 - HikariPool-10 - Start completed.
2024-08-26 14:22:35 - Initialized JPA EntityManagerFactory for persistence unit 'default'
2024-08-26 14:22:36 - No authentication manager set. Reauthentication of users when changing passwords will not be performed.
2024-08-26 14:22:36 - Global AuthenticationManager configured with UserDetailsService bean with name userDetaisManager
2024-08-26 14:22:36 - LiveReload server is running on port 35729
2024-08-26 14:22:36 - Starting ProtocolHandler ["http-nio-5001"]
2024-08-26 14:22:36 - Tomcat started on port 5001 (http) with context path '/'
2024-08-26 14:22:36 - Started SpringThymeleafApplication in 1.149 seconds (process running for 22334.158)
2024-08-26 14:22:36 - Condition evaluation unchanged
2024-08-26 14:22:36 - Initializing Spring DispatcherServlet 'dispatcherServlet'
2024-08-26 14:22:36 - Initializing Servlet 'dispatcherServlet'
2024-08-26 14:22:36 - Completed initialization in 1 ms
2024-08-26 14:22:38 - Warning: The following properties were not quoted:
2024-08-26 14:22:38 - Cotação faltante: BATATA - INGLESA - ASTERIX
2024-08-26 14:23:03 - Restarting due to 1 class path change (0 additions, 0 deletions, 1 modification)
2024-08-26 14:23:03 - Stopping ProtocolHandler ["http-nio-5001"]
2024-08-26 14:23:03 - Closing JPA EntityManagerFactory for persistence unit 'default'
2024-08-26 14:23:03 - HikariPool-10 - Shutdown initiated...
2024-08-26 14:23:03 - HikariPool-10 - Shutdown completed.
2024-08-26 14:23:03 - Starting SpringThymeleafApplication using Java 21.0.4 with PID 18464 (C:\Users\fernando.correa\Documents\GitHub\workspace2023\ceasadev_2024\target\classes started by fernando.correa in C:\Users\fernando.correa\Documents\GitHub\workspace2023\ceasadev_2024)
2024-08-26 14:23:03 - No active profile set, falling back to 1 default profile: "default"
2024-08-26 14:23:03 - Bootstrapping Spring Data JPA repositories in DEFAULT mode.
2024-08-26 14:23:03 - Finished Spring Data repository scanning in 38 ms. Found 15 JPA repository interfaces.
2024-08-26 14:23:03 - Tomcat initialized with port 5001 (http)
2024-08-26 14:23:03 - Initializing ProtocolHandler ["http-nio-5001"]
2024-08-26 14:23:03 - Starting service [Tomcat]
2024-08-26 14:23:03 - Starting Servlet engine: [Apache Tomcat/10.1.26]
2024-08-26 14:23:03 - Initializing Spring embedded WebApplicationContext
2024-08-26 14:23:03 - Root WebApplicationContext: initialization completed in 382 ms
2024-08-26 14:23:03 - HHH000204: Processing PersistenceUnitInfo [name: default]
2024-08-26 14:23:03 - HHH000026: Second-level cache disabled
2024-08-26 14:23:03 - No LoadTimeWeaver setup: ignoring JPA class transformer
2024-08-26 14:23:03 - HHH90000021: Encountered deprecated setting [hibernate.temp.use_jdbc_metadata_defaults], use [hibernate.boot.allow_jdbc_metadata_access] instead
2024-08-26 14:23:03 - HHH90000025: PostgreSQLDialect does not need to be specified explicitly using 'hibernate.dialect' (remove the property setting and it will be selected by default)
2024-08-26 14:23:04 - HHH000489: No JTA platform available (set 'hibernate.transaction.jta.platform' to enable JTA platform integration)
2024-08-26 14:23:04 - HikariPool-11 - Starting...
2024-08-26 14:23:04 - HikariPool-11 - Added connection org.postgresql.jdbc.PgConnection@1c14e89e
2024-08-26 14:23:04 - HikariPool-11 - Start completed.
2024-08-26 14:23:04 - Initialized JPA EntityManagerFactory for persistence unit 'default'
2024-08-26 14:23:04 - No authentication manager set. Reauthentication of users when changing passwords will not be performed.
2024-08-26 14:23:04 - Global AuthenticationManager configured with UserDetailsService bean with name userDetaisManager
2024-08-26 14:23:04 - LiveReload server is running on port 35729
2024-08-26 14:23:04 - Starting ProtocolHandler ["http-nio-5001"]
2024-08-26 14:23:04 - Tomcat started on port 5001 (http) with context path '/'
2024-08-26 14:23:04 - Started SpringThymeleafApplication in 1.132 seconds (process running for 22362.461)
2024-08-26 14:23:04 - Condition evaluation unchanged
2024-08-26 14:23:04 - Initializing Spring DispatcherServlet 'dispatcherServlet'
2024-08-26 14:23:04 - Initializing Servlet 'dispatcherServlet'
2024-08-26 14:23:04 - Completed initialization in 1 ms
2024-08-26 14:23:05 - Warning: The following properties were not quoted:
2024-08-26 14:23:05 - Cotação faltante: BATATA - INGLESA - ASTERIX
2024-08-26 14:23:34 - Restarting due to 1 class path change (0 additions, 0 deletions, 1 modification)
2024-08-26 14:23:34 - Stopping ProtocolHandler ["http-nio-5001"]
2024-08-26 14:23:34 - Closing JPA EntityManagerFactory for persistence unit 'default'
2024-08-26 14:23:34 - HikariPool-11 - Shutdown initiated...
2024-08-26 14:23:34 - HikariPool-11 - Shutdown completed.
2024-08-26 14:23:34 - Starting SpringThymeleafApplication using Java 21.0.4 with PID 18464 (C:\Users\fernando.correa\Documents\GitHub\workspace2023\ceasadev_2024\target\classes started by fernando.correa in C:\Users\fernando.correa\Documents\GitHub\workspace2023\ceasadev_2024)
2024-08-26 14:23:34 - No active profile set, falling back to 1 default profile: "default"
2024-08-26 14:23:35 - Bootstrapping Spring Data JPA repositories in DEFAULT mode.
2024-08-26 14:23:35 - Finished Spring Data repository scanning in 33 ms. Found 15 JPA repository interfaces.
2024-08-26 14:23:35 - Tomcat initialized with port 5001 (http)
2024-08-26 14:23:35 - Initializing ProtocolHandler ["http-nio-5001"]
2024-08-26 14:23:35 - Starting service [Tomcat]
2024-08-26 14:23:35 - Starting Servlet engine: [Apache Tomcat/10.1.26]
2024-08-26 14:23:35 - Initializing Spring embedded WebApplicationContext
2024-08-26 14:23:35 - Root WebApplicationContext: initialization completed in 321 ms
2024-08-26 14:23:35 - HHH000204: Processing PersistenceUnitInfo [name: default]
2024-08-26 14:23:35 - HHH000026: Second-level cache disabled
2024-08-26 14:23:35 - No LoadTimeWeaver setup: ignoring JPA class transformer
2024-08-26 14:23:35 - HHH90000021: Encountered deprecated setting [hibernate.temp.use_jdbc_metadata_defaults], use [hibernate.boot.allow_jdbc_metadata_access] instead
2024-08-26 14:23:35 - HHH90000025: PostgreSQLDialect does not need to be specified explicitly using 'hibernate.dialect' (remove the property setting and it will be selected by default)
2024-08-26 14:23:35 - HHH000489: No JTA platform available (set 'hibernate.transaction.jta.platform' to enable JTA platform integration)
2024-08-26 14:23:35 - HikariPool-12 - Starting...
2024-08-26 14:23:35 - HikariPool-12 - Added connection org.postgresql.jdbc.PgConnection@71dff778
2024-08-26 14:23:35 - HikariPool-12 - Start completed.
2024-08-26 14:23:35 - Initialized JPA EntityManagerFactory for persistence unit 'default'
2024-08-26 14:23:35 - No authentication manager set. Reauthentication of users when changing passwords will not be performed.
2024-08-26 14:23:35 - Global AuthenticationManager configured with UserDetailsService bean with name userDetaisManager
2024-08-26 14:23:35 - LiveReload server is running on port 35729
2024-08-26 14:23:35 - Starting ProtocolHandler ["http-nio-5001"]
2024-08-26 14:23:35 - Tomcat started on port 5001 (http) with context path '/'
2024-08-26 14:23:35 - Started SpringThymeleafApplication in 1.047 seconds (process running for 22393.8)
2024-08-26 14:23:35 - Condition evaluation unchanged
2024-08-26 14:23:36 - Initializing Spring DispatcherServlet 'dispatcherServlet'
2024-08-26 14:23:36 - Initializing Servlet 'dispatcherServlet'
2024-08-26 14:23:36 - Completed initialization in 1 ms
2024-08-26 14:23:36 - Warning: The following properties were not quoted:
2024-08-26 14:23:36 - Cotação faltante: BATATA - INGLESA - ASTERIX
2024-08-26 14:26:49 - Restarting due to 1 class path change (0 additions, 0 deletions, 1 modification)
2024-08-26 14:26:49 - Stopping ProtocolHandler ["http-nio-5001"]
2024-08-26 14:26:49 - Closing JPA EntityManagerFactory for persistence unit 'default'
2024-08-26 14:26:49 - HikariPool-12 - Shutdown initiated...
2024-08-26 14:26:49 - HikariPool-12 - Shutdown completed.
2024-08-26 14:26:50 - Starting SpringThymeleafApplication using Java 21.0.4 with PID 18464 (C:\Users\fernando.correa\Documents\GitHub\workspace2023\ceasadev_2024\target\classes started by fernando.correa in C:\Users\fernando.correa\Documents\GitHub\workspace2023\ceasadev_2024)
2024-08-26 14:26:50 - No active profile set, falling back to 1 default profile: "default"
2024-08-26 14:26:50 - Bootstrapping Spring Data JPA repositories in DEFAULT mode.
2024-08-26 14:26:50 - Finished Spring Data repository scanning in 41 ms. Found 15 JPA repository interfaces.
2024-08-26 14:26:50 - Tomcat initialized with port 5001 (http)
2024-08-26 14:26:50 - Initializing ProtocolHandler ["http-nio-5001"]
2024-08-26 14:26:50 - Starting service [Tomcat]
2024-08-26 14:26:50 - Starting Servlet engine: [Apache Tomcat/10.1.26]
2024-08-26 14:26:50 - Initializing Spring embedded WebApplicationContext
2024-08-26 14:26:50 - Root WebApplicationContext: initialization completed in 341 ms
2024-08-26 14:26:50 - HHH000204: Processing PersistenceUnitInfo [name: default]
2024-08-26 14:26:50 - HHH000026: Second-level cache disabled
2024-08-26 14:26:50 - No LoadTimeWeaver setup: ignoring JPA class transformer
2024-08-26 14:26:50 - HHH90000021: Encountered deprecated setting [hibernate.temp.use_jdbc_metadata_defaults], use [hibernate.boot.allow_jdbc_metadata_access] instead
2024-08-26 14:26:50 - HHH90000025: PostgreSQLDialect does not need to be specified explicitly using 'hibernate.dialect' (remove the property setting and it will be selected by default)
2024-08-26 14:26:50 - HHH000489: No JTA platform available (set 'hibernate.transaction.jta.platform' to enable JTA platform integration)
2024-08-26 14:26:50 - HikariPool-13 - Starting...
2024-08-26 14:26:50 - HikariPool-13 - Added connection org.postgresql.jdbc.PgConnection@55cdb86d
2024-08-26 14:26:50 - HikariPool-13 - Start completed.
2024-08-26 14:26:50 - Initialized JPA EntityManagerFactory for persistence unit 'default'
2024-08-26 14:26:50 - No authentication manager set. Reauthentication of users when changing passwords will not be performed.
2024-08-26 14:26:51 - Global AuthenticationManager configured with UserDetailsService bean with name userDetaisManager
2024-08-26 14:26:51 - LiveReload server is running on port 35729
2024-08-26 14:26:51 - Starting ProtocolHandler ["http-nio-5001"]
2024-08-26 14:26:51 - Tomcat started on port 5001 (http) with context path '/'
2024-08-26 14:26:51 - Started SpringThymeleafApplication in 1.078 seconds (process running for 22589.027)
2024-08-26 14:26:51 - Condition evaluation unchanged
2024-08-26 14:26:51 - Initializing Spring DispatcherServlet 'dispatcherServlet'
2024-08-26 14:26:51 - Initializing Servlet 'dispatcherServlet'
2024-08-26 14:26:51 - Completed initialization in 0 ms
2024-08-26 14:26:52 - Warning: The following properties were not quoted:
2024-08-26 14:26:52 - Cotação faltante: BATATA - INGLESA - ASTERIX
2024-08-26 14:30:34 - Restarting due to 1 class path change (0 additions, 0 deletions, 1 modification)
2024-08-26 14:30:34 - Stopping ProtocolHandler ["http-nio-5001"]
2024-08-26 14:30:34 - Closing JPA EntityManagerFactory for persistence unit 'default'
2024-08-26 14:30:34 - HikariPool-13 - Shutdown initiated...
2024-08-26 14:30:34 - HikariPool-13 - Shutdown completed.
2024-08-26 14:30:34 - Starting SpringThymeleafApplication using Java 21.0.4 with PID 18464 (C:\Users\fernando.correa\Documents\GitHub\workspace2023\ceasadev_2024\target\classes started by fernando.correa in C:\Users\fernando.correa\Documents\GitHub\workspace2023\ceasadev_2024)
2024-08-26 14:30:34 - No active profile set, falling back to 1 default profile: "default"
2024-08-26 14:30:35 - Bootstrapping Spring Data JPA repositories in DEFAULT mode.
2024-08-26 14:30:35 - Finished Spring Data repository scanning in 32 ms. Found 15 JPA repository interfaces.
2024-08-26 14:30:35 - Tomcat initialized with port 5001 (http)
2024-08-26 14:30:35 - Initializing ProtocolHandler ["http-nio-5001"]
2024-08-26 14:30:35 - Starting service [Tomcat]
2024-08-26 14:30:35 - Starting Servlet engine: [Apache Tomcat/10.1.26]
2024-08-26 14:30:35 - Initializing Spring embedded WebApplicationContext
2024-08-26 14:30:35 - Root WebApplicationContext: initialization completed in 310 ms
2024-08-26 14:30:35 - HHH000204: Processing PersistenceUnitInfo [name: default]
2024-08-26 14:30:35 - HHH000026: Second-level cache disabled
2024-08-26 14:30:35 - No LoadTimeWeaver setup: ignoring JPA class transformer
2024-08-26 14:30:35 - HHH90000021: Encountered deprecated setting [hibernate.temp.use_jdbc_metadata_defaults], use [hibernate.boot.allow_jdbc_metadata_access] instead
2024-08-26 14:30:35 - HHH90000025: PostgreSQLDialect does not need to be specified explicitly using 'hibernate.dialect' (remove the property setting and it will be selected by default)
2024-08-26 14:30:35 - HHH000489: No JTA platform available (set 'hibernate.transaction.jta.platform' to enable JTA platform integration)
2024-08-26 14:30:35 - HikariPool-14 - Starting...
2024-08-26 14:30:35 - HikariPool-14 - Added connection org.postgresql.jdbc.PgConnection@5a412b0
2024-08-26 14:30:35 - HikariPool-14 - Start completed.
2024-08-26 14:30:35 - Initialized JPA EntityManagerFactory for persistence unit 'default'
2024-08-26 14:30:35 - No authentication manager set. Reauthentication of users when changing passwords will not be performed.
2024-08-26 14:30:35 - Global AuthenticationManager configured with UserDetailsService bean with name userDetaisManager
2024-08-26 14:30:35 - LiveReload server is running on port 35729
2024-08-26 14:30:35 - Starting ProtocolHandler ["http-nio-5001"]
2024-08-26 14:30:35 - Tomcat started on port 5001 (http) with context path '/'
2024-08-26 14:30:35 - Started SpringThymeleafApplication in 1.008 seconds (process running for 22813.818)
2024-08-26 14:30:35 - Condition evaluation unchanged
2024-08-26 14:30:36 - Initializing Spring DispatcherServlet 'dispatcherServlet'
2024-08-26 14:30:36 - Initializing Servlet 'dispatcherServlet'
2024-08-26 14:30:36 - Completed initialization in 0 ms
2024-08-26 14:30:36 - Warning: The following properties were not quoted:
2024-08-26 14:30:36 - Cotação faltante: BATATA - INGLESA - ASTERIX
2024-08-26 14:31:28 - Restarting due to 1 class path change (0 additions, 0 deletions, 1 modification)
2024-08-26 14:31:28 - Stopping ProtocolHandler ["http-nio-5001"]
2024-08-26 14:31:28 - Closing JPA EntityManagerFactory for persistence unit 'default'
2024-08-26 14:31:28 - HikariPool-14 - Shutdown initiated...
2024-08-26 14:31:28 - HikariPool-14 - Shutdown completed.
2024-08-26 14:31:29 - Starting SpringThymeleafApplication using Java 21.0.4 with PID 18464 (C:\Users\fernando.correa\Documents\GitHub\workspace2023\ceasadev_2024\target\classes started by fernando.correa in C:\Users\fernando.correa\Documents\GitHub\workspace2023\ceasadev_2024)
2024-08-26 14:31:29 - No active profile set, falling back to 1 default profile: "default"
2024-08-26 14:31:29 - Bootstrapping Spring Data JPA repositories in DEFAULT mode.
2024-08-26 14:31:29 - Finished Spring Data repository scanning in 43 ms. Found 15 JPA repository interfaces.
2024-08-26 14:31:29 - Tomcat initialized with port 5001 (http)
2024-08-26 14:31:29 - Initializing ProtocolHandler ["http-nio-5001"]
2024-08-26 14:31:29 - Starting service [Tomcat]
2024-08-26 14:31:29 - Starting Servlet engine: [Apache Tomcat/10.1.26]
2024-08-26 14:31:29 - Initializing Spring embedded WebApplicationContext
2024-08-26 14:31:29 - Root WebApplicationContext: initialization completed in 369 ms
2024-08-26 14:31:29 - HHH000204: Processing PersistenceUnitInfo [name: default]
2024-08-26 14:31:29 - HHH000026: Second-level cache disabled
2024-08-26 14:31:29 - No LoadTimeWeaver setup: ignoring JPA class transformer
2024-08-26 14:31:29 - HHH90000021: Encountered deprecated setting [hibernate.temp.use_jdbc_metadata_defaults], use [hibernate.boot.allow_jdbc_metadata_access] instead
2024-08-26 14:31:29 - HHH90000025: PostgreSQLDialect does not need to be specified explicitly using 'hibernate.dialect' (remove the property setting and it will be selected by default)
2024-08-26 14:31:29 - HHH000489: No JTA platform available (set 'hibernate.transaction.jta.platform' to enable JTA platform integration)
2024-08-26 14:31:29 - HikariPool-15 - Starting...
2024-08-26 14:31:29 - HikariPool-15 - Added connection org.postgresql.jdbc.PgConnection@644d98dc
2024-08-26 14:31:29 - HikariPool-15 - Start completed.
2024-08-26 14:31:29 - Initialized JPA EntityManagerFactory for persistence unit 'default'
2024-08-26 14:31:30 - No authentication manager set. Reauthentication of users when changing passwords will not be performed.
2024-08-26 14:31:30 - Global AuthenticationManager configured with UserDetailsService bean with name userDetaisManager
2024-08-26 14:31:30 - LiveReload server is running on port 35729
2024-08-26 14:31:30 - Starting ProtocolHandler ["http-nio-5001"]
2024-08-26 14:31:30 - Tomcat started on port 5001 (http) with context path '/'
2024-08-26 14:31:30 - Started SpringThymeleafApplication in 1.143 seconds (process running for 22868.06)
2024-08-26 14:31:30 - Condition evaluation unchanged
2024-08-26 14:31:30 - Initializing Spring DispatcherServlet 'dispatcherServlet'
2024-08-26 14:31:30 - Initializing Servlet 'dispatcherServlet'
2024-08-26 14:31:30 - Completed initialization in 1 ms
2024-08-26 14:31:31 - Warning: The following properties were not quoted:
2024-08-26 14:31:31 - Cotação faltante: BATATA - INGLESA - ASTERIX
2024-08-26 15:09:59 - Restarting due to 1 class path change (0 additions, 0 deletions, 1 modification)
2024-08-26 15:09:59 - Stopping ProtocolHandler ["http-nio-5001"]
2024-08-26 15:09:59 - Closing JPA EntityManagerFactory for persistence unit 'default'
2024-08-26 15:09:59 - HikariPool-15 - Shutdown initiated...
2024-08-26 15:09:59 - HikariPool-15 - Shutdown completed.
2024-08-26 15:09:59 - Starting SpringThymeleafApplication using Java 21.0.4 with PID 18464 (C:\Users\fernando.correa\Documents\GitHub\workspace2023\ceasadev_2024\target\classes started by fernando.correa in C:\Users\fernando.correa\Documents\GitHub\workspace2023\ceasadev_2024)
2024-08-26 15:09:59 - No active profile set, falling back to 1 default profile: "default"
2024-08-26 15:09:59 - Bootstrapping Spring Data JPA repositories in DEFAULT mode.
2024-08-26 15:09:59 - Finished Spring Data repository scanning in 53 ms. Found 15 JPA repository interfaces.
2024-08-26 15:09:59 - Tomcat initialized with port 5001 (http)
2024-08-26 15:09:59 - Initializing ProtocolHandler ["http-nio-5001"]
2024-08-26 15:09:59 - Starting service [Tomcat]
2024-08-26 15:09:59 - Starting Servlet engine: [Apache Tomcat/10.1.26]
2024-08-26 15:09:59 - Initializing Spring embedded WebApplicationContext
2024-08-26 15:09:59 - Root WebApplicationContext: initialization completed in 523 ms
2024-08-26 15:09:59 - HHH000204: Processing PersistenceUnitInfo [name: default]
2024-08-26 15:09:59 - HHH000026: Second-level cache disabled
2024-08-26 15:09:59 - No LoadTimeWeaver setup: ignoring JPA class transformer
2024-08-26 15:09:59 - HHH90000021: Encountered deprecated setting [hibernate.temp.use_jdbc_metadata_defaults], use [hibernate.boot.allow_jdbc_metadata_access] instead
2024-08-26 15:09:59 - HHH90000025: PostgreSQLDialect does not need to be specified explicitly using 'hibernate.dialect' (remove the property setting and it will be selected by default)
2024-08-26 15:10:00 - HHH000489: No JTA platform available (set 'hibernate.transaction.jta.platform' to enable JTA platform integration)
2024-08-26 15:10:00 - HikariPool-16 - Starting...
2024-08-26 15:10:00 - HikariPool-16 - Added connection org.postgresql.jdbc.PgConnection@20ef2a9
2024-08-26 15:10:00 - HikariPool-16 - Start completed.
2024-08-26 15:10:00 - Initialized JPA EntityManagerFactory for persistence unit 'default'
2024-08-26 15:10:00 - No authentication manager set. Reauthentication of users when changing passwords will not be performed.
2024-08-26 15:10:00 - Global AuthenticationManager configured with UserDetailsService bean with name userDetaisManager
2024-08-26 15:12:05 - HV000001: Hibernate Validator 8.0.1.Final
2024-08-26 15:12:05 - Starting SpringThymeleafApplicationTests using Java 21.0.4 with PID 20940 (started by fernando.correa in C:\Users\fernando.correa\Documents\GitHub\workspace2023\ceasadev_2024)
2024-08-26 15:12:05 - No active profile set, falling back to 1 default profile: "default"
2024-08-26 15:12:06 - Bootstrapping Spring Data JPA repositories in DEFAULT mode.
2024-08-26 15:12:06 - Finished Spring Data repository scanning in 100 ms. Found 15 JPA repository interfaces.
2024-08-26 15:12:07 - HHH000204: Processing PersistenceUnitInfo [name: default]
2024-08-26 15:12:07 - HHH000412: Hibernate ORM core version 6.5.2.Final
2024-08-26 15:12:07 - HHH000026: Second-level cache disabled
2024-08-26 15:12:08 - No LoadTimeWeaver setup: ignoring JPA class transformer
2024-08-26 15:12:08 - HHH90000021: Encountered deprecated setting [hibernate.temp.use_jdbc_metadata_defaults], use [hibernate.boot.allow_jdbc_metadata_access] instead
2024-08-26 15:12:08 - HHH90000025: PostgreSQLDialect does not need to be specified explicitly using 'hibernate.dialect' (remove the property setting and it will be selected by default)
2024-08-26 15:12:09 - HHH000489: No JTA platform available (set 'hibernate.transaction.jta.platform' to enable JTA platform integration)
2024-08-26 15:12:09 - HikariPool-1 - Starting...
2024-08-26 15:12:09 - HikariPool-1 - Added connection org.postgresql.jdbc.PgConnection@3811464b
2024-08-26 15:12:09 - HikariPool-1 - Start completed.
2024-08-26 15:12:09 - Initialized JPA EntityManagerFactory for persistence unit 'default'
2024-08-26 15:12:10 - Hibernate is in classpath; If applicable, HQL parser will be used.
2024-08-26 15:12:11 - No authentication manager set. Reauthentication of users when changing passwords will not be performed.
2024-08-26 15:12:11 - Global AuthenticationManager configured with UserDetailsService bean with name userDetaisManager
2024-08-26 15:12:11 - Started SpringThymeleafApplicationTests in 6.495 seconds (process running for 7.564)
2024-08-26 15:12:12 - Closing JPA EntityManagerFactory for persistence unit 'default'
2024-08-26 15:12:12 - HikariPool-1 - Shutdown initiated...
2024-08-26 15:12:12 - HikariPool-1 - Shutdown completed.
