2024-10-14 08:20:54 - HV000001: Hibernate Validator 8.0.1.Final
2024-10-14 08:20:54 - Starting SpringThymeleafApplication using Java 21.0.4 with PID 20252 (C:\Users\fernando.correa\Documents\GitHub\workspace2023\ceasadev_2024\target\classes started by fernando.correa in C:\Users\fernando.correa\Documents\GitHub\workspace2023\ceasadev_2024)
2024-10-14 08:20:54 - No active profile set, falling back to 1 default profile: "default"
2024-10-14 08:20:54 - Devtools property defaults active! Set 'spring.devtools.add-properties' to 'false' to disable
2024-10-14 08:20:54 - For additional web related logging consider setting the 'logging.level.web' property to 'DEBUG'
2024-10-14 08:20:55 - Bootstrapping Spring Data JPA repositories in DEFAULT mode.
2024-10-14 08:20:55 - Finished Spring Data repository scanning in 96 ms. Found 15 JPA repository interfaces.
2024-10-14 08:20:56 - Tomcat initialized with port 5001 (http)
2024-10-14 08:20:56 - Initializing ProtocolHandler ["http-nio-5001"]
2024-10-14 08:20:56 - Starting service [Tomcat]
2024-10-14 08:20:56 - Starting Servlet engine: [Apache Tomcat/10.1.26]
2024-10-14 08:20:56 - Initializing Spring embedded WebApplicationContext
2024-10-14 08:20:56 - Root WebApplicationContext: initialization completed in 2027 ms
2024-10-14 08:20:56 - HHH000204: Processing PersistenceUnitInfo [name: default]
2024-10-14 08:20:57 - HHH000412: Hibernate ORM core version 6.5.2.Final
2024-10-14 08:20:57 - HHH000026: Second-level cache disabled
2024-10-14 08:20:57 - No LoadTimeWeaver setup: ignoring JPA class transformer
2024-10-14 08:20:57 - HHH90000021: Encountered deprecated setting [hibernate.temp.use_jdbc_metadata_defaults], use [hibernate.boot.allow_jdbc_metadata_access] instead
2024-10-14 08:20:57 - HHH90000025: PostgreSQLDialect does not need to be specified explicitly using 'hibernate.dialect' (remove the property setting and it will be selected by default)
2024-10-14 08:20:58 - HHH000489: No JTA platform available (set 'hibernate.transaction.jta.platform' to enable JTA platform integration)
2024-10-14 08:20:58 - HikariPool-1 - Starting...
2024-10-14 08:20:59 - HikariPool-1 - Added connection org.postgresql.jdbc.PgConnection@10127c41
2024-10-14 08:20:59 - HikariPool-1 - Start completed.
2024-10-14 08:20:59 - Initialized JPA EntityManagerFactory for persistence unit 'default'
2024-10-14 08:20:59 - Hibernate is in classpath; If applicable, HQL parser will be used.
2024-10-14 08:21:00 - No authentication manager set. Reauthentication of users when changing passwords will not be performed.
2024-10-14 08:21:00 - Global AuthenticationManager configured with UserDetailsService bean with name userDetaisManager
2024-10-14 08:21:01 - LiveReload server is running on port 35729
2024-10-14 08:21:01 - Starting ProtocolHandler ["http-nio-5001"]
2024-10-14 08:21:01 - Tomcat started on port 5001 (http) with context path '/'
2024-10-14 08:21:01 - Started SpringThymeleafApplication in 7.549 seconds (process running for 8.303)
2024-10-14 08:21:09 - Initializing Spring DispatcherServlet 'dispatcherServlet'
2024-10-14 08:21:09 - Initializing Servlet 'dispatcherServlet'
2024-10-14 08:21:09 - Completed initialization in 1 ms
2024-10-14 08:22:06 - Restarting due to 1 class path change (0 additions, 0 deletions, 1 modification)
2024-10-14 08:22:06 - Stopping ProtocolHandler ["http-nio-5001"]
2024-10-14 08:22:06 - Closing JPA EntityManagerFactory for persistence unit 'default'
2024-10-14 08:22:06 - HikariPool-1 - Shutdown initiated...
2024-10-14 08:22:06 - HikariPool-1 - Shutdown completed.
2024-10-14 08:22:06 - Starting SpringThymeleafApplication using Java 21.0.4 with PID 20252 (C:\Users\fernando.correa\Documents\GitHub\workspace2023\ceasadev_2024\target\classes started by fernando.correa in C:\Users\fernando.correa\Documents\GitHub\workspace2023\ceasadev_2024)
2024-10-14 08:22:06 - No active profile set, falling back to 1 default profile: "default"
2024-10-14 08:22:06 - Bootstrapping Spring Data JPA repositories in DEFAULT mode.
2024-10-14 08:22:06 - Finished Spring Data repository scanning in 44 ms. Found 15 JPA repository interfaces.
2024-10-14 08:22:06 - Tomcat initialized with port 5001 (http)
2024-10-14 08:22:06 - Initializing ProtocolHandler ["http-nio-5001"]
2024-10-14 08:22:06 - Starting service [Tomcat]
2024-10-14 08:22:06 - Starting Servlet engine: [Apache Tomcat/10.1.26]
2024-10-14 08:22:06 - Initializing Spring embedded WebApplicationContext
2024-10-14 08:22:06 - Root WebApplicationContext: initialization completed in 472 ms
2024-10-14 08:22:06 - HHH000204: Processing PersistenceUnitInfo [name: default]
2024-10-14 08:22:06 - HHH000026: Second-level cache disabled
2024-10-14 08:22:06 - No LoadTimeWeaver setup: ignoring JPA class transformer
2024-10-14 08:22:06 - HHH90000021: Encountered deprecated setting [hibernate.temp.use_jdbc_metadata_defaults], use [hibernate.boot.allow_jdbc_metadata_access] instead
2024-10-14 08:22:06 - HHH90000025: PostgreSQLDialect does not need to be specified explicitly using 'hibernate.dialect' (remove the property setting and it will be selected by default)
2024-10-14 08:22:07 - HHH000489: No JTA platform available (set 'hibernate.transaction.jta.platform' to enable JTA platform integration)
2024-10-14 08:22:07 - HikariPool-2 - Starting...
2024-10-14 08:22:07 - HikariPool-2 - Added connection org.postgresql.jdbc.PgConnection@5412952f
2024-10-14 08:22:07 - HikariPool-2 - Start completed.
2024-10-14 08:22:07 - Initialized JPA EntityManagerFactory for persistence unit 'default'
2024-10-14 08:22:07 - No authentication manager set. Reauthentication of users when changing passwords will not be performed.
2024-10-14 08:22:07 - Global AuthenticationManager configured with UserDetailsService bean with name userDetaisManager
2024-10-14 08:22:07 - LiveReload server is running on port 35729
2024-10-14 08:22:07 - Starting ProtocolHandler ["http-nio-5001"]
2024-10-14 08:22:07 - Tomcat started on port 5001 (http) with context path '/'
2024-10-14 08:22:07 - Started SpringThymeleafApplication in 1.706 seconds (process running for 74.852)
2024-10-14 08:22:07 - Condition evaluation unchanged
2024-10-14 08:22:08 - Initializing Spring DispatcherServlet 'dispatcherServlet'
2024-10-14 08:22:08 - Initializing Servlet 'dispatcherServlet'
2024-10-14 08:22:08 - Completed initialization in 1 ms
2024-10-14 08:22:50 - Restarting due to 1 class path change (0 additions, 0 deletions, 1 modification)
2024-10-14 08:22:50 - Stopping ProtocolHandler ["http-nio-5001"]
2024-10-14 08:22:50 - Closing JPA EntityManagerFactory for persistence unit 'default'
2024-10-14 08:22:50 - HikariPool-2 - Shutdown initiated...
2024-10-14 08:22:50 - HikariPool-2 - Shutdown completed.
2024-10-14 08:22:50 - Starting SpringThymeleafApplication using Java 21.0.4 with PID 20252 (C:\Users\fernando.correa\Documents\GitHub\workspace2023\ceasadev_2024\target\classes started by fernando.correa in C:\Users\fernando.correa\Documents\GitHub\workspace2023\ceasadev_2024)
2024-10-14 08:22:50 - No active profile set, falling back to 1 default profile: "default"
2024-10-14 08:22:51 - Bootstrapping Spring Data JPA repositories in DEFAULT mode.
2024-10-14 08:22:51 - Finished Spring Data repository scanning in 44 ms. Found 15 JPA repository interfaces.
2024-10-14 08:22:51 - Tomcat initialized with port 5001 (http)
2024-10-14 08:22:51 - Initializing ProtocolHandler ["http-nio-5001"]
2024-10-14 08:22:51 - Starting service [Tomcat]
2024-10-14 08:22:51 - Starting Servlet engine: [Apache Tomcat/10.1.26]
2024-10-14 08:22:51 - Initializing Spring embedded WebApplicationContext
2024-10-14 08:22:51 - Root WebApplicationContext: initialization completed in 419 ms
2024-10-14 08:22:51 - HHH000204: Processing PersistenceUnitInfo [name: default]
2024-10-14 08:22:51 - HHH000026: Second-level cache disabled
2024-10-14 08:22:51 - No LoadTimeWeaver setup: ignoring JPA class transformer
2024-10-14 08:22:51 - HHH90000021: Encountered deprecated setting [hibernate.temp.use_jdbc_metadata_defaults], use [hibernate.boot.allow_jdbc_metadata_access] instead
2024-10-14 08:22:51 - HHH90000025: PostgreSQLDialect does not need to be specified explicitly using 'hibernate.dialect' (remove the property setting and it will be selected by default)
2024-10-14 08:22:51 - HHH000489: No JTA platform available (set 'hibernate.transaction.jta.platform' to enable JTA platform integration)
2024-10-14 08:22:51 - HikariPool-3 - Starting...
2024-10-14 08:22:51 - HikariPool-3 - Added connection org.postgresql.jdbc.PgConnection@72bb7a15
2024-10-14 08:22:51 - HikariPool-3 - Start completed.
2024-10-14 08:22:51 - Initialized JPA EntityManagerFactory for persistence unit 'default'
2024-10-14 08:22:52 - No authentication manager set. Reauthentication of users when changing passwords will not be performed.
2024-10-14 08:22:52 - Global AuthenticationManager configured with UserDetailsService bean with name userDetaisManager
2024-10-14 08:22:52 - LiveReload server is running on port 35729
2024-10-14 08:22:52 - Starting ProtocolHandler ["http-nio-5001"]
2024-10-14 08:22:52 - Tomcat started on port 5001 (http) with context path '/'
2024-10-14 08:22:52 - Started SpringThymeleafApplication in 1.469 seconds (process running for 119.21)
2024-10-14 08:22:52 - Condition evaluation unchanged
2024-10-14 08:22:55 - Initializing Spring DispatcherServlet 'dispatcherServlet'
2024-10-14 08:22:55 - Initializing Servlet 'dispatcherServlet'
2024-10-14 08:22:55 - Completed initialization in 1 ms
2024-10-14 08:24:24 - Restarting due to 1 class path change (0 additions, 0 deletions, 1 modification)
2024-10-14 08:24:24 - Stopping ProtocolHandler ["http-nio-5001"]
2024-10-14 08:24:24 - Closing JPA EntityManagerFactory for persistence unit 'default'
2024-10-14 08:24:24 - HikariPool-3 - Shutdown initiated...
2024-10-14 08:24:24 - HikariPool-3 - Shutdown completed.
2024-10-14 08:24:24 - Starting SpringThymeleafApplication using Java 21.0.4 with PID 20252 (C:\Users\fernando.correa\Documents\GitHub\workspace2023\ceasadev_2024\target\classes started by fernando.correa in C:\Users\fernando.correa\Documents\GitHub\workspace2023\ceasadev_2024)
2024-10-14 08:24:24 - No active profile set, falling back to 1 default profile: "default"
2024-10-14 08:24:24 - Bootstrapping Spring Data JPA repositories in DEFAULT mode.
2024-10-14 08:24:24 - Finished Spring Data repository scanning in 44 ms. Found 15 JPA repository interfaces.
2024-10-14 08:24:24 - Tomcat initialized with port 5001 (http)
2024-10-14 08:24:24 - Initializing ProtocolHandler ["http-nio-5001"]
2024-10-14 08:24:24 - Starting service [Tomcat]
2024-10-14 08:24:24 - Starting Servlet engine: [Apache Tomcat/10.1.26]
2024-10-14 08:24:24 - Initializing Spring embedded WebApplicationContext
2024-10-14 08:24:24 - Root WebApplicationContext: initialization completed in 448 ms
2024-10-14 08:24:25 - HHH000204: Processing PersistenceUnitInfo [name: default]
2024-10-14 08:24:25 - HHH000026: Second-level cache disabled
2024-10-14 08:24:25 - No LoadTimeWeaver setup: ignoring JPA class transformer
2024-10-14 08:24:25 - HHH90000021: Encountered deprecated setting [hibernate.temp.use_jdbc_metadata_defaults], use [hibernate.boot.allow_jdbc_metadata_access] instead
2024-10-14 08:24:25 - HHH90000025: PostgreSQLDialect does not need to be specified explicitly using 'hibernate.dialect' (remove the property setting and it will be selected by default)
2024-10-14 08:24:25 - HHH000489: No JTA platform available (set 'hibernate.transaction.jta.platform' to enable JTA platform integration)
2024-10-14 08:24:25 - HikariPool-4 - Starting...
2024-10-14 08:24:25 - HikariPool-4 - Added connection org.postgresql.jdbc.PgConnection@546f9b72
2024-10-14 08:24:25 - HikariPool-4 - Start completed.
2024-10-14 08:24:25 - Initialized JPA EntityManagerFactory for persistence unit 'default'
2024-10-14 08:24:25 - No authentication manager set. Reauthentication of users when changing passwords will not be performed.
2024-10-14 08:24:25 - Global AuthenticationManager configured with UserDetailsService bean with name userDetaisManager
2024-10-14 08:24:25 - LiveReload server is running on port 35729
2024-10-14 08:24:25 - Starting ProtocolHandler ["http-nio-5001"]
2024-10-14 08:24:25 - Tomcat started on port 5001 (http) with context path '/'
2024-10-14 08:24:25 - Started SpringThymeleafApplication in 1.48 seconds (process running for 212.851)
2024-10-14 08:24:25 - Condition evaluation unchanged
2024-10-14 08:24:26 - Initializing Spring DispatcherServlet 'dispatcherServlet'
2024-10-14 08:24:26 - Initializing Servlet 'dispatcherServlet'
2024-10-14 08:24:26 - Completed initialization in 3 ms
2024-10-14 08:31:23 - HV000001: Hibernate Validator 8.0.1.Final
2024-10-14 08:31:23 - Starting SpringThymeleafApplicationTests using Java 21.0.4 with PID 10324 (started by fernando.correa in C:\Users\fernando.correa\Documents\GitHub\workspace2023\ceasadev_2024)
2024-10-14 08:31:23 - No active profile set, falling back to 1 default profile: "default"
2024-10-14 08:31:24 - Bootstrapping Spring Data JPA repositories in DEFAULT mode.
2024-10-14 08:31:24 - Finished Spring Data repository scanning in 93 ms. Found 15 JPA repository interfaces.
2024-10-14 08:31:25 - HHH000204: Processing PersistenceUnitInfo [name: default]
2024-10-14 08:31:25 - HHH000412: Hibernate ORM core version 6.5.2.Final
2024-10-14 08:31:25 - HHH000026: Second-level cache disabled
2024-10-14 08:31:25 - No LoadTimeWeaver setup: ignoring JPA class transformer
2024-10-14 08:31:25 - HHH90000021: Encountered deprecated setting [hibernate.temp.use_jdbc_metadata_defaults], use [hibernate.boot.allow_jdbc_metadata_access] instead
2024-10-14 08:31:25 - HHH90000025: PostgreSQLDialect does not need to be specified explicitly using 'hibernate.dialect' (remove the property setting and it will be selected by default)
2024-10-14 08:31:26 - HHH000489: No JTA platform available (set 'hibernate.transaction.jta.platform' to enable JTA platform integration)
2024-10-14 08:31:26 - HikariPool-1 - Starting...
2024-10-14 08:31:27 - HikariPool-1 - Added connection org.postgresql.jdbc.PgConnection@32f2de5c
2024-10-14 08:31:27 - HikariPool-1 - Start completed.
2024-10-14 08:31:27 - Initialized JPA EntityManagerFactory for persistence unit 'default'
2024-10-14 08:31:27 - Hibernate is in classpath; If applicable, HQL parser will be used.
2024-10-14 08:31:28 - No authentication manager set. Reauthentication of users when changing passwords will not be performed.
2024-10-14 08:31:28 - Global AuthenticationManager configured with UserDetailsService bean with name userDetaisManager
2024-10-14 08:31:29 - Started SpringThymeleafApplicationTests in 6.305 seconds (process running for 7.355)
2024-10-14 08:31:30 - Closing JPA EntityManagerFactory for persistence unit 'default'
2024-10-14 08:31:30 - HikariPool-1 - Shutdown initiated...
2024-10-14 08:31:30 - HikariPool-1 - Shutdown completed.
